2023-10-16 12:45:11.458 [info] Уровень ведения журнала: Info
2023-10-16 12:45:11.458 [info] Проверка найденного Git в: "git"
2023-10-16 12:45:11.458 [info] Используется Git "2.34.1" из "git"
2023-10-16 12:45:11.458 [info] > git rev-parse --show-toplevel [2ms]
2023-10-16 12:45:11.458 [info] > git rev-parse --git-dir --git-common-dir [15ms]
2023-10-16 12:45:11.458 [info] Open repository: /workspaces/143985177
2023-10-16 12:45:11.458 [info] > git config --get commit.template [18ms]
2023-10-16 12:45:11.458 [info] > git rev-parse --show-toplevel [5ms]
2023-10-16 12:45:11.458 [info] > git rev-parse --show-toplevel [1ms]
2023-10-16 12:45:11.458 [info] > git rev-parse --show-toplevel [2ms]
2023-10-16 12:45:11.458 [info] > git for-each-ref --format=%(refname)%00%(upstream:short)%00%(objectname)%00%(upstream:track)%00%(upstream:remotename)%00%(upstream:remoteref) refs/heads/main refs/remotes/main [52ms]
2023-10-16 12:45:11.458 [info] > git rev-parse --show-toplevel [21ms]
2023-10-16 12:45:11.458 [info] > git status -z -uall [56ms]
2023-10-16 12:45:11.458 [info] > git rev-parse --show-toplevel [58ms]
2023-10-16 12:45:11.458 [info] > git config --get commit.template [21ms]
2023-10-16 12:45:11.458 [info] > git rev-parse --show-toplevel [19ms]
2023-10-16 12:45:11.458 [info] > git for-each-ref --format=%(refname)%00%(upstream:short)%00%(objectname)%00%(upstream:track)%00%(upstream:remotename)%00%(upstream:remoteref) refs/heads/main refs/remotes/main [16ms]
2023-10-16 12:45:11.458 [info] > git rev-parse --show-toplevel [20ms]
2023-10-16 12:45:11.458 [info] > git status -z -uall [29ms]
2023-10-16 12:45:11.458 [info] > git rev-parse --show-toplevel [5ms]
2023-10-16 12:45:11.458 [info] > git rev-parse --show-toplevel [1ms]
2023-10-16 12:45:11.458 [info] > git rev-parse --show-toplevel [2ms]
2023-10-16 12:45:11.458 [info] > git rev-parse --show-toplevel [2ms]
2023-10-16 12:45:11.458 [info] > git rev-parse --show-toplevel [2ms]
2023-10-16 12:45:11.458 [info] > git rev-parse --show-toplevel [6ms]
2023-10-16 12:45:11.458 [info] > git rev-parse --show-toplevel [12ms]
2023-10-16 12:45:11.458 [info] > git fetch [1458ms]
2023-10-16 12:45:11.458 [info] > git config --get commit.template [16ms]
2023-10-16 12:45:11.458 [info] > git for-each-ref --format=%(refname)%00%(upstream:short)%00%(objectname)%00%(upstream:track)%00%(upstream:remotename)%00%(upstream:remoteref) refs/heads/main refs/remotes/main [1ms]
2023-10-16 12:45:11.458 [info] > git status -z -uall [13ms]
2023-10-16 12:45:12.370 [info] > git check-ignore -v -z --stdin [7ms]
2023-10-16 12:45:12.723 [info] > git config --get commit.template [3ms]
2023-10-16 12:45:12.767 [info] > git for-each-ref --format=%(refname)%00%(upstream:short)%00%(objectname)%00%(upstream:track)%00%(upstream:remotename)%00%(upstream:remoteref) refs/heads/main refs/remotes/main [24ms]
2023-10-16 12:45:12.816 [info] > git status -z -uall [24ms]
2023-10-16 12:45:14.134 [info] > git config --local branch.main.github-pr-owner-number [135ms]
2023-10-16 12:45:14.292 [info] > git config --get commit.template [11ms]
2023-10-16 12:45:14.332 [info] > git for-each-ref --format=%(refname)%00%(upstream:short)%00%(objectname)%00%(upstream:track)%00%(upstream:remotename)%00%(upstream:remoteref) refs/heads/main refs/remotes/main [23ms]
2023-10-16 12:45:14.391 [info] > git status -z -uall [37ms]
2023-10-16 12:45:27.112 [info] > git config --get commit.template [15ms]
2023-10-16 12:45:27.113 [info] > git for-each-ref --format=%(refname)%00%(upstream:short)%00%(objectname)%00%(upstream:track)%00%(upstream:remotename)%00%(upstream:remoteref) refs/heads/main refs/remotes/main [2ms]
2023-10-16 12:45:27.139 [info] > git status -z -uall [12ms]
2023-10-16 12:45:27.307 [info] > git check-ignore -v -z --stdin [2ms]
2023-10-16 12:45:47.583 [info] > git check-ignore -v -z --stdin [398ms]
2023-10-16 12:45:47.584 [info] > git show --textconv :something/something.py [381ms]
2023-10-16 12:45:47.584 [info] > git ls-files --stage -- /workspaces/143985177/something/something.py [367ms]
2023-10-16 12:45:47.586 [info] > git config --get commit.template [4ms]
2023-10-16 12:45:47.603 [info] > git for-each-ref --format=%(refname)%00%(upstream:short)%00%(objectname)%00%(upstream:track)%00%(upstream:remotename)%00%(upstream:remoteref) refs/heads/main refs/remotes/main [3ms]
2023-10-16 12:45:47.631 [info] > git status -z -uall [13ms]
2023-10-16 12:45:59.910 [info] > git config --get commit.template [24ms]
2023-10-16 12:45:59.910 [info] > git for-each-ref --format=%(refname)%00%(upstream:short)%00%(objectname)%00%(upstream:track)%00%(upstream:remotename)%00%(upstream:remoteref) refs/heads/main refs/remotes/main [2ms]
2023-10-16 12:45:59.939 [info] > git status -z -uall [12ms]
2023-10-16 12:46:04.978 [info] > git config --get commit.template [17ms]
2023-10-16 12:46:04.979 [info] > git for-each-ref --format=%(refname)%00%(upstream:short)%00%(objectname)%00%(upstream:track)%00%(upstream:remotename)%00%(upstream:remoteref) refs/heads/main refs/remotes/main [2ms]
2023-10-16 12:46:05.008 [info] > git status -z -uall [12ms]
2023-10-16 12:46:13.391 [info] > git config --get commit.template [4ms]
2023-10-16 12:46:13.417 [info] > git for-each-ref --format=%(refname)%00%(upstream:short)%00%(objectname)%00%(upstream:track)%00%(upstream:remotename)%00%(upstream:remoteref) refs/heads/main refs/remotes/main [2ms]
2023-10-16 12:46:13.445 [info] > git status -z -uall [11ms]
2023-10-16 12:46:18.529 [info] > git config --get commit.template [37ms]
2023-10-16 12:46:18.541 [info] > git for-each-ref --format=%(refname)%00%(upstream:short)%00%(objectname)%00%(upstream:track)%00%(upstream:remotename)%00%(upstream:remoteref) refs/heads/main refs/remotes/main [17ms]
2023-10-16 12:46:18.676 [info] > git status -z -uall [110ms]
2023-10-16 12:46:23.717 [info] > git config --get commit.template [16ms]
2023-10-16 12:46:23.719 [info] > git for-each-ref --format=%(refname)%00%(upstream:short)%00%(objectname)%00%(upstream:track)%00%(upstream:remotename)%00%(upstream:remoteref) refs/heads/main refs/remotes/main [3ms]
2023-10-16 12:46:23.748 [info] > git status -z -uall [13ms]
2023-10-16 12:46:28.785 [info] > git config --get commit.template [16ms]
2023-10-16 12:46:28.786 [info] > git for-each-ref --format=%(refname)%00%(upstream:short)%00%(objectname)%00%(upstream:track)%00%(upstream:remotename)%00%(upstream:remoteref) refs/heads/main refs/remotes/main [2ms]
2023-10-16 12:46:28.836 [info] > git status -z -uall [34ms]
2023-10-16 12:46:33.858 [info] > git config --get commit.template [2ms]
2023-10-16 12:46:33.876 [info] > git for-each-ref --format=%(refname)%00%(upstream:short)%00%(objectname)%00%(upstream:track)%00%(upstream:remotename)%00%(upstream:remoteref) refs/heads/main refs/remotes/main [1ms]
2023-10-16 12:46:33.905 [info] > git status -z -uall [13ms]
2023-10-16 12:46:38.941 [info] > git config --get commit.template [16ms]
2023-10-16 12:46:38.942 [info] > git for-each-ref --format=%(refname)%00%(upstream:short)%00%(objectname)%00%(upstream:track)%00%(upstream:remotename)%00%(upstream:remoteref) refs/heads/main refs/remotes/main [2ms]
2023-10-16 12:46:38.969 [info] > git status -z -uall [12ms]
2023-10-16 12:46:44.003 [info] > git config --get commit.template [16ms]
2023-10-16 12:46:44.005 [info] > git for-each-ref --format=%(refname)%00%(upstream:short)%00%(objectname)%00%(upstream:track)%00%(upstream:remotename)%00%(upstream:remoteref) refs/heads/main refs/remotes/main [2ms]
2023-10-16 12:46:44.032 [info] > git status -z -uall [11ms]
2023-10-16 12:46:49.066 [info] > git config --get commit.template [16ms]
2023-10-16 12:46:49.067 [info] > git for-each-ref --format=%(refname)%00%(upstream:short)%00%(objectname)%00%(upstream:track)%00%(upstream:remotename)%00%(upstream:remoteref) refs/heads/main refs/remotes/main [2ms]
2023-10-16 12:46:49.101 [info] > git status -z -uall [18ms]
2023-10-16 12:46:54.135 [info] > git config --get commit.template [16ms]
2023-10-16 12:46:54.137 [info] > git for-each-ref --format=%(refname)%00%(upstream:short)%00%(objectname)%00%(upstream:track)%00%(upstream:remotename)%00%(upstream:remoteref) refs/heads/main refs/remotes/main [2ms]
2023-10-16 12:46:54.163 [info] > git status -z -uall [12ms]
2023-10-16 12:46:59.199 [info] > git config --get commit.template [16ms]
2023-10-16 12:46:59.199 [info] > git for-each-ref --format=%(refname)%00%(upstream:short)%00%(objectname)%00%(upstream:track)%00%(upstream:remotename)%00%(upstream:remoteref) refs/heads/main refs/remotes/main [2ms]
2023-10-16 12:46:59.235 [info] > git status -z -uall [21ms]
2023-10-16 12:47:06.855 [info] > git config --get commit.template [16ms]
2023-10-16 12:47:06.856 [info] > git for-each-ref --format=%(refname)%00%(upstream:short)%00%(objectname)%00%(upstream:track)%00%(upstream:remotename)%00%(upstream:remoteref) refs/heads/main refs/remotes/main [2ms]
2023-10-16 12:47:06.885 [info] > git status -z -uall [13ms]
2023-10-16 12:47:11.924 [info] > git config --get commit.template [17ms]
2023-10-16 12:47:11.925 [info] > git for-each-ref --format=%(refname)%00%(upstream:short)%00%(objectname)%00%(upstream:track)%00%(upstream:remotename)%00%(upstream:remoteref) refs/heads/main refs/remotes/main [2ms]
2023-10-16 12:47:11.953 [info] > git status -z -uall [13ms]
2023-10-16 12:47:16.989 [info] > git config --get commit.template [17ms]
2023-10-16 12:47:16.991 [info] > git for-each-ref --format=%(refname)%00%(upstream:short)%00%(objectname)%00%(upstream:track)%00%(upstream:remotename)%00%(upstream:remoteref) refs/heads/main refs/remotes/main [2ms]
2023-10-16 12:47:17.019 [info] > git status -z -uall [12ms]
2023-10-16 12:47:22.056 [info] > git config --get commit.template [18ms]
2023-10-16 12:47:22.056 [info] > git for-each-ref --format=%(refname)%00%(upstream:short)%00%(objectname)%00%(upstream:track)%00%(upstream:remotename)%00%(upstream:remoteref) refs/heads/main refs/remotes/main [3ms]
2023-10-16 12:47:22.084 [info] > git status -z -uall [13ms]
2023-10-16 12:47:28.353 [info] > git config --get commit.template [2ms]
2023-10-16 12:47:28.380 [info] > git for-each-ref --format=%(refname)%00%(upstream:short)%00%(objectname)%00%(upstream:track)%00%(upstream:remotename)%00%(upstream:remoteref) refs/heads/main refs/remotes/main [4ms]
2023-10-16 12:47:28.431 [info] > git status -z -uall [24ms]
2023-10-16 12:47:33.479 [info] > git config --get commit.template [26ms]
2023-10-16 12:47:33.482 [info] > git for-each-ref --format=%(refname)%00%(upstream:short)%00%(objectname)%00%(upstream:track)%00%(upstream:remotename)%00%(upstream:remoteref) refs/heads/main refs/remotes/main [4ms]
2023-10-16 12:47:33.525 [info] > git status -z -uall [21ms]
2023-10-16 12:47:38.560 [info] > git config --get commit.template [1ms]
2023-10-16 12:47:38.579 [info] > git for-each-ref --format=%(refname)%00%(upstream:short)%00%(objectname)%00%(upstream:track)%00%(upstream:remotename)%00%(upstream:remoteref) refs/heads/main refs/remotes/main [2ms]
2023-10-16 12:47:38.623 [info] > git status -z -uall [22ms]
2023-10-16 12:47:43.661 [info] > git config --get commit.template [17ms]
2023-10-16 12:47:43.663 [info] > git for-each-ref --format=%(refname)%00%(upstream:short)%00%(objectname)%00%(upstream:track)%00%(upstream:remotename)%00%(upstream:remoteref) refs/heads/main refs/remotes/main [2ms]
2023-10-16 12:47:43.692 [info] > git status -z -uall [14ms]
2023-10-16 12:47:48.731 [info] > git config --get commit.template [17ms]
2023-10-16 12:47:48.733 [info] > git for-each-ref --format=%(refname)%00%(upstream:short)%00%(objectname)%00%(upstream:track)%00%(upstream:remotename)%00%(upstream:remoteref) refs/heads/main refs/remotes/main [2ms]
2023-10-16 12:47:48.763 [info] > git status -z -uall [15ms]
2023-10-16 12:48:10.954 [info] > git fetch [548ms]
2023-10-16 12:48:10.990 [info] > git for-each-ref --format=%(refname)%00%(upstream:short)%00%(objectname)%00%(upstream:track)%00%(upstream:remotename)%00%(upstream:remoteref) refs/heads/main refs/remotes/main [3ms]
2023-10-16 12:48:10.990 [info] > git config --get commit.template [19ms]
2023-10-16 12:48:11.019 [info] > git status -z -uall [13ms]
2023-10-16 12:48:12.158 [info] > git config --get commit.template [17ms]
2023-10-16 12:48:12.160 [info] > git for-each-ref --format=%(refname)%00%(upstream:short)%00%(objectname)%00%(upstream:track)%00%(upstream:remotename)%00%(upstream:remoteref) refs/heads/main refs/remotes/main [2ms]
2023-10-16 12:48:12.187 [info] > git status -z -uall [11ms]
2023-10-16 12:48:12.340 [info] > git ls-files --stage -- /workspaces/143985177/something/something.py [2ms]
2023-10-16 12:48:12.457 [info] > git show --textconv :something/something.py [1ms]
2023-10-16 12:48:42.218 [info] > git add -A -- /workspaces/143985177/bank/bank.py /workspaces/143985177/calories/calories.py /workspaces/143985177/camel/camel.py /workspaces/143985177/coffee/coffee.py /workspaces/143985177/deep/deep.py /workspaces/143985177/extensions/extensions.py /workspaces/143985177/something/something.py [9ms]
2023-10-16 12:48:42.251 [info] > git config --get commit.template [17ms]
2023-10-16 12:48:42.252 [info] > git for-each-ref --format=%(refname)%00%(upstream:short)%00%(objectname)%00%(upstream:track)%00%(upstream:remotename)%00%(upstream:remoteref) refs/heads/main refs/remotes/main [2ms]
2023-10-16 12:48:42.279 [info] > git status -z -uall [11ms]
2023-10-16 12:48:42.322 [info] > git -c user.useConfigOnly=true commit --quiet --allow-empty-message --file - --allow-empty-message [16ms]
2023-10-16 12:48:42.340 [info] > git config --get commit.template [1ms]
2023-10-16 12:48:42.373 [info] > git config --get commit.template [16ms]
2023-10-16 12:48:42.375 [info] > git for-each-ref --format=%(refname)%00%(upstream:short)%00%(objectname)%00%(upstream:track)%00%(upstream:remotename)%00%(upstream:remoteref) refs/heads/main refs/remotes/main [2ms]
2023-10-16 12:48:42.404 [info] > git status -z -uall [13ms]
2023-10-16 12:48:42.666 [info] > git config --local branch.main.github-pr-owner-number [5ms]
2023-10-16 12:48:42.697 [info] > git config --get commit.template [16ms]
2023-10-16 12:48:42.730 [info] > git for-each-ref --format=%(refname)%00%(upstream:short)%00%(objectname)%00%(upstream:track)%00%(upstream:remotename)%00%(upstream:remoteref) refs/heads/main refs/remotes/main [17ms]
2023-10-16 12:48:42.751 [info] > git config --get commit.template [54ms]
2023-10-16 12:48:42.753 [info] > git for-each-ref --format=%(refname)%00%(upstream:short)%00%(objectname)%00%(upstream:track)%00%(upstream:remotename)%00%(upstream:remoteref) refs/heads/main refs/remotes/main [24ms]
2023-10-16 12:48:42.792 [info] > git status -z -uall [23ms]
2023-10-16 12:48:43.686 [info] > git push --force origin main [935ms]
2023-10-16 12:48:43.686 [info] To https://github.com/code50/143985177
   4a0e382..55989fe  main -> main
2023-10-16 12:48:43.720 [info] > git config --get commit.template [17ms]
2023-10-16 12:48:43.721 [info] > git for-each-ref --format=%(refname)%00%(upstream:short)%00%(objectname)%00%(upstream:track)%00%(upstream:remotename)%00%(upstream:remoteref) refs/heads/main refs/remotes/main [2ms]
2023-10-16 12:48:43.761 [info] > git status -z -uall [25ms]
2023-10-16 12:48:43.772 [info] > git ls-files --stage -- /workspaces/143985177/something/something.py [12ms]
2023-10-16 12:48:43.807 [info] > git cat-file -s 1c3b563ff9ebc65c0f976edf8cc71d2509896314 [8ms]
2023-10-16 12:48:44.046 [info] > git config --local branch.main.github-pr-owner-number [126ms]
2023-10-16 12:48:44.064 [info] > git show --textconv :something/something.py [19ms]
2023-10-16 12:48:44.065 [info] > git config --get commit.template [2ms]
2023-10-16 12:48:44.092 [info] > git for-each-ref --format=%(refname)%00%(upstream:short)%00%(objectname)%00%(upstream:track)%00%(upstream:remotename)%00%(upstream:remoteref) refs/heads/main refs/remotes/main [10ms]
2023-10-16 12:48:44.119 [info] > git status -z -uall [12ms]
2023-10-16 12:48:44.890 [info] > git config --get commit.template [19ms]
2023-10-16 12:48:44.891 [info] > git for-each-ref --format=%(refname)%00%(upstream:short)%00%(objectname)%00%(upstream:track)%00%(upstream:remotename)%00%(upstream:remoteref) refs/heads/main refs/remotes/main [2ms]
2023-10-16 12:48:44.919 [info] > git status -z -uall [12ms]
2023-10-16 12:48:45.244 [info] > git ls-files --stage -- /workspaces/143985177/something/something.py [2ms]
2023-10-16 12:48:45.262 [info] > git cat-file -s 1c3b563ff9ebc65c0f976edf8cc71d2509896314 [1ms]
2023-10-16 12:48:45.377 [info] > git show --textconv :something/something.py [2ms]
2023-10-16 12:49:43.516 [info] > git show --textconv :something/something2.py [124ms]
2023-10-16 12:49:43.516 [info] > git ls-files --stage -- /workspaces/143985177/something/something2.py [43ms]
2023-10-16 12:49:43.518 [info] > git check-ignore -v -z --stdin [4ms]
2023-10-16 12:49:43.786 [info] > git config --get commit.template [17ms]
2023-10-16 12:49:43.787 [info] > git for-each-ref --format=%(refname)%00%(upstream:short)%00%(objectname)%00%(upstream:track)%00%(upstream:remotename)%00%(upstream:remoteref) refs/heads/main refs/remotes/main [2ms]
2023-10-16 12:49:43.815 [info] > git status -z -uall [13ms]
2023-10-16 12:49:48.859 [info] > git config --get commit.template [18ms]
2023-10-16 12:49:48.859 [info] > git for-each-ref --format=%(refname)%00%(upstream:short)%00%(objectname)%00%(upstream:track)%00%(upstream:remotename)%00%(upstream:remoteref) refs/heads/main refs/remotes/main [3ms]
2023-10-16 12:49:48.901 [info] > git status -z -uall [12ms]
2023-10-16 12:49:53.957 [info] > git config --get commit.template [26ms]
2023-10-16 12:49:53.968 [info] > git for-each-ref --format=%(refname)%00%(upstream:short)%00%(objectname)%00%(upstream:track)%00%(upstream:remotename)%00%(upstream:remoteref) refs/heads/main refs/remotes/main [11ms]
2023-10-16 12:49:54.004 [info] > git status -z -uall [15ms]
2023-10-16 12:49:59.041 [info] > git config --get commit.template [17ms]
2023-10-16 12:49:59.042 [info] > git for-each-ref --format=%(refname)%00%(upstream:short)%00%(objectname)%00%(upstream:track)%00%(upstream:remotename)%00%(upstream:remoteref) refs/heads/main refs/remotes/main [2ms]
2023-10-16 12:49:59.071 [info] > git status -z -uall [13ms]
2023-10-16 12:50:04.113 [info] > git config --get commit.template [17ms]
2023-10-16 12:50:04.114 [info] > git for-each-ref --format=%(refname)%00%(upstream:short)%00%(objectname)%00%(upstream:track)%00%(upstream:remotename)%00%(upstream:remoteref) refs/heads/main refs/remotes/main [3ms]
2023-10-16 12:50:04.141 [info] > git status -z -uall [12ms]
2023-10-16 12:50:09.485 [info] > git config --get commit.template [17ms]
2023-10-16 12:50:09.486 [info] > git for-each-ref --format=%(refname)%00%(upstream:short)%00%(objectname)%00%(upstream:track)%00%(upstream:remotename)%00%(upstream:remoteref) refs/heads/main refs/remotes/main [2ms]
2023-10-16 12:50:09.514 [info] > git status -z -uall [12ms]
2023-10-16 12:50:13.428 [info] > git config --local branch.main.github-pr-owner-number [2ms]
2023-10-16 12:50:13.460 [info] > git config --get commit.template [15ms]
2023-10-16 12:50:13.461 [info] > git for-each-ref --format=%(refname)%00%(upstream:short)%00%(objectname)%00%(upstream:track)%00%(upstream:remotename)%00%(upstream:remoteref) refs/heads/main refs/remotes/main [2ms]
2023-10-16 12:50:13.488 [info] > git status -z -uall [11ms]
2023-10-16 12:50:14.552 [info] > git config --get commit.template [16ms]
2023-10-16 12:50:14.553 [info] > git for-each-ref --format=%(refname)%00%(upstream:short)%00%(objectname)%00%(upstream:track)%00%(upstream:remotename)%00%(upstream:remoteref) refs/heads/main refs/remotes/main [2ms]
2023-10-16 12:50:14.590 [info] > git status -z -uall [20ms]
2023-10-16 12:50:19.626 [info] > git config --get commit.template [17ms]
2023-10-16 12:50:19.628 [info] > git for-each-ref --format=%(refname)%00%(upstream:short)%00%(objectname)%00%(upstream:track)%00%(upstream:remotename)%00%(upstream:remoteref) refs/heads/main refs/remotes/main [3ms]
2023-10-16 12:50:19.665 [info] > git status -z -uall [21ms]
2023-10-16 12:50:24.699 [info] > git config --get commit.template [1ms]
2023-10-16 12:50:24.725 [info] > git for-each-ref --format=%(refname)%00%(upstream:short)%00%(objectname)%00%(upstream:track)%00%(upstream:remotename)%00%(upstream:remoteref) refs/heads/main refs/remotes/main [3ms]
2023-10-16 12:50:24.778 [info] > git status -z -uall [21ms]
2023-10-16 12:50:29.815 [info] > git config --get commit.template [17ms]
2023-10-16 12:50:29.816 [info] > git for-each-ref --format=%(refname)%00%(upstream:short)%00%(objectname)%00%(upstream:track)%00%(upstream:remotename)%00%(upstream:remoteref) refs/heads/main refs/remotes/main [1ms]
2023-10-16 12:50:29.846 [info] > git status -z -uall [12ms]
2023-10-16 12:50:34.892 [info] > git for-each-ref --format=%(refname)%00%(upstream:short)%00%(objectname)%00%(upstream:track)%00%(upstream:remotename)%00%(upstream:remoteref) refs/heads/main refs/remotes/main [3ms]
2023-10-16 12:50:34.892 [info] > git config --get commit.template [19ms]
2023-10-16 12:50:34.921 [info] > git status -z -uall [11ms]
2023-10-16 12:50:39.959 [info] > git config --get commit.template [18ms]
2023-10-16 12:50:39.960 [info] > git for-each-ref --format=%(refname)%00%(upstream:short)%00%(objectname)%00%(upstream:track)%00%(upstream:remotename)%00%(upstream:remoteref) refs/heads/main refs/remotes/main [2ms]
2023-10-16 12:50:39.992 [info] > git status -z -uall [15ms]
2023-10-16 12:50:45.031 [info] > git config --get commit.template [17ms]
2023-10-16 12:50:45.032 [info] > git for-each-ref --format=%(refname)%00%(upstream:short)%00%(objectname)%00%(upstream:track)%00%(upstream:remotename)%00%(upstream:remoteref) refs/heads/main refs/remotes/main [2ms]
2023-10-16 12:50:45.061 [info] > git status -z -uall [10ms]
2023-10-16 12:50:50.100 [info] > git config --get commit.template [18ms]
2023-10-16 12:50:50.101 [info] > git for-each-ref --format=%(refname)%00%(upstream:short)%00%(objectname)%00%(upstream:track)%00%(upstream:remotename)%00%(upstream:remoteref) refs/heads/main refs/remotes/main [2ms]
2023-10-16 12:50:50.132 [info] > git status -z -uall [12ms]
2023-10-16 12:50:55.171 [info] > git config --get commit.template [18ms]
2023-10-16 12:50:55.171 [info] > git for-each-ref --format=%(refname)%00%(upstream:short)%00%(objectname)%00%(upstream:track)%00%(upstream:remotename)%00%(upstream:remoteref) refs/heads/main refs/remotes/main [2ms]
2023-10-16 12:50:55.201 [info] > git status -z -uall [12ms]
2023-10-16 12:51:00.240 [info] > git config --get commit.template [18ms]
2023-10-16 12:51:00.241 [info] > git for-each-ref --format=%(refname)%00%(upstream:short)%00%(objectname)%00%(upstream:track)%00%(upstream:remotename)%00%(upstream:remoteref) refs/heads/main refs/remotes/main [2ms]
2023-10-16 12:51:00.269 [info] > git status -z -uall [12ms]
2023-10-16 12:51:05.307 [info] > git config --get commit.template [19ms]
2023-10-16 12:51:05.308 [info] > git for-each-ref --format=%(refname)%00%(upstream:short)%00%(objectname)%00%(upstream:track)%00%(upstream:remotename)%00%(upstream:remoteref) refs/heads/main refs/remotes/main [3ms]
2023-10-16 12:51:05.339 [info] > git status -z -uall [14ms]
2023-10-16 12:51:10.377 [info] > git config --get commit.template [17ms]
2023-10-16 12:51:10.378 [info] > git for-each-ref --format=%(refname)%00%(upstream:short)%00%(objectname)%00%(upstream:track)%00%(upstream:remotename)%00%(upstream:remoteref) refs/heads/main refs/remotes/main [2ms]
2023-10-16 12:51:10.408 [info] > git status -z -uall [12ms]
2023-10-16 12:51:11.609 [info] > git fetch [571ms]
2023-10-16 12:51:11.646 [info] > git config --get commit.template [19ms]
2023-10-16 12:51:11.646 [info] > git for-each-ref --format=%(refname)%00%(upstream:short)%00%(objectname)%00%(upstream:track)%00%(upstream:remotename)%00%(upstream:remoteref) refs/heads/main refs/remotes/main [2ms]
2023-10-16 12:51:11.674 [info] > git status -z -uall [11ms]
2023-10-16 12:51:13.062 [info] > git ls-files --stage -- /workspaces/143985177/something/something2.py [2ms]
2023-10-16 12:51:13.195 [info] > git show --textconv :something/something2.py [2ms]
2023-10-16 12:51:15.446 [info] > git config --get commit.template [17ms]
2023-10-16 12:51:15.447 [info] > git for-each-ref --format=%(refname)%00%(upstream:short)%00%(objectname)%00%(upstream:track)%00%(upstream:remotename)%00%(upstream:remoteref) refs/heads/main refs/remotes/main [2ms]
2023-10-16 12:51:15.485 [info] > git status -z -uall [22ms]
2023-10-16 12:51:20.521 [info] > git config --get commit.template [16ms]
2023-10-16 12:51:20.523 [info] > git for-each-ref --format=%(refname)%00%(upstream:short)%00%(objectname)%00%(upstream:track)%00%(upstream:remotename)%00%(upstream:remoteref) refs/heads/main refs/remotes/main [2ms]
2023-10-16 12:51:20.552 [info] > git status -z -uall [12ms]
2023-10-16 12:51:25.590 [info] > git config --get commit.template [17ms]
2023-10-16 12:51:25.592 [info] > git for-each-ref --format=%(refname)%00%(upstream:short)%00%(objectname)%00%(upstream:track)%00%(upstream:remotename)%00%(upstream:remoteref) refs/heads/main refs/remotes/main [2ms]
2023-10-16 12:51:25.620 [info] > git status -z -uall [12ms]
2023-10-16 12:51:30.661 [info] > git config --get commit.template [20ms]
2023-10-16 12:51:30.663 [info] > git for-each-ref --format=%(refname)%00%(upstream:short)%00%(objectname)%00%(upstream:track)%00%(upstream:remotename)%00%(upstream:remoteref) refs/heads/main refs/remotes/main [3ms]
2023-10-16 12:51:30.691 [info] > git status -z -uall [11ms]
2023-10-16 12:51:35.730 [info] > git config --get commit.template [19ms]
2023-10-16 12:51:35.731 [info] > git for-each-ref --format=%(refname)%00%(upstream:short)%00%(objectname)%00%(upstream:track)%00%(upstream:remotename)%00%(upstream:remoteref) refs/heads/main refs/remotes/main [2ms]
2023-10-16 12:51:35.761 [info] > git status -z -uall [13ms]
2023-10-16 12:51:40.801 [info] > git config --get commit.template [19ms]
2023-10-16 12:51:40.802 [info] > git for-each-ref --format=%(refname)%00%(upstream:short)%00%(objectname)%00%(upstream:track)%00%(upstream:remotename)%00%(upstream:remoteref) refs/heads/main refs/remotes/main [2ms]
2023-10-16 12:51:40.832 [info] > git status -z -uall [12ms]
2023-10-16 12:51:45.871 [info] > git config --get commit.template [19ms]
2023-10-16 12:51:45.873 [info] > git for-each-ref --format=%(refname)%00%(upstream:short)%00%(objectname)%00%(upstream:track)%00%(upstream:remotename)%00%(upstream:remoteref) refs/heads/main refs/remotes/main [2ms]
2023-10-16 12:51:45.915 [info] > git status -z -uall [21ms]
2023-10-16 12:51:51.998 [info] > git config --get commit.template [4ms]
2023-10-16 12:51:52.018 [info] > git for-each-ref --format=%(refname)%00%(upstream:short)%00%(objectname)%00%(upstream:track)%00%(upstream:remotename)%00%(upstream:remoteref) refs/heads/main refs/remotes/main [3ms]
2023-10-16 12:51:52.048 [info] > git status -z -uall [12ms]
2023-10-16 12:51:57.085 [info] > git config --get commit.template [17ms]
2023-10-16 12:51:57.087 [info] > git for-each-ref --format=%(refname)%00%(upstream:short)%00%(objectname)%00%(upstream:track)%00%(upstream:remotename)%00%(upstream:remoteref) refs/heads/main refs/remotes/main [1ms]
2023-10-16 12:51:57.116 [info] > git status -z -uall [13ms]
2023-10-16 12:52:02.140 [info] > git config --get commit.template [3ms]
2023-10-16 12:52:02.171 [info] > git for-each-ref --format=%(refname)%00%(upstream:short)%00%(objectname)%00%(upstream:track)%00%(upstream:remotename)%00%(upstream:remoteref) refs/heads/main refs/remotes/main [5ms]
2023-10-16 12:52:02.209 [info] > git status -z -uall [15ms]
2023-10-16 12:52:07.249 [info] > git config --get commit.template [18ms]
2023-10-16 12:52:07.251 [info] > git for-each-ref --format=%(refname)%00%(upstream:short)%00%(objectname)%00%(upstream:track)%00%(upstream:remotename)%00%(upstream:remoteref) refs/heads/main refs/remotes/main [3ms]
2023-10-16 12:52:07.297 [info] > git status -z -uall [30ms]
2023-10-16 12:52:12.336 [info] > git config --get commit.template [17ms]
2023-10-16 12:52:12.337 [info] > git for-each-ref --format=%(refname)%00%(upstream:short)%00%(objectname)%00%(upstream:track)%00%(upstream:remotename)%00%(upstream:remoteref) refs/heads/main refs/remotes/main [3ms]
2023-10-16 12:52:12.365 [info] > git status -z -uall [12ms]
2023-10-16 12:52:17.404 [info] > git config --get commit.template [18ms]
2023-10-16 12:52:17.405 [info] > git for-each-ref --format=%(refname)%00%(upstream:short)%00%(objectname)%00%(upstream:track)%00%(upstream:remotename)%00%(upstream:remoteref) refs/heads/main refs/remotes/main [2ms]
2023-10-16 12:52:17.433 [info] > git status -z -uall [12ms]
2023-10-16 12:52:22.477 [info] > git config --get commit.template [19ms]
2023-10-16 12:52:22.479 [info] > git for-each-ref --format=%(refname)%00%(upstream:short)%00%(objectname)%00%(upstream:track)%00%(upstream:remotename)%00%(upstream:remoteref) refs/heads/main refs/remotes/main [2ms]
2023-10-16 12:52:22.506 [info] > git status -z -uall [11ms]
2023-10-16 12:52:27.546 [info] > git config --get commit.template [19ms]
2023-10-16 12:52:27.547 [info] > git for-each-ref --format=%(refname)%00%(upstream:short)%00%(objectname)%00%(upstream:track)%00%(upstream:remotename)%00%(upstream:remoteref) refs/heads/main refs/remotes/main [2ms]
2023-10-16 12:52:27.576 [info] > git status -z -uall [12ms]
2023-10-16 12:52:36.601 [info] > git show --textconv :something/something3.py [38ms]
2023-10-16 12:52:36.629 [info] > git ls-files --stage -- /workspaces/143985177/something/something3.py [36ms]
2023-10-16 12:52:36.633 [info] > git check-ignore -v -z --stdin [4ms]
2023-10-16 12:52:37.013 [info] > git config --get commit.template [31ms]
2023-10-16 12:52:37.014 [info] > git for-each-ref --format=%(refname)%00%(upstream:short)%00%(objectname)%00%(upstream:track)%00%(upstream:remotename)%00%(upstream:remoteref) refs/heads/main refs/remotes/main [2ms]
2023-10-16 12:52:37.042 [info] > git status -z -uall [12ms]
2023-10-16 12:52:44.406 [info] > git config --get commit.template [18ms]
2023-10-16 12:52:44.408 [info] > git for-each-ref --format=%(refname)%00%(upstream:short)%00%(objectname)%00%(upstream:track)%00%(upstream:remotename)%00%(upstream:remoteref) refs/heads/main refs/remotes/main [3ms]
2023-10-16 12:52:44.446 [info] > git status -z -uall [22ms]
2023-10-16 12:52:49.488 [info] > git config --get commit.template [20ms]
2023-10-16 12:52:49.489 [info] > git for-each-ref --format=%(refname)%00%(upstream:short)%00%(objectname)%00%(upstream:track)%00%(upstream:remotename)%00%(upstream:remoteref) refs/heads/main refs/remotes/main [3ms]
2023-10-16 12:52:49.519 [info] > git status -z -uall [13ms]
2023-10-16 12:52:54.562 [info] > git config --get commit.template [20ms]
2023-10-16 12:52:54.563 [info] > git for-each-ref --format=%(refname)%00%(upstream:short)%00%(objectname)%00%(upstream:track)%00%(upstream:remotename)%00%(upstream:remoteref) refs/heads/main refs/remotes/main [3ms]
2023-10-16 12:52:54.595 [info] > git status -z -uall [13ms]
2023-10-16 12:52:59.633 [info] > git config --get commit.template [18ms]
2023-10-16 12:52:59.634 [info] > git for-each-ref --format=%(refname)%00%(upstream:short)%00%(objectname)%00%(upstream:track)%00%(upstream:remotename)%00%(upstream:remoteref) refs/heads/main refs/remotes/main [2ms]
2023-10-16 12:52:59.662 [info] > git status -z -uall [12ms]
2023-10-16 12:53:04.701 [info] > git config --get commit.template [19ms]
2023-10-16 12:53:04.702 [info] > git for-each-ref --format=%(refname)%00%(upstream:short)%00%(objectname)%00%(upstream:track)%00%(upstream:remotename)%00%(upstream:remoteref) refs/heads/main refs/remotes/main [2ms]
2023-10-16 12:53:04.732 [info] > git status -z -uall [14ms]
2023-10-16 12:53:09.771 [info] > git config --get commit.template [19ms]
2023-10-16 12:53:09.772 [info] > git for-each-ref --format=%(refname)%00%(upstream:short)%00%(objectname)%00%(upstream:track)%00%(upstream:remotename)%00%(upstream:remoteref) refs/heads/main refs/remotes/main [2ms]
2023-10-16 12:53:09.800 [info] > git status -z -uall [12ms]
2023-10-16 12:53:14.857 [info] > git config --get commit.template [27ms]
2023-10-16 12:53:14.860 [info] > git for-each-ref --format=%(refname)%00%(upstream:short)%00%(objectname)%00%(upstream:track)%00%(upstream:remotename)%00%(upstream:remoteref) refs/heads/main refs/remotes/main [4ms]
2023-10-16 12:53:14.904 [info] > git status -z -uall [19ms]
2023-10-16 12:53:20.890 [info] > git config --get commit.template [17ms]
2023-10-16 12:53:20.892 [info] > git for-each-ref --format=%(refname)%00%(upstream:short)%00%(objectname)%00%(upstream:track)%00%(upstream:remotename)%00%(upstream:remoteref) refs/heads/main refs/remotes/main [2ms]
2023-10-16 12:53:20.924 [info] > git status -z -uall [11ms]
2023-10-16 12:53:25.960 [info] > git config --get commit.template [17ms]
2023-10-16 12:53:25.961 [info] > git for-each-ref --format=%(refname)%00%(upstream:short)%00%(objectname)%00%(upstream:track)%00%(upstream:remotename)%00%(upstream:remoteref) refs/heads/main refs/remotes/main [2ms]
2023-10-16 12:53:25.992 [info] > git status -z -uall [15ms]
2023-10-16 12:53:31.020 [info] > git config --get commit.template [4ms]
2023-10-16 12:53:31.039 [info] > git for-each-ref --format=%(refname)%00%(upstream:short)%00%(objectname)%00%(upstream:track)%00%(upstream:remotename)%00%(upstream:remoteref) refs/heads/main refs/remotes/main [2ms]
2023-10-16 12:53:31.067 [info] > git status -z -uall [11ms]
2023-10-16 12:53:36.340 [info] > git config --get commit.template [19ms]
2023-10-16 12:53:36.342 [info] > git for-each-ref --format=%(refname)%00%(upstream:short)%00%(objectname)%00%(upstream:track)%00%(upstream:remotename)%00%(upstream:remoteref) refs/heads/main refs/remotes/main [2ms]
2023-10-16 12:53:36.376 [info] > git status -z -uall [11ms]
2023-10-16 12:53:41.417 [info] > git config --get commit.template [19ms]
2023-10-16 12:53:41.418 [info] > git for-each-ref --format=%(refname)%00%(upstream:short)%00%(objectname)%00%(upstream:track)%00%(upstream:remotename)%00%(upstream:remoteref) refs/heads/main refs/remotes/main [2ms]
2023-10-16 12:53:41.457 [info] > git status -z -uall [15ms]
2023-10-16 12:53:46.547 [info] > git config --get commit.template [35ms]
2023-10-16 12:53:46.557 [info] > git for-each-ref --format=%(refname)%00%(upstream:short)%00%(objectname)%00%(upstream:track)%00%(upstream:remotename)%00%(upstream:remoteref) refs/heads/main refs/remotes/main [11ms]
2023-10-16 12:53:46.611 [info] > git status -z -uall [27ms]
2023-10-16 12:53:51.656 [info] > git config --get commit.template [18ms]
2023-10-16 12:53:51.657 [info] > git for-each-ref --format=%(refname)%00%(upstream:short)%00%(objectname)%00%(upstream:track)%00%(upstream:remotename)%00%(upstream:remoteref) refs/heads/main refs/remotes/main [2ms]
2023-10-16 12:53:51.686 [info] > git status -z -uall [12ms]
2023-10-16 12:53:56.727 [info] > git config --get commit.template [22ms]
2023-10-16 12:53:56.730 [info] > git for-each-ref --format=%(refname)%00%(upstream:short)%00%(objectname)%00%(upstream:track)%00%(upstream:remotename)%00%(upstream:remoteref) refs/heads/main refs/remotes/main [4ms]
2023-10-16 12:53:56.777 [info] > git status -z -uall [29ms]
2023-10-16 12:54:01.823 [info] > git config --get commit.template [24ms]
2023-10-16 12:54:01.823 [info] > git for-each-ref --format=%(refname)%00%(upstream:short)%00%(objectname)%00%(upstream:track)%00%(upstream:remotename)%00%(upstream:remoteref) refs/heads/main refs/remotes/main [2ms]
2023-10-16 12:54:01.853 [info] > git status -z -uall [12ms]
2023-10-16 12:54:06.899 [info] > git config --get commit.template [24ms]
2023-10-16 12:54:06.900 [info] > git for-each-ref --format=%(refname)%00%(upstream:short)%00%(objectname)%00%(upstream:track)%00%(upstream:remotename)%00%(upstream:remoteref) refs/heads/main refs/remotes/main [2ms]
2023-10-16 12:54:06.928 [info] > git status -z -uall [12ms]
2023-10-16 12:54:12.283 [info] > git fetch [589ms]
2023-10-16 12:54:12.320 [info] > git config --get commit.template [18ms]
2023-10-16 12:54:12.321 [info] > git for-each-ref --format=%(refname)%00%(upstream:short)%00%(objectname)%00%(upstream:track)%00%(upstream:remotename)%00%(upstream:remoteref) refs/heads/main refs/remotes/main [2ms]
2023-10-16 12:54:12.350 [info] > git status -z -uall [12ms]
2023-10-16 12:54:12.383 [info] > git config --get commit.template [3ms]
2023-10-16 12:54:12.406 [info] > git for-each-ref --format=%(refname)%00%(upstream:short)%00%(objectname)%00%(upstream:track)%00%(upstream:remotename)%00%(upstream:remoteref) refs/heads/main refs/remotes/main [3ms]
2023-10-16 12:54:12.437 [info] > git status -z -uall [13ms]
2023-10-16 12:54:13.674 [info] > git ls-files --stage -- /workspaces/143985177/something/something3.py [2ms]
2023-10-16 12:54:13.837 [info] > git show --textconv :something/something3.py [3ms]
2023-10-16 12:54:17.477 [info] > git config --get commit.template [19ms]
2023-10-16 12:54:17.479 [info] > git for-each-ref --format=%(refname)%00%(upstream:short)%00%(objectname)%00%(upstream:track)%00%(upstream:remotename)%00%(upstream:remoteref) refs/heads/main refs/remotes/main [2ms]
2023-10-16 12:54:17.507 [info] > git status -z -uall [11ms]
2023-10-16 12:54:22.903 [info] > git config --get commit.template [22ms]
2023-10-16 12:54:22.905 [info] > git for-each-ref --format=%(refname)%00%(upstream:short)%00%(objectname)%00%(upstream:track)%00%(upstream:remotename)%00%(upstream:remoteref) refs/heads/main refs/remotes/main [3ms]
2023-10-16 12:54:22.943 [info] > git status -z -uall [15ms]
2023-10-16 12:54:27.981 [info] > git config --get commit.template [18ms]
2023-10-16 12:54:27.982 [info] > git for-each-ref --format=%(refname)%00%(upstream:short)%00%(objectname)%00%(upstream:track)%00%(upstream:remotename)%00%(upstream:remoteref) refs/heads/main refs/remotes/main [2ms]
2023-10-16 12:54:28.014 [info] > git status -z -uall [16ms]
2023-10-16 12:54:33.052 [info] > git config --get commit.template [19ms]
2023-10-16 12:54:33.055 [info] > git for-each-ref --format=%(refname)%00%(upstream:short)%00%(objectname)%00%(upstream:track)%00%(upstream:remotename)%00%(upstream:remoteref) refs/heads/main refs/remotes/main [5ms]
2023-10-16 12:54:33.085 [info] > git status -z -uall [13ms]
2023-10-16 12:54:38.107 [info] > git config --get commit.template [1ms]
2023-10-16 12:54:38.126 [info] > git for-each-ref --format=%(refname)%00%(upstream:short)%00%(objectname)%00%(upstream:track)%00%(upstream:remotename)%00%(upstream:remoteref) refs/heads/main refs/remotes/main [2ms]
2023-10-16 12:54:38.154 [info] > git status -z -uall [12ms]
2023-10-16 12:54:44.957 [info] > git config --get commit.template [18ms]
2023-10-16 12:54:44.958 [info] > git for-each-ref --format=%(refname)%00%(upstream:short)%00%(objectname)%00%(upstream:track)%00%(upstream:remotename)%00%(upstream:remoteref) refs/heads/main refs/remotes/main [2ms]
2023-10-16 12:54:44.987 [info] > git status -z -uall [13ms]
2023-10-16 12:54:50.024 [info] > git config --get commit.template [17ms]
2023-10-16 12:54:50.025 [info] > git for-each-ref --format=%(refname)%00%(upstream:short)%00%(objectname)%00%(upstream:track)%00%(upstream:remotename)%00%(upstream:remoteref) refs/heads/main refs/remotes/main [2ms]
2023-10-16 12:54:50.054 [info] > git status -z -uall [13ms]
2023-10-16 12:54:55.095 [info] > git config --get commit.template [20ms]
2023-10-16 12:54:55.097 [info] > git for-each-ref --format=%(refname)%00%(upstream:short)%00%(objectname)%00%(upstream:track)%00%(upstream:remotename)%00%(upstream:remoteref) refs/heads/main refs/remotes/main [3ms]
2023-10-16 12:54:55.124 [info] > git status -z -uall [11ms]
2023-10-16 12:55:00.185 [info] > git config --get commit.template [33ms]
2023-10-16 12:55:00.192 [info] > git for-each-ref --format=%(refname)%00%(upstream:short)%00%(objectname)%00%(upstream:track)%00%(upstream:remotename)%00%(upstream:remoteref) refs/heads/main refs/remotes/main [8ms]
2023-10-16 12:55:00.226 [info] > git status -z -uall [12ms]
2023-10-16 12:55:05.264 [info] > git config --get commit.template [18ms]
2023-10-16 12:55:05.265 [info] > git for-each-ref --format=%(refname)%00%(upstream:short)%00%(objectname)%00%(upstream:track)%00%(upstream:remotename)%00%(upstream:remoteref) refs/heads/main refs/remotes/main [2ms]
2023-10-16 12:55:05.293 [info] > git status -z -uall [11ms]
2023-10-16 12:55:10.331 [info] > git config --get commit.template [18ms]
2023-10-16 12:55:10.332 [info] > git for-each-ref --format=%(refname)%00%(upstream:short)%00%(objectname)%00%(upstream:track)%00%(upstream:remotename)%00%(upstream:remoteref) refs/heads/main refs/remotes/main [2ms]
2023-10-16 12:55:10.360 [info] > git status -z -uall [12ms]
2023-10-16 12:55:13.509 [info] > git config --local branch.main.github-pr-owner-number [1ms]
2023-10-16 12:55:13.545 [info] > git config --get commit.template [17ms]
2023-10-16 12:55:13.546 [info] > git for-each-ref --format=%(refname)%00%(upstream:short)%00%(objectname)%00%(upstream:track)%00%(upstream:remotename)%00%(upstream:remoteref) refs/heads/main refs/remotes/main [2ms]
2023-10-16 12:55:13.577 [info] > git status -z -uall [12ms]
2023-10-16 12:55:15.397 [info] > git config --get commit.template [17ms]
2023-10-16 12:55:15.416 [info] > git for-each-ref --format=%(refname)%00%(upstream:short)%00%(objectname)%00%(upstream:track)%00%(upstream:remotename)%00%(upstream:remoteref) refs/heads/main refs/remotes/main [20ms]
2023-10-16 12:55:15.455 [info] > git status -z -uall [18ms]
2023-10-16 12:55:20.493 [info] > git config --get commit.template [18ms]
2023-10-16 12:55:20.494 [info] > git for-each-ref --format=%(refname)%00%(upstream:short)%00%(objectname)%00%(upstream:track)%00%(upstream:remotename)%00%(upstream:remoteref) refs/heads/main refs/remotes/main [2ms]
2023-10-16 12:55:20.523 [info] > git status -z -uall [13ms]
2023-10-16 12:55:25.564 [info] > git config --get commit.template [21ms]
2023-10-16 12:55:25.565 [info] > git for-each-ref --format=%(refname)%00%(upstream:short)%00%(objectname)%00%(upstream:track)%00%(upstream:remotename)%00%(upstream:remoteref) refs/heads/main refs/remotes/main [2ms]
2023-10-16 12:55:25.595 [info] > git status -z -uall [11ms]
2023-10-16 12:55:55.621 [info] > git add -A -- /workspaces/143985177/something/something2.py /workspaces/143985177/something/something3.py [4ms]
2023-10-16 12:55:55.654 [info] > git config --get commit.template [16ms]
2023-10-16 12:55:55.655 [info] > git for-each-ref --format=%(refname)%00%(upstream:short)%00%(objectname)%00%(upstream:track)%00%(upstream:remotename)%00%(upstream:remoteref) refs/heads/main refs/remotes/main [2ms]
2023-10-16 12:55:55.683 [info] > git status -z -uall [11ms]
2023-10-16 12:55:55.719 [info] > git -c user.useConfigOnly=true commit --quiet --allow-empty-message --file - --allow-empty-message [12ms]
2023-10-16 12:55:55.738 [info] > git config --get commit.template [1ms]
2023-10-16 12:55:55.773 [info] > git config --get commit.template [16ms]
2023-10-16 12:55:55.775 [info] > git for-each-ref --format=%(refname)%00%(upstream:short)%00%(objectname)%00%(upstream:track)%00%(upstream:remotename)%00%(upstream:remoteref) refs/heads/main refs/remotes/main [2ms]
2023-10-16 12:55:55.804 [info] > git status -z -uall [12ms]
2023-10-16 12:55:56.093 [info] > git config --local branch.main.github-pr-owner-number [21ms]
2023-10-16 12:55:56.112 [info] > git config --get commit.template [21ms]
2023-10-16 12:55:56.147 [info] > git config --get commit.template [36ms]
2023-10-16 12:55:56.148 [info] > git for-each-ref --format=%(refname)%00%(upstream:short)%00%(objectname)%00%(upstream:track)%00%(upstream:remotename)%00%(upstream:remoteref) refs/heads/main refs/remotes/main [20ms]
2023-10-16 12:55:56.169 [info] > git for-each-ref --format=%(refname)%00%(upstream:short)%00%(objectname)%00%(upstream:track)%00%(upstream:remotename)%00%(upstream:remoteref) refs/heads/main refs/remotes/main [23ms]
2023-10-16 12:55:56.211 [info] > git status -z -uall [23ms]
2023-10-16 12:55:57.068 [info] > git push --force origin main [902ms]
2023-10-16 12:55:57.068 [info] To https://github.com/code50/143985177
   55989fe..ccc7e2f  main -> main
2023-10-16 12:55:57.106 [info] > git for-each-ref --format=%(refname)%00%(upstream:short)%00%(objectname)%00%(upstream:track)%00%(upstream:remotename)%00%(upstream:remoteref) refs/heads/main refs/remotes/main [3ms]
2023-10-16 12:55:57.106 [info] > git config --get commit.template [20ms]
2023-10-16 12:55:57.137 [info] > git status -z -uall [13ms]
2023-10-16 12:55:57.163 [info] > git ls-files --stage -- /workspaces/143985177/something/something3.py [2ms]
2023-10-16 12:55:57.182 [info] > git cat-file -s fda2c2c2b1eb5f4734edec1980ac92c5159e5a6f [2ms]
2023-10-16 12:55:57.384 [info] > git config --local branch.main.github-pr-owner-number [117ms]
2023-10-16 12:55:57.405 [info] > git show --textconv :something/something3.py [21ms]
2023-10-16 12:55:57.405 [info] > git config --get commit.template [2ms]
2023-10-16 12:55:57.433 [info] > git for-each-ref --format=%(refname)%00%(upstream:short)%00%(objectname)%00%(upstream:track)%00%(upstream:remotename)%00%(upstream:remoteref) refs/heads/main refs/remotes/main [10ms]
2023-10-16 12:55:57.471 [info] > git status -z -uall [13ms]
2023-10-16 12:55:58.273 [info] > git config --get commit.template [18ms]
2023-10-16 12:55:58.274 [info] > git for-each-ref --format=%(refname)%00%(upstream:short)%00%(objectname)%00%(upstream:track)%00%(upstream:remotename)%00%(upstream:remoteref) refs/heads/main refs/remotes/main [2ms]
2023-10-16 12:55:58.304 [info] > git status -z -uall [11ms]
2023-10-16 12:55:58.586 [info] > git ls-files --stage -- /workspaces/143985177/something/something3.py [2ms]
2023-10-16 12:55:58.605 [info] > git cat-file -s fda2c2c2b1eb5f4734edec1980ac92c5159e5a6f [3ms]
2023-10-16 12:55:58.742 [info] > git show --textconv :something/something3.py [2ms]
2023-10-16 12:57:12.955 [info] > git fetch [584ms]
2023-10-16 12:57:12.993 [info] > git config --get commit.template [18ms]
2023-10-16 12:57:12.995 [info] > git for-each-ref --format=%(refname)%00%(upstream:short)%00%(objectname)%00%(upstream:track)%00%(upstream:remotename)%00%(upstream:remoteref) refs/heads/main refs/remotes/main [2ms]
2023-10-16 12:57:13.024 [info] > git status -z -uall [12ms]
2023-10-16 12:57:14.224 [info] > git config --get commit.template [21ms]
2023-10-16 12:57:14.224 [info] > git for-each-ref --format=%(refname)%00%(upstream:short)%00%(objectname)%00%(upstream:track)%00%(upstream:remotename)%00%(upstream:remoteref) refs/heads/main refs/remotes/main [1ms]
2023-10-16 12:57:14.255 [info] > git status -z -uall [14ms]
2023-10-16 12:57:14.400 [info] > git ls-files --stage -- /workspaces/143985177/something/something3.py [2ms]
2023-10-16 12:57:14.419 [info] > git cat-file -s fda2c2c2b1eb5f4734edec1980ac92c5159e5a6f [2ms]
2023-10-16 12:57:14.554 [info] > git show --textconv :something/something3.py [2ms]
2023-10-16 13:00:13.609 [info] > git config --local branch.main.github-pr-owner-number [2ms]
2023-10-16 13:00:13.644 [info] > git config --get commit.template [17ms]
2023-10-16 13:00:13.645 [info] > git for-each-ref --format=%(refname)%00%(upstream:short)%00%(objectname)%00%(upstream:track)%00%(upstream:remotename)%00%(upstream:remoteref) refs/heads/main refs/remotes/main [2ms]
2023-10-16 13:00:13.679 [info] > git status -z -uall [17ms]
2023-10-16 13:00:13.683 [info] > git fetch [639ms]
2023-10-16 13:00:13.720 [info] > git config --get commit.template [17ms]
2023-10-16 13:00:13.721 [info] > git for-each-ref --format=%(refname)%00%(upstream:short)%00%(objectname)%00%(upstream:track)%00%(upstream:remotename)%00%(upstream:remoteref) refs/heads/main refs/remotes/main [2ms]
2023-10-16 13:00:13.763 [info] > git status -z -uall [25ms]
2023-10-16 13:00:14.899 [info] > git config --get commit.template [17ms]
2023-10-16 13:00:14.900 [info] > git for-each-ref --format=%(refname)%00%(upstream:short)%00%(objectname)%00%(upstream:track)%00%(upstream:remotename)%00%(upstream:remoteref) refs/heads/main refs/remotes/main [2ms]
2023-10-16 13:00:14.931 [info] > git status -z -uall [12ms]
2023-10-16 13:00:15.091 [info] > git ls-files --stage -- /workspaces/143985177/something/something3.py [2ms]
2023-10-16 13:00:15.110 [info] > git cat-file -s fda2c2c2b1eb5f4734edec1980ac92c5159e5a6f [2ms]
2023-10-16 13:00:15.257 [info] > git show --textconv :something/something3.py [4ms]
2023-10-16 13:03:14.371 [info] > git fetch [587ms]
2023-10-16 13:03:14.395 [info] > git config --get commit.template [2ms]
2023-10-16 13:03:14.432 [info] > git for-each-ref --format=%(refname)%00%(upstream:short)%00%(objectname)%00%(upstream:track)%00%(upstream:remotename)%00%(upstream:remoteref) refs/heads/main refs/remotes/main [19ms]
2023-10-16 13:03:14.470 [info] > git status -z -uall [17ms]
2023-10-16 13:03:15.574 [info] > git config --get commit.template [17ms]
2023-10-16 13:03:15.575 [info] > git for-each-ref --format=%(refname)%00%(upstream:short)%00%(objectname)%00%(upstream:track)%00%(upstream:remotename)%00%(upstream:remoteref) refs/heads/main refs/remotes/main [2ms]
2023-10-16 13:03:15.603 [info] > git status -z -uall [12ms]
2023-10-16 13:03:15.762 [info] > git ls-files --stage -- /workspaces/143985177/something/something3.py [2ms]
2023-10-16 13:03:15.781 [info] > git cat-file -s fda2c2c2b1eb5f4734edec1980ac92c5159e5a6f [2ms]
2023-10-16 13:03:15.922 [info] > git show --textconv :something/something3.py [2ms]
2023-10-16 13:04:06.301 [info] > git show --textconv :something/something2.py [19ms]
2023-10-16 13:04:06.302 [info] > git ls-files --stage -- /workspaces/143985177/something/something2.py [2ms]
2023-10-16 13:04:06.321 [info] > git cat-file -s 5938f560e29177c11967d4b1eefd3e1f21a25601 [2ms]
2023-10-16 13:04:19.498 [info] > git show --textconv :something/something.py [20ms]
2023-10-16 13:04:19.499 [info] > git ls-files --stage -- /workspaces/143985177/something/something.py [2ms]
2023-10-16 13:04:19.520 [info] > git cat-file -s 1c3b563ff9ebc65c0f976edf8cc71d2509896314 [2ms]
2023-10-16 13:04:47.499 [info] > git log --format=%H%n%aN%n%aE%n%at%n%ct%n%P%n%D%n%B -z -n120 -- /workspaces/143985177/something/something.py [46ms]
2023-10-16 13:05:06.028 [info] > git config --get commit.template [3ms]
2023-10-16 13:05:06.053 [info] > git for-each-ref --format=%(refname)%00%(upstream:short)%00%(objectname)%00%(upstream:track)%00%(upstream:remotename)%00%(upstream:remoteref) refs/heads/main refs/remotes/main [3ms]
2023-10-16 13:05:06.102 [info] > git status -z -uall [31ms]
2023-10-16 13:05:11.142 [info] > git config --get commit.template [18ms]
2023-10-16 13:05:11.143 [info] > git for-each-ref --format=%(refname)%00%(upstream:short)%00%(objectname)%00%(upstream:track)%00%(upstream:remotename)%00%(upstream:remoteref) refs/heads/main refs/remotes/main [2ms]
2023-10-16 13:05:11.181 [info] > git status -z -uall [20ms]
2023-10-16 13:05:13.703 [info] > git config --local branch.main.github-pr-owner-number [2ms]
2023-10-16 13:05:13.737 [info] > git config --get commit.template [18ms]
2023-10-16 13:05:13.738 [info] > git for-each-ref --format=%(refname)%00%(upstream:short)%00%(objectname)%00%(upstream:track)%00%(upstream:remotename)%00%(upstream:remoteref) refs/heads/main refs/remotes/main [2ms]
2023-10-16 13:05:13.770 [info] > git status -z -uall [14ms]
2023-10-16 13:05:16.221 [info] > git config --get commit.template [19ms]
2023-10-16 13:05:16.222 [info] > git for-each-ref --format=%(refname)%00%(upstream:short)%00%(objectname)%00%(upstream:track)%00%(upstream:remotename)%00%(upstream:remoteref) refs/heads/main refs/remotes/main [2ms]
2023-10-16 13:05:16.252 [info] > git status -z -uall [12ms]
2023-10-16 13:05:21.292 [info] > git config --get commit.template [19ms]
2023-10-16 13:05:21.294 [info] > git for-each-ref --format=%(refname)%00%(upstream:short)%00%(objectname)%00%(upstream:track)%00%(upstream:remotename)%00%(upstream:remoteref) refs/heads/main refs/remotes/main [2ms]
2023-10-16 13:05:21.323 [info] > git status -z -uall [12ms]
2023-10-16 13:05:26.382 [info] > git config --get commit.template [37ms]
2023-10-16 13:05:26.411 [info] > git for-each-ref --format=%(refname)%00%(upstream:short)%00%(objectname)%00%(upstream:track)%00%(upstream:remotename)%00%(upstream:remoteref) refs/heads/main refs/remotes/main [30ms]
2023-10-16 13:05:26.442 [info] > git status -z -uall [12ms]
2023-10-16 13:05:31.483 [info] > git config --get commit.template [20ms]
2023-10-16 13:05:31.484 [info] > git for-each-ref --format=%(refname)%00%(upstream:short)%00%(objectname)%00%(upstream:track)%00%(upstream:remotename)%00%(upstream:remoteref) refs/heads/main refs/remotes/main [2ms]
2023-10-16 13:05:31.513 [info] > git status -z -uall [11ms]
2023-10-16 13:06:01.537 [info] > git add -A -- /workspaces/143985177/something/something.py [3ms]
2023-10-16 13:06:01.578 [info] > git config --get commit.template [21ms]
2023-10-16 13:06:01.580 [info] > git for-each-ref --format=%(refname)%00%(upstream:short)%00%(objectname)%00%(upstream:track)%00%(upstream:remotename)%00%(upstream:remoteref) refs/heads/main refs/remotes/main [3ms]
2023-10-16 13:06:01.609 [info] > git status -z -uall [12ms]
2023-10-16 13:06:01.643 [info] > git -c user.useConfigOnly=true commit --quiet --allow-empty-message --file - --allow-empty-message [11ms]
2023-10-16 13:06:01.662 [info] > git config --get commit.template [1ms]
2023-10-16 13:06:01.695 [info] > git config --get commit.template [16ms]
2023-10-16 13:06:01.697 [info] > git for-each-ref --format=%(refname)%00%(upstream:short)%00%(objectname)%00%(upstream:track)%00%(upstream:remotename)%00%(upstream:remoteref) refs/heads/main refs/remotes/main [2ms]
2023-10-16 13:06:01.725 [info] > git status -z -uall [12ms]
2023-10-16 13:06:01.970 [info] > git config --local branch.main.github-pr-owner-number [6ms]
2023-10-16 13:06:02.007 [info] > git config --get commit.template [19ms]
2023-10-16 13:06:02.044 [info] > git for-each-ref --format=%(refname)%00%(upstream:short)%00%(objectname)%00%(upstream:track)%00%(upstream:remotename)%00%(upstream:remoteref) refs/heads/main refs/remotes/main [18ms]
2023-10-16 13:06:02.065 [info] > git config --get commit.template [59ms]
2023-10-16 13:06:02.066 [info] > git for-each-ref --format=%(refname)%00%(upstream:short)%00%(objectname)%00%(upstream:track)%00%(upstream:remotename)%00%(upstream:remoteref) refs/heads/main refs/remotes/main [23ms]
2023-10-16 13:06:02.124 [info] > git status -z -uall [39ms]
2023-10-16 13:06:03.084 [info] > git ls-files --stage -- /workspaces/143985177/something/something.py [2ms]
2023-10-16 13:06:03.100 [info] > git push --force origin main [1035ms]
2023-10-16 13:06:03.100 [info] To https://github.com/code50/143985177
   ccc7e2f..24f3384  main -> main
2023-10-16 13:06:03.118 [info] > git cat-file -s 8f3b0f5d2077bc801a169d20292c0ad3bdce4080 [17ms]
2023-10-16 13:06:03.135 [info] > git config --get commit.template [18ms]
2023-10-16 13:06:03.136 [info] > git for-each-ref --format=%(refname)%00%(upstream:short)%00%(objectname)%00%(upstream:track)%00%(upstream:remotename)%00%(upstream:remoteref) refs/heads/main refs/remotes/main [2ms]
2023-10-16 13:06:03.165 [info] > git status -z -uall [13ms]
2023-10-16 13:06:03.411 [info] > git show --textconv :something/something.py [122ms]
2023-10-16 13:06:03.411 [info] > git config --local branch.main.github-pr-owner-number [100ms]
2023-10-16 13:06:03.487 [info] > git config --get commit.template [49ms]
2023-10-16 13:06:03.491 [info] > git for-each-ref --format=%(refname)%00%(upstream:short)%00%(objectname)%00%(upstream:track)%00%(upstream:remotename)%00%(upstream:remoteref) refs/heads/main refs/remotes/main [25ms]
2023-10-16 13:06:03.532 [info] > git status -z -uall [15ms]
2023-10-16 13:06:04.322 [info] > git config --get commit.template [1ms]
2023-10-16 13:06:04.340 [info] > git for-each-ref --format=%(refname)%00%(upstream:short)%00%(objectname)%00%(upstream:track)%00%(upstream:remotename)%00%(upstream:remoteref) refs/heads/main refs/remotes/main [2ms]
2023-10-16 13:06:04.368 [info] > git status -z -uall [12ms]
2023-10-16 13:06:04.627 [info] > git ls-files --stage -- /workspaces/143985177/something/something.py [2ms]
2023-10-16 13:06:04.645 [info] > git cat-file -s 8f3b0f5d2077bc801a169d20292c0ad3bdce4080 [2ms]
2023-10-16 13:06:04.782 [info] > git show --textconv :something/something.py [3ms]
2023-10-16 13:06:15.010 [info] > git fetch [520ms]
2023-10-16 13:06:15.045 [info] > git config --get commit.template [18ms]
2023-10-16 13:06:15.046 [info] > git for-each-ref --format=%(refname)%00%(upstream:short)%00%(objectname)%00%(upstream:track)%00%(upstream:remotename)%00%(upstream:remoteref) refs/heads/main refs/remotes/main [2ms]
2023-10-16 13:06:15.075 [info] > git status -z -uall [11ms]
2023-10-16 13:06:16.252 [info] > git config --get commit.template [18ms]
2023-10-16 13:06:16.253 [info] > git for-each-ref --format=%(refname)%00%(upstream:short)%00%(objectname)%00%(upstream:track)%00%(upstream:remotename)%00%(upstream:remoteref) refs/heads/main refs/remotes/main [2ms]
2023-10-16 13:06:16.281 [info] > git status -z -uall [12ms]
2023-10-16 13:06:16.451 [info] > git ls-files --stage -- /workspaces/143985177/something/something.py [3ms]
2023-10-16 13:06:16.471 [info] > git cat-file -s 8f3b0f5d2077bc801a169d20292c0ad3bdce4080 [2ms]
2023-10-16 13:06:16.607 [info] > git show --textconv :something/something.py [5ms]
2023-10-16 13:09:15.651 [info] > git fetch [556ms]
2023-10-16 13:09:15.688 [info] > git config --get commit.template [18ms]
2023-10-16 13:09:15.689 [info] > git for-each-ref --format=%(refname)%00%(upstream:short)%00%(objectname)%00%(upstream:track)%00%(upstream:remotename)%00%(upstream:remoteref) refs/heads/main refs/remotes/main [2ms]
2023-10-16 13:09:15.718 [info] > git status -z -uall [12ms]
2023-10-16 13:09:16.896 [info] > git config --get commit.template [18ms]
2023-10-16 13:09:16.897 [info] > git for-each-ref --format=%(refname)%00%(upstream:short)%00%(objectname)%00%(upstream:track)%00%(upstream:remotename)%00%(upstream:remoteref) refs/heads/main refs/remotes/main [2ms]
2023-10-16 13:09:16.925 [info] > git status -z -uall [12ms]
2023-10-16 13:09:17.086 [info] > git ls-files --stage -- /workspaces/143985177/something/something.py [2ms]
2023-10-16 13:09:17.104 [info] > git cat-file -s 8f3b0f5d2077bc801a169d20292c0ad3bdce4080 [2ms]
2023-10-16 13:09:17.242 [info] > git show --textconv :something/something.py [3ms]
2023-10-16 13:10:13.796 [info] > git config --local branch.main.github-pr-owner-number [1ms]
2023-10-16 13:10:13.829 [info] > git config --get commit.template [17ms]
2023-10-16 13:10:13.831 [info] > git for-each-ref --format=%(refname)%00%(upstream:short)%00%(objectname)%00%(upstream:track)%00%(upstream:remotename)%00%(upstream:remoteref) refs/heads/main refs/remotes/main [1ms]
2023-10-16 13:10:13.859 [info] > git status -z -uall [11ms]
2023-10-16 13:12:16.302 [info] > git fetch [562ms]
2023-10-16 13:12:16.357 [info] > git config --get commit.template [28ms]
2023-10-16 13:12:16.360 [info] > git for-each-ref --format=%(refname)%00%(upstream:short)%00%(objectname)%00%(upstream:track)%00%(upstream:remotename)%00%(upstream:remoteref) refs/heads/main refs/remotes/main [3ms]
2023-10-16 13:12:16.421 [info] > git status -z -uall [25ms]
2023-10-16 13:15:13.882 [info] > git config --local branch.main.github-pr-owner-number [2ms]
2023-10-16 13:15:13.919 [info] > git config --get commit.template [19ms]
2023-10-16 13:15:13.920 [info] > git for-each-ref --format=%(refname)%00%(upstream:short)%00%(objectname)%00%(upstream:track)%00%(upstream:remotename)%00%(upstream:remoteref) refs/heads/main refs/remotes/main [2ms]
2023-10-16 13:15:13.949 [info] > git status -z -uall [11ms]
2023-10-16 13:15:17.037 [info] > git fetch [587ms]
2023-10-16 13:15:17.073 [info] > git config --get commit.template [17ms]
2023-10-16 13:15:17.074 [info] > git for-each-ref --format=%(refname)%00%(upstream:short)%00%(objectname)%00%(upstream:track)%00%(upstream:remotename)%00%(upstream:remoteref) refs/heads/main refs/remotes/main [2ms]
2023-10-16 13:15:17.101 [info] > git status -z -uall [11ms]
2023-10-16 13:18:17.728 [info] > git fetch [604ms]
2023-10-16 13:18:17.766 [info] > git config --get commit.template [18ms]
2023-10-16 13:18:17.768 [info] > git for-each-ref --format=%(refname)%00%(upstream:short)%00%(objectname)%00%(upstream:track)%00%(upstream:remotename)%00%(upstream:remoteref) refs/heads/main refs/remotes/main [2ms]
2023-10-16 13:18:17.797 [info] > git status -z -uall [11ms]
2023-10-16 13:20:13.972 [info] > git config --local branch.main.github-pr-owner-number [2ms]
2023-10-16 13:20:14.008 [info] > git config --get commit.template [18ms]
2023-10-16 13:20:14.012 [info] > git for-each-ref --format=%(refname)%00%(upstream:short)%00%(objectname)%00%(upstream:track)%00%(upstream:remotename)%00%(upstream:remoteref) refs/heads/main refs/remotes/main [4ms]
2023-10-16 13:20:14.040 [info] > git status -z -uall [12ms]
2023-10-16 13:21:18.337 [info] > git fetch [515ms]
2023-10-16 13:21:18.377 [info] > git config --get commit.template [20ms]
2023-10-16 13:21:18.378 [info] > git for-each-ref --format=%(refname)%00%(upstream:short)%00%(objectname)%00%(upstream:track)%00%(upstream:remotename)%00%(upstream:remoteref) refs/heads/main refs/remotes/main [1ms]
2023-10-16 13:21:18.407 [info] > git status -z -uall [11ms]
2023-10-16 13:24:18.982 [info] > git fetch [554ms]
2023-10-16 13:24:19.017 [info] > git config --get commit.template [17ms]
2023-10-16 13:24:19.019 [info] > git for-each-ref --format=%(refname)%00%(upstream:short)%00%(objectname)%00%(upstream:track)%00%(upstream:remotename)%00%(upstream:remoteref) refs/heads/main refs/remotes/main [2ms]
2023-10-16 13:24:19.047 [info] > git status -z -uall [11ms]
2023-10-16 13:25:14.063 [info] > git config --local branch.main.github-pr-owner-number [1ms]
2023-10-16 13:25:14.100 [info] > git config --get commit.template [19ms]
2023-10-16 13:25:14.101 [info] > git for-each-ref --format=%(refname)%00%(upstream:short)%00%(objectname)%00%(upstream:track)%00%(upstream:remotename)%00%(upstream:remoteref) refs/heads/main refs/remotes/main [2ms]
2023-10-16 13:25:14.132 [info] > git status -z -uall [12ms]
2023-10-16 13:27:19.644 [info] > git fetch [575ms]
2023-10-16 13:27:19.680 [info] > git config --get commit.template [17ms]
2023-10-16 13:27:19.682 [info] > git for-each-ref --format=%(refname)%00%(upstream:short)%00%(objectname)%00%(upstream:track)%00%(upstream:remotename)%00%(upstream:remoteref) refs/heads/main refs/remotes/main [2ms]
2023-10-16 13:27:19.710 [info] > git status -z -uall [11ms]
2023-10-16 13:30:14.154 [info] > git config --local branch.main.github-pr-owner-number [1ms]
2023-10-16 13:30:14.201 [info] > git config --get commit.template [29ms]
2023-10-16 13:30:14.225 [info] > git for-each-ref --format=%(refname)%00%(upstream:short)%00%(objectname)%00%(upstream:track)%00%(upstream:remotename)%00%(upstream:remoteref) refs/heads/main refs/remotes/main [3ms]
2023-10-16 13:30:14.281 [info] > git status -z -uall [39ms]
2023-10-16 13:30:20.286 [info] > git fetch [555ms]
2023-10-16 13:30:20.308 [info] > git config --get commit.template [2ms]
2023-10-16 13:30:20.329 [info] > git for-each-ref --format=%(refname)%00%(upstream:short)%00%(objectname)%00%(upstream:track)%00%(upstream:remotename)%00%(upstream:remoteref) refs/heads/main refs/remotes/main [2ms]
2023-10-16 13:30:20.359 [info] > git status -z -uall [12ms]
2023-10-16 13:33:20.944 [info] > git fetch [565ms]
2023-10-16 13:33:20.985 [info] > git config --get commit.template [19ms]
2023-10-16 13:33:20.986 [info] > git for-each-ref --format=%(refname)%00%(upstream:short)%00%(objectname)%00%(upstream:track)%00%(upstream:remotename)%00%(upstream:remoteref) refs/heads/main refs/remotes/main [2ms]
2023-10-16 13:33:21.016 [info] > git status -z -uall [12ms]
