2023-10-16 12:45:04.195 [info] Reading sessions from keychain...
2023-10-16 12:45:04.195 [info] Getting sessions for all scopes...
2023-10-16 12:45:04.195 [info] Getting sessions for user:email...
2023-10-16 12:45:04.195 [info] Got stored sessions!
2023-10-16 12:45:04.195 [info] Got 6 verified sessions.
2023-10-16 12:45:04.195 [info] Got 6 sessions for ...
2023-10-16 12:45:04.195 [info] Got 1 sessions for user:email...
2023-10-16 12:45:04.195 [info] Getting sessions for all scopes...
2023-10-16 12:45:04.195 [info] Got 6 sessions for ...
2023-10-16 12:45:04.277 [info] Getting sessions for codespace,read:user,repo,user:email...
2023-10-16 12:45:04.277 [info] Got 1 sessions for codespace,read:user,repo,user:email...
2023-10-16 12:45:04.284 [info] Getting sessions for all scopes...
2023-10-16 12:45:04.284 [info] Got 6 sessions for ...
2023-10-16 12:45:06.598 [info] Getting sessions for all scopes...
2023-10-16 12:45:06.598 [info] Got 6 sessions for ...
2023-10-16 12:45:06.757 [info] Getting sessions for all scopes...
2023-10-16 12:45:06.757 [info] Got 6 sessions for ...
2023-10-16 12:45:09.468 [info] Getting sessions for all scopes...
2023-10-16 12:45:09.468 [info] Got 6 sessions for ...
2023-10-16 12:45:11.678 [info] Getting sessions for all scopes...
2023-10-16 12:45:11.678 [info] Got 6 sessions for ...
2023-10-16 12:45:11.865 [info] Getting sessions for read:user,repo,user:email,workflow...
2023-10-16 12:45:11.865 [info] Getting sessions for all scopes...
2023-10-16 12:45:11.865 [info] Got 1 sessions for read:user,repo,user:email,workflow...
2023-10-16 12:45:11.865 [info] Got 6 sessions for ...
2023-10-16 12:45:12.556 [info] Getting sessions for read:user,repo,user:email,workflow...
2023-10-16 12:45:12.556 [info] Got 1 sessions for read:user,repo,user:email,workflow...
2023-10-16 12:45:13.402 [info] Getting sessions for read:user,repo,user:email,workflow...
2023-10-16 12:45:13.402 [info] Got 1 sessions for read:user,repo,user:email,workflow...
2023-10-16 12:45:15.237 [info] Getting sessions for read:user,repo,user:email,workflow...
2023-10-16 12:45:15.237 [info] Got 1 sessions for read:user,repo,user:email,workflow...
