2023-10-01 19:29:57.927 [info] Уровень ведения журнала: Info
2023-10-01 19:29:57.927 [info] Проверка найденного Git в: "git"
2023-10-01 19:29:57.927 [info] Используется Git "2.34.1" из "git"
2023-10-01 19:29:57.927 [info] > git rev-parse --show-toplevel [3ms]
2023-10-01 19:29:57.927 [info] fatal: not a git repository (or any of the parent directories): .git
2023-10-01 19:29:57.927 [info] > git rev-parse --show-toplevel [2ms]
2023-10-01 19:29:57.927 [info] > git rev-parse --git-dir --git-common-dir [1ms]
2023-10-01 19:29:57.927 [info] Open repository: /home/ubuntu/site
2023-10-01 19:29:57.927 [info] > git config --get commit.template [5ms]
2023-10-01 19:29:57.927 [info] > git fetch [12ms]
2023-10-01 19:29:57.927 [info] > git rev-parse --show-toplevel [6ms]
2023-10-01 19:29:57.927 [info] fatal: not a git repository (or any of the parent directories): .git
2023-10-01 19:29:57.927 [info] No remotes found in the git config file.
2023-10-01 19:29:57.927 [info] > git config --get commit.template [9ms]
2023-10-01 19:29:57.927 [info] > git for-each-ref --format=%(refname)%00%(upstream:short)%00%(objectname)%00%(upstream:track)%00%(upstream:remotename)%00%(upstream:remoteref) refs/heads/main refs/remotes/main [6ms]
2023-10-01 19:29:57.927 [info] No remotes found in the git config file.
2023-10-01 19:29:57.927 [info] > git rev-parse --show-toplevel [12ms]
2023-10-01 19:29:57.927 [info] fatal: not a git repository (or any of the parent directories): .git
2023-10-01 19:29:57.927 [info] > git config --get commit.template [4ms]
2023-10-01 19:29:57.927 [info] > git for-each-ref --format=%(refname)%00%(upstream:short)%00%(objectname)%00%(upstream:track)%00%(upstream:remotename)%00%(upstream:remoteref) refs/heads/main refs/remotes/main [8ms]
2023-10-01 19:29:57.927 [info] No remotes found in the git config file.
2023-10-01 19:29:57.927 [info] > git for-each-ref --format=%(refname)%00%(upstream:short)%00%(objectname)%00%(upstream:track)%00%(upstream:remotename)%00%(upstream:remoteref) refs/heads/main refs/remotes/main [1ms]
2023-10-01 19:29:57.927 [info] > git status -z -uall [1ms]
2023-10-01 19:29:57.935 [info] > git show --textconv :index.html [216ms]
2023-10-01 19:29:57.935 [info] > git check-ignore -v -z --stdin [8ms]
2023-10-01 19:29:57.956 [info] > git ls-files --stage -- /home/ubuntu/site/index.html [229ms]
2023-10-01 19:29:58.434 [info] No remotes found in the git config file.
2023-10-01 19:29:58.435 [info] > git config --get commit.template [9ms]
2023-10-01 19:29:58.435 [info] > git for-each-ref --format=%(refname)%00%(upstream:short)%00%(objectname)%00%(upstream:track)%00%(upstream:remotename)%00%(upstream:remoteref) refs/heads/main refs/remotes/main [1ms]
2023-10-01 19:29:58.444 [info] > git status -z -uall [1ms]
2023-10-01 19:29:58.961 [info] > git ls-files --stage -- /home/ubuntu/site/index.html [6ms]
2023-10-01 19:29:59.145 [info] > git show --textconv :index.html [34ms]
2023-10-01 19:29:59.679 [info] > git config --local branch.main.github-pr-owner-number [49ms]
2023-10-01 19:29:59.729 [info] No remotes found in the git config file.
2023-10-01 19:29:59.730 [info] > git for-each-ref --format=%(refname)%00%(upstream:short)%00%(objectname)%00%(upstream:track)%00%(upstream:remotename)%00%(upstream:remoteref) refs/heads/main refs/remotes/main [10ms]
2023-10-01 19:29:59.730 [info] > git config --get commit.template [23ms]
2023-10-01 19:29:59.758 [info] > git status -z -uall [1ms]
2023-10-01 19:30:48.478 [info] No remotes found in the git config file.
2023-10-01 19:30:48.480 [info] > git config --get commit.template [28ms]
2023-10-01 19:30:48.481 [info] > git for-each-ref --format=%(refname)%00%(upstream:short)%00%(objectname)%00%(upstream:track)%00%(upstream:remotename)%00%(upstream:remoteref) refs/heads/main refs/remotes/main [2ms]
2023-10-01 19:30:48.494 [info] > git status -z -uall [3ms]
2023-10-01 19:30:53.513 [info] No remotes found in the git config file.
2023-10-01 19:30:53.514 [info] > git config --get commit.template [7ms]
2023-10-01 19:30:53.515 [info] > git for-each-ref --format=%(refname)%00%(upstream:short)%00%(objectname)%00%(upstream:track)%00%(upstream:remotename)%00%(upstream:remoteref) refs/heads/main refs/remotes/main [2ms]
2023-10-01 19:30:53.522 [info] > git status -z -uall [2ms]
2023-10-01 19:31:05.633 [info] No remotes found in the git config file.
2023-10-01 19:31:05.635 [info] > git config --get commit.template [8ms]
2023-10-01 19:31:05.635 [info] > git for-each-ref --format=%(refname)%00%(upstream:short)%00%(objectname)%00%(upstream:track)%00%(upstream:remotename)%00%(upstream:remoteref) refs/heads/main refs/remotes/main [2ms]
2023-10-01 19:31:05.642 [info] > git status -z -uall [1ms]
2023-10-01 19:31:10.656 [info] > git config --get commit.template [2ms]
2023-10-01 19:31:10.664 [info] No remotes found in the git config file.
2023-10-01 19:31:10.665 [info] > git for-each-ref --format=%(refname)%00%(upstream:short)%00%(objectname)%00%(upstream:track)%00%(upstream:remotename)%00%(upstream:remoteref) refs/heads/main refs/remotes/main [1ms]
2023-10-01 19:31:10.672 [info] > git status -z -uall [1ms]
2023-10-01 19:31:15.691 [info] No remotes found in the git config file.
2023-10-01 19:31:15.692 [info] > git config --get commit.template [8ms]
2023-10-01 19:31:15.692 [info] > git for-each-ref --format=%(refname)%00%(upstream:short)%00%(objectname)%00%(upstream:track)%00%(upstream:remotename)%00%(upstream:remoteref) refs/heads/main refs/remotes/main [1ms]
2023-10-01 19:31:15.700 [info] > git status -z -uall [2ms]
2023-10-01 19:31:20.712 [info] > git config --get commit.template [1ms]
2023-10-01 19:31:20.718 [info] No remotes found in the git config file.
2023-10-01 19:31:20.719 [info] > git for-each-ref --format=%(refname)%00%(upstream:short)%00%(objectname)%00%(upstream:track)%00%(upstream:remotename)%00%(upstream:remoteref) refs/heads/main refs/remotes/main [1ms]
2023-10-01 19:31:20.726 [info] > git status -z -uall [1ms]
2023-10-01 19:31:25.744 [info] No remotes found in the git config file.
2023-10-01 19:31:25.744 [info] > git config --get commit.template [7ms]
2023-10-01 19:31:25.744 [info] > git for-each-ref --format=%(refname)%00%(upstream:short)%00%(objectname)%00%(upstream:track)%00%(upstream:remotename)%00%(upstream:remoteref) refs/heads/main refs/remotes/main [1ms]
2023-10-01 19:31:25.751 [info] > git status -z -uall [1ms]
2023-10-01 19:32:33.556 [info] > git config --get commit.template [1ms]
2023-10-01 19:32:33.562 [info] No remotes found in the git config file.
2023-10-01 19:32:33.563 [info] > git for-each-ref --format=%(refname)%00%(upstream:short)%00%(objectname)%00%(upstream:track)%00%(upstream:remotename)%00%(upstream:remoteref) refs/heads/main refs/remotes/main [2ms]
2023-10-01 19:32:33.570 [info] > git status -z -uall [1ms]
2023-10-01 19:32:38.590 [info] No remotes found in the git config file.
2023-10-01 19:32:38.591 [info] > git config --get commit.template [9ms]
2023-10-01 19:32:38.591 [info] > git for-each-ref --format=%(refname)%00%(upstream:short)%00%(objectname)%00%(upstream:track)%00%(upstream:remotename)%00%(upstream:remoteref) refs/heads/main refs/remotes/main [2ms]
2023-10-01 19:32:38.599 [info] > git status -z -uall [1ms]
2023-10-01 19:32:43.617 [info] No remotes found in the git config file.
2023-10-01 19:32:43.618 [info] > git config --get commit.template [7ms]
2023-10-01 19:32:43.618 [info] > git for-each-ref --format=%(refname)%00%(upstream:short)%00%(objectname)%00%(upstream:track)%00%(upstream:remotename)%00%(upstream:remoteref) refs/heads/main refs/remotes/main [2ms]
2023-10-01 19:32:43.625 [info] > git status -z -uall [1ms]
2023-10-01 19:34:42.650 [info] > git fetch [5ms]
2023-10-01 19:34:42.665 [info] No remotes found in the git config file.
2023-10-01 19:34:42.666 [info] > git config --get commit.template [7ms]
2023-10-01 19:34:42.666 [info] > git for-each-ref --format=%(refname)%00%(upstream:short)%00%(objectname)%00%(upstream:track)%00%(upstream:remotename)%00%(upstream:remoteref) refs/heads/main refs/remotes/main [1ms]
2023-10-01 19:34:42.673 [info] > git status -z -uall [1ms]
2023-10-01 19:34:43.840 [info] No remotes found in the git config file.
2023-10-01 19:34:43.841 [info] > git config --get commit.template [7ms]
2023-10-01 19:34:43.841 [info] > git for-each-ref --format=%(refname)%00%(upstream:short)%00%(objectname)%00%(upstream:track)%00%(upstream:remotename)%00%(upstream:remoteref) refs/heads/main refs/remotes/main [1ms]
2023-10-01 19:34:43.848 [info] > git status -z -uall [1ms]
2023-10-01 19:34:44.095 [info] > git ls-files --stage -- /home/ubuntu/site/index.html [1ms]
2023-10-01 19:34:44.238 [info] > git show --textconv :index.html [2ms]
2023-10-01 19:34:59.618 [info] > git config --local branch.main.github-pr-owner-number [1ms]
2023-10-01 19:34:59.631 [info] No remotes found in the git config file.
2023-10-01 19:34:59.632 [info] > git config --get commit.template [7ms]
2023-10-01 19:34:59.632 [info] > git for-each-ref --format=%(refname)%00%(upstream:short)%00%(objectname)%00%(upstream:track)%00%(upstream:remotename)%00%(upstream:remoteref) refs/heads/main refs/remotes/main [1ms]
2023-10-01 19:34:59.639 [info] > git status -z -uall [1ms]
2023-10-01 19:35:28.049 [info] > git rev-parse --show-toplevel [1ms]
2023-10-01 19:35:28.049 [info] fatal: not a git repository (or any of the parent directories): .git
2023-10-01 19:35:53.320 [info] > git rev-parse --show-toplevel [2ms]
2023-10-01 19:35:53.320 [info] fatal: not a git repository (or any of the parent directories): .git
2023-10-01 19:35:56.694 [info] > git rev-parse --show-toplevel [1ms]
2023-10-01 19:35:56.694 [info] fatal: not a git repository (or any of the parent directories): .git
2023-10-01 19:37:42.687 [info] > git fetch [3ms]
2023-10-01 19:37:42.700 [info] No remotes found in the git config file.
2023-10-01 19:37:42.701 [info] > git config --get commit.template [7ms]
2023-10-01 19:37:42.702 [info] > git for-each-ref --format=%(refname)%00%(upstream:short)%00%(objectname)%00%(upstream:track)%00%(upstream:remotename)%00%(upstream:remoteref) refs/heads/main refs/remotes/main [2ms]
2023-10-01 19:37:42.709 [info] > git status -z -uall [1ms]
2023-10-01 19:37:43.874 [info] No remotes found in the git config file.
2023-10-01 19:37:43.874 [info] > git config --get commit.template [7ms]
2023-10-01 19:37:43.875 [info] > git for-each-ref --format=%(refname)%00%(upstream:short)%00%(objectname)%00%(upstream:track)%00%(upstream:remotename)%00%(upstream:remoteref) refs/heads/main refs/remotes/main [2ms]
2023-10-01 19:37:43.882 [info] > git status -z -uall [1ms]
2023-10-01 19:37:44.070 [info] > git ls-files --stage -- /home/ubuntu/site/index.html [1ms]
2023-10-01 19:37:44.216 [info] > git show --textconv :index.html [1ms]
2023-10-01 19:39:59.651 [info] > git config --local branch.main.github-pr-owner-number [1ms]
2023-10-01 19:39:59.659 [info] > git config --get commit.template [1ms]
2023-10-01 19:39:59.665 [info] No remotes found in the git config file.
2023-10-01 19:39:59.666 [info] > git for-each-ref --format=%(refname)%00%(upstream:short)%00%(objectname)%00%(upstream:track)%00%(upstream:remotename)%00%(upstream:remoteref) refs/heads/main refs/remotes/main [1ms]
2023-10-01 19:39:59.673 [info] > git status -z -uall [1ms]
2023-10-01 19:40:42.726 [info] > git fetch [4ms]
2023-10-01 19:40:42.754 [info] No remotes found in the git config file.
2023-10-01 19:40:42.754 [info] > git config --get commit.template [11ms]
2023-10-01 19:40:42.756 [info] > git for-each-ref --format=%(refname)%00%(upstream:short)%00%(objectname)%00%(upstream:track)%00%(upstream:remotename)%00%(upstream:remoteref) refs/heads/main refs/remotes/main [2ms]
2023-10-01 19:40:42.767 [info] > git status -z -uall [1ms]
2023-10-01 19:40:43.914 [info] No remotes found in the git config file.
2023-10-01 19:40:43.914 [info] > git config --get commit.template [7ms]
2023-10-01 19:40:43.915 [info] > git for-each-ref --format=%(refname)%00%(upstream:short)%00%(objectname)%00%(upstream:track)%00%(upstream:remotename)%00%(upstream:remoteref) refs/heads/main refs/remotes/main [2ms]
2023-10-01 19:40:43.922 [info] > git status -z -uall [1ms]
2023-10-01 19:40:44.113 [info] > git ls-files --stage -- /home/ubuntu/site/index.html [2ms]
2023-10-01 19:40:44.264 [info] > git show --textconv :index.html [1ms]
2023-10-01 19:43:42.787 [info] > git fetch [4ms]
2023-10-01 19:43:42.806 [info] No remotes found in the git config file.
2023-10-01 19:43:42.807 [info] > git config --get commit.template [6ms]
2023-10-01 19:43:42.807 [info] > git for-each-ref --format=%(refname)%00%(upstream:short)%00%(objectname)%00%(upstream:track)%00%(upstream:remotename)%00%(upstream:remoteref) refs/heads/main refs/remotes/main [1ms]
2023-10-01 19:43:42.814 [info] > git status -z -uall [1ms]
2023-10-01 19:43:43.976 [info] > git config --get commit.template [3ms]
2023-10-01 19:43:43.982 [info] No remotes found in the git config file.
2023-10-01 19:43:43.983 [info] > git for-each-ref --format=%(refname)%00%(upstream:short)%00%(objectname)%00%(upstream:track)%00%(upstream:remotename)%00%(upstream:remoteref) refs/heads/main refs/remotes/main [1ms]
2023-10-01 19:43:43.990 [info] > git status -z -uall [1ms]
2023-10-01 19:43:44.178 [info] > git ls-files --stage -- /home/ubuntu/site/index.html [1ms]
2023-10-01 19:43:44.294 [info] > git show --textconv :index.html [1ms]
2023-10-01 19:44:59.687 [info] > git config --local branch.main.github-pr-owner-number [1ms]
2023-10-01 19:44:59.700 [info] No remotes found in the git config file.
2023-10-01 19:44:59.700 [info] > git config --get commit.template [7ms]
2023-10-01 19:44:59.700 [info] > git for-each-ref --format=%(refname)%00%(upstream:short)%00%(objectname)%00%(upstream:track)%00%(upstream:remotename)%00%(upstream:remoteref) refs/heads/main refs/remotes/main [1ms]
2023-10-01 19:44:59.708 [info] > git status -z -uall [1ms]
2023-10-01 19:46:42.829 [info] > git fetch [2ms]
2023-10-01 19:46:42.848 [info] No remotes found in the git config file.
2023-10-01 19:46:42.849 [info] > git config --get commit.template [10ms]
2023-10-01 19:46:42.849 [info] > git for-each-ref --format=%(refname)%00%(upstream:short)%00%(objectname)%00%(upstream:track)%00%(upstream:remotename)%00%(upstream:remoteref) refs/heads/main refs/remotes/main [1ms]
2023-10-01 19:46:42.859 [info] > git status -z -uall [1ms]
2023-10-01 19:46:44.024 [info] No remotes found in the git config file.
2023-10-01 19:46:44.025 [info] > git config --get commit.template [8ms]
2023-10-01 19:46:44.025 [info] > git for-each-ref --format=%(refname)%00%(upstream:short)%00%(objectname)%00%(upstream:track)%00%(upstream:remotename)%00%(upstream:remoteref) refs/heads/main refs/remotes/main [1ms]
2023-10-01 19:46:44.033 [info] > git status -z -uall [1ms]
2023-10-01 19:46:44.217 [info] > git ls-files --stage -- /home/ubuntu/site/index.html [2ms]
2023-10-01 19:46:44.329 [info] > git show --textconv :index.html [1ms]
2023-10-01 19:49:42.873 [info] > git fetch [3ms]
2023-10-01 19:49:42.891 [info] No remotes found in the git config file.
2023-10-01 19:49:42.891 [info] > git for-each-ref --format=%(refname)%00%(upstream:short)%00%(objectname)%00%(upstream:track)%00%(upstream:remotename)%00%(upstream:remoteref) refs/heads/main refs/remotes/main [1ms]
2023-10-01 19:49:42.892 [info] > git config --get commit.template [11ms]
2023-10-01 19:49:42.912 [info] > git status -z -uall [3ms]
2023-10-01 19:49:44.075 [info] No remotes found in the git config file.
2023-10-01 19:49:44.076 [info] > git config --get commit.template [8ms]
2023-10-01 19:49:44.076 [info] > git for-each-ref --format=%(refname)%00%(upstream:short)%00%(objectname)%00%(upstream:track)%00%(upstream:remotename)%00%(upstream:remoteref) refs/heads/main refs/remotes/main [1ms]
2023-10-01 19:49:44.085 [info] > git status -z -uall [1ms]
2023-10-01 19:49:44.278 [info] > git ls-files --stage -- /home/ubuntu/site/index.html [1ms]
2023-10-01 19:49:44.441 [info] > git show --textconv :index.html [3ms]
2023-10-01 19:49:59.720 [info] > git config --local branch.main.github-pr-owner-number [2ms]
2023-10-01 19:49:59.735 [info] No remotes found in the git config file.
2023-10-01 19:49:59.736 [info] > git config --get commit.template [8ms]
2023-10-01 19:49:59.736 [info] > git for-each-ref --format=%(refname)%00%(upstream:short)%00%(objectname)%00%(upstream:track)%00%(upstream:remotename)%00%(upstream:remoteref) refs/heads/main refs/remotes/main [1ms]
2023-10-01 19:49:59.744 [info] > git status -z -uall [1ms]
2023-10-01 19:54:59.757 [info] > git config --local branch.main.github-pr-owner-number [1ms]
2023-10-01 19:54:59.766 [info] > git config --get commit.template [0ms]
2023-10-01 19:54:59.779 [info] No remotes found in the git config file.
2023-10-01 19:54:59.782 [info] > git for-each-ref --format=%(refname)%00%(upstream:short)%00%(objectname)%00%(upstream:track)%00%(upstream:remotename)%00%(upstream:remoteref) refs/heads/main refs/remotes/main [3ms]
2023-10-01 19:54:59.798 [info] > git status -z -uall [2ms]
2023-10-01 19:59:59.811 [info] > git config --local branch.main.github-pr-owner-number [1ms]
2023-10-01 19:59:59.824 [info] No remotes found in the git config file.
2023-10-01 19:59:59.825 [info] > git config --get commit.template [7ms]
2023-10-01 19:59:59.825 [info] > git for-each-ref --format=%(refname)%00%(upstream:short)%00%(objectname)%00%(upstream:track)%00%(upstream:remotename)%00%(upstream:remoteref) refs/heads/main refs/remotes/main [1ms]
2023-10-01 19:59:59.834 [info] > git status -z -uall [1ms]
2023-10-01 20:04:59.846 [info] > git config --local branch.main.github-pr-owner-number [1ms]
2023-10-01 20:04:59.859 [info] No remotes found in the git config file.
2023-10-01 20:04:59.859 [info] > git config --get commit.template [7ms]
2023-10-01 20:04:59.860 [info] > git for-each-ref --format=%(refname)%00%(upstream:short)%00%(objectname)%00%(upstream:track)%00%(upstream:remotename)%00%(upstream:remoteref) refs/heads/main refs/remotes/main [1ms]
2023-10-01 20:04:59.867 [info] > git status -z -uall [1ms]
