2023-10-15 18:10:59.113 [info] Уровень ведения журнала: Info
2023-10-15 18:10:59.113 [info] Проверка найденного Git в: "git"
2023-10-15 18:10:59.113 [info] Используется Git "2.34.1" из "git"
2023-10-15 18:10:59.113 [info] > git rev-parse --show-toplevel [41ms]
2023-10-15 18:10:59.138 [info] > git rev-parse --git-dir --git-common-dir [28ms]
2023-10-15 18:10:59.157 [info] Open repository: /workspaces/143985177
2023-10-15 18:10:59.223 [info] > git config --get commit.template [31ms]
2023-10-15 18:10:59.226 [info] > git rev-parse --show-toplevel [10ms]
2023-10-15 18:10:59.344 [info] > git for-each-ref --format=%(refname)%00%(upstream:short)%00%(objectname)%00%(upstream:track)%00%(upstream:remotename)%00%(upstream:remoteref) refs/heads/main refs/remotes/main [92ms]
2023-10-15 18:10:59.388 [info] > git rev-parse --show-toplevel [109ms]
2023-10-15 18:10:59.431 [info] > git status -z -uall [63ms]
2023-10-15 18:10:59.471 [info] > git rev-parse --show-toplevel [43ms]
2023-10-15 18:10:59.498 [info] > git config --get commit.template [33ms]
2023-10-15 18:10:59.529 [info] > git rev-parse --show-toplevel [34ms]
2023-10-15 18:10:59.553 [info] > git for-each-ref --format=%(refname)%00%(upstream:short)%00%(objectname)%00%(upstream:track)%00%(upstream:remotename)%00%(upstream:remoteref) refs/heads/main refs/remotes/main [30ms]
2023-10-15 18:10:59.579 [info] > git rev-parse --show-toplevel [25ms]
2023-10-15 18:10:59.626 [info] > git status -z -uall [49ms]
2023-10-15 18:10:59.627 [info] > git rev-parse --show-toplevel [10ms]
2023-10-15 18:10:59.660 [info] > git rev-parse --show-toplevel [8ms]
2023-10-15 18:10:59.695 [info] > git rev-parse --show-toplevel [14ms]
2023-10-15 18:10:59.750 [info] > git rev-parse --show-toplevel [29ms]
2023-10-15 18:11:01.099 [info] > git check-ignore -v -z --stdin [379ms]
2023-10-15 18:11:01.101 [info] > git show --textconv :feet2meter/feet2meter.py [272ms]
2023-10-15 18:11:01.341 [info] > git ls-files --stage -- /workspaces/143985177/feet2meter/feet2meter.py [480ms]
2023-10-15 18:11:01.486 [info] > git cat-file -s 30a64136e562e4044baa4b8566ea60fa5bdf53d5 [84ms]
2023-10-15 18:11:04.628 [info] > git config --local branch.main.github-pr-owner-number [225ms]
2023-10-15 18:11:04.761 [info] > git config --get commit.template [105ms]
2023-10-15 18:11:04.774 [info] > git for-each-ref --format=%(refname)%00%(upstream:short)%00%(objectname)%00%(upstream:track)%00%(upstream:remotename)%00%(upstream:remoteref) refs/heads/main refs/remotes/main [88ms]
2023-10-15 18:11:05.124 [info] > git status -z -uall [322ms]
2023-10-15 18:11:07.048 [info] > git fetch [1853ms]
2023-10-15 18:11:07.169 [info] > git config --get commit.template [11ms]
2023-10-15 18:11:07.211 [info] > git for-each-ref --format=%(refname)%00%(upstream:short)%00%(objectname)%00%(upstream:track)%00%(upstream:remotename)%00%(upstream:remoteref) refs/heads/main refs/remotes/main [5ms]
2023-10-15 18:11:07.262 [info] > git status -z -uall [15ms]
2023-10-15 18:11:13.861 [info] > git ls-files --stage -- /workspaces/143985177/feet2meter/feet2meter.py [2ms]
2023-10-15 18:11:13.912 [info] > git cat-file -s 30a64136e562e4044baa4b8566ea60fa5bdf53d5 [31ms]
2023-10-15 18:11:14.039 [info] > git show --textconv :feet2meter/feet2meter.py [2ms]
2023-10-15 18:11:49.621 [info] > git config --get commit.template [16ms]
2023-10-15 18:11:49.622 [info] > git for-each-ref --format=%(refname)%00%(upstream:short)%00%(objectname)%00%(upstream:track)%00%(upstream:remotename)%00%(upstream:remoteref) refs/heads/main refs/remotes/main [2ms]
2023-10-15 18:11:49.649 [info] > git status -z -uall [12ms]
2023-10-15 18:11:49.852 [info] > git check-ignore -v -z --stdin [2ms]
2023-10-15 18:12:04.769 [info] > git show --textconv :deep/deep.py [27ms]
2023-10-15 18:12:04.774 [info] > git ls-files --stage -- /workspaces/143985177/deep/deep.py [6ms]
2023-10-15 18:12:04.809 [info] > git check-ignore -v -z --stdin [4ms]
2023-10-15 18:12:05.151 [info] > git config --get commit.template [17ms]
2023-10-15 18:12:05.152 [info] > git for-each-ref --format=%(refname)%00%(upstream:short)%00%(objectname)%00%(upstream:track)%00%(upstream:remotename)%00%(upstream:remoteref) refs/heads/main refs/remotes/main [2ms]
2023-10-15 18:12:05.179 [info] > git status -z -uall [12ms]
2023-10-15 18:12:53.812 [info] > git config --get commit.template [16ms]
2023-10-15 18:12:53.814 [info] > git for-each-ref --format=%(refname)%00%(upstream:short)%00%(objectname)%00%(upstream:track)%00%(upstream:remotename)%00%(upstream:remoteref) refs/heads/main refs/remotes/main [2ms]
2023-10-15 18:12:53.841 [info] > git status -z -uall [11ms]
2023-10-15 18:14:07.831 [info] > git fetch [548ms]
2023-10-15 18:14:07.864 [info] > git config --get commit.template [16ms]
2023-10-15 18:14:07.865 [info] > git for-each-ref --format=%(refname)%00%(upstream:short)%00%(objectname)%00%(upstream:track)%00%(upstream:remotename)%00%(upstream:remoteref) refs/heads/main refs/remotes/main [2ms]
2023-10-15 18:14:07.892 [info] > git status -z -uall [12ms]
2023-10-15 18:14:09.074 [info] > git config --get commit.template [15ms]
2023-10-15 18:14:09.075 [info] > git for-each-ref --format=%(refname)%00%(upstream:short)%00%(objectname)%00%(upstream:track)%00%(upstream:remotename)%00%(upstream:remoteref) refs/heads/main refs/remotes/main [2ms]
2023-10-15 18:14:09.102 [info] > git status -z -uall [12ms]
2023-10-15 18:14:09.323 [info] > git ls-files --stage -- /workspaces/143985177/deep/deep.py [2ms]
2023-10-15 18:14:09.441 [info] > git show --textconv :deep/deep.py [2ms]
2023-10-15 18:16:03.757 [info] > git config --local branch.main.github-pr-owner-number [1ms]
2023-10-15 18:16:03.775 [info] > git config --get commit.template [0ms]
2023-10-15 18:16:03.793 [info] > git for-each-ref --format=%(refname)%00%(upstream:short)%00%(objectname)%00%(upstream:track)%00%(upstream:remotename)%00%(upstream:remoteref) refs/heads/main refs/remotes/main [2ms]
2023-10-15 18:16:03.820 [info] > git status -z -uall [12ms]
2023-10-15 18:17:09.959 [info] > git fetch [521ms]
2023-10-15 18:17:09.993 [info] > git config --get commit.template [16ms]
2023-10-15 18:17:09.995 [info] > git for-each-ref --format=%(refname)%00%(upstream:short)%00%(objectname)%00%(upstream:track)%00%(upstream:remotename)%00%(upstream:remoteref) refs/heads/main refs/remotes/main [2ms]
2023-10-15 18:17:10.022 [info] > git status -z -uall [11ms]
2023-10-15 18:17:11.191 [info] > git config --get commit.template [2ms]
2023-10-15 18:17:11.209 [info] > git for-each-ref --format=%(refname)%00%(upstream:short)%00%(objectname)%00%(upstream:track)%00%(upstream:remotename)%00%(upstream:remoteref) refs/heads/main refs/remotes/main [2ms]
2023-10-15 18:17:11.237 [info] > git status -z -uall [12ms]
2023-10-15 18:17:11.405 [info] > git ls-files --stage -- /workspaces/143985177/deep/deep.py [3ms]
2023-10-15 18:17:11.527 [info] > git show --textconv :deep/deep.py [2ms]
2023-10-15 18:21:03.842 [info] > git config --local branch.main.github-pr-owner-number [1ms]
2023-10-15 18:21:03.887 [info] > git config --get commit.template [26ms]
2023-10-15 18:21:03.890 [info] > git for-each-ref --format=%(refname)%00%(upstream:short)%00%(objectname)%00%(upstream:track)%00%(upstream:remotename)%00%(upstream:remoteref) refs/heads/main refs/remotes/main [4ms]
2023-10-15 18:21:03.923 [info] > git status -z -uall [11ms]
2023-10-15 18:21:24.681 [info] > git fetch [537ms]
2023-10-15 18:21:24.728 [info] > git config --get commit.template [22ms]
2023-10-15 18:21:24.730 [info] > git for-each-ref --format=%(refname)%00%(upstream:short)%00%(objectname)%00%(upstream:track)%00%(upstream:remotename)%00%(upstream:remoteref) refs/heads/main refs/remotes/main [3ms]
2023-10-15 18:21:24.764 [info] > git status -z -uall [12ms]
2023-10-15 18:21:25.892 [info] > git config --get commit.template [17ms]
2023-10-15 18:21:25.893 [info] > git for-each-ref --format=%(refname)%00%(upstream:short)%00%(objectname)%00%(upstream:track)%00%(upstream:remotename)%00%(upstream:remoteref) refs/heads/main refs/remotes/main [2ms]
2023-10-15 18:21:25.922 [info] > git status -z -uall [12ms]
2023-10-15 18:21:26.082 [info] > git ls-files --stage -- /workspaces/143985177/deep/deep.py [2ms]
2023-10-15 18:21:26.209 [info] > git show --textconv :deep/deep.py [2ms]
2023-10-15 18:23:37.001 [info] > git config --get commit.template [18ms]
2023-10-15 18:23:37.001 [info] > git for-each-ref --format=%(refname)%00%(upstream:short)%00%(objectname)%00%(upstream:track)%00%(upstream:remotename)%00%(upstream:remoteref) refs/heads/main refs/remotes/main [1ms]
2023-10-15 18:23:37.029 [info] > git status -z -uall [11ms]
2023-10-15 18:23:43.365 [info] > git show --textconv :deep/bank/bank.py [122ms]
2023-10-15 18:23:43.365 [info] > git ls-files --stage -- /workspaces/143985177/deep/bank/bank.py [59ms]
2023-10-15 18:23:43.371 [info] > git check-ignore -v -z --stdin [8ms]
2023-10-15 18:23:43.518 [info] > git config --get commit.template [3ms]
2023-10-15 18:23:43.542 [info] > git for-each-ref --format=%(refname)%00%(upstream:short)%00%(objectname)%00%(upstream:track)%00%(upstream:remotename)%00%(upstream:remoteref) refs/heads/main refs/remotes/main [3ms]
2023-10-15 18:23:43.577 [info] > git status -z -uall [15ms]
2023-10-15 18:23:43.885 [info] > git check-ignore -v -z --stdin [2ms]
2023-10-15 18:23:48.612 [info] > git config --get commit.template [3ms]
2023-10-15 18:23:48.631 [info] > git for-each-ref --format=%(refname)%00%(upstream:short)%00%(objectname)%00%(upstream:track)%00%(upstream:remotename)%00%(upstream:remoteref) refs/heads/main refs/remotes/main [2ms]
2023-10-15 18:23:48.662 [info] > git status -z -uall [14ms]
2023-10-15 18:23:53.700 [info] > git config --get commit.template [17ms]
2023-10-15 18:23:53.701 [info] > git for-each-ref --format=%(refname)%00%(upstream:short)%00%(objectname)%00%(upstream:track)%00%(upstream:remotename)%00%(upstream:remoteref) refs/heads/main refs/remotes/main [2ms]
2023-10-15 18:23:53.729 [info] > git status -z -uall [12ms]
2023-10-15 18:24:25.309 [info] > git fetch [526ms]
2023-10-15 18:24:25.344 [info] > git config --get commit.template [18ms]
2023-10-15 18:24:25.345 [info] > git for-each-ref --format=%(refname)%00%(upstream:short)%00%(objectname)%00%(upstream:track)%00%(upstream:remotename)%00%(upstream:remoteref) refs/heads/main refs/remotes/main [2ms]
2023-10-15 18:24:25.373 [info] > git status -z -uall [12ms]
2023-10-15 18:24:26.516 [info] > git config --get commit.template [17ms]
2023-10-15 18:24:26.517 [info] > git for-each-ref --format=%(refname)%00%(upstream:short)%00%(objectname)%00%(upstream:track)%00%(upstream:remotename)%00%(upstream:remoteref) refs/heads/main refs/remotes/main [2ms]
2023-10-15 18:24:26.547 [info] > git status -z -uall [13ms]
2023-10-15 18:24:26.713 [info] > git ls-files --stage -- /workspaces/143985177/deep/bank/bank.py [2ms]
2023-10-15 18:24:26.835 [info] > git show --textconv :deep/bank/bank.py [2ms]
2023-10-15 18:24:47.316 [info] > git config --get commit.template [3ms]
2023-10-15 18:24:47.335 [info] > git for-each-ref --format=%(refname)%00%(upstream:short)%00%(objectname)%00%(upstream:track)%00%(upstream:remotename)%00%(upstream:remoteref) refs/heads/main refs/remotes/main [2ms]
2023-10-15 18:24:47.369 [info] > git status -z -uall [15ms]
2023-10-15 18:24:52.407 [info] > git config --get commit.template [17ms]
2023-10-15 18:24:52.408 [info] > git for-each-ref --format=%(refname)%00%(upstream:short)%00%(objectname)%00%(upstream:track)%00%(upstream:remotename)%00%(upstream:remoteref) refs/heads/main refs/remotes/main [2ms]
2023-10-15 18:24:52.442 [info] > git status -z -uall [18ms]
2023-10-15 18:26:03.948 [info] > git config --local branch.main.github-pr-owner-number [1ms]
2023-10-15 18:26:03.981 [info] > git config --get commit.template [17ms]
2023-10-15 18:26:03.982 [info] > git for-each-ref --format=%(refname)%00%(upstream:short)%00%(objectname)%00%(upstream:track)%00%(upstream:remotename)%00%(upstream:remoteref) refs/heads/main refs/remotes/main [2ms]
2023-10-15 18:26:04.010 [info] > git status -z -uall [12ms]
2023-10-15 18:28:44.199 [info] > git fetch [569ms]
2023-10-15 18:28:44.233 [info] > git config --get commit.template [17ms]
2023-10-15 18:28:44.250 [info] > git for-each-ref --format=%(refname)%00%(upstream:short)%00%(objectname)%00%(upstream:track)%00%(upstream:remotename)%00%(upstream:remoteref) refs/heads/main refs/remotes/main [18ms]
2023-10-15 18:28:44.302 [info] > git status -z -uall [34ms]
2023-10-15 18:28:45.408 [info] > git config --get commit.template [16ms]
2023-10-15 18:28:45.410 [info] > git for-each-ref --format=%(refname)%00%(upstream:short)%00%(objectname)%00%(upstream:track)%00%(upstream:remotename)%00%(upstream:remoteref) refs/heads/main refs/remotes/main [2ms]
2023-10-15 18:28:45.437 [info] > git status -z -uall [12ms]
2023-10-15 18:28:45.608 [info] > git ls-files --stage -- /workspaces/143985177/deep/bank/bank.py [3ms]
2023-10-15 18:28:45.734 [info] > git show --textconv :deep/bank/bank.py [2ms]
2023-10-15 18:29:02.014 [info] > git config --get commit.template [20ms]
2023-10-15 18:29:02.017 [info] > git for-each-ref --format=%(refname)%00%(upstream:short)%00%(objectname)%00%(upstream:track)%00%(upstream:remotename)%00%(upstream:remoteref) refs/heads/main refs/remotes/main [4ms]
2023-10-15 18:29:02.058 [info] > git status -z -uall [20ms]
2023-10-15 18:29:02.697 [info] > git check-ignore -v -z --stdin [3ms]
2023-10-15 18:29:18.022 [info] > git show --textconv :deep/deep.py [37ms]
2023-10-15 18:29:18.024 [info] > git ls-files --stage -- /workspaces/143985177/deep/deep.py [4ms]
2023-10-15 18:29:18.206 [info] > git check-ignore -v -z --stdin [5ms]
2023-10-15 18:29:18.357 [info] > git config --get commit.template [18ms]
2023-10-15 18:29:18.358 [info] > git for-each-ref --format=%(refname)%00%(upstream:short)%00%(objectname)%00%(upstream:track)%00%(upstream:remotename)%00%(upstream:remoteref) refs/heads/main refs/remotes/main [2ms]
2023-10-15 18:29:18.386 [info] > git status -z -uall [12ms]
2023-10-15 18:29:20.095 [info] > git check-ignore -v -z --stdin [2ms]
2023-10-15 18:29:24.694 [info] > git check-ignore -v -z --stdin [3ms]
2023-10-15 18:29:25.023 [info] > git config --get commit.template [17ms]
2023-10-15 18:29:25.025 [info] > git for-each-ref --format=%(refname)%00%(upstream:short)%00%(objectname)%00%(upstream:track)%00%(upstream:remotename)%00%(upstream:remoteref) refs/heads/main refs/remotes/main [3ms]
2023-10-15 18:29:25.052 [info] > git status -z -uall [12ms]
2023-10-15 18:29:28.556 [info] > git show --textconv :faces/faces.py [51ms]
2023-10-15 18:29:28.557 [info] > git ls-files --stage -- /workspaces/143985177/faces/faces.py [4ms]
2023-10-15 18:29:28.581 [info] > git cat-file -s 94f10b8c1fbb9d4123491a82d8613181b1c5a4f3 [3ms]
2023-10-15 18:31:01.761 [info] > git show --textconv :deep/deep.py [19ms]
2023-10-15 18:31:01.762 [info] > git ls-files --stage -- /workspaces/143985177/deep/deep.py [3ms]
2023-10-15 18:31:04.032 [info] > git config --local branch.main.github-pr-owner-number [1ms]
2023-10-15 18:31:04.067 [info] > git config --get commit.template [18ms]
2023-10-15 18:31:04.068 [info] > git for-each-ref --format=%(refname)%00%(upstream:short)%00%(objectname)%00%(upstream:track)%00%(upstream:remotename)%00%(upstream:remoteref) refs/heads/main refs/remotes/main [2ms]
2023-10-15 18:31:04.096 [info] > git status -z -uall [11ms]
2023-10-15 18:31:33.017 [info] > git config --get commit.template [2ms]
2023-10-15 18:31:33.037 [info] > git for-each-ref --format=%(refname)%00%(upstream:short)%00%(objectname)%00%(upstream:track)%00%(upstream:remotename)%00%(upstream:remoteref) refs/heads/main refs/remotes/main [3ms]
2023-10-15 18:31:33.065 [info] > git status -z -uall [11ms]
2023-10-15 18:31:44.895 [info] > git fetch [569ms]
2023-10-15 18:31:44.932 [info] > git config --get commit.template [20ms]
2023-10-15 18:31:44.932 [info] > git for-each-ref --format=%(refname)%00%(upstream:short)%00%(objectname)%00%(upstream:track)%00%(upstream:remotename)%00%(upstream:remoteref) refs/heads/main refs/remotes/main [2ms]
2023-10-15 18:31:44.960 [info] > git status -z -uall [11ms]
2023-10-15 18:31:46.155 [info] > git config --get commit.template [17ms]
2023-10-15 18:31:46.157 [info] > git for-each-ref --format=%(refname)%00%(upstream:short)%00%(objectname)%00%(upstream:track)%00%(upstream:remotename)%00%(upstream:remoteref) refs/heads/main refs/remotes/main [2ms]
2023-10-15 18:31:46.185 [info] > git status -z -uall [12ms]
2023-10-15 18:31:46.352 [info] > git ls-files --stage -- /workspaces/143985177/deep/deep.py [2ms]
2023-10-15 18:31:46.474 [info] > git show --textconv :deep/deep.py [2ms]
2023-10-15 18:32:05.567 [info] > git check-ignore -v -z --stdin [2ms]
2023-10-15 18:32:06.539 [info] > git check-ignore -v -z --stdin [2ms]
2023-10-15 18:32:07.963 [info] > git show --textconv :playback/playback.py [18ms]
2023-10-15 18:32:07.964 [info] > git ls-files --stage -- /workspaces/143985177/playback/playback.py [2ms]
2023-10-15 18:32:07.980 [info] > git cat-file -s 6f90f09cae7003ea53f25b2dd3eb943cb0d7a68a [1ms]
