2023-10-09 12:36:14.945 [info] Уровень ведения журнала: Info
2023-10-09 12:36:14.945 [info] Проверка найденного Git в: "git"
2023-10-09 12:36:14.945 [info] Используется Git "2.34.1" из "git"
2023-10-09 12:36:14.945 [info] > git rev-parse --show-toplevel [2ms]
2023-10-09 12:36:14.945 [info] > git rev-parse --git-dir --git-common-dir [1ms]
2023-10-09 12:36:14.945 [info] Open repository: /home/ubuntu/site
2023-10-09 12:36:14.945 [info] > git config --get commit.template [10ms]
2023-10-09 12:36:14.945 [info] > git rev-parse --show-toplevel [7ms]
2023-10-09 12:36:14.945 [info] > git rev-parse --show-toplevel [1ms]
2023-10-09 12:36:14.945 [info] > git for-each-ref --format=%(refname)%00%(upstream:short)%00%(objectname)%00%(upstream:track)%00%(upstream:remotename)%00%(upstream:remoteref) refs/heads/main refs/remotes/main [9ms]
2023-10-09 12:36:14.945 [info] > git status -z -uall [4ms]
2023-10-09 12:36:14.945 [info] > git config --get commit.template [7ms]
2023-10-09 12:36:14.945 [info] > git for-each-ref --format=%(refname)%00%(upstream:short)%00%(objectname)%00%(upstream:track)%00%(upstream:remotename)%00%(upstream:remoteref) refs/heads/main refs/remotes/main [1ms]
2023-10-09 12:36:14.945 [info] > git status -z -uall [1ms]
2023-10-09 12:36:14.945 [info] > git fetch [2490ms]
2023-10-09 12:36:14.945 [info] > git config --get commit.template [36ms]
2023-10-09 12:36:14.956 [info] > git for-each-ref --format=%(refname)%00%(upstream:short)%00%(objectname)%00%(upstream:track)%00%(upstream:remotename)%00%(upstream:remoteref) refs/heads/main refs/remotes/main [11ms]
2023-10-09 12:36:14.970 [info] > git status -z -uall [8ms]
2023-10-09 12:36:15.408 [info] > git check-ignore -v -z --stdin [66ms]
2023-10-09 12:36:16.154 [info] > git config --get commit.template [7ms]
2023-10-09 12:36:16.155 [info] > git for-each-ref --format=%(refname)%00%(upstream:short)%00%(objectname)%00%(upstream:track)%00%(upstream:remotename)%00%(upstream:remoteref) refs/heads/main refs/remotes/main [2ms]
2023-10-09 12:36:16.162 [info] > git status -z -uall [2ms]
2023-10-09 12:36:18.020 [info] > git config --local branch.main.github-pr-owner-number [148ms]
2023-10-09 12:36:18.075 [info] > git config --get commit.template [38ms]
2023-10-09 12:36:18.076 [info] > git for-each-ref --format=%(refname)%00%(upstream:short)%00%(objectname)%00%(upstream:track)%00%(upstream:remotename)%00%(upstream:remoteref) refs/heads/main refs/remotes/main [14ms]
2023-10-09 12:36:18.086 [info] > git status -z -uall [3ms]
2023-10-09 12:36:45.858 [info] > git check-ignore -v -z --stdin [1ms]
2023-10-09 12:36:46.327 [info] > git config --get commit.template [9ms]
2023-10-09 12:36:46.327 [info] > git for-each-ref --format=%(refname)%00%(upstream:short)%00%(objectname)%00%(upstream:track)%00%(upstream:remotename)%00%(upstream:remoteref) refs/heads/main refs/remotes/main [2ms]
2023-10-09 12:36:46.334 [info] > git status -z -uall [1ms]
2023-10-09 12:37:05.321 [info] > git ls-files --stage -- /home/ubuntu/site/readme.md [13ms]
2023-10-09 12:37:05.329 [info] > git show --textconv :readme.md [29ms]
2023-10-09 12:37:05.330 [info] > git cat-file -s 3518fa8e511a0a83234dd7482e2f323fbb1be1ed [2ms]
2023-10-09 12:37:16.358 [info] > git add -A -- /home/ubuntu/site/Pages/index.html /home/ubuntu/site/index.html [9ms]
2023-10-09 12:37:16.373 [info] > git config --get commit.template [6ms]
2023-10-09 12:37:16.373 [info] > git for-each-ref --format=%(refname)%00%(upstream:short)%00%(objectname)%00%(upstream:track)%00%(upstream:remotename)%00%(upstream:remoteref) refs/heads/main refs/remotes/main [1ms]
2023-10-09 12:37:16.386 [info] > git status -z -uall [7ms]
2023-10-09 12:37:16.422 [info] > git -c user.useConfigOnly=true commit --quiet --allow-empty-message --file - --allow-empty-message [15ms]
2023-10-09 12:37:16.431 [info] > git config --get commit.template [1ms]
2023-10-09 12:37:16.447 [info] > git config --get commit.template [7ms]
2023-10-09 12:37:16.447 [info] > git for-each-ref --format=%(refname)%00%(upstream:short)%00%(objectname)%00%(upstream:track)%00%(upstream:remotename)%00%(upstream:remoteref) refs/heads/main refs/remotes/main [1ms]
2023-10-09 12:37:16.455 [info] > git status -z -uall [2ms]
2023-10-09 12:37:16.707 [info] > git config --local branch.main.github-pr-owner-number [6ms]
2023-10-09 12:37:16.726 [info] > git config --get commit.template [8ms]
2023-10-09 12:37:16.726 [info] > git config --get commit.template [1ms]
2023-10-09 12:37:16.739 [info] > git for-each-ref --format=%(refname)%00%(upstream:short)%00%(objectname)%00%(upstream:track)%00%(upstream:remotename)%00%(upstream:remoteref) refs/heads/main refs/remotes/main [7ms]
2023-10-09 12:37:16.751 [info] > git for-each-ref --format=%(refname)%00%(upstream:short)%00%(objectname)%00%(upstream:track)%00%(upstream:remotename)%00%(upstream:remoteref) refs/heads/main refs/remotes/main [12ms]
2023-10-09 12:37:16.761 [info] > git status -z -uall [1ms]
2023-10-09 12:37:17.849 [info] > git ls-files --stage -- /home/ubuntu/site/readme.md [1ms]
2023-10-09 12:37:17.858 [info] > git cat-file -s 3518fa8e511a0a83234dd7482e2f323fbb1be1ed [1ms]
2023-10-09 12:37:17.990 [info] > git show --textconv :readme.md [2ms]
2023-10-09 12:37:18.150 [info] > git push --force origin main [1400ms]
2023-10-09 12:37:18.150 [info] To github.com:ilyanikolaev112/ilyanikolaev112.github.io.git
   7fae5fb..226cc26  main -> main
2023-10-09 12:37:18.166 [info] > git config --get commit.template [6ms]
2023-10-09 12:37:18.166 [info] > git for-each-ref --format=%(refname)%00%(upstream:short)%00%(objectname)%00%(upstream:track)%00%(upstream:remotename)%00%(upstream:remoteref) refs/heads/main refs/remotes/main [1ms]
2023-10-09 12:37:18.175 [info] > git status -z -uall [1ms]
2023-10-09 12:37:54.593 [info] > git config --get commit.template [1ms]
2023-10-09 12:37:54.600 [info] > git for-each-ref --format=%(refname)%00%(upstream:short)%00%(objectname)%00%(upstream:track)%00%(upstream:remotename)%00%(upstream:remoteref) refs/heads/main refs/remotes/main [1ms]
2023-10-09 12:37:54.606 [info] > git status -z -uall [1ms]
2023-10-09 12:37:54.793 [info] > git ls-files --stage -- /home/ubuntu/site/readme.md [1ms]
2023-10-09 12:37:54.802 [info] > git cat-file -s 3518fa8e511a0a83234dd7482e2f323fbb1be1ed [1ms]
2023-10-09 12:37:54.935 [info] > git show --textconv :readme.md [2ms]
2023-10-09 12:38:23.757 [info] > git config --get commit.template [7ms]
2023-10-09 12:38:23.758 [info] > git for-each-ref --format=%(refname)%00%(upstream:short)%00%(objectname)%00%(upstream:track)%00%(upstream:remotename)%00%(upstream:remoteref) refs/heads/main refs/remotes/main [2ms]
2023-10-09 12:38:23.765 [info] > git status -z -uall [2ms]
2023-10-09 12:38:24.618 [info] > git add -A -- /home/ubuntu/site/.vscode/settings.json [2ms]
2023-10-09 12:38:24.631 [info] > git config --get commit.template [6ms]
2023-10-09 12:38:24.632 [info] > git for-each-ref --format=%(refname)%00%(upstream:short)%00%(objectname)%00%(upstream:track)%00%(upstream:remotename)%00%(upstream:remoteref) refs/heads/main refs/remotes/main [1ms]
2023-10-09 12:38:24.639 [info] > git status -z -uall [1ms]
2023-10-09 12:38:24.653 [info] > git -c user.useConfigOnly=true commit --quiet --allow-empty-message --file - --allow-empty-message [4ms]
2023-10-09 12:38:24.660 [info] > git config --get commit.template [0ms]
2023-10-09 12:38:24.674 [info] > git for-each-ref --format=%(refname)%00%(upstream:short)%00%(objectname)%00%(upstream:track)%00%(upstream:remotename)%00%(upstream:remoteref) refs/heads/main refs/remotes/main [2ms]
2023-10-09 12:38:24.675 [info] > git config --get commit.template [8ms]
2023-10-09 12:38:24.682 [info] > git status -z -uall [2ms]
2023-10-09 12:38:24.923 [info] > git config --local branch.main.github-pr-owner-number [12ms]
2023-10-09 12:38:24.929 [info] > git config --get commit.template [7ms]
2023-10-09 12:38:24.941 [info] > git config --get commit.template [12ms]
2023-10-09 12:38:24.942 [info] > git for-each-ref --format=%(refname)%00%(upstream:short)%00%(objectname)%00%(upstream:track)%00%(upstream:remotename)%00%(upstream:remoteref) refs/heads/main refs/remotes/main [7ms]
2023-10-09 12:38:24.950 [info] > git for-each-ref --format=%(refname)%00%(upstream:short)%00%(objectname)%00%(upstream:track)%00%(upstream:remotename)%00%(upstream:remoteref) refs/heads/main refs/remotes/main [9ms]
2023-10-09 12:38:24.960 [info] > git status -z -uall [1ms]
2023-10-09 12:38:26.368 [info] > git push --force origin main [1419ms]
2023-10-09 12:38:26.368 [info] To github.com:ilyanikolaev112/ilyanikolaev112.github.io.git
   226cc26..048f739  main -> main
2023-10-09 12:38:26.382 [info] > git config --get commit.template [6ms]
2023-10-09 12:38:26.383 [info] > git for-each-ref --format=%(refname)%00%(upstream:short)%00%(objectname)%00%(upstream:track)%00%(upstream:remotename)%00%(upstream:remoteref) refs/heads/main refs/remotes/main [1ms]
2023-10-09 12:38:26.390 [info] > git status -z -uall [1ms]
2023-10-09 12:38:36.721 [info] > git ls-files --stage -- /home/ubuntu/site/readme.md [1ms]
2023-10-09 12:38:36.729 [info] > git cat-file -s 3518fa8e511a0a83234dd7482e2f323fbb1be1ed [1ms]
2023-10-09 12:38:36.868 [info] > git show --textconv :readme.md [2ms]
2023-10-09 12:40:19.518 [info] > git fetch [1323ms]
2023-10-09 12:40:19.528 [info] > git config --get commit.template [1ms]
2023-10-09 12:40:19.536 [info] > git for-each-ref --format=%(refname)%00%(upstream:short)%00%(objectname)%00%(upstream:track)%00%(upstream:remotename)%00%(upstream:remoteref) refs/heads/main refs/remotes/main [2ms]
2023-10-09 12:40:19.543 [info] > git status -z -uall [1ms]
2023-10-09 12:41:02.171 [info] > git config --get commit.template [7ms]
2023-10-09 12:41:02.172 [info] > git for-each-ref --format=%(refname)%00%(upstream:short)%00%(objectname)%00%(upstream:track)%00%(upstream:remotename)%00%(upstream:remoteref) refs/heads/main refs/remotes/main [1ms]
2023-10-09 12:41:02.179 [info] > git status -z -uall [2ms]
2023-10-09 12:41:02.258 [info] > git ls-files --stage -- /home/ubuntu/site/readme.md [1ms]
2023-10-09 12:41:02.265 [info] > git cat-file -s 3518fa8e511a0a83234dd7482e2f323fbb1be1ed [1ms]
2023-10-09 12:41:02.366 [info] > git show --textconv :readme.md [1ms]
2023-10-09 12:41:14.491 [info] > git check-ignore -v -z --stdin [1ms]
2023-10-09 12:41:15.173 [info] > git check-ignore -v -z --stdin [1ms]
2023-10-09 12:41:16.092 [info] > git check-ignore -v -z --stdin [1ms]
2023-10-09 12:41:16.551 [info] > git config --get commit.template [7ms]
2023-10-09 12:41:16.552 [info] > git for-each-ref --format=%(refname)%00%(upstream:short)%00%(objectname)%00%(upstream:track)%00%(upstream:remotename)%00%(upstream:remoteref) refs/heads/main refs/remotes/main [1ms]
2023-10-09 12:41:16.559 [info] > git status -z -uall [1ms]
2023-10-09 12:41:17.419 [info] > git config --local branch.main.github-pr-owner-number [2ms]
2023-10-09 12:41:17.435 [info] > git config --get commit.template [7ms]
2023-10-09 12:41:17.435 [info] > git for-each-ref --format=%(refname)%00%(upstream:short)%00%(objectname)%00%(upstream:track)%00%(upstream:remotename)%00%(upstream:remoteref) refs/heads/main refs/remotes/main [1ms]
2023-10-09 12:41:17.442 [info] > git status -z -uall [1ms]
2023-10-09 12:41:17.626 [info] > git check-ignore -v -z --stdin [1ms]
2023-10-09 12:41:19.063 [info] > git check-ignore -v -z --stdin [1ms]
2023-10-09 12:41:21.580 [info] > git config --get commit.template [8ms]
2023-10-09 12:41:21.581 [info] > git for-each-ref --format=%(refname)%00%(upstream:short)%00%(objectname)%00%(upstream:track)%00%(upstream:remotename)%00%(upstream:remoteref) refs/heads/main refs/remotes/main [1ms]
2023-10-09 12:41:21.591 [info] > git status -z -uall [1ms]
2023-10-09 12:41:33.087 [info] > git config --get commit.template [7ms]
2023-10-09 12:41:33.087 [info] > git for-each-ref --format=%(refname)%00%(upstream:short)%00%(objectname)%00%(upstream:track)%00%(upstream:remotename)%00%(upstream:remoteref) refs/heads/main refs/remotes/main [1ms]
2023-10-09 12:41:33.095 [info] > git status -z -uall [0ms]
2023-10-09 12:41:44.221 [info] > git config --get commit.template [7ms]
2023-10-09 12:41:44.221 [info] > git for-each-ref --format=%(refname)%00%(upstream:short)%00%(objectname)%00%(upstream:track)%00%(upstream:remotename)%00%(upstream:remoteref) refs/heads/main refs/remotes/main [1ms]
2023-10-09 12:41:44.228 [info] > git status -z -uall [1ms]
2023-10-09 12:41:44.408 [info] > git ls-files --stage -- /home/ubuntu/site/readme.md [1ms]
2023-10-09 12:41:44.415 [info] > git cat-file -s 3518fa8e511a0a83234dd7482e2f323fbb1be1ed [1ms]
2023-10-09 12:41:44.517 [info] > git show --textconv :readme.md [1ms]
2023-10-09 12:42:02.011 [info] > git config --get commit.template [7ms]
2023-10-09 12:42:02.012 [info] > git for-each-ref --format=%(refname)%00%(upstream:short)%00%(objectname)%00%(upstream:track)%00%(upstream:remotename)%00%(upstream:remoteref) refs/heads/main refs/remotes/main [2ms]
2023-10-09 12:42:02.019 [info] > git status -z -uall [1ms]
2023-10-09 12:42:02.252 [info] > git config --local branch.main.github-pr-owner-number [4ms]
2023-10-09 12:42:02.252 [info] > git ls-files --stage -- /home/ubuntu/site/readme.md [11ms]
2023-10-09 12:42:02.265 [info] > git cat-file -s 3518fa8e511a0a83234dd7482e2f323fbb1be1ed [6ms]
2023-10-09 12:42:02.265 [info] > git config --get commit.template [1ms]
2023-10-09 12:42:02.272 [info] > git for-each-ref --format=%(refname)%00%(upstream:short)%00%(objectname)%00%(upstream:track)%00%(upstream:remotename)%00%(upstream:remoteref) refs/heads/main refs/remotes/main [1ms]
2023-10-09 12:42:02.279 [info] > git status -z -uall [1ms]
2023-10-09 12:42:02.392 [info] > git show --textconv :readme.md [2ms]
2023-10-09 12:42:50.316 [info] > git check-ignore -v -z --stdin [2ms]
2023-10-09 12:43:20.880 [info] > git fetch [1325ms]
2023-10-09 12:43:20.895 [info] > git config --get commit.template [6ms]
2023-10-09 12:43:20.895 [info] > git for-each-ref --format=%(refname)%00%(upstream:short)%00%(objectname)%00%(upstream:track)%00%(upstream:remotename)%00%(upstream:remoteref) refs/heads/main refs/remotes/main [1ms]
2023-10-09 12:43:20.902 [info] > git status -z -uall [1ms]
2023-10-09 12:43:20.929 [info] > git ls-files --stage -- /home/ubuntu/site/readme.md [1ms]
2023-10-09 12:43:20.937 [info] > git cat-file -s 3518fa8e511a0a83234dd7482e2f323fbb1be1ed [1ms]
2023-10-09 12:43:21.046 [info] > git show --textconv :readme.md [1ms]
2023-10-09 12:43:21.955 [info] > git for-each-ref --format=%(refname)%00%(upstream:short)%00%(objectname)%00%(upstream:track)%00%(upstream:remotename)%00%(upstream:remoteref) refs/heads/main refs/remotes/main [2ms]
2023-10-09 12:43:21.955 [info] > git config --get commit.template [8ms]
2023-10-09 12:43:21.962 [info] > git status -z -uall [1ms]
2023-10-09 12:43:22.142 [info] > git ls-files --stage -- /home/ubuntu/site/readme.md [1ms]
2023-10-09 12:43:22.149 [info] > git cat-file -s 3518fa8e511a0a83234dd7482e2f323fbb1be1ed [1ms]
2023-10-09 12:43:22.250 [info] > git show --textconv :readme.md [1ms]
2023-10-09 12:44:27.298 [info] > git show --textconv :dog2.html [13ms]
2023-10-09 12:44:27.321 [info] > git ls-files --stage -- /home/ubuntu/site/dog2.html [24ms]
2023-10-09 12:44:27.335 [info] > git cat-file -s 031c2f6ca6d90cb5629675af2ca08d22d8efdbc4 [2ms]
2023-10-09 12:44:27.897 [info] > git show --textconv :dog1.html [9ms]
2023-10-09 12:44:27.898 [info] > git ls-files --stage -- /home/ubuntu/site/dog1.html [2ms]
2023-10-09 12:44:27.908 [info] > git cat-file -s 1f6b33e809162179a2406914e99d61b0f05d3694 [2ms]
2023-10-09 12:44:29.531 [info] > git show --textconv :index.html [8ms]
2023-10-09 12:44:29.531 [info] > git ls-files --stage -- /home/ubuntu/site/index.html [2ms]
2023-10-09 12:44:29.541 [info] > git cat-file -s d60d2c54f850cfb4f966b6625cc6aa48023d4f85 [1ms]
2023-10-09 12:44:30.008 [info] > git show --textconv :dog4.html [9ms]
2023-10-09 12:44:30.009 [info] > git ls-files --stage -- /home/ubuntu/site/dog4.html [2ms]
2023-10-09 12:44:30.016 [info] > git cat-file -s ca341bdf6125beb773f94d26f53c363f284af84c [1ms]
2023-10-09 12:44:30.544 [info] > git show --textconv :dog2.html [7ms]
2023-10-09 12:44:30.545 [info] > git ls-files --stage -- /home/ubuntu/site/dog2.html [2ms]
2023-10-09 12:44:30.553 [info] > git cat-file -s 031c2f6ca6d90cb5629675af2ca08d22d8efdbc4 [1ms]
2023-10-09 12:44:31.447 [info] > git show --textconv :dog1.html [9ms]
2023-10-09 12:44:31.449 [info] > git ls-files --stage -- /home/ubuntu/site/dog1.html [3ms]
2023-10-09 12:44:31.457 [info] > git cat-file -s 1f6b33e809162179a2406914e99d61b0f05d3694 [1ms]
2023-10-09 12:46:17.454 [info] > git config --local branch.main.github-pr-owner-number [1ms]
2023-10-09 12:46:17.470 [info] > git for-each-ref --format=%(refname)%00%(upstream:short)%00%(objectname)%00%(upstream:track)%00%(upstream:remotename)%00%(upstream:remoteref) refs/heads/main refs/remotes/main [1ms]
2023-10-09 12:46:17.470 [info] > git config --get commit.template [8ms]
2023-10-09 12:46:17.479 [info] > git status -z -uall [1ms]
2023-10-09 12:46:59.523 [info] > git fetch [1330ms]
2023-10-09 12:46:59.541 [info] > git config --get commit.template [8ms]
2023-10-09 12:46:59.542 [info] > git for-each-ref --format=%(refname)%00%(upstream:short)%00%(objectname)%00%(upstream:track)%00%(upstream:remotename)%00%(upstream:remoteref) refs/heads/main refs/remotes/main [1ms]
2023-10-09 12:46:59.550 [info] > git status -z -uall [1ms]
2023-10-09 12:46:59.565 [info] > git ls-files --stage -- /home/ubuntu/site/dog1.html [1ms]
2023-10-09 12:46:59.573 [info] > git cat-file -s 1f6b33e809162179a2406914e99d61b0f05d3694 [1ms]
2023-10-09 12:46:59.696 [info] > git show --textconv :dog1.html [2ms]
2023-10-09 12:47:00.592 [info] > git config --get commit.template [7ms]
2023-10-09 12:47:00.593 [info] > git for-each-ref --format=%(refname)%00%(upstream:short)%00%(objectname)%00%(upstream:track)%00%(upstream:remotename)%00%(upstream:remoteref) refs/heads/main refs/remotes/main [1ms]
2023-10-09 12:47:00.600 [info] > git status -z -uall [1ms]
2023-10-09 12:47:00.779 [info] > git ls-files --stage -- /home/ubuntu/site/dog1.html [1ms]
2023-10-09 12:47:00.789 [info] > git cat-file -s 1f6b33e809162179a2406914e99d61b0f05d3694 [1ms]
2023-10-09 12:47:00.920 [info] > git show --textconv :dog1.html [1ms]
2023-10-09 12:47:46.604 [info] > git config --get commit.template [7ms]
2023-10-09 12:47:46.605 [info] > git for-each-ref --format=%(refname)%00%(upstream:short)%00%(objectname)%00%(upstream:track)%00%(upstream:remotename)%00%(upstream:remoteref) refs/heads/main refs/remotes/main [1ms]
2023-10-09 12:47:46.612 [info] > git status -z -uall [1ms]
2023-10-09 12:47:53.597 [info] > git config --get commit.template [7ms]
2023-10-09 12:47:53.597 [info] > git for-each-ref --format=%(refname)%00%(upstream:short)%00%(objectname)%00%(upstream:track)%00%(upstream:remotename)%00%(upstream:remoteref) refs/heads/main refs/remotes/main [1ms]
2023-10-09 12:47:53.605 [info] > git status -z -uall [1ms]
2023-10-09 12:47:58.618 [info] > git config --get commit.template [1ms]
2023-10-09 12:47:58.626 [info] > git for-each-ref --format=%(refname)%00%(upstream:short)%00%(objectname)%00%(upstream:track)%00%(upstream:remotename)%00%(upstream:remoteref) refs/heads/main refs/remotes/main [1ms]
2023-10-09 12:47:58.635 [info] > git status -z -uall [1ms]
2023-10-09 12:48:03.654 [info] > git config --get commit.template [7ms]
2023-10-09 12:48:03.655 [info] > git for-each-ref --format=%(refname)%00%(upstream:short)%00%(objectname)%00%(upstream:track)%00%(upstream:remotename)%00%(upstream:remoteref) refs/heads/main refs/remotes/main [1ms]
2023-10-09 12:48:03.662 [info] > git status -z -uall [1ms]
2023-10-09 12:48:08.680 [info] > git config --get commit.template [8ms]
2023-10-09 12:48:08.681 [info] > git for-each-ref --format=%(refname)%00%(upstream:short)%00%(objectname)%00%(upstream:track)%00%(upstream:remotename)%00%(upstream:remoteref) refs/heads/main refs/remotes/main [1ms]
2023-10-09 12:48:08.689 [info] > git status -z -uall [1ms]
2023-10-09 12:48:13.708 [info] > git config --get commit.template [6ms]
2023-10-09 12:48:13.708 [info] > git for-each-ref --format=%(refname)%00%(upstream:short)%00%(objectname)%00%(upstream:track)%00%(upstream:remotename)%00%(upstream:remoteref) refs/heads/main refs/remotes/main [1ms]
2023-10-09 12:48:13.715 [info] > git status -z -uall [1ms]
2023-10-09 12:48:25.445 [info] > git check-ignore -v -z --stdin [1ms]
2023-10-09 12:48:25.953 [info] > git config --get commit.template [7ms]
2023-10-09 12:48:25.953 [info] > git for-each-ref --format=%(refname)%00%(upstream:short)%00%(objectname)%00%(upstream:track)%00%(upstream:remotename)%00%(upstream:remoteref) refs/heads/main refs/remotes/main [1ms]
2023-10-09 12:48:25.961 [info] > git status -z -uall [1ms]
2023-10-09 12:48:27.053 [info] > git show --textconv :dog1.html [8ms]
2023-10-09 12:48:27.053 [info] > git ls-files --stage -- /home/ubuntu/site/dog1.html [1ms]
2023-10-09 12:48:27.060 [info] > git cat-file -s 1f6b33e809162179a2406914e99d61b0f05d3694 [1ms]
2023-10-09 12:48:55.976 [info] > git add -A -- /home/ubuntu/site/Images/Dog1 image.jpg /home/ubuntu/site/dog1.html /home/ubuntu/site/Images/Dog1.jpg [5ms]
2023-10-09 12:48:55.992 [info] > git config --get commit.template [7ms]
2023-10-09 12:48:55.993 [info] > git for-each-ref --format=%(refname)%00%(upstream:short)%00%(objectname)%00%(upstream:track)%00%(upstream:remotename)%00%(upstream:remoteref) refs/heads/main refs/remotes/main [2ms]
2023-10-09 12:48:56.004 [info] > git status -z -uall [4ms]
2023-10-09 12:48:56.025 [info] > git -c user.useConfigOnly=true commit --quiet --allow-empty-message --file - --allow-empty-message [9ms]
2023-10-09 12:48:56.033 [info] > git config --get commit.template [1ms]
2023-10-09 12:48:56.044 [info] > git config --get commit.template [1ms]
2023-10-09 12:48:56.052 [info] > git for-each-ref --format=%(refname)%00%(upstream:short)%00%(objectname)%00%(upstream:track)%00%(upstream:remotename)%00%(upstream:remoteref) refs/heads/main refs/remotes/main [1ms]
2023-10-09 12:48:56.062 [info] > git status -z -uall [2ms]
2023-10-09 12:48:56.311 [info] > git config --local branch.main.github-pr-owner-number [16ms]
2023-10-09 12:48:56.319 [info] > git config --get commit.template [9ms]
2023-10-09 12:48:56.329 [info] > git config --get commit.template [10ms]
2023-10-09 12:48:56.337 [info] > git for-each-ref --format=%(refname)%00%(upstream:short)%00%(objectname)%00%(upstream:track)%00%(upstream:remotename)%00%(upstream:remoteref) refs/heads/main refs/remotes/main [9ms]
2023-10-09 12:48:56.347 [info] > git for-each-ref --format=%(refname)%00%(upstream:short)%00%(objectname)%00%(upstream:track)%00%(upstream:remotename)%00%(upstream:remoteref) refs/heads/main refs/remotes/main [10ms]
2023-10-09 12:48:56.388 [info] > git status -z -uall [32ms]
2023-10-09 12:48:57.444 [info] > git ls-files --stage -- /home/ubuntu/site/dog1.html [1ms]
2023-10-09 12:48:57.451 [info] > git cat-file -s 73f0b00a0e9c15a170809ad1cfb4a62b12712bc1 [1ms]
2023-10-09 12:48:57.587 [info] > git show --textconv :dog1.html [2ms]
2023-10-09 12:48:57.707 [info] > git push --force origin main [1361ms]
2023-10-09 12:48:57.707 [info] To github.com:ilyanikolaev112/ilyanikolaev112.github.io.git
   aa306a0..388c7df  main -> main
2023-10-09 12:48:57.722 [info] > git config --get commit.template [7ms]
2023-10-09 12:48:57.723 [info] > git for-each-ref --format=%(refname)%00%(upstream:short)%00%(objectname)%00%(upstream:track)%00%(upstream:remotename)%00%(upstream:remoteref) refs/heads/main refs/remotes/main [2ms]
2023-10-09 12:48:57.730 [info] > git status -z -uall [1ms]
2023-10-09 12:48:59.606 [info] > git config --get commit.template [1ms]
2023-10-09 12:48:59.637 [info] > git for-each-ref --format=%(refname)%00%(upstream:short)%00%(objectname)%00%(upstream:track)%00%(upstream:remotename)%00%(upstream:remoteref) refs/heads/main refs/remotes/main [17ms]
2023-10-09 12:48:59.650 [info] > git status -z -uall [3ms]
2023-10-09 12:49:29.666 [info] > git add -A -- /home/ubuntu/site/dog1.html [2ms]
2023-10-09 12:49:29.681 [info] > git config --get commit.template [7ms]
2023-10-09 12:49:29.682 [info] > git for-each-ref --format=%(refname)%00%(upstream:short)%00%(objectname)%00%(upstream:track)%00%(upstream:remotename)%00%(upstream:remoteref) refs/heads/main refs/remotes/main [1ms]
2023-10-09 12:49:29.689 [info] > git status -z -uall [1ms]
2023-10-09 12:49:29.708 [info] > git -c user.useConfigOnly=true commit --quiet --allow-empty-message --file - --allow-empty-message [5ms]
2023-10-09 12:49:29.718 [info] > git config --get commit.template [1ms]
2023-10-09 12:49:29.733 [info] > git config --get commit.template [7ms]
2023-10-09 12:49:29.733 [info] > git for-each-ref --format=%(refname)%00%(upstream:short)%00%(objectname)%00%(upstream:track)%00%(upstream:remotename)%00%(upstream:remoteref) refs/heads/main refs/remotes/main [1ms]
2023-10-09 12:49:29.741 [info] > git status -z -uall [2ms]
2023-10-09 12:49:33.627 [info] > git config --local branch.main.github-pr-owner-number [145ms]
2023-10-09 12:49:33.643 [info] > git config --get commit.template [17ms]
2023-10-09 12:49:33.665 [info] > git config --get commit.template [25ms]
2023-10-09 12:49:33.674 [info] > git for-each-ref --format=%(refname)%00%(upstream:short)%00%(objectname)%00%(upstream:track)%00%(upstream:remotename)%00%(upstream:remoteref) refs/heads/main refs/remotes/main [19ms]
2023-10-09 12:49:33.687 [info] > git for-each-ref --format=%(refname)%00%(upstream:short)%00%(objectname)%00%(upstream:track)%00%(upstream:remotename)%00%(upstream:remoteref) refs/heads/main refs/remotes/main [14ms]
2023-10-09 12:49:33.699 [info] > git status -z -uall [1ms]
2023-10-09 12:49:34.663 [info] > git ls-files --stage -- /home/ubuntu/site/dog1.html [1ms]
2023-10-09 12:49:34.670 [info] > git cat-file -s a98dded6f8a22313ee0a88879b18e70fd78d1158 [1ms]
2023-10-09 12:49:34.807 [info] > git show --textconv :dog1.html [2ms]
2023-10-09 12:49:35.050 [info] > git push --force origin main [1364ms]
2023-10-09 12:49:35.050 [info] To github.com:ilyanikolaev112/ilyanikolaev112.github.io.git
   388c7df..04fd016  main -> main
2023-10-09 12:49:35.065 [info] > git config --get commit.template [7ms]
2023-10-09 12:49:35.066 [info] > git for-each-ref --format=%(refname)%00%(upstream:short)%00%(objectname)%00%(upstream:track)%00%(upstream:remotename)%00%(upstream:remoteref) refs/heads/main refs/remotes/main [1ms]
2023-10-09 12:49:35.073 [info] > git status -z -uall [1ms]
