2023-10-09 12:22:08.470 [info] Reading sessions from keychain...
2023-10-09 12:22:08.470 [info] Getting sessions for all scopes...
2023-10-09 12:22:08.470 [info] Getting sessions for user:email...
2023-10-09 12:22:08.470 [info] Got stored sessions!
2023-10-09 12:22:08.470 [info] Got 6 verified sessions.
2023-10-09 12:22:08.470 [info] Got 6 sessions for ...
2023-10-09 12:22:08.470 [info] Got 1 sessions for user:email...
2023-10-09 12:22:08.471 [info] Getting sessions for all scopes...
2023-10-09 12:22:08.471 [info] Got 6 sessions for ...
2023-10-09 12:22:08.549 [info] Getting sessions for codespace,read:user,repo,user:email...
2023-10-09 12:22:08.549 [info] Got 1 sessions for codespace,read:user,repo,user:email...
2023-10-09 12:22:08.604 [info] Getting sessions for all scopes...
2023-10-09 12:22:08.604 [info] Got 6 sessions for ...
2023-10-09 12:22:10.831 [info] Getting sessions for all scopes...
2023-10-09 12:22:10.831 [info] Got 6 sessions for ...
2023-10-09 12:22:15.124 [info] Getting sessions for all scopes...
2023-10-09 12:22:15.124 [info] Got 6 sessions for ...
2023-10-09 12:22:15.283 [info] Getting sessions for all scopes...
2023-10-09 12:22:15.284 [info] Got 6 sessions for ...
2023-10-09 12:22:15.546 [info] Getting sessions for all scopes...
2023-10-09 12:22:15.546 [info] Got 6 sessions for ...
2023-10-09 12:22:15.706 [info] Getting sessions for all scopes...
2023-10-09 12:22:15.706 [info] Got 6 sessions for ...
2023-10-09 12:22:15.980 [info] Getting sessions for read:user,repo,user:email,workflow...
2023-10-09 12:22:15.981 [info] Got 1 sessions for read:user,repo,user:email,workflow...
2023-10-09 12:22:17.950 [info] Getting sessions for read:user,repo,user:email,workflow...
2023-10-09 12:22:17.950 [info] Got 1 sessions for read:user,repo,user:email,workflow...
2023-10-09 12:22:18.560 [info] Getting sessions for read:user,repo,user:email,workflow...
2023-10-09 12:22:18.560 [info] Got 1 sessions for read:user,repo,user:email,workflow...
2023-10-09 12:22:18.651 [info] Getting sessions for read:user,repo,user:email,workflow...
2023-10-09 12:22:18.651 [info] Got 1 sessions for read:user,repo,user:email,workflow...
