2023-10-09 12:36:11.899 [info] Reading sessions from keychain...
2023-10-09 12:36:11.899 [info] Getting sessions for all scopes...
2023-10-09 12:36:11.899 [info] Getting sessions for user:email...
2023-10-09 12:36:11.899 [info] Got stored sessions!
2023-10-09 12:36:11.899 [info] Got 6 verified sessions.
2023-10-09 12:36:11.899 [info] Got 6 sessions for ...
2023-10-09 12:36:11.899 [info] Got 1 sessions for user:email...
2023-10-09 12:36:11.949 [info] Getting sessions for all scopes...
2023-10-09 12:36:11.952 [info] Got 6 sessions for ...
2023-10-09 12:36:12.082 [info] Getting sessions for codespace,read:user,repo,user:email...
2023-10-09 12:36:12.082 [info] Getting sessions for all scopes...
2023-10-09 12:36:12.082 [info] Got 1 sessions for codespace,read:user,repo,user:email...
2023-10-09 12:36:12.082 [info] Got 6 sessions for ...
2023-10-09 12:36:13.539 [info] Getting sessions for all scopes...
2023-10-09 12:36:13.539 [info] Got 6 sessions for ...
2023-10-09 12:36:15.143 [info] Getting sessions for all scopes...
2023-10-09 12:36:15.143 [info] Got 6 sessions for ...
2023-10-09 12:36:15.148 [info] Getting sessions for read:user,repo,user:email,workflow...
2023-10-09 12:36:15.148 [info] Got 1 sessions for read:user,repo,user:email,workflow...
2023-10-09 12:36:15.342 [info] Getting sessions for all scopes...
2023-10-09 12:36:15.342 [info] Got 6 sessions for ...
2023-10-09 12:36:16.736 [info] Getting sessions for read:user,repo,user:email,workflow...
2023-10-09 12:36:16.737 [info] Getting sessions for all scopes...
2023-10-09 12:36:16.737 [info] Got 1 sessions for read:user,repo,user:email,workflow...
2023-10-09 12:36:16.737 [info] Got 6 sessions for ...
2023-10-09 12:36:16.832 [info] Getting sessions for all scopes...
2023-10-09 12:36:16.832 [info] Got 6 sessions for ...
2023-10-09 12:36:16.911 [info] Getting sessions for read:user,repo,user:email,workflow...
2023-10-09 12:36:16.911 [info] Got 1 sessions for read:user,repo,user:email,workflow...
2023-10-09 12:36:18.822 [info] Getting sessions for read:user,repo,user:email,workflow...
2023-10-09 12:36:18.822 [info] Got 1 sessions for read:user,repo,user:email,workflow...
