2023-10-01 16:48:21.424 [info] Extension host with pid 1427 started
2023-10-01 16:48:21.450 [info] Lock '/home/ubuntu/.vscode-remote/data/User/workspaceStorage/5119d8db/vscode.lock': Lock acquired.
2023-10-01 16:48:30.552 [info] ExtensionService#_doActivateExtension GitHub.codespaces, startup: false, activationEvent: 'onCommand:github.codespaces.activate'
2023-10-01 16:48:30.553 [info] ExtensionService#_doActivateExtension vscode.git-base, startup: false, activationEvent: '*', root cause: vscode.git
2023-10-01 16:48:30.553 [info] ExtensionService#_doActivateExtension vscode.tunnel-forwarding, startup: false, activationEvent: 'onTunnel'
2023-10-01 16:48:30.553 [info] ExtensionService#_doActivateExtension vscode.github-authentication, startup: false, activationEvent: 'onAuthenticationRequest:github'
2023-10-01 16:48:30.749 [warning] Using default string since no string found in i18n bundle that has the key: Keep Defaults
2023-10-01 16:48:30.749 [warning] Using default string since no string found in i18n bundle that has the key: Configure Options
2023-10-01 16:48:30.749 [warning] Using default string since no string found in i18n bundle that has the key: Finish
2023-10-01 16:48:30.750 [warning] Using default string since no string found in i18n bundle that has the key: Learn More
2023-10-01 16:48:30.750 [warning] Using default string since no string found in i18n bundle that has the key: Documentation on predefined container definitions
2023-10-01 16:48:38.558 [info] Not activating extension 'redhat.java': Timed out while searching for 'workspaceContains' pattern */pom.xml,*/build.gradle,*/settings.gradle,*/build.gradle.kts,*/settings.gradle.kts,*/.classpath
2023-10-01 16:48:41.278 [info] ExtensionService#_doActivateExtension vscode.git, startup: false, activationEvent: '*'
2023-10-01 16:48:41.279 [info] ExtensionService#_doActivateExtension vscode.github, startup: false, activationEvent: '*'
2023-10-01 16:48:41.560 [info] ExtensionService#_doActivateExtension vscode.debug-auto-launch, startup: false, activationEvent: 'onStartupFinished'
2023-10-01 16:48:41.560 [info] ExtensionService#_doActivateExtension vscode.merge-conflict, startup: false, activationEvent: 'onStartupFinished'
2023-10-01 16:48:41.560 [info] ExtensionService#_doActivateExtension CS50.cs50, startup: false, activationEvent: 'onStartupFinished'
2023-10-01 16:48:41.561 [info] ExtensionService#_doActivateExtension CS50.ddb50, startup: false, activationEvent: 'onStartupFinished'
2023-10-01 16:48:41.561 [info] ExtensionService#_doActivateExtension CS50.explain50, startup: false, activationEvent: 'onStartupFinished'
2023-10-01 16:48:41.561 [info] ExtensionService#_doActivateExtension CS50.extension-uninstaller, startup: false, activationEvent: 'onStartupFinished'
2023-10-01 16:48:41.562 [info] ExtensionService#_doActivateExtension CS50.phpliteadmin, startup: false, activationEvent: 'onStartupFinished'
2023-10-01 16:48:41.562 [info] ExtensionService#_doActivateExtension CS50.style50, startup: false, activationEvent: 'onStartupFinished'
2023-10-01 16:48:41.562 [info] ExtensionService#_doActivateExtension GitHub.vscode-pull-request-github, startup: false, activationEvent: 'onStartupFinished'
2023-10-01 16:48:41.562 [info] ExtensionService#_doActivateExtension inferrinizzard.prettier-sql-vscode, startup: false, activationEvent: 'onStartupFinished'
2023-10-01 16:48:42.639 [info] ExtensionService#_doActivateExtension vscode.microsoft-authentication, startup: false, activationEvent: 'onAuthenticationRequest:microsoft'
2023-10-01 16:48:42.908 [info] Eager extensions activated
2023-10-01 16:48:48.070 [info] ExtensionService#_doActivateExtension ms-vsliveshare.vsliveshare, startup: false, activationEvent: 'api', root cause: GitHub.vscode-pull-request-github
2023-10-01 16:48:53.392 [info] Extension host terminating: received terminate message from renderer
2023-10-01 16:48:53.394 [info] Lock '/home/ubuntu/.vscode-remote/data/User/workspaceStorage/5119d8db/vscode.lock': Marking the lockfile as scheduled to be released in 6000 ms.
2023-10-01 16:48:53.445 [error] Canceled: Canceled
    at new h (/vscode/bin/linux-x64/abd2f3db4bdb28f9e95536dfa84d8479f1eb312d/out/vs/workbench/api/node/extensionHostProcess.js:108:57382)
    at i.O (/vscode/bin/linux-x64/abd2f3db4bdb28f9e95536dfa84d8479f1eb312d/out/vs/workbench/api/node/extensionHostProcess.js:117:10850)
    at Proxy.j.<computed>.T.charCodeAt.j.<computed> (/vscode/bin/linux-x64/abd2f3db4bdb28f9e95536dfa84d8479f1eb312d/out/vs/workbench/api/node/extensionHostProcess.js:117:8289)
    at r.g (/vscode/bin/linux-x64/abd2f3db4bdb28f9e95536dfa84d8479f1eb312d/out/vs/workbench/api/node/extensionHostProcess.js:108:82208)
    at r.executeCommand (/vscode/bin/linux-x64/abd2f3db4bdb28f9e95536dfa84d8479f1eb312d/out/vs/workbench/api/node/extensionHostProcess.js:108:81646)
    at u.registerCommand.description (/vscode/bin/linux-x64/abd2f3db4bdb28f9e95536dfa84d8479f1eb312d/out/vs/workbench/api/node/extensionHostProcess.js:108:80967)
    at r.h (/vscode/bin/linux-x64/abd2f3db4bdb28f9e95536dfa84d8479f1eb312d/out/vs/workbench/api/node/extensionHostProcess.js:108:82744)
    at r.g (/vscode/bin/linux-x64/abd2f3db4bdb28f9e95536dfa84d8479f1eb312d/out/vs/workbench/api/node/extensionHostProcess.js:108:81739)
    at r.executeCommand (/vscode/bin/linux-x64/abd2f3db4bdb28f9e95536dfa84d8479f1eb312d/out/vs/workbench/api/node/extensionHostProcess.js:108:81646)
    at Object.executeCommand (/vscode/bin/linux-x64/abd2f3db4bdb28f9e95536dfa84d8479f1eb312d/out/vs/workbench/api/node/extensionHostProcess.js:123:21247)
    at e0.reset (/home/ubuntu/.vscode-remote/extensions/github.vscode-pull-request-github-0.72.0/dist/extension.js:1805:3944)
    at e0.dispose (/home/ubuntu/.vscode-remote/extensions/github.vscode-pull-request-github-0.72.0/dist/extension.js:1805:4183)
    at k (/vscode/bin/linux-x64/abd2f3db4bdb28f9e95536dfa84d8479f1eb312d/out/vs/workbench/api/node/extensionHostProcess.js:13:11730)
    at n.Z (/vscode/bin/linux-x64/abd2f3db4bdb28f9e95536dfa84d8479f1eb312d/out/vs/workbench/api/node/extensionHostProcess.js:119:9652)
    at /vscode/bin/linux-x64/abd2f3db4bdb28f9e95536dfa84d8479f1eb312d/out/vs/workbench/api/node/extensionHostProcess.js:119:7585
    at Array.map (<anonymous>)
    at n.S (/vscode/bin/linux-x64/abd2f3db4bdb28f9e95536dfa84d8479f1eb312d/out/vs/workbench/api/node/extensionHostProcess.js:119:7572)
    at n.terminate (/vscode/bin/linux-x64/abd2f3db4bdb28f9e95536dfa84d8479f1eb312d/out/vs/workbench/api/node/extensionHostProcess.js:119:7844)
    at o.terminate (/vscode/bin/linux-x64/abd2f3db4bdb28f9e95536dfa84d8479f1eb312d/out/vs/workbench/api/node/extensionHostProcess.js:123:1513)
    at D (/vscode/bin/linux-x64/abd2f3db4bdb28f9e95536dfa84d8479f1eb312d/out/vs/workbench/api/node/extensionHostProcess.js:136:9800)
    at n.value (/vscode/bin/linux-x64/abd2f3db4bdb28f9e95536dfa84d8479f1eb312d/out/vs/workbench/api/node/extensionHostProcess.js:136:7847)
    at m.w (/vscode/bin/linux-x64/abd2f3db4bdb28f9e95536dfa84d8479f1eb312d/out/vs/workbench/api/node/extensionHostProcess.js:63:1902)
    at m.fire (/vscode/bin/linux-x64/abd2f3db4bdb28f9e95536dfa84d8479f1eb312d/out/vs/workbench/api/node/extensionHostProcess.js:63:2119)
    at v.fire (/vscode/bin/linux-x64/abd2f3db4bdb28f9e95536dfa84d8479f1eb312d/out/vs/workbench/api/node/extensionHostProcess.js:79:13940)
    at s.z (/vscode/bin/linux-x64/abd2f3db4bdb28f9e95536dfa84d8479f1eb312d/out/vs/workbench/api/node/extensionHostProcess.js:79:17005)
    at n.value (/vscode/bin/linux-x64/abd2f3db4bdb28f9e95536dfa84d8479f1eb312d/out/vs/workbench/api/node/extensionHostProcess.js:79:15457)
    at m.w (/vscode/bin/linux-x64/abd2f3db4bdb28f9e95536dfa84d8479f1eb312d/out/vs/workbench/api/node/extensionHostProcess.js:63:1902)
    at m.fire (/vscode/bin/linux-x64/abd2f3db4bdb28f9e95536dfa84d8479f1eb312d/out/vs/workbench/api/node/extensionHostProcess.js:63:2119)
    at n.acceptChunk (/vscode/bin/linux-x64/abd2f3db4bdb28f9e95536dfa84d8479f1eb312d/out/vs/workbench/api/node/extensionHostProcess.js:79:11714)
    at /vscode/bin/linux-x64/abd2f3db4bdb28f9e95536dfa84d8479f1eb312d/out/vs/workbench/api/node/extensionHostProcess.js:79:11001
    at Socket.p (/vscode/bin/linux-x64/abd2f3db4bdb28f9e95536dfa84d8479f1eb312d/out/vs/workbench/api/node/extensionHostProcess.js:133:12793)
    at Socket.emit (node:events:513:28)
    at addChunk (node:internal/streams/readable:324:12)
    at readableAddChunk (node:internal/streams/readable:297:9)
    at Socket.Readable.push (node:internal/streams/readable:234:10)
    at TCP.onStreamRead (node:internal/stream_base_commons:190:23) setContext undefined
2023-10-01 16:48:58.443 [info] Extension host with pid 1427 exiting with code 0
