2023-10-09 12:50:12.862 [info] Reading sessions from keychain...
2023-10-09 12:50:12.862 [info] Getting sessions for all scopes...
2023-10-09 12:50:12.862 [info] Getting sessions for user:email...
2023-10-09 12:50:12.862 [info] Got stored sessions!
2023-10-09 12:50:12.862 [info] Got 6 verified sessions.
2023-10-09 12:50:12.862 [info] Got 6 sessions for ...
2023-10-09 12:50:12.862 [info] Got 1 sessions for user:email...
2023-10-09 12:50:12.940 [info] Getting sessions for codespace,read:user,repo,user:email...
2023-10-09 12:50:12.940 [info] Got 1 sessions for codespace,read:user,repo,user:email...
2023-10-09 12:50:12.944 [info] Getting sessions for all scopes...
2023-10-09 12:50:12.944 [info] Got 6 sessions for ...
2023-10-09 12:50:14.390 [info] Getting sessions for all scopes...
2023-10-09 12:50:14.390 [info] Got 6 sessions for ...
2023-10-09 12:50:15.877 [info] Getting sessions for all scopes...
2023-10-09 12:50:15.877 [info] Got 6 sessions for ...
2023-10-09 12:50:16.893 [info] Getting sessions for all scopes...
2023-10-09 12:50:16.894 [info] Got 6 sessions for ...
2023-10-09 12:50:17.085 [info] Getting sessions for read:user,repo,user:email,workflow...
2023-10-09 12:50:17.085 [info] Getting sessions for all scopes...
2023-10-09 12:50:17.101 [info] Got 1 sessions for read:user,repo,user:email,workflow...
2023-10-09 12:50:17.101 [info] Got 6 sessions for ...
2023-10-09 12:50:17.288 [info] Getting sessions for all scopes...
2023-10-09 12:50:17.288 [info] Got 6 sessions for ...
2023-10-09 12:50:18.520 [info] Getting sessions for read:user,repo,user:email,workflow...
2023-10-09 12:50:18.520 [info] Got 1 sessions for read:user,repo,user:email,workflow...
2023-10-09 12:50:18.576 [info] Getting sessions for read:user,repo,user:email,workflow...
2023-10-09 12:50:18.576 [info] Got 1 sessions for read:user,repo,user:email,workflow...
2023-10-09 12:50:20.669 [info] Getting sessions for read:user,repo,user:email,workflow...
2023-10-09 12:50:20.670 [info] Got 1 sessions for read:user,repo,user:email,workflow...
2023-10-09 12:50:35.066 [info] Getting sessions for all scopes...
2023-10-09 12:50:35.066 [info] Got 6 sessions for ...
