0 verbose cli /usr/local/bin/node /usr/local/lib/node_modules/npm/bin/npm-cli.js
1 info using npm@9.6.7
2 info using node@v20.3.1
3 timing npm:load:whichnode Completed in 2ms
4 timing config:load:defaults Completed in 1ms
5 timing config:load:file:/usr/local/lib/node_modules/npm/npmrc Completed in 12ms
6 timing config:load:builtin Completed in 12ms
7 timing config:load:cli Completed in 2ms
8 timing config:load:env Completed in 0ms
9 timing config:load:file:/workspaces/143985177/indoor/.npmrc Completed in 0ms
10 timing config:load:project Completed in 1ms
11 timing config:load:file:/home/ubuntu/.npmrc Completed in 0ms
12 timing config:load:user Completed in 1ms
13 timing config:load:file:/usr/local/etc/npmrc Completed in 55ms
14 timing config:load:global Completed in 55ms
15 timing config:load:setEnvs Completed in 1ms
16 timing config:load Completed in 73ms
17 timing npm:load:configload Completed in 73ms
18 timing npm:load:mkdirpcache Completed in 0ms
19 timing npm:load:mkdirplogs Completed in 0ms
20 verbose title npm exec cs204 2023/indoor local
21 verbose argv "exec" "--" "cs204" "2023/indoor" "local"
22 timing npm:load:setTitle Completed in 1ms
23 timing config:load:flatten Completed in 2ms
24 timing npm:load:display Completed in 2ms
25 verbose logfile logs-max:10 dir:/home/ubuntu/.npm/_logs/2023-10-01T15_51_57_872Z-
26 verbose logfile /home/ubuntu/.npm/_logs/2023-10-01T15_51_57_872Z-debug-0.log
27 timing npm:load:logFile Completed in 7ms
28 timing npm:load:timers Completed in 0ms
29 timing npm:load:configScope Completed in 0ms
30 timing npm:load Completed in 86ms
31 timing arborist:ctor Completed in 1ms
32 silly logfile done cleaning log files
33 http fetch GET 200 https://registry.npmjs.org/npm 258ms (cache miss)
34 http fetch GET 200 https://registry.npmjs.org/cs204 683ms (cache miss)
35 timing arborist:ctor Completed in 0ms
36 timing arborist:ctor Completed in 0ms
37 timing arborist:ctor Completed in 0ms
38 timing idealTree:init Completed in 3ms
39 timing idealTree:userRequests Completed in 1ms
40 silly idealTree buildDeps
41 silly fetch manifest cs204@1.0.0
42 http fetch GET 200 https://registry.npmjs.org/cs204 8ms (cache hit)
43 silly placeDep ROOT cs204@1.0.0 OK for:  want: 1.0.0
44 silly fetch manifest chalk@^5.2.0
45 silly fetch manifest node-fetch@^3.3.0
46 silly fetch manifest readline-sync@^1.4.10
47 silly fetch manifest url-exists-nodejs@^0.2.4
48 http fetch GET 200 https://registry.npmjs.org/readline-sync 63ms (cache miss)
49 http fetch GET 200 https://registry.npmjs.org/node-fetch 67ms (cache miss)
50 http fetch GET 200 https://registry.npmjs.org/chalk 72ms (cache miss)
51 http fetch GET 200 https://registry.npmjs.org/url-exists-nodejs 913ms (cache miss)
52 timing idealTree:#root Completed in 929ms
53 silly placeDep ROOT chalk@5.3.0 OK for: cs204@1.0.0 want: ^5.2.0
54 silly placeDep ROOT node-fetch@3.3.2 OK for: cs204@1.0.0 want: ^3.3.0
55 silly fetch manifest data-uri-to-buffer@^4.0.0
56 silly fetch manifest fetch-blob@^3.1.4
57 silly fetch manifest formdata-polyfill@^4.0.10
58 silly placeDep ROOT readline-sync@1.4.10 OK for: cs204@1.0.0 want: ^1.4.10
59 silly placeDep ROOT url-exists-nodejs@0.2.4 OK for: cs204@1.0.0 want: ^0.2.4
60 http fetch GET 200 https://registry.npmjs.org/fetch-blob 37ms (cache miss)
61 http fetch GET 200 https://registry.npmjs.org/formdata-polyfill 47ms (cache miss)
62 http fetch GET 200 https://registry.npmjs.org/data-uri-to-buffer 50ms (cache miss)
63 timing idealTree:node_modules/cs204 Completed in 55ms
64 timing idealTree:node_modules/chalk Completed in 0ms
65 silly placeDep ROOT data-uri-to-buffer@4.0.1 OK for: node-fetch@3.3.2 want: ^4.0.0
66 silly placeDep ROOT fetch-blob@3.2.0 OK for: node-fetch@3.3.2 want: ^3.1.4
67 silly fetch manifest node-domexception@^1.0.0
68 silly fetch manifest web-streams-polyfill@^3.0.3
69 silly placeDep ROOT formdata-polyfill@4.0.10 OK for: node-fetch@3.3.2 want: ^4.0.10
70 http fetch GET 200 https://registry.npmjs.org/web-streams-polyfill 683ms (cache miss)
71 http fetch GET 200 https://registry.npmjs.org/node-domexception 701ms (cache miss)
72 timing idealTree:node_modules/node-fetch Completed in 705ms
73 timing idealTree:node_modules/data-uri-to-buffer Completed in 0ms
74 silly placeDep ROOT node-domexception@1.0.0 OK for: fetch-blob@3.2.0 want: ^1.0.0
75 silly placeDep ROOT web-streams-polyfill@3.2.1 OK for: fetch-blob@3.2.0 want: ^3.0.3
76 timing idealTree:node_modules/fetch-blob Completed in 3ms
77 timing idealTree:node_modules/formdata-polyfill Completed in 0ms
78 timing idealTree:node_modules/node-domexception Completed in 0ms
79 timing idealTree:node_modules/readline-sync Completed in 0ms
80 timing idealTree:node_modules/url-exists-nodejs Completed in 0ms
81 timing idealTree:node_modules/web-streams-polyfill Completed in 0ms
82 timing idealTree:buildDeps Completed in 1696ms
83 timing idealTree:fixDepFlags Completed in 0ms
84 timing idealTree Completed in 1702ms
85 timing reify:loadTrees Completed in 1702ms
86 timing reify:diffTrees Completed in 2ms
87 silly reify moves {}
88 timing reify:retireShallow Completed in 1ms
89 timing reify:createSparse Completed in 3ms
90 timing reify:loadBundles Completed in 0ms
91 silly audit bulk request {
91 silly audit   cs204: [ '1.0.0' ],
91 silly audit   chalk: [ '5.3.0' ],
91 silly audit   'node-fetch': [ '3.3.2' ],
91 silly audit   'readline-sync': [ '1.4.10' ],
91 silly audit   'url-exists-nodejs': [ '0.2.4' ],
91 silly audit   'data-uri-to-buffer': [ '4.0.1' ],
91 silly audit   'fetch-blob': [ '3.2.0' ],
91 silly audit   'formdata-polyfill': [ '4.0.10' ],
91 silly audit   'node-domexception': [ '1.0.0' ],
91 silly audit   'web-streams-polyfill': [ '3.2.1' ]
91 silly audit }
92 silly tarball no local data for web-streams-polyfill@https://registry.npmjs.org/web-streams-polyfill/-/web-streams-polyfill-3.2.1.tgz. Extracting by manifest.
93 silly tarball no local data for node-domexception@https://registry.npmjs.org/node-domexception/-/node-domexception-1.0.0.tgz. Extracting by manifest.
94 silly tarball no local data for formdata-polyfill@https://registry.npmjs.org/formdata-polyfill/-/formdata-polyfill-4.0.10.tgz. Extracting by manifest.
95 silly tarball no local data for fetch-blob@https://registry.npmjs.org/fetch-blob/-/fetch-blob-3.2.0.tgz. Extracting by manifest.
96 silly tarball no local data for data-uri-to-buffer@https://registry.npmjs.org/data-uri-to-buffer/-/data-uri-to-buffer-4.0.1.tgz. Extracting by manifest.
97 silly tarball no local data for url-exists-nodejs@https://registry.npmjs.org/url-exists-nodejs/-/url-exists-nodejs-0.2.4.tgz. Extracting by manifest.
98 silly tarball no local data for readline-sync@https://registry.npmjs.org/readline-sync/-/readline-sync-1.4.10.tgz. Extracting by manifest.
99 silly tarball no local data for node-fetch@https://registry.npmjs.org/node-fetch/-/node-fetch-3.3.2.tgz. Extracting by manifest.
100 silly tarball no local data for chalk@https://registry.npmjs.org/chalk/-/chalk-5.3.0.tgz. Extracting by manifest.
101 silly tarball no local data for cs204@https://registry.npmjs.org/cs204/-/cs204-1.0.0.tgz. Extracting by manifest.
102 http fetch GET 200 https://registry.npmjs.org/node-domexception/-/node-domexception-1.0.0.tgz 111ms (cache miss)
103 http fetch GET 200 https://registry.npmjs.org/data-uri-to-buffer/-/data-uri-to-buffer-4.0.1.tgz 126ms (cache miss)
104 timing reifyNode:node_modules/data-uri-to-buffer Completed in 147ms
105 http fetch GET 200 https://registry.npmjs.org/fetch-blob/-/fetch-blob-3.2.0.tgz 130ms (cache miss)
106 timing reifyNode:node_modules/fetch-blob Completed in 150ms
107 http fetch GET 200 https://registry.npmjs.org/formdata-polyfill/-/formdata-polyfill-4.0.10.tgz 136ms (cache miss)
108 timing reifyNode:node_modules/formdata-polyfill Completed in 155ms
109 http fetch GET 200 https://registry.npmjs.org/chalk/-/chalk-5.3.0.tgz 145ms (cache miss)
110 timing reifyNode:node_modules/chalk Completed in 167ms
111 timing reifyNode:node_modules/node-domexception Completed in 168ms
112 http fetch GET 200 https://registry.npmjs.org/readline-sync/-/readline-sync-1.4.10.tgz 150ms (cache miss)
113 timing reifyNode:node_modules/readline-sync Completed in 171ms
114 http fetch GET 200 https://registry.npmjs.org/node-fetch/-/node-fetch-3.3.2.tgz 152ms (cache miss)
115 timing reifyNode:node_modules/node-fetch Completed in 174ms
116 http fetch POST 200 https://registry.npmjs.org/-/npm/v1/security/advisories/bulk 209ms
117 timing auditReport:getReport Completed in 213ms
118 silly audit report {}
119 timing auditReport:init Completed in 0ms
120 timing reify:audit Completed in 213ms
121 http fetch GET 200 https://registry.npmjs.org/web-streams-polyfill/-/web-streams-polyfill-3.2.1.tgz 243ms (cache miss)
122 timing reifyNode:node_modules/web-streams-polyfill Completed in 261ms
123 http fetch GET 200 https://registry.npmjs.org/url-exists-nodejs/-/url-exists-nodejs-0.2.4.tgz 798ms (cache miss)
124 timing reifyNode:node_modules/url-exists-nodejs Completed in 819ms
125 http fetch GET 200 https://registry.npmjs.org/cs204/-/cs204-1.0.0.tgz 1369ms (cache miss)
126 timing reifyNode:node_modules/cs204 Completed in 1392ms
127 timing reify:unpack Completed in 1393ms
128 timing reify:unretire Completed in 0ms
129 timing build:queue Completed in 2ms
130 timing build:link:node_modules/cs204 Completed in 2ms
131 timing build:link Completed in 2ms
132 timing build:deps Completed in 4ms
133 timing build Completed in 4ms
134 timing reify:build Completed in 4ms
135 timing reify:trash Completed in 0ms
136 timing reify:save Completed in 8ms
137 timing reify Completed in 3135ms
138 timing command:exec Completed in 8168ms
139 notice
139 notice New [31mmajor[39m version of npm available! [31m9.6.7[39m -> [32m10.1.0[39m
139 notice Changelog: [36mhttps://github.com/npm/cli/releases/tag/v10.1.0[39m
139 notice Run [32mnpm install -g npm@10.1.0[39m to update!
139 notice
140 verbose exit 0
141 timing npm Completed in 8752ms
142 info ok
