2023-10-23 12:07:03.940 [info] Reading sessions from keychain...
2023-10-23 12:07:03.940 [info] Getting sessions for all scopes...
2023-10-23 12:07:03.940 [info] Getting sessions for user:email...
2023-10-23 12:07:03.941 [info] Got stored sessions!
2023-10-23 12:07:03.941 [info] Got 6 verified sessions.
2023-10-23 12:07:03.941 [info] Got 6 sessions for ...
2023-10-23 12:07:03.941 [info] Got 1 sessions for user:email...
2023-10-23 12:07:03.945 [info] Getting sessions for all scopes...
2023-10-23 12:07:03.945 [info] Got 6 sessions for ...
2023-10-23 12:07:04.028 [info] Getting sessions for codespace,read:user,repo,user:email...
2023-10-23 12:07:04.028 [info] Got 1 sessions for codespace,read:user,repo,user:email...
2023-10-23 12:07:04.073 [info] Getting sessions for all scopes...
2023-10-23 12:07:04.073 [info] Got 6 sessions for ...
2023-10-23 12:07:05.823 [info] Getting sessions for all scopes...
2023-10-23 12:07:05.823 [info] Got 6 sessions for ...
2023-10-23 12:07:08.144 [info] Getting sessions for all scopes...
2023-10-23 12:07:08.145 [info] Got 6 sessions for ...
2023-10-23 12:07:08.433 [info] Getting sessions for all scopes...
2023-10-23 12:07:08.433 [info] Got 6 sessions for ...
2023-10-23 12:07:08.952 [info] Getting sessions for all scopes...
2023-10-23 12:07:08.952 [info] Got 6 sessions for ...
2023-10-23 12:07:09.227 [info] Getting sessions for all scopes...
2023-10-23 12:07:09.227 [info] Got 6 sessions for ...
2023-10-23 12:07:09.889 [info] Getting sessions for read:user,repo,user:email,workflow...
2023-10-23 12:07:09.889 [info] Got 1 sessions for read:user,repo,user:email,workflow...
2023-10-23 12:07:10.266 [info] Getting sessions for read:user,repo,user:email,workflow...
2023-10-23 12:07:10.266 [info] Got 1 sessions for read:user,repo,user:email,workflow...
2023-10-23 12:07:12.180 [info] Getting sessions for read:user,repo,user:email,workflow...
2023-10-23 12:07:12.180 [info] Got 1 sessions for read:user,repo,user:email,workflow...
2023-10-23 12:07:13.715 [info] Getting sessions for read:user,repo,user:email,workflow...
2023-10-23 12:07:13.715 [info] Got 1 sessions for read:user,repo,user:email,workflow...
