2023-10-15 18:36:57.884 [info] Уровень ведения журнала: Info
2023-10-15 18:36:57.884 [info] Проверка найденного Git в: "git"
2023-10-15 18:36:57.884 [info] Используется Git "2.34.1" из "git"
2023-10-15 18:36:57.884 [info] > git rev-parse --show-toplevel [9ms]
2023-10-15 18:36:57.884 [info] > git rev-parse --git-dir --git-common-dir [6ms]
2023-10-15 18:36:57.884 [info] Open repository: /workspaces/143985177
2023-10-15 18:36:57.884 [info] > git config --get commit.template [20ms]
2023-10-15 18:36:57.884 [info] > git rev-parse --show-toplevel [5ms]
2023-10-15 18:36:57.884 [info] > git for-each-ref --format=%(refname)%00%(upstream:short)%00%(objectname)%00%(upstream:track)%00%(upstream:remotename)%00%(upstream:remoteref) refs/heads/main refs/remotes/main [21ms]
2023-10-15 18:36:57.884 [info] > git rev-parse --show-toplevel [27ms]
2023-10-15 18:36:57.884 [info] > git status -z -uall [69ms]
2023-10-15 18:36:57.884 [info] > git rev-parse --show-toplevel [47ms]
2023-10-15 18:36:57.884 [info] > git config --get commit.template [24ms]
2023-10-15 18:36:57.884 [info] > git rev-parse --show-toplevel [91ms]
2023-10-15 18:36:57.884 [info] > git rev-parse --show-toplevel [90ms]
2023-10-15 18:36:57.884 [info] > git for-each-ref --format=%(refname)%00%(upstream:short)%00%(objectname)%00%(upstream:track)%00%(upstream:remotename)%00%(upstream:remoteref) refs/heads/main refs/remotes/main [111ms]
2023-10-15 18:36:58.008 [info] > git status -z -uall [169ms]
2023-10-15 18:36:58.610 [info] > git rev-parse --show-toplevel [708ms]
2023-10-15 18:36:58.796 [info] > git check-ignore -v -z --stdin [153ms]
2023-10-15 18:36:58.817 [info] > git fetch [1440ms]
2023-10-15 18:36:58.861 [info] > git rev-parse --show-toplevel [200ms]
2023-10-15 18:36:58.871 [info] > git config --get commit.template [34ms]
2023-10-15 18:36:58.919 [info] > git rev-parse --show-toplevel [32ms]
2023-10-15 18:36:58.941 [info] > git for-each-ref --format=%(refname)%00%(upstream:short)%00%(objectname)%00%(upstream:track)%00%(upstream:remotename)%00%(upstream:remoteref) refs/heads/main refs/remotes/main [35ms]
2023-10-15 18:36:58.973 [info] > git rev-parse --show-toplevel [36ms]
2023-10-15 18:36:58.995 [info] > git status -z -uall [36ms]
2023-10-15 18:36:58.999 [info] > git rev-parse --show-toplevel [5ms]
2023-10-15 18:36:59.036 [info] > git rev-parse --show-toplevel [18ms]
2023-10-15 18:36:59.119 [info] > git show --textconv :playback/playback.py [60ms]
2023-10-15 18:36:59.120 [info] > git ls-files --stage -- /workspaces/143985177/playback/playback.py [42ms]
2023-10-15 18:36:59.141 [info] > git cat-file -s 6f90f09cae7003ea53f25b2dd3eb943cb0d7a68a [4ms]
2023-10-15 18:37:00.287 [info] > git ls-files --stage -- /workspaces/143985177/playback/playback.py [11ms]
2023-10-15 18:37:00.324 [info] > git cat-file -s 6f90f09cae7003ea53f25b2dd3eb943cb0d7a68a [16ms]
2023-10-15 18:37:00.482 [info] > git show --textconv :playback/playback.py [8ms]
2023-10-15 18:37:01.023 [info] > git config --local branch.main.github-pr-owner-number [304ms]
2023-10-15 18:37:01.131 [info] > git config --get commit.template [30ms]
2023-10-15 18:37:01.302 [info] > git for-each-ref --format=%(refname)%00%(upstream:short)%00%(objectname)%00%(upstream:track)%00%(upstream:remotename)%00%(upstream:remoteref) refs/heads/main refs/remotes/main [101ms]
2023-10-15 18:37:01.462 [info] > git status -z -uall [128ms]
2023-10-15 18:38:31.283 [info] > git config --get commit.template [17ms]
2023-10-15 18:38:31.283 [info] > git for-each-ref --format=%(refname)%00%(upstream:short)%00%(objectname)%00%(upstream:track)%00%(upstream:remotename)%00%(upstream:remoteref) refs/heads/main refs/remotes/main [2ms]
2023-10-15 18:38:31.312 [info] > git status -z -uall [14ms]
2023-10-15 18:38:31.523 [info] > git check-ignore -v -z --stdin [2ms]
2023-10-15 18:38:55.432 [info] > git show --textconv :extensions/extensions.py [81ms]
2023-10-15 18:38:55.433 [info] > git check-ignore -v -z --stdin [4ms]
2023-10-15 18:38:55.434 [info] > git ls-files --stage -- /workspaces/143985177/extensions/extensions.py [39ms]
2023-10-15 18:38:55.729 [info] > git for-each-ref --format=%(refname)%00%(upstream:short)%00%(objectname)%00%(upstream:track)%00%(upstream:remotename)%00%(upstream:remoteref) refs/heads/main refs/remotes/main [2ms]
2023-10-15 18:38:55.729 [info] > git config --get commit.template [20ms]
2023-10-15 18:38:55.756 [info] > git status -z -uall [12ms]
2023-10-15 18:39:02.546 [info] > git check-ignore -v -z --stdin [3ms]
2023-10-15 18:39:03.280 [info] > git show --textconv :bank/bank.py [21ms]
2023-10-15 18:39:03.281 [info] > git ls-files --stage -- /workspaces/143985177/bank/bank.py [5ms]
2023-10-15 18:39:05.185 [info] > git show --textconv :extensions/extensions.py [19ms]
2023-10-15 18:39:05.185 [info] > git ls-files --stage -- /workspaces/143985177/extensions/extensions.py [3ms]
2023-10-15 18:39:32.714 [info] > git config --get commit.template [18ms]
2023-10-15 18:39:32.715 [info] > git for-each-ref --format=%(refname)%00%(upstream:short)%00%(objectname)%00%(upstream:track)%00%(upstream:remotename)%00%(upstream:remoteref) refs/heads/main refs/remotes/main [2ms]
2023-10-15 18:39:32.742 [info] > git status -z -uall [12ms]
2023-10-15 18:39:59.579 [info] > git fetch [563ms]
2023-10-15 18:39:59.612 [info] > git config --get commit.template [16ms]
2023-10-15 18:39:59.613 [info] > git for-each-ref --format=%(refname)%00%(upstream:short)%00%(objectname)%00%(upstream:track)%00%(upstream:remotename)%00%(upstream:remoteref) refs/heads/main refs/remotes/main [2ms]
2023-10-15 18:39:59.641 [info] > git status -z -uall [13ms]
2023-10-15 18:40:00.822 [info] > git config --get commit.template [17ms]
2023-10-15 18:40:00.823 [info] > git for-each-ref --format=%(refname)%00%(upstream:short)%00%(objectname)%00%(upstream:track)%00%(upstream:remotename)%00%(upstream:remoteref) refs/heads/main refs/remotes/main [2ms]
2023-10-15 18:40:00.856 [info] > git status -z -uall [13ms]
2023-10-15 18:40:01.040 [info] > git ls-files --stage -- /workspaces/143985177/extensions/extensions.py [2ms]
2023-10-15 18:40:01.159 [info] > git show --textconv :extensions/extensions.py [2ms]
2023-10-15 18:42:00.018 [info] > git config --local branch.main.github-pr-owner-number [2ms]
2023-10-15 18:42:00.051 [info] > git config --get commit.template [17ms]
2023-10-15 18:42:00.053 [info] > git for-each-ref --format=%(refname)%00%(upstream:short)%00%(objectname)%00%(upstream:track)%00%(upstream:remotename)%00%(upstream:remoteref) refs/heads/main refs/remotes/main [2ms]
2023-10-15 18:42:00.082 [info] > git status -z -uall [14ms]
2023-10-15 18:43:00.215 [info] > git fetch [556ms]
2023-10-15 18:43:00.234 [info] > git config --get commit.template [1ms]
2023-10-15 18:43:00.252 [info] > git for-each-ref --format=%(refname)%00%(upstream:short)%00%(objectname)%00%(upstream:track)%00%(upstream:remotename)%00%(upstream:remoteref) refs/heads/main refs/remotes/main [2ms]
2023-10-15 18:43:00.280 [info] > git status -z -uall [11ms]
2023-10-15 18:46:00.875 [info] > git fetch [573ms]
2023-10-15 18:46:00.909 [info] > git config --get commit.template [17ms]
2023-10-15 18:46:00.911 [info] > git for-each-ref --format=%(refname)%00%(upstream:short)%00%(objectname)%00%(upstream:track)%00%(upstream:remotename)%00%(upstream:remoteref) refs/heads/main refs/remotes/main [2ms]
2023-10-15 18:46:00.942 [info] > git status -z -uall [13ms]
2023-10-15 18:47:00.104 [info] > git config --local branch.main.github-pr-owner-number [1ms]
2023-10-15 18:47:00.139 [info] > git config --get commit.template [17ms]
2023-10-15 18:47:00.141 [info] > git for-each-ref --format=%(refname)%00%(upstream:short)%00%(objectname)%00%(upstream:track)%00%(upstream:remotename)%00%(upstream:remoteref) refs/heads/main refs/remotes/main [2ms]
2023-10-15 18:47:00.169 [info] > git status -z -uall [12ms]
2023-10-15 18:49:01.548 [info] > git fetch [587ms]
2023-10-15 18:49:01.582 [info] > git config --get commit.template [17ms]
2023-10-15 18:49:01.584 [info] > git for-each-ref --format=%(refname)%00%(upstream:short)%00%(objectname)%00%(upstream:track)%00%(upstream:remotename)%00%(upstream:remoteref) refs/heads/main refs/remotes/main [2ms]
2023-10-15 18:49:01.612 [info] > git status -z -uall [13ms]
2023-10-15 18:52:00.190 [info] > git config --local branch.main.github-pr-owner-number [2ms]
2023-10-15 18:52:00.225 [info] > git config --get commit.template [18ms]
2023-10-15 18:52:00.226 [info] > git for-each-ref --format=%(refname)%00%(upstream:short)%00%(objectname)%00%(upstream:track)%00%(upstream:remotename)%00%(upstream:remoteref) refs/heads/main refs/remotes/main [2ms]
2023-10-15 18:52:00.254 [info] > git status -z -uall [12ms]
2023-10-15 18:52:02.338 [info] > git fetch [706ms]
2023-10-15 18:52:02.372 [info] > git config --get commit.template [16ms]
2023-10-15 18:52:02.374 [info] > git for-each-ref --format=%(refname)%00%(upstream:short)%00%(objectname)%00%(upstream:track)%00%(upstream:remotename)%00%(upstream:remoteref) refs/heads/main refs/remotes/main [3ms]
2023-10-15 18:52:02.415 [info] > git status -z -uall [24ms]
2023-10-15 18:55:02.985 [info] > git fetch [551ms]
2023-10-15 18:55:03.021 [info] > git config --get commit.template [17ms]
2023-10-15 18:55:03.022 [info] > git for-each-ref --format=%(refname)%00%(upstream:short)%00%(objectname)%00%(upstream:track)%00%(upstream:remotename)%00%(upstream:remoteref) refs/heads/main refs/remotes/main [2ms]
2023-10-15 18:55:03.050 [info] > git status -z -uall [12ms]
2023-10-15 18:57:00.275 [info] > git config --local branch.main.github-pr-owner-number [1ms]
2023-10-15 18:57:00.311 [info] > git config --get commit.template [19ms]
2023-10-15 18:57:00.312 [info] > git for-each-ref --format=%(refname)%00%(upstream:short)%00%(objectname)%00%(upstream:track)%00%(upstream:remotename)%00%(upstream:remoteref) refs/heads/main refs/remotes/main [2ms]
2023-10-15 18:57:00.340 [info] > git status -z -uall [12ms]
2023-10-15 18:58:03.624 [info] > git fetch [554ms]
2023-10-15 18:58:03.660 [info] > git config --get commit.template [17ms]
2023-10-15 18:58:03.661 [info] > git for-each-ref --format=%(refname)%00%(upstream:short)%00%(objectname)%00%(upstream:track)%00%(upstream:remotename)%00%(upstream:remoteref) refs/heads/main refs/remotes/main [2ms]
2023-10-15 18:58:03.689 [info] > git status -z -uall [12ms]
2023-10-15 19:01:04.258 [info] > git fetch [549ms]
2023-10-15 19:01:04.293 [info] > git config --get commit.template [17ms]
2023-10-15 19:01:04.294 [info] > git for-each-ref --format=%(refname)%00%(upstream:short)%00%(objectname)%00%(upstream:track)%00%(upstream:remotename)%00%(upstream:remoteref) refs/heads/main refs/remotes/main [2ms]
2023-10-15 19:01:04.323 [info] > git status -z -uall [12ms]
2023-10-15 19:02:00.361 [info] > git config --local branch.main.github-pr-owner-number [1ms]
2023-10-15 19:02:00.396 [info] > git config --get commit.template [18ms]
2023-10-15 19:02:00.398 [info] > git for-each-ref --format=%(refname)%00%(upstream:short)%00%(objectname)%00%(upstream:track)%00%(upstream:remotename)%00%(upstream:remoteref) refs/heads/main refs/remotes/main [3ms]
2023-10-15 19:02:00.437 [info] > git status -z -uall [17ms]
2023-10-15 19:04:04.881 [info] > git fetch [538ms]
2023-10-15 19:04:04.921 [info] > git config --get commit.template [19ms]
2023-10-15 19:04:04.922 [info] > git for-each-ref --format=%(refname)%00%(upstream:short)%00%(objectname)%00%(upstream:track)%00%(upstream:remotename)%00%(upstream:remoteref) refs/heads/main refs/remotes/main [2ms]
2023-10-15 19:04:04.952 [info] > git status -z -uall [12ms]
2023-10-15 19:07:00.458 [info] > git config --local branch.main.github-pr-owner-number [1ms]
2023-10-15 19:07:00.492 [info] > git config --get commit.template [17ms]
2023-10-15 19:07:00.493 [info] > git for-each-ref --format=%(refname)%00%(upstream:short)%00%(objectname)%00%(upstream:track)%00%(upstream:remotename)%00%(upstream:remoteref) refs/heads/main refs/remotes/main [3ms]
2023-10-15 19:07:00.524 [info] > git status -z -uall [13ms]
2023-10-15 19:07:05.517 [info] > git fetch [540ms]
2023-10-15 19:07:05.552 [info] > git config --get commit.template [17ms]
2023-10-15 19:07:05.554 [info] > git for-each-ref --format=%(refname)%00%(upstream:short)%00%(objectname)%00%(upstream:track)%00%(upstream:remotename)%00%(upstream:remoteref) refs/heads/main refs/remotes/main [3ms]
2023-10-15 19:07:05.582 [info] > git status -z -uall [12ms]
2023-10-15 19:10:06.231 [info] > git fetch [630ms]
2023-10-15 19:10:06.268 [info] > git config --get commit.template [18ms]
2023-10-15 19:10:06.269 [info] > git for-each-ref --format=%(refname)%00%(upstream:short)%00%(objectname)%00%(upstream:track)%00%(upstream:remotename)%00%(upstream:remoteref) refs/heads/main refs/remotes/main [2ms]
2023-10-15 19:10:06.297 [info] > git status -z -uall [12ms]
