2023-10-01 19:29:21.401 [info] Extension host with pid 66826 started
2023-10-01 19:29:21.445 [info] Lock '/home/ubuntu/.vscode-remote/data/User/workspaceStorage/4fcc469b/vscode.lock': Lock acquired.
2023-10-01 19:29:50.103 [info] ExtensionService#_doActivateExtension GitHub.codespaces, startup: false, activationEvent: 'onCommand:github.codespaces.activate'
2023-10-01 19:29:50.103 [info] ExtensionService#_doActivateExtension vscode.git-base, startup: false, activationEvent: '*', root cause: vscode.git
2023-10-01 19:29:50.104 [info] ExtensionService#_doActivateExtension vscode.tunnel-forwarding, startup: false, activationEvent: 'onTunnel'
2023-10-01 19:29:50.104 [info] ExtensionService#_doActivateExtension vscode.github-authentication, startup: false, activationEvent: 'onAuthenticationRequest:github'
2023-10-01 19:29:50.104 [info] ExtensionService#_doActivateExtension vscode.html-language-features, startup: false, activationEvent: 'onLanguage:html'
2023-10-01 19:29:50.105 [info] ExtensionService#_doActivateExtension vscode.emmet, startup: false, activationEvent: 'onLanguage'
2023-10-01 19:29:50.299 [warning] Using default string since no string found in i18n bundle that has the key: Keep Defaults
2023-10-01 19:29:50.299 [warning] Using default string since no string found in i18n bundle that has the key: Configure Options
2023-10-01 19:29:50.299 [warning] Using default string since no string found in i18n bundle that has the key: Finish
2023-10-01 19:29:50.302 [warning] Using default string since no string found in i18n bundle that has the key: Learn More
2023-10-01 19:29:50.302 [warning] Using default string since no string found in i18n bundle that has the key: Documentation on predefined container definitions
2023-10-01 19:29:54.168 [info] ExtensionService#_doActivateExtension vscode.git, startup: false, activationEvent: '*'
2023-10-01 19:29:54.169 [info] ExtensionService#_doActivateExtension vscode.github, startup: false, activationEvent: '*'
2023-10-01 19:29:55.512 [info] ExtensionService#_doActivateExtension vscode.microsoft-authentication, startup: false, activationEvent: 'onAuthenticationRequest:microsoft'
2023-10-01 19:29:55.560 [info] Eager extensions activated
2023-10-01 19:29:55.560 [info] ExtensionService#_doActivateExtension vscode.debug-auto-launch, startup: false, activationEvent: 'onStartupFinished'
2023-10-01 19:29:55.560 [info] ExtensionService#_doActivateExtension vscode.merge-conflict, startup: false, activationEvent: 'onStartupFinished'
2023-10-01 19:29:55.561 [info] ExtensionService#_doActivateExtension CS50.cs50, startup: false, activationEvent: 'onStartupFinished'
2023-10-01 19:29:55.561 [info] ExtensionService#_doActivateExtension CS50.ddb50, startup: false, activationEvent: 'onStartupFinished'
2023-10-01 19:29:55.561 [info] ExtensionService#_doActivateExtension CS50.explain50, startup: false, activationEvent: 'onStartupFinished'
2023-10-01 19:29:55.562 [info] ExtensionService#_doActivateExtension CS50.extension-uninstaller, startup: false, activationEvent: 'onStartupFinished'
2023-10-01 19:29:55.562 [info] ExtensionService#_doActivateExtension CS50.phpliteadmin, startup: false, activationEvent: 'onStartupFinished'
2023-10-01 19:29:55.562 [info] ExtensionService#_doActivateExtension CS50.style50, startup: false, activationEvent: 'onStartupFinished'
2023-10-01 19:29:55.563 [info] ExtensionService#_doActivateExtension GitHub.vscode-pull-request-github, startup: false, activationEvent: 'onStartupFinished'
2023-10-01 19:29:55.563 [info] ExtensionService#_doActivateExtension inferrinizzard.prettier-sql-vscode, startup: false, activationEvent: 'onStartupFinished'
2023-10-01 19:29:59.294 [info] ExtensionService#_doActivateExtension ms-vsliveshare.vsliveshare, startup: false, activationEvent: 'api', root cause: GitHub.vscode-pull-request-github
2023-10-01 19:31:58.539 [error] Error: command 'gitdoc.enable' not found
    at C.k (https://assets.github.dev/stable/abd2f3db4bdb28f9e95536dfa84d8479f1eb312d/out/vs/workbench/workbench.web.main.js:1556:12284)
    at C.executeCommand (https://assets.github.dev/stable/abd2f3db4bdb28f9e95536dfa84d8479f1eb312d/out/vs/workbench/workbench.web.main.js:1556:12213)
2023-10-01 19:35:28.038 [info] ExtensionService#_doActivateExtension vscode.css-language-features, startup: false, activationEvent: 'onLanguage:css'
