2023-10-09 12:50:04.853 [info] Extension host with pid 12697 started
2023-10-09 12:50:04.876 [info] Lock '/home/ubuntu/.vscode-remote/data/User/workspaceStorage/2e3ad23b/vscode.lock': Lock acquired.
2023-10-09 12:50:07.782 [info] ExtensionService#_doActivateExtension vscode.emmet, startup: false, activationEvent: 'onLanguage'
2023-10-09 12:50:07.783 [info] ExtensionService#_doActivateExtension GitHub.codespaces, startup: false, activationEvent: 'onCommand:github.codespaces.activate'
2023-10-09 12:50:07.784 [info] ExtensionService#_doActivateExtension vscode.git-base, startup: false, activationEvent: '*', root cause: vscode.git
2023-10-09 12:50:07.784 [info] ExtensionService#_doActivateExtension vscode.html-language-features, startup: false, activationEvent: 'onLanguage:html'
2023-10-09 12:50:07.784 [info] ExtensionService#_doActivateExtension vscode.github-authentication, startup: false, activationEvent: 'onAuthenticationRequest:github'
2023-10-09 12:50:07.785 [info] ExtensionService#_doActivateExtension vscode.tunnel-forwarding, startup: false, activationEvent: 'onTunnel'
2023-10-09 12:50:07.785 [info] ExtensionService#_doActivateExtension vscode.json-language-features, startup: false, activationEvent: 'onLanguage:jsonc'
2023-10-09 12:50:07.785 [info] ExtensionService#_doActivateExtension vscode.typescript-language-features, startup: false, activationEvent: 'onLanguage:jsonc'
2023-10-09 12:50:07.991 [warning] Using default string since no string found in i18n bundle that has the key: Keep Defaults
2023-10-09 12:50:07.991 [warning] Using default string since no string found in i18n bundle that has the key: Configure Options
2023-10-09 12:50:07.991 [warning] Using default string since no string found in i18n bundle that has the key: Finish
2023-10-09 12:50:07.993 [warning] Using default string since no string found in i18n bundle that has the key: Learn More
2023-10-09 12:50:07.993 [warning] Using default string since no string found in i18n bundle that has the key: Documentation on predefined container definitions
2023-10-09 12:50:11.844 [info] ExtensionService#_doActivateExtension vscode.git, startup: false, activationEvent: '*'
2023-10-09 12:50:11.844 [info] ExtensionService#_doActivateExtension vscode.github, startup: false, activationEvent: '*'
2023-10-09 12:50:15.891 [info] Eager extensions activated
2023-10-09 12:50:15.891 [info] ExtensionService#_doActivateExtension vscode.debug-auto-launch, startup: false, activationEvent: 'onStartupFinished'
2023-10-09 12:50:15.891 [info] ExtensionService#_doActivateExtension vscode.merge-conflict, startup: false, activationEvent: 'onStartupFinished'
2023-10-09 12:50:15.891 [info] ExtensionService#_doActivateExtension CS50.cs50, startup: false, activationEvent: 'onStartupFinished'
2023-10-09 12:50:15.891 [info] ExtensionService#_doActivateExtension CS50.ddb50, startup: false, activationEvent: 'onStartupFinished'
2023-10-09 12:50:15.892 [info] ExtensionService#_doActivateExtension CS50.explain50, startup: false, activationEvent: 'onStartupFinished'
2023-10-09 12:50:15.892 [info] ExtensionService#_doActivateExtension CS50.extension-uninstaller, startup: false, activationEvent: 'onStartupFinished'
2023-10-09 12:50:15.892 [info] ExtensionService#_doActivateExtension CS50.phpliteadmin, startup: false, activationEvent: 'onStartupFinished'
2023-10-09 12:50:15.892 [info] ExtensionService#_doActivateExtension CS50.style50, startup: false, activationEvent: 'onStartupFinished'
2023-10-09 12:50:15.892 [info] ExtensionService#_doActivateExtension GitHub.vscode-pull-request-github, startup: false, activationEvent: 'onStartupFinished'
2023-10-09 12:50:15.892 [info] ExtensionService#_doActivateExtension inferrinizzard.prettier-sql-vscode, startup: false, activationEvent: 'onStartupFinished'
2023-10-09 12:50:18.832 [info] ExtensionService#_doActivateExtension ms-vsliveshare.vsliveshare, startup: false, activationEvent: 'api', root cause: GitHub.vscode-pull-request-github
2023-10-09 12:51:01.742 [info] Extension host terminating: received terminate message from renderer
2023-10-09 12:51:01.742 [info] Lock '/home/ubuntu/.vscode-remote/data/User/workspaceStorage/2e3ad23b/vscode.lock': Marking the lockfile as scheduled to be released in 6000 ms.
2023-10-09 12:51:01.811 [error] Canceled: Canceled
    at Object.I [as $4] (/vscode/bin/linux-x64/e7e037083ff4455cf320e344325dacb480062c3c/out/vs/workbench/api/node/extensionHostProcess.js:10:1032)
    at /vscode/bin/linux-x64/e7e037083ff4455cf320e344325dacb480062c3c/out/vs/workbench/api/node/extensionHostProcess.js:135:7673
    at Array.forEach (<anonymous>)
    at i.dispose (/vscode/bin/linux-x64/e7e037083ff4455cf320e344325dacb480062c3c/out/vs/workbench/api/node/extensionHostProcess.js:135:7611)
    at s.terminate (/vscode/bin/linux-x64/e7e037083ff4455cf320e344325dacb480062c3c/out/vs/workbench/api/node/extensionHostProcess.js:137:8031)
    at o.terminate (/vscode/bin/linux-x64/e7e037083ff4455cf320e344325dacb480062c3c/out/vs/workbench/api/node/extensionHostProcess.js:141:1513)
    at l (/vscode/bin/linux-x64/e7e037083ff4455cf320e344325dacb480062c3c/out/vs/workbench/api/node/extensionHostProcess.js:154:9801)
    at s.value (/vscode/bin/linux-x64/e7e037083ff4455cf320e344325dacb480062c3c/out/vs/workbench/api/node/extensionHostProcess.js:154:7848)
    at c.z (/vscode/bin/linux-x64/e7e037083ff4455cf320e344325dacb480062c3c/out/vs/workbench/api/node/extensionHostProcess.js:80:1902)
    at c.fire (/vscode/bin/linux-x64/e7e037083ff4455cf320e344325dacb480062c3c/out/vs/workbench/api/node/extensionHostProcess.js:80:2119)
    at g.fire (/vscode/bin/linux-x64/e7e037083ff4455cf320e344325dacb480062c3c/out/vs/workbench/api/node/extensionHostProcess.js:96:14010)
    at r.z (/vscode/bin/linux-x64/e7e037083ff4455cf320e344325dacb480062c3c/out/vs/workbench/api/node/extensionHostProcess.js:96:17075)
    at s.value (/vscode/bin/linux-x64/e7e037083ff4455cf320e344325dacb480062c3c/out/vs/workbench/api/node/extensionHostProcess.js:96:15527)
    at c.z (/vscode/bin/linux-x64/e7e037083ff4455cf320e344325dacb480062c3c/out/vs/workbench/api/node/extensionHostProcess.js:80:1902)
    at c.fire (/vscode/bin/linux-x64/e7e037083ff4455cf320e344325dacb480062c3c/out/vs/workbench/api/node/extensionHostProcess.js:80:2119)
    at s.acceptChunk (/vscode/bin/linux-x64/e7e037083ff4455cf320e344325dacb480062c3c/out/vs/workbench/api/node/extensionHostProcess.js:96:11784)
    at /vscode/bin/linux-x64/e7e037083ff4455cf320e344325dacb480062c3c/out/vs/workbench/api/node/extensionHostProcess.js:96:11071
    at Socket.f (/vscode/bin/linux-x64/e7e037083ff4455cf320e344325dacb480062c3c/out/vs/workbench/api/node/extensionHostProcess.js:151:12873)
    at Socket.emit (node:events:513:28)
    at addChunk (node:internal/streams/readable:324:12)
    at readableAddChunk (node:internal/streams/readable:297:9)
    at Socket.Readable.push (node:internal/streams/readable:234:10)
    at TCP.onStreamRead (node:internal/stream_base_commons:190:23) setContext undefined
2023-10-09 12:51:01.812 [error] Canceled: Canceled
    at Object.I [as $4] (/vscode/bin/linux-x64/e7e037083ff4455cf320e344325dacb480062c3c/out/vs/workbench/api/node/extensionHostProcess.js:10:1032)
    at /vscode/bin/linux-x64/e7e037083ff4455cf320e344325dacb480062c3c/out/vs/workbench/api/node/extensionHostProcess.js:135:7673
    at Array.forEach (<anonymous>)
    at i.dispose (/vscode/bin/linux-x64/e7e037083ff4455cf320e344325dacb480062c3c/out/vs/workbench/api/node/extensionHostProcess.js:135:7611)
    at s.terminate (/vscode/bin/linux-x64/e7e037083ff4455cf320e344325dacb480062c3c/out/vs/workbench/api/node/extensionHostProcess.js:137:8031)
    at o.terminate (/vscode/bin/linux-x64/e7e037083ff4455cf320e344325dacb480062c3c/out/vs/workbench/api/node/extensionHostProcess.js:141:1513)
    at l (/vscode/bin/linux-x64/e7e037083ff4455cf320e344325dacb480062c3c/out/vs/workbench/api/node/extensionHostProcess.js:154:9801)
    at s.value (/vscode/bin/linux-x64/e7e037083ff4455cf320e344325dacb480062c3c/out/vs/workbench/api/node/extensionHostProcess.js:154:7848)
    at c.z (/vscode/bin/linux-x64/e7e037083ff4455cf320e344325dacb480062c3c/out/vs/workbench/api/node/extensionHostProcess.js:80:1902)
    at c.fire (/vscode/bin/linux-x64/e7e037083ff4455cf320e344325dacb480062c3c/out/vs/workbench/api/node/extensionHostProcess.js:80:2119)
    at g.fire (/vscode/bin/linux-x64/e7e037083ff4455cf320e344325dacb480062c3c/out/vs/workbench/api/node/extensionHostProcess.js:96:14010)
    at r.z (/vscode/bin/linux-x64/e7e037083ff4455cf320e344325dacb480062c3c/out/vs/workbench/api/node/extensionHostProcess.js:96:17075)
    at s.value (/vscode/bin/linux-x64/e7e037083ff4455cf320e344325dacb480062c3c/out/vs/workbench/api/node/extensionHostProcess.js:96:15527)
    at c.z (/vscode/bin/linux-x64/e7e037083ff4455cf320e344325dacb480062c3c/out/vs/workbench/api/node/extensionHostProcess.js:80:1902)
    at c.fire (/vscode/bin/linux-x64/e7e037083ff4455cf320e344325dacb480062c3c/out/vs/workbench/api/node/extensionHostProcess.js:80:2119)
    at s.acceptChunk (/vscode/bin/linux-x64/e7e037083ff4455cf320e344325dacb480062c3c/out/vs/workbench/api/node/extensionHostProcess.js:96:11784)
    at /vscode/bin/linux-x64/e7e037083ff4455cf320e344325dacb480062c3c/out/vs/workbench/api/node/extensionHostProcess.js:96:11071
    at Socket.f (/vscode/bin/linux-x64/e7e037083ff4455cf320e344325dacb480062c3c/out/vs/workbench/api/node/extensionHostProcess.js:151:12873)
    at Socket.emit (node:events:513:28)
    at addChunk (node:internal/streams/readable:324:12)
    at readableAddChunk (node:internal/streams/readable:297:9)
    at Socket.Readable.push (node:internal/streams/readable:234:10)
    at TCP.onStreamRead (node:internal/stream_base_commons:190:23) setContext undefined
2023-10-09 12:51:01.812 [error] Canceled: Canceled
    at new m (/vscode/bin/linux-x64/e7e037083ff4455cf320e344325dacb480062c3c/out/vs/workbench/api/node/extensionHostProcess.js:126:57216)
    at i.U (/vscode/bin/linux-x64/e7e037083ff4455cf320e344325dacb480062c3c/out/vs/workbench/api/node/extensionHostProcess.js:135:10864)
    at Proxy.M.<computed>.j.charCodeAt.M.<computed> (/vscode/bin/linux-x64/e7e037083ff4455cf320e344325dacb480062c3c/out/vs/workbench/api/node/extensionHostProcess.js:135:8315)
    at n.g (/vscode/bin/linux-x64/e7e037083ff4455cf320e344325dacb480062c3c/out/vs/workbench/api/node/extensionHostProcess.js:126:83747)
    at n.executeCommand (/vscode/bin/linux-x64/e7e037083ff4455cf320e344325dacb480062c3c/out/vs/workbench/api/node/extensionHostProcess.js:126:83185)
    at b.registerCommand.description (/vscode/bin/linux-x64/e7e037083ff4455cf320e344325dacb480062c3c/out/vs/workbench/api/node/extensionHostProcess.js:126:82506)
    at n.h (/vscode/bin/linux-x64/e7e037083ff4455cf320e344325dacb480062c3c/out/vs/workbench/api/node/extensionHostProcess.js:126:84283)
    at n.g (/vscode/bin/linux-x64/e7e037083ff4455cf320e344325dacb480062c3c/out/vs/workbench/api/node/extensionHostProcess.js:126:83278)
    at n.executeCommand (/vscode/bin/linux-x64/e7e037083ff4455cf320e344325dacb480062c3c/out/vs/workbench/api/node/extensionHostProcess.js:126:83185)
    at Object.executeCommand (/vscode/bin/linux-x64/e7e037083ff4455cf320e344325dacb480062c3c/out/vs/workbench/api/node/extensionHostProcess.js:141:21282)
    at s.D [as value] (/vscode/bin/linux-x64/e7e037083ff4455cf320e344325dacb480062c3c/extensions/git/dist/main.js:2:1312800)
    at c.z (/vscode/bin/linux-x64/e7e037083ff4455cf320e344325dacb480062c3c/out/vs/workbench/api/node/extensionHostProcess.js:80:1902)
    at c.A (/vscode/bin/linux-x64/e7e037083ff4455cf320e344325dacb480062c3c/out/vs/workbench/api/node/extensionHostProcess.js:80:1972)
    at c.fire (/vscode/bin/linux-x64/e7e037083ff4455cf320e344325dacb480062c3c/out/vs/workbench/api/node/extensionHostProcess.js:80:2188)
    at Object.m [as dispose] (/vscode/bin/linux-x64/e7e037083ff4455cf320e344325dacb480062c3c/extensions/git/dist/main.js:2:1328588)
    at /vscode/bin/linux-x64/e7e037083ff4455cf320e344325dacb480062c3c/extensions/git/dist/main.js:2:1333429
    at Array.forEach (<anonymous>)
    at g.dispose (/vscode/bin/linux-x64/e7e037083ff4455cf320e344325dacb480062c3c/extensions/git/dist/main.js:2:1333415)
    at w.<anonymous> (/vscode/bin/linux-x64/e7e037083ff4455cf320e344325dacb480062c3c/out/vs/workbench/api/node/extensionHostProcess.js:122:3521)
    at w.dispose (/vscode/bin/linux-x64/e7e037083ff4455cf320e344325dacb480062c3c/out/vs/workbench/api/node/extensionHostProcess.js:122:3618)
    at w.<anonymous> (/vscode/bin/linux-x64/e7e037083ff4455cf320e344325dacb480062c3c/extensions/git/dist/main.js:2:1314812)
    at w.dispose (/vscode/bin/linux-x64/e7e037083ff4455cf320e344325dacb480062c3c/out/vs/workbench/api/node/extensionHostProcess.js:122:3618)
    at o (/vscode/bin/linux-x64/e7e037083ff4455cf320e344325dacb480062c3c/out/vs/workbench/api/node/extensionHostProcess.js:30:754)
    at s.cb (/vscode/bin/linux-x64/e7e037083ff4455cf320e344325dacb480062c3c/out/vs/workbench/api/node/extensionHostProcess.js:137:9846)
    at /vscode/bin/linux-x64/e7e037083ff4455cf320e344325dacb480062c3c/out/vs/workbench/api/node/extensionHostProcess.js:137:7796
    at Array.map (<anonymous>)
    at s.Y (/vscode/bin/linux-x64/e7e037083ff4455cf320e344325dacb480062c3c/out/vs/workbench/api/node/extensionHostProcess.js:137:7784)
    at s.terminate (/vscode/bin/linux-x64/e7e037083ff4455cf320e344325dacb480062c3c/out/vs/workbench/api/node/extensionHostProcess.js:137:8054)
    at o.terminate (/vscode/bin/linux-x64/e7e037083ff4455cf320e344325dacb480062c3c/out/vs/workbench/api/node/extensionHostProcess.js:141:1513)
    at l (/vscode/bin/linux-x64/e7e037083ff4455cf320e344325dacb480062c3c/out/vs/workbench/api/node/extensionHostProcess.js:154:9801)
    at s.value (/vscode/bin/linux-x64/e7e037083ff4455cf320e344325dacb480062c3c/out/vs/workbench/api/node/extensionHostProcess.js:154:7848)
    at c.z (/vscode/bin/linux-x64/e7e037083ff4455cf320e344325dacb480062c3c/out/vs/workbench/api/node/extensionHostProcess.js:80:1902)
    at c.fire (/vscode/bin/linux-x64/e7e037083ff4455cf320e344325dacb480062c3c/out/vs/workbench/api/node/extensionHostProcess.js:80:2119)
    at g.fire (/vscode/bin/linux-x64/e7e037083ff4455cf320e344325dacb480062c3c/out/vs/workbench/api/node/extensionHostProcess.js:96:14010)
    at r.z (/vscode/bin/linux-x64/e7e037083ff4455cf320e344325dacb480062c3c/out/vs/workbench/api/node/extensionHostProcess.js:96:17075)
    at s.value (/vscode/bin/linux-x64/e7e037083ff4455cf320e344325dacb480062c3c/out/vs/workbench/api/node/extensionHostProcess.js:96:15527)
    at c.z (/vscode/bin/linux-x64/e7e037083ff4455cf320e344325dacb480062c3c/out/vs/workbench/api/node/extensionHostProcess.js:80:1902)
    at c.fire (/vscode/bin/linux-x64/e7e037083ff4455cf320e344325dacb480062c3c/out/vs/workbench/api/node/extensionHostProcess.js:80:2119)
    at s.acceptChunk (/vscode/bin/linux-x64/e7e037083ff4455cf320e344325dacb480062c3c/out/vs/workbench/api/node/extensionHostProcess.js:96:11784)
    at /vscode/bin/linux-x64/e7e037083ff4455cf320e344325dacb480062c3c/out/vs/workbench/api/node/extensionHostProcess.js:96:11071
    at Socket.f (/vscode/bin/linux-x64/e7e037083ff4455cf320e344325dacb480062c3c/out/vs/workbench/api/node/extensionHostProcess.js:151:12873)
    at Socket.emit (node:events:513:28)
    at addChunk (node:internal/streams/readable:324:12)
    at readableAddChunk (node:internal/streams/readable:297:9)
    at Socket.Readable.push (node:internal/streams/readable:234:10)
    at TCP.onStreamRead (node:internal/stream_base_commons:190:23) setContext undefined
2023-10-09 12:51:01.813 [error] Canceled: Canceled
    at new m (/vscode/bin/linux-x64/e7e037083ff4455cf320e344325dacb480062c3c/out/vs/workbench/api/node/extensionHostProcess.js:126:57216)
    at i.U (/vscode/bin/linux-x64/e7e037083ff4455cf320e344325dacb480062c3c/out/vs/workbench/api/node/extensionHostProcess.js:135:10864)
    at Proxy.M.<computed>.j.charCodeAt.M.<computed> (/vscode/bin/linux-x64/e7e037083ff4455cf320e344325dacb480062c3c/out/vs/workbench/api/node/extensionHostProcess.js:135:8315)
    at n.g (/vscode/bin/linux-x64/e7e037083ff4455cf320e344325dacb480062c3c/out/vs/workbench/api/node/extensionHostProcess.js:126:83747)
    at n.executeCommand (/vscode/bin/linux-x64/e7e037083ff4455cf320e344325dacb480062c3c/out/vs/workbench/api/node/extensionHostProcess.js:126:83185)
    at b.registerCommand.description (/vscode/bin/linux-x64/e7e037083ff4455cf320e344325dacb480062c3c/out/vs/workbench/api/node/extensionHostProcess.js:126:82506)
    at n.h (/vscode/bin/linux-x64/e7e037083ff4455cf320e344325dacb480062c3c/out/vs/workbench/api/node/extensionHostProcess.js:126:84283)
    at n.g (/vscode/bin/linux-x64/e7e037083ff4455cf320e344325dacb480062c3c/out/vs/workbench/api/node/extensionHostProcess.js:126:83278)
    at n.executeCommand (/vscode/bin/linux-x64/e7e037083ff4455cf320e344325dacb480062c3c/out/vs/workbench/api/node/extensionHostProcess.js:126:83185)
    at Object.executeCommand (/vscode/bin/linux-x64/e7e037083ff4455cf320e344325dacb480062c3c/out/vs/workbench/api/node/extensionHostProcess.js:141:21282)
    at t.$D.set b [as b] (/vscode/bin/linux-x64/e7e037083ff4455cf320e344325dacb480062c3c/extensions/github/dist/extension.js:2:714415)
    at /vscode/bin/linux-x64/e7e037083ff4455cf320e344325dacb480062c3c/extensions/github/dist/extension.js:2:715056
    at s.value (/vscode/bin/linux-x64/e7e037083ff4455cf320e344325dacb480062c3c/extensions/git/dist/main.js:2:1402040)
    at c.z (/vscode/bin/linux-x64/e7e037083ff4455cf320e344325dacb480062c3c/out/vs/workbench/api/node/extensionHostProcess.js:80:1902)
    at c.A (/vscode/bin/linux-x64/e7e037083ff4455cf320e344325dacb480062c3c/out/vs/workbench/api/node/extensionHostProcess.js:80:1972)
    at c.fire (/vscode/bin/linux-x64/e7e037083ff4455cf320e344325dacb480062c3c/out/vs/workbench/api/node/extensionHostProcess.js:80:2188)
    at Object.m [as dispose] (/vscode/bin/linux-x64/e7e037083ff4455cf320e344325dacb480062c3c/extensions/git/dist/main.js:2:1328588)
    at /vscode/bin/linux-x64/e7e037083ff4455cf320e344325dacb480062c3c/extensions/git/dist/main.js:2:1333429
    at Array.forEach (<anonymous>)
    at g.dispose (/vscode/bin/linux-x64/e7e037083ff4455cf320e344325dacb480062c3c/extensions/git/dist/main.js:2:1333415)
    at w.<anonymous> (/vscode/bin/linux-x64/e7e037083ff4455cf320e344325dacb480062c3c/out/vs/workbench/api/node/extensionHostProcess.js:122:3521)
    at w.dispose (/vscode/bin/linux-x64/e7e037083ff4455cf320e344325dacb480062c3c/out/vs/workbench/api/node/extensionHostProcess.js:122:3618)
    at w.<anonymous> (/vscode/bin/linux-x64/e7e037083ff4455cf320e344325dacb480062c3c/extensions/git/dist/main.js:2:1314812)
    at w.dispose (/vscode/bin/linux-x64/e7e037083ff4455cf320e344325dacb480062c3c/out/vs/workbench/api/node/extensionHostProcess.js:122:3618)
    at o (/vscode/bin/linux-x64/e7e037083ff4455cf320e344325dacb480062c3c/out/vs/workbench/api/node/extensionHostProcess.js:30:754)
    at s.cb (/vscode/bin/linux-x64/e7e037083ff4455cf320e344325dacb480062c3c/out/vs/workbench/api/node/extensionHostProcess.js:137:9846)
    at /vscode/bin/linux-x64/e7e037083ff4455cf320e344325dacb480062c3c/out/vs/workbench/api/node/extensionHostProcess.js:137:7796
    at Array.map (<anonymous>)
    at s.Y (/vscode/bin/linux-x64/e7e037083ff4455cf320e344325dacb480062c3c/out/vs/workbench/api/node/extensionHostProcess.js:137:7784)
    at s.terminate (/vscode/bin/linux-x64/e7e037083ff4455cf320e344325dacb480062c3c/out/vs/workbench/api/node/extensionHostProcess.js:137:8054)
    at o.terminate (/vscode/bin/linux-x64/e7e037083ff4455cf320e344325dacb480062c3c/out/vs/workbench/api/node/extensionHostProcess.js:141:1513)
    at l (/vscode/bin/linux-x64/e7e037083ff4455cf320e344325dacb480062c3c/out/vs/workbench/api/node/extensionHostProcess.js:154:9801)
    at s.value (/vscode/bin/linux-x64/e7e037083ff4455cf320e344325dacb480062c3c/out/vs/workbench/api/node/extensionHostProcess.js:154:7848)
    at c.z (/vscode/bin/linux-x64/e7e037083ff4455cf320e344325dacb480062c3c/out/vs/workbench/api/node/extensionHostProcess.js:80:1902)
    at c.fire (/vscode/bin/linux-x64/e7e037083ff4455cf320e344325dacb480062c3c/out/vs/workbench/api/node/extensionHostProcess.js:80:2119)
    at g.fire (/vscode/bin/linux-x64/e7e037083ff4455cf320e344325dacb480062c3c/out/vs/workbench/api/node/extensionHostProcess.js:96:14010)
    at r.z (/vscode/bin/linux-x64/e7e037083ff4455cf320e344325dacb480062c3c/out/vs/workbench/api/node/extensionHostProcess.js:96:17075)
    at s.value (/vscode/bin/linux-x64/e7e037083ff4455cf320e344325dacb480062c3c/out/vs/workbench/api/node/extensionHostProcess.js:96:15527)
    at c.z (/vscode/bin/linux-x64/e7e037083ff4455cf320e344325dacb480062c3c/out/vs/workbench/api/node/extensionHostProcess.js:80:1902)
    at c.fire (/vscode/bin/linux-x64/e7e037083ff4455cf320e344325dacb480062c3c/out/vs/workbench/api/node/extensionHostProcess.js:80:2119)
    at s.acceptChunk (/vscode/bin/linux-x64/e7e037083ff4455cf320e344325dacb480062c3c/out/vs/workbench/api/node/extensionHostProcess.js:96:11784)
    at /vscode/bin/linux-x64/e7e037083ff4455cf320e344325dacb480062c3c/out/vs/workbench/api/node/extensionHostProcess.js:96:11071
    at Socket.f (/vscode/bin/linux-x64/e7e037083ff4455cf320e344325dacb480062c3c/out/vs/workbench/api/node/extensionHostProcess.js:151:12873)
    at Socket.emit (node:events:513:28)
    at addChunk (node:internal/streams/readable:324:12)
    at readableAddChunk (node:internal/streams/readable:297:9)
    at Socket.Readable.push (node:internal/streams/readable:234:10)
    at TCP.onStreamRead (node:internal/stream_base_commons:190:23) setContext undefined
2023-10-09 12:51:01.814 [error] Canceled: Canceled
    at new m (/vscode/bin/linux-x64/e7e037083ff4455cf320e344325dacb480062c3c/out/vs/workbench/api/node/extensionHostProcess.js:126:57216)
    at i.U (/vscode/bin/linux-x64/e7e037083ff4455cf320e344325dacb480062c3c/out/vs/workbench/api/node/extensionHostProcess.js:135:10864)
    at Proxy.M.<computed>.j.charCodeAt.M.<computed> (/vscode/bin/linux-x64/e7e037083ff4455cf320e344325dacb480062c3c/out/vs/workbench/api/node/extensionHostProcess.js:135:8315)
    at n.g (/vscode/bin/linux-x64/e7e037083ff4455cf320e344325dacb480062c3c/out/vs/workbench/api/node/extensionHostProcess.js:126:83747)
    at n.executeCommand (/vscode/bin/linux-x64/e7e037083ff4455cf320e344325dacb480062c3c/out/vs/workbench/api/node/extensionHostProcess.js:126:83185)
    at b.registerCommand.description (/vscode/bin/linux-x64/e7e037083ff4455cf320e344325dacb480062c3c/out/vs/workbench/api/node/extensionHostProcess.js:126:82506)
    at n.h (/vscode/bin/linux-x64/e7e037083ff4455cf320e344325dacb480062c3c/out/vs/workbench/api/node/extensionHostProcess.js:126:84283)
    at n.g (/vscode/bin/linux-x64/e7e037083ff4455cf320e344325dacb480062c3c/out/vs/workbench/api/node/extensionHostProcess.js:126:83278)
    at n.executeCommand (/vscode/bin/linux-x64/e7e037083ff4455cf320e344325dacb480062c3c/out/vs/workbench/api/node/extensionHostProcess.js:126:83185)
    at Object.executeCommand (/vscode/bin/linux-x64/e7e037083ff4455cf320e344325dacb480062c3c/out/vs/workbench/api/node/extensionHostProcess.js:141:21282)
    at e (/home/ubuntu/.vscode-remote/extensions/github.vscode-pull-request-github-0.74.0/dist/extension.js:1655:1445)
    at Object.n [as setContext] (/home/ubuntu/.vscode-remote/extensions/github.vscode-pull-request-github-0.74.0/dist/extension.js:1655:1560)
    at qc.updateActiveReviewCount (/home/ubuntu/.vscode-remote/extensions/github.vscode-pull-request-github-0.74.0/dist/extension.js:1708:22584)
    at qc.removeRepo (/home/ubuntu/.vscode-remote/extensions/github.vscode-pull-request-github-0.74.0/dist/extension.js:1708:23711)
    at s.value (/home/ubuntu/.vscode-remote/extensions/github.vscode-pull-request-github-0.74.0/dist/extension.js:1818:4126)
    at c.z (/vscode/bin/linux-x64/e7e037083ff4455cf320e344325dacb480062c3c/out/vs/workbench/api/node/extensionHostProcess.js:80:1902)
    at c.A (/vscode/bin/linux-x64/e7e037083ff4455cf320e344325dacb480062c3c/out/vs/workbench/api/node/extensionHostProcess.js:80:1972)
    at c.fire (/vscode/bin/linux-x64/e7e037083ff4455cf320e344325dacb480062c3c/out/vs/workbench/api/node/extensionHostProcess.js:80:2188)
    at s.value (/home/ubuntu/.vscode-remote/extensions/github.vscode-pull-request-github-0.74.0/dist/extension.js:1624:461993)
    at c.z (/vscode/bin/linux-x64/e7e037083ff4455cf320e344325dacb480062c3c/out/vs/workbench/api/node/extensionHostProcess.js:80:1902)
    at c.fire (/vscode/bin/linux-x64/e7e037083ff4455cf320e344325dacb480062c3c/out/vs/workbench/api/node/extensionHostProcess.js:80:2119)
    at /home/ubuntu/.vscode-remote/extensions/github.vscode-pull-request-github-0.74.0/dist/extension.js:1708:27425
    at s.value (/vscode/bin/linux-x64/e7e037083ff4455cf320e344325dacb480062c3c/extensions/git/dist/main.js:2:1402040)
    at c.z (/vscode/bin/linux-x64/e7e037083ff4455cf320e344325dacb480062c3c/out/vs/workbench/api/node/extensionHostProcess.js:80:1902)
    at c.A (/vscode/bin/linux-x64/e7e037083ff4455cf320e344325dacb480062c3c/out/vs/workbench/api/node/extensionHostProcess.js:80:1972)
    at c.fire (/vscode/bin/linux-x64/e7e037083ff4455cf320e344325dacb480062c3c/out/vs/workbench/api/node/extensionHostProcess.js:80:2188)
    at Object.m [as dispose] (/vscode/bin/linux-x64/e7e037083ff4455cf320e344325dacb480062c3c/extensions/git/dist/main.js:2:1328588)
    at /vscode/bin/linux-x64/e7e037083ff4455cf320e344325dacb480062c3c/extensions/git/dist/main.js:2:1333429
    at Array.forEach (<anonymous>)
    at g.dispose (/vscode/bin/linux-x64/e7e037083ff4455cf320e344325dacb480062c3c/extensions/git/dist/main.js:2:1333415)
    at w.<anonymous> (/vscode/bin/linux-x64/e7e037083ff4455cf320e344325dacb480062c3c/out/vs/workbench/api/node/extensionHostProcess.js:122:3521)
    at w.dispose (/vscode/bin/linux-x64/e7e037083ff4455cf320e344325dacb480062c3c/out/vs/workbench/api/node/extensionHostProcess.js:122:3618)
    at w.<anonymous> (/vscode/bin/linux-x64/e7e037083ff4455cf320e344325dacb480062c3c/extensions/git/dist/main.js:2:1314812)
    at w.dispose (/vscode/bin/linux-x64/e7e037083ff4455cf320e344325dacb480062c3c/out/vs/workbench/api/node/extensionHostProcess.js:122:3618)
    at o (/vscode/bin/linux-x64/e7e037083ff4455cf320e344325dacb480062c3c/out/vs/workbench/api/node/extensionHostProcess.js:30:754)
    at s.cb (/vscode/bin/linux-x64/e7e037083ff4455cf320e344325dacb480062c3c/out/vs/workbench/api/node/extensionHostProcess.js:137:9846)
    at /vscode/bin/linux-x64/e7e037083ff4455cf320e344325dacb480062c3c/out/vs/workbench/api/node/extensionHostProcess.js:137:7796
    at Array.map (<anonymous>)
    at s.Y (/vscode/bin/linux-x64/e7e037083ff4455cf320e344325dacb480062c3c/out/vs/workbench/api/node/extensionHostProcess.js:137:7784)
    at s.terminate (/vscode/bin/linux-x64/e7e037083ff4455cf320e344325dacb480062c3c/out/vs/workbench/api/node/extensionHostProcess.js:137:8054)
    at o.terminate (/vscode/bin/linux-x64/e7e037083ff4455cf320e344325dacb480062c3c/out/vs/workbench/api/node/extensionHostProcess.js:141:1513)
    at l (/vscode/bin/linux-x64/e7e037083ff4455cf320e344325dacb480062c3c/out/vs/workbench/api/node/extensionHostProcess.js:154:9801)
    at s.value (/vscode/bin/linux-x64/e7e037083ff4455cf320e344325dacb480062c3c/out/vs/workbench/api/node/extensionHostProcess.js:154:7848)
    at c.z (/vscode/bin/linux-x64/e7e037083ff4455cf320e344325dacb480062c3c/out/vs/workbench/api/node/extensionHostProcess.js:80:1902)
    at c.fire (/vscode/bin/linux-x64/e7e037083ff4455cf320e344325dacb480062c3c/out/vs/workbench/api/node/extensionHostProcess.js:80:2119)
    at g.fire (/vscode/bin/linux-x64/e7e037083ff4455cf320e344325dacb480062c3c/out/vs/workbench/api/node/extensionHostProcess.js:96:14010)
    at r.z (/vscode/bin/linux-x64/e7e037083ff4455cf320e344325dacb480062c3c/out/vs/workbench/api/node/extensionHostProcess.js:96:17075)
    at s.value (/vscode/bin/linux-x64/e7e037083ff4455cf320e344325dacb480062c3c/out/vs/workbench/api/node/extensionHostProcess.js:96:15527)
    at c.z (/vscode/bin/linux-x64/e7e037083ff4455cf320e344325dacb480062c3c/out/vs/workbench/api/node/extensionHostProcess.js:80:1902)
    at c.fire (/vscode/bin/linux-x64/e7e037083ff4455cf320e344325dacb480062c3c/out/vs/workbench/api/node/extensionHostProcess.js:80:2119)
    at s.acceptChunk (/vscode/bin/linux-x64/e7e037083ff4455cf320e344325dacb480062c3c/out/vs/workbench/api/node/extensionHostProcess.js:96:11784)
    at /vscode/bin/linux-x64/e7e037083ff4455cf320e344325dacb480062c3c/out/vs/workbench/api/node/extensionHostProcess.js:96:11071
    at Socket.f (/vscode/bin/linux-x64/e7e037083ff4455cf320e344325dacb480062c3c/out/vs/workbench/api/node/extensionHostProcess.js:151:12873)
    at Socket.emit (node:events:513:28)
    at addChunk (node:internal/streams/readable:324:12)
    at readableAddChunk (node:internal/streams/readable:297:9)
    at Socket.Readable.push (node:internal/streams/readable:234:10)
    at TCP.onStreamRead (node:internal/stream_base_commons:190:23) setContext undefined
2023-10-09 12:51:01.816 [error] Canceled: Canceled
    at new m (/vscode/bin/linux-x64/e7e037083ff4455cf320e344325dacb480062c3c/out/vs/workbench/api/node/extensionHostProcess.js:126:57216)
    at i.U (/vscode/bin/linux-x64/e7e037083ff4455cf320e344325dacb480062c3c/out/vs/workbench/api/node/extensionHostProcess.js:135:10864)
    at Proxy.M.<computed>.j.charCodeAt.M.<computed> (/vscode/bin/linux-x64/e7e037083ff4455cf320e344325dacb480062c3c/out/vs/workbench/api/node/extensionHostProcess.js:135:8315)
    at n.g (/vscode/bin/linux-x64/e7e037083ff4455cf320e344325dacb480062c3c/out/vs/workbench/api/node/extensionHostProcess.js:126:83747)
    at n.executeCommand (/vscode/bin/linux-x64/e7e037083ff4455cf320e344325dacb480062c3c/out/vs/workbench/api/node/extensionHostProcess.js:126:83185)
    at b.registerCommand.description (/vscode/bin/linux-x64/e7e037083ff4455cf320e344325dacb480062c3c/out/vs/workbench/api/node/extensionHostProcess.js:126:82506)
    at n.h (/vscode/bin/linux-x64/e7e037083ff4455cf320e344325dacb480062c3c/out/vs/workbench/api/node/extensionHostProcess.js:126:84283)
    at n.g (/vscode/bin/linux-x64/e7e037083ff4455cf320e344325dacb480062c3c/out/vs/workbench/api/node/extensionHostProcess.js:126:83278)
    at n.executeCommand (/vscode/bin/linux-x64/e7e037083ff4455cf320e344325dacb480062c3c/out/vs/workbench/api/node/extensionHostProcess.js:126:83185)
    at Object.executeCommand (/vscode/bin/linux-x64/e7e037083ff4455cf320e344325dacb480062c3c/out/vs/workbench/api/node/extensionHostProcess.js:141:21282)
    at c0.reset (/home/ubuntu/.vscode-remote/extensions/github.vscode-pull-request-github-0.74.0/dist/extension.js:1805:3944)
    at c0.dispose (/home/ubuntu/.vscode-remote/extensions/github.vscode-pull-request-github-0.74.0/dist/extension.js:1805:4183)
    at o (/vscode/bin/linux-x64/e7e037083ff4455cf320e344325dacb480062c3c/out/vs/workbench/api/node/extensionHostProcess.js:30:754)
    at s.cb (/vscode/bin/linux-x64/e7e037083ff4455cf320e344325dacb480062c3c/out/vs/workbench/api/node/extensionHostProcess.js:137:9846)
    at /vscode/bin/linux-x64/e7e037083ff4455cf320e344325dacb480062c3c/out/vs/workbench/api/node/extensionHostProcess.js:137:7796
    at Array.map (<anonymous>)
    at s.Y (/vscode/bin/linux-x64/e7e037083ff4455cf320e344325dacb480062c3c/out/vs/workbench/api/node/extensionHostProcess.js:137:7784)
    at s.terminate (/vscode/bin/linux-x64/e7e037083ff4455cf320e344325dacb480062c3c/out/vs/workbench/api/node/extensionHostProcess.js:137:8054)
    at o.terminate (/vscode/bin/linux-x64/e7e037083ff4455cf320e344325dacb480062c3c/out/vs/workbench/api/node/extensionHostProcess.js:141:1513)
    at l (/vscode/bin/linux-x64/e7e037083ff4455cf320e344325dacb480062c3c/out/vs/workbench/api/node/extensionHostProcess.js:154:9801)
    at s.value (/vscode/bin/linux-x64/e7e037083ff4455cf320e344325dacb480062c3c/out/vs/workbench/api/node/extensionHostProcess.js:154:7848)
    at c.z (/vscode/bin/linux-x64/e7e037083ff4455cf320e344325dacb480062c3c/out/vs/workbench/api/node/extensionHostProcess.js:80:1902)
    at c.fire (/vscode/bin/linux-x64/e7e037083ff4455cf320e344325dacb480062c3c/out/vs/workbench/api/node/extensionHostProcess.js:80:2119)
    at g.fire (/vscode/bin/linux-x64/e7e037083ff4455cf320e344325dacb480062c3c/out/vs/workbench/api/node/extensionHostProcess.js:96:14010)
    at r.z (/vscode/bin/linux-x64/e7e037083ff4455cf320e344325dacb480062c3c/out/vs/workbench/api/node/extensionHostProcess.js:96:17075)
    at s.value (/vscode/bin/linux-x64/e7e037083ff4455cf320e344325dacb480062c3c/out/vs/workbench/api/node/extensionHostProcess.js:96:15527)
    at c.z (/vscode/bin/linux-x64/e7e037083ff4455cf320e344325dacb480062c3c/out/vs/workbench/api/node/extensionHostProcess.js:80:1902)
    at c.fire (/vscode/bin/linux-x64/e7e037083ff4455cf320e344325dacb480062c3c/out/vs/workbench/api/node/extensionHostProcess.js:80:2119)
    at s.acceptChunk (/vscode/bin/linux-x64/e7e037083ff4455cf320e344325dacb480062c3c/out/vs/workbench/api/node/extensionHostProcess.js:96:11784)
    at /vscode/bin/linux-x64/e7e037083ff4455cf320e344325dacb480062c3c/out/vs/workbench/api/node/extensionHostProcess.js:96:11071
    at Socket.f (/vscode/bin/linux-x64/e7e037083ff4455cf320e344325dacb480062c3c/out/vs/workbench/api/node/extensionHostProcess.js:151:12873)
    at Socket.emit (node:events:513:28)
    at addChunk (node:internal/streams/readable:324:12)
    at readableAddChunk (node:internal/streams/readable:297:9)
    at Socket.Readable.push (node:internal/streams/readable:234:10)
    at TCP.onStreamRead (node:internal/stream_base_commons:190:23) setContext undefined
2023-10-09 12:51:01.864 [info] Extension host with pid 12697 exiting with code 0
