2023-10-15 18:33:39.578 [info] Уровень ведения журнала: Info
2023-10-15 18:33:39.579 [info] Проверка найденного Git в: "git"
2023-10-15 18:33:39.579 [info] Используется Git "2.34.1" из "git"
2023-10-15 18:33:39.579 [info] > git rev-parse --show-toplevel [8ms]
2023-10-15 18:33:39.579 [info] > git rev-parse --git-dir --git-common-dir [19ms]
2023-10-15 18:33:39.579 [info] Open repository: /home/ubuntu
2023-10-15 18:33:39.579 [info] > git config --get commit.template [16ms]
2023-10-15 18:33:39.579 [info] > git rev-parse --show-toplevel [3ms]
2023-10-15 18:33:39.579 [info] > git for-each-ref --format=%(refname)%00%(upstream:short)%00%(objectname)%00%(upstream:track)%00%(upstream:remotename)%00%(upstream:remoteref) refs/heads/main refs/remotes/main [18ms]
2023-10-15 18:33:39.579 [info] > git rev-parse --show-toplevel [20ms]
2023-10-15 18:33:39.579 [info] > git rev-parse --show-toplevel [2ms]
2023-10-15 18:33:39.579 [info] > git rev-parse --show-toplevel [8ms]
2023-10-15 18:33:39.579 [info] > git rev-parse --git-dir --git-common-dir [2ms]
2023-10-15 18:33:39.579 [info] Open repository: /home/ubuntu/site
2023-10-15 18:33:39.579 [info] > git config --get commit.template [56ms]
2023-10-15 18:33:39.579 [info] > git for-each-ref --format=%(refname)%00%(upstream:short)%00%(objectname)%00%(upstream:track)%00%(upstream:remotename)%00%(upstream:remoteref) refs/heads/main refs/remotes/main [10ms]
2023-10-15 18:33:39.579 [info] > git status -z -uall [11ms]
2023-10-15 18:33:39.579 [info] > git config --get commit.template [182ms]
2023-10-15 18:33:39.579 [info] > git status -z -uall [629ms] (cancelled)
2023-10-15 18:33:39.579 [info] > git for-each-ref --format=%(refname)%00%(upstream:short)%00%(objectname)%00%(upstream:track)%00%(upstream:remotename)%00%(upstream:remoteref) refs/heads/main refs/remotes/main [140ms]
2023-10-15 18:33:39.579 [info] > git status -z -uall [23ms]
2023-10-15 18:33:40.028 [info] > git check-ignore -v -z --stdin [1ms]
2023-10-15 18:33:40.248 [info] > git fetch [1247ms]
2023-10-15 18:33:40.272 [info] > git config --get commit.template [1ms]
2023-10-15 18:33:40.290 [info] > git for-each-ref --format=%(refname)%00%(upstream:short)%00%(objectname)%00%(upstream:track)%00%(upstream:remotename)%00%(upstream:remoteref) refs/heads/main refs/remotes/main [2ms]
2023-10-15 18:33:40.311 [info] > git status -z -uall [5ms]
2023-10-15 18:33:41.324 [info] > git config --local branch.main.github-pr-owner-number [162ms]
2023-10-15 18:33:41.390 [info] > git config --get commit.template [43ms]
2023-10-15 18:33:41.453 [info] > git config --local branch.main.github-pr-owner-number [63ms]
2023-10-15 18:33:41.477 [info] > git for-each-ref --format=%(refname)%00%(upstream:short)%00%(objectname)%00%(upstream:track)%00%(upstream:remotename)%00%(upstream:remoteref) refs/heads/main refs/remotes/main [68ms]
2023-10-15 18:33:41.555 [info] > git config --get commit.template [79ms]
2023-10-15 18:33:41.769 [info] > git for-each-ref --format=%(refname)%00%(upstream:short)%00%(objectname)%00%(upstream:track)%00%(upstream:remotename)%00%(upstream:remoteref) refs/heads/main refs/remotes/main [71ms]
2023-10-15 18:33:41.978 [info] > git status -z -uall [183ms]
2023-10-15 18:33:42.113 [info] > git status -z -uall [618ms] (cancelled)
2023-10-15 18:33:42.114 [info] > git config --get commit.template [15ms]
2023-10-15 18:33:42.152 [info] > git for-each-ref --format=%(refname)%00%(upstream:short)%00%(objectname)%00%(upstream:track)%00%(upstream:remotename)%00%(upstream:remoteref) refs/heads/main refs/remotes/main [20ms]
2023-10-15 18:33:42.196 [info] > git status -z -uall [24ms]
2023-10-15 18:33:42.393 [info] > git config --get commit.template [65ms]
2023-10-15 18:33:43.456 [info] > git for-each-ref --format=%(refname)%00%(upstream:short)%00%(objectname)%00%(upstream:track)%00%(upstream:remotename)%00%(upstream:remoteref) refs/heads/main refs/remotes/main [1036ms]
2023-10-15 18:33:43.840 [info] > git status -z -uall [356ms] (cancelled)
2023-10-15 18:33:45.216 [info] > git fetch [6387ms]
2023-10-15 18:33:45.216 [info] From github.com:ilyanikolaev112/ilyanikolaev112.github.io
 * [new branch]      main       -> origin/main
Auto packing the repository in background for optimum performance.
See "git help gc" for manual housekeeping.
2023-10-15 18:33:45.284 [info] > git config --get commit.template [4ms]
2023-10-15 18:33:45.321 [info] > git for-each-ref --format=%(refname)%00%(upstream:short)%00%(objectname)%00%(upstream:track)%00%(upstream:remotename)%00%(upstream:remoteref) refs/heads/main refs/remotes/main [3ms]
2023-10-15 18:33:45.812 [info] > git status -z -uall [463ms] (cancelled)
2023-10-15 18:36:41.566 [info] > git fetch [1235ms]
2023-10-15 18:36:41.601 [info] > git config --get commit.template [17ms]
2023-10-15 18:36:41.602 [info] > git for-each-ref --format=%(refname)%00%(upstream:short)%00%(objectname)%00%(upstream:track)%00%(upstream:remotename)%00%(upstream:remoteref) refs/heads/main refs/remotes/main [2ms]
2023-10-15 18:36:41.621 [info] > git status -z -uall [2ms]
2023-10-15 18:38:40.709 [info] > git config --local branch.main.github-pr-owner-number [1ms]
2023-10-15 18:38:40.742 [info] > git config --get commit.template [17ms]
2023-10-15 18:38:40.744 [info] > git for-each-ref --format=%(refname)%00%(upstream:short)%00%(objectname)%00%(upstream:track)%00%(upstream:remotename)%00%(upstream:remoteref) refs/heads/main refs/remotes/main [2ms]
2023-10-15 18:38:40.763 [info] > git status -z -uall [3ms]
2023-10-15 18:39:42.829 [info] > git fetch [1188ms]
2023-10-15 18:39:42.848 [info] > git config --get commit.template [0ms]
2023-10-15 18:39:42.866 [info] > git for-each-ref --format=%(refname)%00%(upstream:short)%00%(objectname)%00%(upstream:track)%00%(upstream:remotename)%00%(upstream:remoteref) refs/heads/main refs/remotes/main [2ms]
2023-10-15 18:39:42.887 [info] > git status -z -uall [3ms]
2023-10-15 18:42:44.151 [info] > git fetch [1245ms]
2023-10-15 18:42:44.185 [info] > git config --get commit.template [17ms]
2023-10-15 18:42:44.186 [info] > git for-each-ref --format=%(refname)%00%(upstream:short)%00%(objectname)%00%(upstream:track)%00%(upstream:remotename)%00%(upstream:remoteref) refs/heads/main refs/remotes/main [2ms]
2023-10-15 18:42:44.204 [info] > git status -z -uall [3ms]
2023-10-15 18:43:40.783 [info] > git config --local branch.main.github-pr-owner-number [1ms]
2023-10-15 18:43:40.823 [info] > git config --get commit.template [20ms]
2023-10-15 18:43:40.825 [info] > git for-each-ref --format=%(refname)%00%(upstream:short)%00%(objectname)%00%(upstream:track)%00%(upstream:remotename)%00%(upstream:remoteref) refs/heads/main refs/remotes/main [3ms]
2023-10-15 18:43:40.843 [info] > git status -z -uall [3ms]
2023-10-15 18:45:45.445 [info] > git fetch [1222ms]
2023-10-15 18:45:45.481 [info] > git config --get commit.template [18ms]
2023-10-15 18:45:45.482 [info] > git for-each-ref --format=%(refname)%00%(upstream:short)%00%(objectname)%00%(upstream:track)%00%(upstream:remotename)%00%(upstream:remoteref) refs/heads/main refs/remotes/main [2ms]
2023-10-15 18:45:45.500 [info] > git status -z -uall [2ms]
2023-10-15 18:48:40.864 [info] > git config --local branch.main.github-pr-owner-number [2ms]
2023-10-15 18:48:40.898 [info] > git config --get commit.template [18ms]
2023-10-15 18:48:40.900 [info] > git for-each-ref --format=%(refname)%00%(upstream:short)%00%(objectname)%00%(upstream:track)%00%(upstream:remotename)%00%(upstream:remoteref) refs/heads/main refs/remotes/main [3ms]
2023-10-15 18:48:40.917 [info] > git status -z -uall [2ms]
2023-10-15 18:48:46.788 [info] > git fetch [1268ms]
2023-10-15 18:48:46.821 [info] > git config --get commit.template [17ms]
2023-10-15 18:48:46.822 [info] > git for-each-ref --format=%(refname)%00%(upstream:short)%00%(objectname)%00%(upstream:track)%00%(upstream:remotename)%00%(upstream:remoteref) refs/heads/main refs/remotes/main [2ms]
2023-10-15 18:48:46.840 [info] > git status -z -uall [3ms]
2023-10-15 18:51:48.051 [info] > git fetch [1192ms]
2023-10-15 18:51:48.086 [info] > git config --get commit.template [16ms]
2023-10-15 18:51:48.088 [info] > git for-each-ref --format=%(refname)%00%(upstream:short)%00%(objectname)%00%(upstream:track)%00%(upstream:remotename)%00%(upstream:remoteref) refs/heads/main refs/remotes/main [2ms]
2023-10-15 18:51:48.106 [info] > git status -z -uall [2ms]
2023-10-15 18:53:40.938 [info] > git config --local branch.main.github-pr-owner-number [2ms]
2023-10-15 18:53:40.971 [info] > git config --get commit.template [17ms]
2023-10-15 18:53:40.972 [info] > git for-each-ref --format=%(refname)%00%(upstream:short)%00%(objectname)%00%(upstream:track)%00%(upstream:remotename)%00%(upstream:remoteref) refs/heads/main refs/remotes/main [2ms]
2023-10-15 18:53:40.990 [info] > git status -z -uall [2ms]
2023-10-15 18:54:49.338 [info] > git fetch [1214ms]
2023-10-15 18:54:49.376 [info] > git config --get commit.template [20ms]
2023-10-15 18:54:49.377 [info] > git for-each-ref --format=%(refname)%00%(upstream:short)%00%(objectname)%00%(upstream:track)%00%(upstream:remotename)%00%(upstream:remoteref) refs/heads/main refs/remotes/main [2ms]
2023-10-15 18:54:49.395 [info] > git status -z -uall [2ms]
2023-10-15 18:57:50.603 [info] > git fetch [1188ms]
2023-10-15 18:57:50.631 [info] > git config --get commit.template [4ms]
2023-10-15 18:57:50.654 [info] > git for-each-ref --format=%(refname)%00%(upstream:short)%00%(objectname)%00%(upstream:track)%00%(upstream:remotename)%00%(upstream:remoteref) refs/heads/main refs/remotes/main [3ms]
2023-10-15 18:57:50.678 [info] > git status -z -uall [3ms]
2023-10-15 18:58:41.010 [info] > git config --local branch.main.github-pr-owner-number [1ms]
2023-10-15 18:58:41.046 [info] > git for-each-ref --format=%(refname)%00%(upstream:short)%00%(objectname)%00%(upstream:track)%00%(upstream:remotename)%00%(upstream:remoteref) refs/heads/main refs/remotes/main [2ms]
2023-10-15 18:58:41.046 [info] > git config --get commit.template [19ms]
2023-10-15 18:58:41.065 [info] > git status -z -uall [2ms]
2023-10-15 19:00:51.942 [info] > git fetch [1241ms]
2023-10-15 19:00:51.976 [info] > git config --get commit.template [17ms]
2023-10-15 19:00:51.978 [info] > git for-each-ref --format=%(refname)%00%(upstream:short)%00%(objectname)%00%(upstream:track)%00%(upstream:remotename)%00%(upstream:remoteref) refs/heads/main refs/remotes/main [2ms]
2023-10-15 19:00:51.996 [info] > git status -z -uall [3ms]
2023-10-15 19:03:41.085 [info] > git config --local branch.main.github-pr-owner-number [1ms]
2023-10-15 19:03:41.119 [info] > git config --get commit.template [16ms]
2023-10-15 19:03:41.120 [info] > git for-each-ref --format=%(refname)%00%(upstream:short)%00%(objectname)%00%(upstream:track)%00%(upstream:remotename)%00%(upstream:remoteref) refs/heads/main refs/remotes/main [2ms]
2023-10-15 19:03:41.138 [info] > git status -z -uall [2ms]
2023-10-15 19:03:53.251 [info] > git fetch [1235ms]
2023-10-15 19:03:53.286 [info] > git config --get commit.template [17ms]
2023-10-15 19:03:53.288 [info] > git for-each-ref --format=%(refname)%00%(upstream:short)%00%(objectname)%00%(upstream:track)%00%(upstream:remotename)%00%(upstream:remoteref) refs/heads/main refs/remotes/main [2ms]
2023-10-15 19:03:53.307 [info] > git status -z -uall [1ms]
2023-10-15 19:06:54.560 [info] > git fetch [1233ms]
2023-10-15 19:06:54.594 [info] > git config --get commit.template [17ms]
2023-10-15 19:06:54.596 [info] > git for-each-ref --format=%(refname)%00%(upstream:short)%00%(objectname)%00%(upstream:track)%00%(upstream:remotename)%00%(upstream:remoteref) refs/heads/main refs/remotes/main [2ms]
2023-10-15 19:06:54.613 [info] > git status -z -uall [2ms]
2023-10-15 19:08:41.158 [info] > git config --local branch.main.github-pr-owner-number [1ms]
2023-10-15 19:08:41.194 [info] > git config --get commit.template [19ms]
2023-10-15 19:08:41.195 [info] > git for-each-ref --format=%(refname)%00%(upstream:short)%00%(objectname)%00%(upstream:track)%00%(upstream:remotename)%00%(upstream:remoteref) refs/heads/main refs/remotes/main [2ms]
2023-10-15 19:08:41.213 [info] > git status -z -uall [2ms]
2023-10-15 19:09:55.856 [info] > git fetch [1224ms]
2023-10-15 19:09:55.901 [info] > git config --get commit.template [19ms]
2023-10-15 19:09:55.903 [info] > git for-each-ref --format=%(refname)%00%(upstream:short)%00%(objectname)%00%(upstream:track)%00%(upstream:remotename)%00%(upstream:remoteref) refs/heads/main refs/remotes/main [2ms]
2023-10-15 19:09:55.923 [info] > git status -z -uall [2ms]
