2023-10-23 12:24:04.656 [info] Reading sessions from keychain...
2023-10-23 12:24:04.656 [info] Getting sessions for all scopes...
2023-10-23 12:24:04.656 [info] Getting sessions for user:email...
2023-10-23 12:24:04.656 [info] Getting sessions for all scopes...
2023-10-23 12:24:04.656 [info] Got stored sessions!
2023-10-23 12:24:04.656 [info] Got 6 verified sessions.
2023-10-23 12:24:04.656 [info] Got 6 sessions for ...
2023-10-23 12:24:04.656 [info] Got 1 sessions for user:email...
2023-10-23 12:24:04.656 [info] Got 6 sessions for ...
2023-10-23 12:24:05.088 [info] Getting sessions for codespace,read:user,repo,user:email...
2023-10-23 12:24:05.089 [info] Getting sessions for all scopes...
2023-10-23 12:24:05.089 [info] Got 1 sessions for codespace,read:user,repo,user:email...
2023-10-23 12:24:05.089 [info] Got 6 sessions for ...
2023-10-23 12:24:05.226 [info] Getting sessions for all scopes...
2023-10-23 12:24:05.226 [info] Got 6 sessions for ...
2023-10-23 12:24:07.760 [info] Getting sessions for all scopes...
2023-10-23 12:24:07.761 [info] Got 6 sessions for ...
2023-10-23 12:24:08.011 [info] Getting sessions for all scopes...
2023-10-23 12:24:08.012 [info] Got 6 sessions for ...
2023-10-23 12:24:08.301 [info] Getting sessions for all scopes...
2023-10-23 12:24:08.301 [info] Got 6 sessions for ...
2023-10-23 12:24:08.587 [info] Getting sessions for all scopes...
2023-10-23 12:24:08.588 [info] Got 6 sessions for ...
2023-10-23 12:24:08.748 [info] Getting sessions for read:user,repo,user:email,workflow...
2023-10-23 12:24:08.748 [info] Got 1 sessions for read:user,repo,user:email,workflow...
2023-10-23 12:24:09.716 [info] Getting sessions for read:user,repo,user:email,workflow...
2023-10-23 12:24:09.716 [info] Got 1 sessions for read:user,repo,user:email,workflow...
2023-10-23 12:24:14.354 [info] Getting sessions for read:user,repo,user:email,workflow...
2023-10-23 12:24:14.354 [info] Got 1 sessions for read:user,repo,user:email,workflow...
2023-10-23 12:24:16.493 [info] Getting sessions for read:user,repo,user:email,workflow...
2023-10-23 12:24:16.493 [info] Got 1 sessions for read:user,repo,user:email,workflow...
2023-10-23 12:24:16.632 [info] Getting sessions for read:user,repo,user:email,workflow...
2023-10-23 12:24:16.632 [info] Got 1 sessions for read:user,repo,user:email,workflow...
