2023-10-23 12:24:02.596 [info] Extension host with pid 7578 started
2023-10-23 12:24:02.600 [error] Error: EEXIST: file already exists, open '/home/ubuntu/.vscode-remote/data/User/workspaceStorage/4fcc469b/vscode.lock'
2023-10-23 12:24:02.615 [info] Lock '/home/ubuntu/.vscode-remote/data/User/workspaceStorage/4fcc469b/vscode.lock': Could not acquire lock, checking if the file is stale.
2023-10-23 12:24:02.625 [info] Lock '/home/ubuntu/.vscode-remote/data/User/workspaceStorage/4fcc469b/vscode.lock': The pid 10699 appears to be gone.
2023-10-23 12:24:02.625 [info] Lock '/home/ubuntu/.vscode-remote/data/User/workspaceStorage/4fcc469b/vscode.lock': Deleting a stale lock.
2023-10-23 12:24:02.663 [info] Lock '/home/ubuntu/.vscode-remote/data/User/workspaceStorage/4fcc469b/vscode.lock': Lock acquired.
2023-10-23 12:24:02.775 [info] ExtensionService#_doActivateExtension GitHub.codespaces, startup: false, activationEvent: 'onCommand:github.codespaces.activate'
2023-10-23 12:24:02.776 [info] ExtensionService#_doActivateExtension vscode.git-base, startup: false, activationEvent: '*', root cause: vscode.git
2023-10-23 12:24:02.777 [info] ExtensionService#_doActivateExtension vsls-contrib.gitdoc, startup: false, activationEvent: '*'
2023-10-23 12:24:02.777 [info] ExtensionService#_doActivateExtension vscode.tunnel-forwarding, startup: false, activationEvent: 'onTunnel'
2023-10-23 12:24:02.778 [info] ExtensionService#_doActivateExtension vscode.emmet, startup: false, activationEvent: 'onLanguage'
2023-10-23 12:24:02.778 [info] ExtensionService#_doActivateExtension vscode.github-authentication, startup: false, activationEvent: 'onAuthenticationRequest:github'
2023-10-23 12:24:02.779 [info] ExtensionService#_doActivateExtension vscode.json-language-features, startup: false, activationEvent: 'onLanguage:jsonc'
2023-10-23 12:24:02.779 [info] ExtensionService#_doActivateExtension vscode.typescript-language-features, startup: false, activationEvent: 'onLanguage:jsonc'
2023-10-23 12:24:03.185 [warning] Using default string since no string found in i18n bundle that has the key: Keep Defaults
2023-10-23 12:24:03.185 [warning] Using default string since no string found in i18n bundle that has the key: Configure Options
2023-10-23 12:24:03.185 [warning] Using default string since no string found in i18n bundle that has the key: Finish
2023-10-23 12:24:03.187 [warning] Using default string since no string found in i18n bundle that has the key: Learn More
2023-10-23 12:24:03.188 [warning] Using default string since no string found in i18n bundle that has the key: Documentation on predefined container definitions
2023-10-23 12:24:04.463 [info] ExtensionService#_doActivateExtension vscode.git, startup: false, activationEvent: '*'
2023-10-23 12:24:04.464 [info] ExtensionService#_doActivateExtension vscode.github, startup: false, activationEvent: '*'
2023-10-23 12:24:07.278 [info] Eager extensions activated
2023-10-23 12:24:07.278 [info] ExtensionService#_doActivateExtension vscode.debug-auto-launch, startup: false, activationEvent: 'onStartupFinished'
2023-10-23 12:24:07.279 [info] ExtensionService#_doActivateExtension vscode.merge-conflict, startup: false, activationEvent: 'onStartupFinished'
2023-10-23 12:24:07.280 [info] ExtensionService#_doActivateExtension CS50.cs50, startup: false, activationEvent: 'onStartupFinished'
2023-10-23 12:24:07.280 [info] ExtensionService#_doActivateExtension CS50.ddb50, startup: false, activationEvent: 'onStartupFinished'
2023-10-23 12:24:07.280 [info] ExtensionService#_doActivateExtension CS50.explain50, startup: false, activationEvent: 'onStartupFinished'
2023-10-23 12:24:07.280 [info] ExtensionService#_doActivateExtension CS50.extension-uninstaller, startup: false, activationEvent: 'onStartupFinished'
2023-10-23 12:24:07.281 [info] ExtensionService#_doActivateExtension CS50.phpliteadmin, startup: false, activationEvent: 'onStartupFinished'
2023-10-23 12:24:07.281 [info] ExtensionService#_doActivateExtension CS50.style50, startup: false, activationEvent: 'onStartupFinished'
2023-10-23 12:24:07.281 [info] ExtensionService#_doActivateExtension GitHub.vscode-pull-request-github, startup: false, activationEvent: 'onStartupFinished'
2023-10-23 12:24:07.281 [info] ExtensionService#_doActivateExtension inferrinizzard.prettier-sql-vscode, startup: false, activationEvent: 'onStartupFinished'
2023-10-23 12:24:09.074 [warning] Using default string since no string found in i18n bundle that has the key: Don't Show Again
2023-10-23 12:24:09.255 [info] ExtensionService#_doActivateExtension ms-vsliveshare.vsliveshare, startup: false, activationEvent: 'api', root cause: GitHub.vscode-pull-request-github
2023-10-23 12:24:10.218 [warning] Using default string since no string found in i18n bundle that has the key: Don't Show Again
