2023-10-23 12:07:09.115 [info] Уровень ведения журнала: Info
2023-10-23 12:07:09.115 [info] Проверка найденного Git в: "git"
2023-10-23 12:07:09.115 [info] Используется Git "2.34.1" из "git"
2023-10-23 12:07:09.115 [info] > git rev-parse --show-toplevel [278ms]
2023-10-23 12:07:09.115 [info] > git rev-parse --git-dir --git-common-dir [418ms]
2023-10-23 12:07:09.115 [info] Open repository: /workspaces/143985177
2023-10-23 12:07:09.125 [info] > git rev-parse --show-toplevel [38ms]
2023-10-23 12:07:09.126 [info] > git config --get commit.template [74ms]
2023-10-23 12:07:09.428 [info] > git rev-parse --show-toplevel [237ms]
2023-10-23 12:07:09.728 [info] > git for-each-ref --format=%(refname)%00%(upstream:short)%00%(objectname)%00%(upstream:track)%00%(upstream:remotename)%00%(upstream:remoteref) refs/heads/main refs/remotes/main [508ms]
2023-10-23 12:07:09.778 [info] > git rev-parse --show-toplevel [291ms]
2023-10-23 12:07:09.865 [info] > git rev-parse --show-toplevel [51ms]
2023-10-23 12:07:09.927 [info] > git status -z -uall [161ms]
2023-10-23 12:07:09.966 [info] > git rev-parse --show-toplevel [46ms]
2023-10-23 12:07:10.077 [info] > git config --get commit.template [110ms]
2023-10-23 12:07:10.128 [info] > git rev-parse --show-toplevel [125ms]
2023-10-23 12:07:10.161 [info] > git check-ignore -v -z --stdin [60ms]
2023-10-23 12:07:10.164 [info] > git for-each-ref --format=%(refname)%00%(upstream:short)%00%(objectname)%00%(upstream:track)%00%(upstream:remotename)%00%(upstream:remoteref) refs/heads/main refs/remotes/main [38ms]
2023-10-23 12:07:10.267 [info] > git rev-parse --show-toplevel [107ms]
2023-10-23 12:07:10.326 [info] > git status -z -uall [91ms]
2023-10-23 12:07:10.465 [info] > git rev-parse --show-toplevel [140ms]
2023-10-23 12:07:11.258 [info] > git rev-parse --show-toplevel [17ms]
2023-10-23 12:07:11.325 [info] > git rev-parse --show-toplevel [35ms]
2023-10-23 12:07:11.425 [info] > git rev-parse --show-toplevel [66ms]
2023-10-23 12:07:11.446 [info] > git rev-parse --show-toplevel [4ms]
2023-10-23 12:07:11.467 [info] > git rev-parse --show-toplevel [2ms]
2023-10-23 12:07:11.500 [info] > git rev-parse --show-toplevel [9ms]
2023-10-23 12:07:11.532 [info] > git rev-parse --show-toplevel [7ms]
2023-10-23 12:07:12.525 [info] > git config --local branch.main.github-pr-owner-number [288ms]
2023-10-23 12:07:12.594 [info] > git config --get commit.template [30ms]
2023-10-23 12:07:12.635 [info] > git for-each-ref --format=%(refname)%00%(upstream:short)%00%(objectname)%00%(upstream:track)%00%(upstream:remotename)%00%(upstream:remoteref) refs/heads/main refs/remotes/main [15ms]
2023-10-23 12:07:12.742 [info] > git status -z -uall [78ms]
2023-10-23 12:07:29.193 [info] > git fetch [1565ms]
2023-10-23 12:07:29.227 [info] > git config --get commit.template [16ms]
2023-10-23 12:07:29.228 [info] > git for-each-ref --format=%(refname)%00%(upstream:short)%00%(objectname)%00%(upstream:track)%00%(upstream:remotename)%00%(upstream:remoteref) refs/heads/main refs/remotes/main [2ms]
2023-10-23 12:07:29.256 [info] > git status -z -uall [12ms]
2023-10-23 12:07:30.377 [info] > git config --get commit.template [19ms]
2023-10-23 12:07:30.378 [info] > git for-each-ref --format=%(refname)%00%(upstream:short)%00%(objectname)%00%(upstream:track)%00%(upstream:remotename)%00%(upstream:remoteref) refs/heads/main refs/remotes/main [3ms]
2023-10-23 12:07:30.405 [info] > git status -z -uall [11ms]
2023-10-23 12:07:30.907 [info] > git check-ignore -v -z --stdin [14ms]
2023-10-23 12:09:48.231 [info] > git check-ignore -v -z --stdin [2ms]
2023-10-23 12:09:49.510 [info] > git check-ignore -v -z --stdin [2ms]
2023-10-23 12:09:50.121 [info] > git show --textconv :calories/calories.py [395ms]
2023-10-23 12:09:50.122 [info] > git ls-files --stage -- /workspaces/143985177/calories/calories.py [379ms]
2023-10-23 12:09:50.145 [info] > git cat-file -s 1bb60a9a36640e85d7cc9a9592481b60dd052f0d [4ms]
2023-10-23 12:11:04.981 [info] > git fetch [543ms]
2023-10-23 12:11:05.018 [info] > git config --get commit.template [18ms]
2023-10-23 12:11:05.019 [info] > git for-each-ref --format=%(refname)%00%(upstream:short)%00%(objectname)%00%(upstream:track)%00%(upstream:remotename)%00%(upstream:remoteref) refs/heads/main refs/remotes/main [3ms]
2023-10-23 12:11:05.051 [info] > git status -z -uall [13ms]
2023-10-23 12:11:06.183 [info] > git config --get commit.template [20ms]
2023-10-23 12:11:06.184 [info] > git for-each-ref --format=%(refname)%00%(upstream:short)%00%(objectname)%00%(upstream:track)%00%(upstream:remotename)%00%(upstream:remoteref) refs/heads/main refs/remotes/main [2ms]
2023-10-23 12:11:06.214 [info] > git status -z -uall [12ms]
2023-10-23 12:11:06.364 [info] > git ls-files --stage -- /workspaces/143985177/calories/calories.py [3ms]
2023-10-23 12:11:06.383 [info] > git cat-file -s 1bb60a9a36640e85d7cc9a9592481b60dd052f0d [2ms]
2023-10-23 12:11:06.527 [info] > git show --textconv :calories/calories.py [2ms]
2023-10-23 12:11:11.283 [info] > git config --get commit.template [21ms]
2023-10-23 12:11:11.284 [info] > git for-each-ref --format=%(refname)%00%(upstream:short)%00%(objectname)%00%(upstream:track)%00%(upstream:remotename)%00%(upstream:remoteref) refs/heads/main refs/remotes/main [2ms]
2023-10-23 12:11:11.321 [info] > git status -z -uall [16ms]
2023-10-23 12:11:11.451 [info] > git check-ignore -v -z --stdin [2ms]
2023-10-23 12:11:28.991 [info] > git show --textconv :fuel/fuel.py [31ms]
2023-10-23 12:11:28.996 [info] > git ls-files --stage -- /workspaces/143985177/fuel/fuel.py [6ms]
2023-10-23 12:11:29.073 [info] > git check-ignore -v -z --stdin [6ms]
2023-10-23 12:11:29.333 [info] > git config --get commit.template [20ms]
2023-10-23 12:11:29.334 [info] > git for-each-ref --format=%(refname)%00%(upstream:short)%00%(objectname)%00%(upstream:track)%00%(upstream:remotename)%00%(upstream:remoteref) refs/heads/main refs/remotes/main [2ms]
2023-10-23 12:11:29.368 [info] > git status -z -uall [14ms]
2023-10-23 12:11:44.173 [info] > git config --get commit.template [32ms]
2023-10-23 12:11:44.178 [info] > git for-each-ref --format=%(refname)%00%(upstream:short)%00%(objectname)%00%(upstream:track)%00%(upstream:remotename)%00%(upstream:remoteref) refs/heads/main refs/remotes/main [7ms]
2023-10-23 12:11:44.227 [info] > git status -z -uall [23ms]
2023-10-23 12:11:49.284 [info] > git config --get commit.template [22ms]
2023-10-23 12:11:49.285 [info] > git for-each-ref --format=%(refname)%00%(upstream:short)%00%(objectname)%00%(upstream:track)%00%(upstream:remotename)%00%(upstream:remoteref) refs/heads/main refs/remotes/main [3ms]
2023-10-23 12:11:49.321 [info] > git status -z -uall [18ms]
2023-10-23 12:11:55.541 [info] > git config --get commit.template [19ms]
2023-10-23 12:11:55.543 [info] > git for-each-ref --format=%(refname)%00%(upstream:short)%00%(objectname)%00%(upstream:track)%00%(upstream:remotename)%00%(upstream:remoteref) refs/heads/main refs/remotes/main [2ms]
2023-10-23 12:11:55.573 [info] > git status -z -uall [11ms]
2023-10-23 12:12:02.383 [info] > git config --get commit.template [21ms]
2023-10-23 12:12:02.384 [info] > git for-each-ref --format=%(refname)%00%(upstream:short)%00%(objectname)%00%(upstream:track)%00%(upstream:remotename)%00%(upstream:remoteref) refs/heads/main refs/remotes/main [2ms]
2023-10-23 12:12:02.416 [info] > git status -z -uall [13ms]
2023-10-23 12:12:07.458 [info] > git config --get commit.template [20ms]
2023-10-23 12:12:07.459 [info] > git for-each-ref --format=%(refname)%00%(upstream:short)%00%(objectname)%00%(upstream:track)%00%(upstream:remotename)%00%(upstream:remoteref) refs/heads/main refs/remotes/main [2ms]
2023-10-23 12:12:07.495 [info] > git status -z -uall [14ms]
2023-10-23 12:12:11.224 [info] > git config --local branch.main.github-pr-owner-number [1ms]
2023-10-23 12:12:11.266 [info] > git config --get commit.template [21ms]
2023-10-23 12:12:11.270 [info] > git for-each-ref --format=%(refname)%00%(upstream:short)%00%(objectname)%00%(upstream:track)%00%(upstream:remotename)%00%(upstream:remoteref) refs/heads/main refs/remotes/main [5ms]
2023-10-23 12:12:11.302 [info] > git status -z -uall [12ms]
2023-10-23 12:12:12.538 [info] > git config --get commit.template [21ms]
2023-10-23 12:12:12.538 [info] > git for-each-ref --format=%(refname)%00%(upstream:short)%00%(objectname)%00%(upstream:track)%00%(upstream:remotename)%00%(upstream:remoteref) refs/heads/main refs/remotes/main [2ms]
2023-10-23 12:12:12.581 [info] > git status -z -uall [23ms]
2023-10-23 12:12:17.625 [info] > git config --get commit.template [22ms]
2023-10-23 12:12:17.626 [info] > git for-each-ref --format=%(refname)%00%(upstream:short)%00%(objectname)%00%(upstream:track)%00%(upstream:remotename)%00%(upstream:remoteref) refs/heads/main refs/remotes/main [2ms]
2023-10-23 12:12:17.660 [info] > git status -z -uall [12ms]
2023-10-23 12:12:22.723 [info] > git config --get commit.template [32ms]
2023-10-23 12:12:22.725 [info] > git for-each-ref --format=%(refname)%00%(upstream:short)%00%(objectname)%00%(upstream:track)%00%(upstream:remotename)%00%(upstream:remoteref) refs/heads/main refs/remotes/main [3ms]
2023-10-23 12:12:22.763 [info] > git status -z -uall [18ms]
2023-10-23 12:12:27.807 [info] > git config --get commit.template [19ms]
2023-10-23 12:12:27.808 [info] > git for-each-ref --format=%(refname)%00%(upstream:short)%00%(objectname)%00%(upstream:track)%00%(upstream:remotename)%00%(upstream:remoteref) refs/heads/main refs/remotes/main [2ms]
2023-10-23 12:12:27.838 [info] > git status -z -uall [13ms]
2023-10-23 12:12:32.884 [info] > git config --get commit.template [22ms]
2023-10-23 12:12:32.885 [info] > git for-each-ref --format=%(refname)%00%(upstream:short)%00%(objectname)%00%(upstream:track)%00%(upstream:remotename)%00%(upstream:remoteref) refs/heads/main refs/remotes/main [2ms]
2023-10-23 12:12:32.918 [info] > git status -z -uall [13ms]
2023-10-23 12:12:37.964 [info] > git config --get commit.template [25ms]
2023-10-23 12:12:37.964 [info] > git for-each-ref --format=%(refname)%00%(upstream:short)%00%(objectname)%00%(upstream:track)%00%(upstream:remotename)%00%(upstream:remoteref) refs/heads/main refs/remotes/main [5ms]
2023-10-23 12:12:37.994 [info] > git status -z -uall [12ms]
2023-10-23 12:12:43.037 [info] > git config --get commit.template [20ms]
2023-10-23 12:12:43.038 [info] > git for-each-ref --format=%(refname)%00%(upstream:short)%00%(objectname)%00%(upstream:track)%00%(upstream:remotename)%00%(upstream:remoteref) refs/heads/main refs/remotes/main [2ms]
2023-10-23 12:12:43.072 [info] > git status -z -uall [14ms]
2023-10-23 12:12:48.113 [info] > git config --get commit.template [19ms]
2023-10-23 12:12:48.114 [info] > git for-each-ref --format=%(refname)%00%(upstream:short)%00%(objectname)%00%(upstream:track)%00%(upstream:remotename)%00%(upstream:remoteref) refs/heads/main refs/remotes/main [2ms]
2023-10-23 12:12:48.144 [info] > git status -z -uall [12ms]
2023-10-23 12:12:53.185 [info] > git config --get commit.template [20ms]
2023-10-23 12:12:53.186 [info] > git for-each-ref --format=%(refname)%00%(upstream:short)%00%(objectname)%00%(upstream:track)%00%(upstream:remotename)%00%(upstream:remoteref) refs/heads/main refs/remotes/main [2ms]
2023-10-23 12:12:53.218 [info] > git status -z -uall [13ms]
2023-10-23 12:12:58.263 [info] > git config --get commit.template [24ms]
2023-10-23 12:12:58.264 [info] > git for-each-ref --format=%(refname)%00%(upstream:short)%00%(objectname)%00%(upstream:track)%00%(upstream:remotename)%00%(upstream:remoteref) refs/heads/main refs/remotes/main [4ms]
2023-10-23 12:12:58.306 [info] > git status -z -uall [25ms]
2023-10-23 12:13:03.350 [info] > git config --get commit.template [22ms]
2023-10-23 12:13:03.352 [info] > git for-each-ref --format=%(refname)%00%(upstream:short)%00%(objectname)%00%(upstream:track)%00%(upstream:remotename)%00%(upstream:remoteref) refs/heads/main refs/remotes/main [2ms]
2023-10-23 12:13:03.384 [info] > git status -z -uall [12ms]
2023-10-23 12:13:08.414 [info] > git config --get commit.template [5ms]
2023-10-23 12:13:08.435 [info] > git for-each-ref --format=%(refname)%00%(upstream:short)%00%(objectname)%00%(upstream:track)%00%(upstream:remotename)%00%(upstream:remoteref) refs/heads/main refs/remotes/main [3ms]
2023-10-23 12:13:08.464 [info] > git status -z -uall [11ms]
2023-10-23 12:13:13.505 [info] > git config --get commit.template [19ms]
2023-10-23 12:13:13.506 [info] > git for-each-ref --format=%(refname)%00%(upstream:short)%00%(objectname)%00%(upstream:track)%00%(upstream:remotename)%00%(upstream:remoteref) refs/heads/main refs/remotes/main [2ms]
2023-10-23 12:13:13.535 [info] > git status -z -uall [12ms]
2023-10-23 12:13:18.579 [info] > git config --get commit.template [21ms]
2023-10-23 12:13:18.580 [info] > git for-each-ref --format=%(refname)%00%(upstream:short)%00%(objectname)%00%(upstream:track)%00%(upstream:remotename)%00%(upstream:remoteref) refs/heads/main refs/remotes/main [2ms]
2023-10-23 12:13:18.612 [info] > git status -z -uall [12ms]
2023-10-23 12:13:23.699 [info] > git for-each-ref --format=%(refname)%00%(upstream:short)%00%(objectname)%00%(upstream:track)%00%(upstream:remotename)%00%(upstream:remoteref) refs/heads/main refs/remotes/main [7ms]
2023-10-23 12:13:23.699 [info] > git config --get commit.template [61ms]
2023-10-23 12:13:23.777 [info] > git status -z -uall [24ms]
2023-10-23 12:13:28.819 [info] > git config --get commit.template [20ms]
2023-10-23 12:13:28.820 [info] > git for-each-ref --format=%(refname)%00%(upstream:short)%00%(objectname)%00%(upstream:track)%00%(upstream:remotename)%00%(upstream:remoteref) refs/heads/main refs/remotes/main [2ms]
2023-10-23 12:13:28.851 [info] > git status -z -uall [12ms]
2023-10-23 12:13:33.892 [info] > git config --get commit.template [19ms]
2023-10-23 12:13:33.894 [info] > git for-each-ref --format=%(refname)%00%(upstream:short)%00%(objectname)%00%(upstream:track)%00%(upstream:remotename)%00%(upstream:remoteref) refs/heads/main refs/remotes/main [2ms]
2023-10-23 12:13:33.923 [info] > git status -z -uall [11ms]
2023-10-23 12:13:54.062 [info] > git config --get commit.template [20ms]
2023-10-23 12:13:54.064 [info] > git for-each-ref --format=%(refname)%00%(upstream:short)%00%(objectname)%00%(upstream:track)%00%(upstream:remotename)%00%(upstream:remoteref) refs/heads/main refs/remotes/main [2ms]
2023-10-23 12:13:54.093 [info] > git status -z -uall [12ms]
2023-10-23 12:13:59.122 [info] > git config --get commit.template [3ms]
2023-10-23 12:13:59.145 [info] > git for-each-ref --format=%(refname)%00%(upstream:short)%00%(objectname)%00%(upstream:track)%00%(upstream:remotename)%00%(upstream:remoteref) refs/heads/main refs/remotes/main [1ms]
2023-10-23 12:13:59.176 [info] > git status -z -uall [12ms]
2023-10-23 12:14:04.217 [info] > git config --get commit.template [19ms]
2023-10-23 12:14:04.219 [info] > git for-each-ref --format=%(refname)%00%(upstream:short)%00%(objectname)%00%(upstream:track)%00%(upstream:remotename)%00%(upstream:remoteref) refs/heads/main refs/remotes/main [3ms]
2023-10-23 12:14:04.251 [info] > git status -z -uall [13ms]
2023-10-23 12:14:05.639 [info] > git fetch [566ms]
2023-10-23 12:14:05.668 [info] > git config --get commit.template [3ms]
2023-10-23 12:14:05.699 [info] > git for-each-ref --format=%(refname)%00%(upstream:short)%00%(objectname)%00%(upstream:track)%00%(upstream:remotename)%00%(upstream:remoteref) refs/heads/main refs/remotes/main [6ms]
2023-10-23 12:14:05.744 [info] > git status -z -uall [19ms]
2023-10-23 12:14:07.007 [info] > git ls-files --stage -- /workspaces/143985177/fuel/fuel.py [2ms]
2023-10-23 12:14:07.155 [info] > git show --textconv :fuel/fuel.py [3ms]
2023-10-23 12:14:09.297 [info] > git config --get commit.template [23ms]
2023-10-23 12:14:09.299 [info] > git for-each-ref --format=%(refname)%00%(upstream:short)%00%(objectname)%00%(upstream:track)%00%(upstream:remotename)%00%(upstream:remoteref) refs/heads/main refs/remotes/main [2ms]
2023-10-23 12:14:09.330 [info] > git status -z -uall [12ms]
2023-10-23 12:14:14.379 [info] > git config --get commit.template [18ms]
2023-10-23 12:14:14.380 [info] > git for-each-ref --format=%(refname)%00%(upstream:short)%00%(objectname)%00%(upstream:track)%00%(upstream:remotename)%00%(upstream:remoteref) refs/heads/main refs/remotes/main [2ms]
2023-10-23 12:14:14.409 [info] > git status -z -uall [11ms]
2023-10-23 12:14:19.463 [info] > git config --get commit.template [23ms]
2023-10-23 12:14:19.464 [info] > git for-each-ref --format=%(refname)%00%(upstream:short)%00%(objectname)%00%(upstream:track)%00%(upstream:remotename)%00%(upstream:remoteref) refs/heads/main refs/remotes/main [2ms]
2023-10-23 12:14:19.496 [info] > git status -z -uall [12ms]
2023-10-23 12:14:24.538 [info] > git config --get commit.template [20ms]
2023-10-23 12:14:24.539 [info] > git for-each-ref --format=%(refname)%00%(upstream:short)%00%(objectname)%00%(upstream:track)%00%(upstream:remotename)%00%(upstream:remoteref) refs/heads/main refs/remotes/main [2ms]
2023-10-23 12:14:24.571 [info] > git status -z -uall [12ms]
2023-10-23 12:14:29.611 [info] > git config --get commit.template [19ms]
2023-10-23 12:14:29.613 [info] > git for-each-ref --format=%(refname)%00%(upstream:short)%00%(objectname)%00%(upstream:track)%00%(upstream:remotename)%00%(upstream:remoteref) refs/heads/main refs/remotes/main [3ms]
2023-10-23 12:14:29.646 [info] > git status -z -uall [13ms]
2023-10-23 12:14:45.121 [info] > git config --get commit.template [19ms]
2023-10-23 12:14:45.122 [info] > git for-each-ref --format=%(refname)%00%(upstream:short)%00%(objectname)%00%(upstream:track)%00%(upstream:remotename)%00%(upstream:remoteref) refs/heads/main refs/remotes/main [2ms]
2023-10-23 12:14:45.155 [info] > git status -z -uall [15ms]
2023-10-23 12:14:55.432 [info] > git config --get commit.template [22ms]
2023-10-23 12:14:55.433 [info] > git for-each-ref --format=%(refname)%00%(upstream:short)%00%(objectname)%00%(upstream:track)%00%(upstream:remotename)%00%(upstream:remoteref) refs/heads/main refs/remotes/main [2ms]
2023-10-23 12:14:55.468 [info] > git status -z -uall [11ms]
2023-10-23 12:15:12.523 [info] > git config --get commit.template [21ms]
2023-10-23 12:15:12.525 [info] > git for-each-ref --format=%(refname)%00%(upstream:short)%00%(objectname)%00%(upstream:track)%00%(upstream:remotename)%00%(upstream:remoteref) refs/heads/main refs/remotes/main [2ms]
2023-10-23 12:15:12.592 [info] > git status -z -uall [49ms]
2023-10-23 12:15:17.617 [info] > git config --get commit.template [2ms]
2023-10-23 12:15:17.641 [info] > git for-each-ref --format=%(refname)%00%(upstream:short)%00%(objectname)%00%(upstream:track)%00%(upstream:remotename)%00%(upstream:remoteref) refs/heads/main refs/remotes/main [2ms]
2023-10-23 12:15:17.673 [info] > git status -z -uall [12ms]
2023-10-23 12:15:22.717 [info] > git config --get commit.template [22ms]
2023-10-23 12:15:22.718 [info] > git for-each-ref --format=%(refname)%00%(upstream:short)%00%(objectname)%00%(upstream:track)%00%(upstream:remotename)%00%(upstream:remoteref) refs/heads/main refs/remotes/main [2ms]
2023-10-23 12:15:22.751 [info] > git status -z -uall [12ms]
2023-10-23 12:15:27.791 [info] > git config --get commit.template [19ms]
2023-10-23 12:15:27.792 [info] > git for-each-ref --format=%(refname)%00%(upstream:short)%00%(objectname)%00%(upstream:track)%00%(upstream:remotename)%00%(upstream:remoteref) refs/heads/main refs/remotes/main [2ms]
2023-10-23 12:15:27.825 [info] > git status -z -uall [12ms]
2023-10-23 12:15:32.876 [info] > git config --get commit.template [26ms]
2023-10-23 12:15:32.880 [info] > git for-each-ref --format=%(refname)%00%(upstream:short)%00%(objectname)%00%(upstream:track)%00%(upstream:remotename)%00%(upstream:remoteref) refs/heads/main refs/remotes/main [6ms]
2023-10-23 12:15:32.939 [info] > git status -z -uall [28ms]
2023-10-23 12:15:37.982 [info] > git config --get commit.template [20ms]
2023-10-23 12:15:37.983 [info] > git for-each-ref --format=%(refname)%00%(upstream:short)%00%(objectname)%00%(upstream:track)%00%(upstream:remotename)%00%(upstream:remoteref) refs/heads/main refs/remotes/main [2ms]
2023-10-23 12:15:38.013 [info] > git status -z -uall [12ms]
2023-10-23 12:15:43.042 [info] > git config --get commit.template [3ms]
2023-10-23 12:15:43.065 [info] > git for-each-ref --format=%(refname)%00%(upstream:short)%00%(objectname)%00%(upstream:track)%00%(upstream:remotename)%00%(upstream:remoteref) refs/heads/main refs/remotes/main [2ms]
2023-10-23 12:15:43.099 [info] > git status -z -uall [14ms]
2023-10-23 12:15:48.147 [info] > git config --get commit.template [23ms]
2023-10-23 12:15:48.149 [info] > git for-each-ref --format=%(refname)%00%(upstream:short)%00%(objectname)%00%(upstream:track)%00%(upstream:remotename)%00%(upstream:remoteref) refs/heads/main refs/remotes/main [2ms]
2023-10-23 12:15:48.182 [info] > git status -z -uall [13ms]
2023-10-23 12:15:53.226 [info] > git config --get commit.template [22ms]
2023-10-23 12:15:53.227 [info] > git for-each-ref --format=%(refname)%00%(upstream:short)%00%(objectname)%00%(upstream:track)%00%(upstream:remotename)%00%(upstream:remoteref) refs/heads/main refs/remotes/main [2ms]
2023-10-23 12:15:53.260 [info] > git status -z -uall [12ms]
2023-10-23 12:15:58.304 [info] > git config --get commit.template [22ms]
2023-10-23 12:15:58.324 [info] > git for-each-ref --format=%(refname)%00%(upstream:short)%00%(objectname)%00%(upstream:track)%00%(upstream:remotename)%00%(upstream:remoteref) refs/heads/main refs/remotes/main [21ms]
2023-10-23 12:15:58.389 [info] > git status -z -uall [43ms]
2023-10-23 12:16:03.840 [info] > git config --get commit.template [22ms]
2023-10-23 12:16:03.841 [info] > git for-each-ref --format=%(refname)%00%(upstream:short)%00%(objectname)%00%(upstream:track)%00%(upstream:remotename)%00%(upstream:remoteref) refs/heads/main refs/remotes/main [2ms]
2023-10-23 12:16:03.877 [info] > git status -z -uall [12ms]
2023-10-23 12:16:09.342 [info] > git config --get commit.template [2ms]
2023-10-23 12:16:09.377 [info] > git for-each-ref --format=%(refname)%00%(upstream:short)%00%(objectname)%00%(upstream:track)%00%(upstream:remotename)%00%(upstream:remoteref) refs/heads/main refs/remotes/main [14ms]
2023-10-23 12:16:09.472 [info] > git status -z -uall [22ms]
2023-10-23 12:16:14.515 [info] > git config --get commit.template [21ms]
2023-10-23 12:16:14.516 [info] > git for-each-ref --format=%(refname)%00%(upstream:short)%00%(objectname)%00%(upstream:track)%00%(upstream:remotename)%00%(upstream:remoteref) refs/heads/main refs/remotes/main [2ms]
2023-10-23 12:16:14.547 [info] > git status -z -uall [11ms]
2023-10-23 12:16:19.571 [info] > git config --get commit.template [2ms]
2023-10-23 12:16:19.592 [info] > git for-each-ref --format=%(refname)%00%(upstream:short)%00%(objectname)%00%(upstream:track)%00%(upstream:remotename)%00%(upstream:remoteref) refs/heads/main refs/remotes/main [2ms]
2023-10-23 12:16:19.629 [info] > git status -z -uall [18ms]
2023-10-23 12:16:24.672 [info] > git config --get commit.template [22ms]
2023-10-23 12:16:24.673 [info] > git for-each-ref --format=%(refname)%00%(upstream:short)%00%(objectname)%00%(upstream:track)%00%(upstream:remotename)%00%(upstream:remoteref) refs/heads/main refs/remotes/main [2ms]
2023-10-23 12:16:24.705 [info] > git status -z -uall [12ms]
2023-10-23 12:16:29.757 [info] > git config --get commit.template [23ms]
2023-10-23 12:16:29.759 [info] > git for-each-ref --format=%(refname)%00%(upstream:short)%00%(objectname)%00%(upstream:track)%00%(upstream:remotename)%00%(upstream:remoteref) refs/heads/main refs/remotes/main [2ms]
2023-10-23 12:16:29.796 [info] > git status -z -uall [13ms]
2023-10-23 12:16:34.838 [info] > git config --get commit.template [23ms]
2023-10-23 12:16:34.838 [info] > git for-each-ref --format=%(refname)%00%(upstream:short)%00%(objectname)%00%(upstream:track)%00%(upstream:remotename)%00%(upstream:remoteref) refs/heads/main refs/remotes/main [2ms]
2023-10-23 12:16:34.872 [info] > git status -z -uall [12ms]
2023-10-23 12:16:39.910 [info] > git config --get commit.template [19ms]
2023-10-23 12:16:39.911 [info] > git for-each-ref --format=%(refname)%00%(upstream:short)%00%(objectname)%00%(upstream:track)%00%(upstream:remotename)%00%(upstream:remoteref) refs/heads/main refs/remotes/main [2ms]
2023-10-23 12:16:39.942 [info] > git status -z -uall [12ms]
2023-10-23 12:16:46.593 [info] > git config --get commit.template [18ms]
2023-10-23 12:16:46.595 [info] > git for-each-ref --format=%(refname)%00%(upstream:short)%00%(objectname)%00%(upstream:track)%00%(upstream:remotename)%00%(upstream:remoteref) refs/heads/main refs/remotes/main [3ms]
2023-10-23 12:16:46.627 [info] > git status -z -uall [12ms]
2023-10-23 12:16:51.674 [info] > git config --get commit.template [24ms]
2023-10-23 12:16:51.676 [info] > git for-each-ref --format=%(refname)%00%(upstream:short)%00%(objectname)%00%(upstream:track)%00%(upstream:remotename)%00%(upstream:remoteref) refs/heads/main refs/remotes/main [4ms]
2023-10-23 12:16:51.726 [info] > git status -z -uall [17ms]
2023-10-23 12:16:56.766 [info] > git config --get commit.template [18ms]
2023-10-23 12:16:56.767 [info] > git for-each-ref --format=%(refname)%00%(upstream:short)%00%(objectname)%00%(upstream:track)%00%(upstream:remotename)%00%(upstream:remoteref) refs/heads/main refs/remotes/main [2ms]
2023-10-23 12:16:56.797 [info] > git status -z -uall [12ms]
2023-10-23 12:17:06.334 [info] > git fetch [568ms]
2023-10-23 12:17:06.378 [info] > git config --get commit.template [19ms]
2023-10-23 12:17:06.379 [info] > git for-each-ref --format=%(refname)%00%(upstream:short)%00%(objectname)%00%(upstream:track)%00%(upstream:remotename)%00%(upstream:remoteref) refs/heads/main refs/remotes/main [1ms]
2023-10-23 12:17:06.410 [info] > git status -z -uall [12ms]
2023-10-23 12:17:07.534 [info] > git config --get commit.template [20ms]
2023-10-23 12:17:07.536 [info] > git for-each-ref --format=%(refname)%00%(upstream:short)%00%(objectname)%00%(upstream:track)%00%(upstream:remotename)%00%(upstream:remoteref) refs/heads/main refs/remotes/main [2ms]
2023-10-23 12:17:07.566 [info] > git status -z -uall [12ms]
2023-10-23 12:17:07.715 [info] > git ls-files --stage -- /workspaces/143985177/fuel/fuel.py [4ms]
2023-10-23 12:17:07.826 [info] > git show --textconv :fuel/fuel.py [2ms]
2023-10-23 12:17:11.326 [info] > git config --local branch.main.github-pr-owner-number [2ms]
2023-10-23 12:17:11.348 [info] > git config --get commit.template [1ms]
2023-10-23 12:17:11.369 [info] > git for-each-ref --format=%(refname)%00%(upstream:short)%00%(objectname)%00%(upstream:track)%00%(upstream:remotename)%00%(upstream:remoteref) refs/heads/main refs/remotes/main [2ms]
2023-10-23 12:17:11.398 [info] > git status -z -uall [12ms]
2023-10-23 12:17:12.387 [info] > git show --textconv :calories/calories.py [19ms]
2023-10-23 12:17:12.388 [info] > git ls-files --stage -- /workspaces/143985177/calories/calories.py [2ms]
2023-10-23 12:17:12.407 [info] > git cat-file -s 1bb60a9a36640e85d7cc9a9592481b60dd052f0d [1ms]
2023-10-23 12:17:30.311 [info] > git show --textconv :fuel/fuel.py [20ms]
2023-10-23 12:17:30.312 [info] > git ls-files --stage -- /workspaces/143985177/fuel/fuel.py [3ms]
2023-10-23 12:17:41.428 [info] > git add -A -- /workspaces/143985177/fuel/fuel.py [8ms]
2023-10-23 12:17:41.470 [info] > git config --get commit.template [20ms]
2023-10-23 12:17:41.471 [info] > git for-each-ref --format=%(refname)%00%(upstream:short)%00%(objectname)%00%(upstream:track)%00%(upstream:remotename)%00%(upstream:remoteref) refs/heads/main refs/remotes/main [2ms]
2023-10-23 12:17:41.501 [info] > git status -z -uall [13ms]
2023-10-23 12:17:41.546 [info] > git -c user.useConfigOnly=true commit --quiet --allow-empty-message --file - --allow-empty-message [18ms]
2023-10-23 12:17:41.569 [info] > git config --get commit.template [2ms]
2023-10-23 12:17:41.612 [info] > git config --get commit.template [21ms]
2023-10-23 12:17:41.613 [info] > git for-each-ref --format=%(refname)%00%(upstream:short)%00%(objectname)%00%(upstream:track)%00%(upstream:remotename)%00%(upstream:remoteref) refs/heads/main refs/remotes/main [2ms]
2023-10-23 12:17:41.646 [info] > git status -z -uall [13ms]
2023-10-23 12:17:42.676 [info] > git config --local branch.main.github-pr-owner-number [129ms]
2023-10-23 12:17:42.695 [info] > git config --get commit.template [20ms]
2023-10-23 12:17:42.716 [info] > git config --get commit.template [21ms]
2023-10-23 12:17:42.749 [info] > git for-each-ref --format=%(refname)%00%(upstream:short)%00%(objectname)%00%(upstream:track)%00%(upstream:remotename)%00%(upstream:remoteref) refs/heads/main refs/remotes/main [13ms]
2023-10-23 12:17:42.769 [info] > git for-each-ref --format=%(refname)%00%(upstream:short)%00%(objectname)%00%(upstream:track)%00%(upstream:remotename)%00%(upstream:remoteref) refs/heads/main refs/remotes/main [54ms]
2023-10-23 12:17:42.802 [info] > git status -z -uall [34ms]
2023-10-23 12:17:43.701 [info] > git push --force origin main [905ms]
2023-10-23 12:17:43.701 [info] To https://github.com/code50/143985177
   24f3384..6b3a00f  main -> main
2023-10-23 12:17:43.738 [info] > git config --get commit.template [19ms]
2023-10-23 12:17:43.739 [info] > git for-each-ref --format=%(refname)%00%(upstream:short)%00%(objectname)%00%(upstream:track)%00%(upstream:remotename)%00%(upstream:remoteref) refs/heads/main refs/remotes/main [2ms]
2023-10-23 12:17:43.769 [info] > git status -z -uall [11ms]
2023-10-23 12:17:44.016 [info] > git config --local branch.main.github-pr-owner-number [105ms]
2023-10-23 12:17:44.039 [info] > git config --get commit.template [2ms]
2023-10-23 12:17:44.068 [info] > git for-each-ref --format=%(refname)%00%(upstream:short)%00%(objectname)%00%(upstream:track)%00%(upstream:remotename)%00%(upstream:remoteref) refs/heads/main refs/remotes/main [11ms]
2023-10-23 12:17:44.098 [info] > git status -z -uall [12ms]
2023-10-23 12:18:10.362 [info] > git config --get commit.template [21ms]
2023-10-23 12:18:10.363 [info] > git for-each-ref --format=%(refname)%00%(upstream:short)%00%(objectname)%00%(upstream:track)%00%(upstream:remotename)%00%(upstream:remoteref) refs/heads/main refs/remotes/main [2ms]
2023-10-23 12:18:10.393 [info] > git status -z -uall [12ms]
2023-10-23 12:18:10.436 [info] > git ls-files --stage -- /workspaces/143985177/fuel/fuel.py [3ms]
2023-10-23 12:18:10.468 [info] > git cat-file -s f03977a2070db40cdfe063f42f0d403ba86d00ae [3ms]
2023-10-23 12:18:10.579 [info] > git show --textconv :fuel/fuel.py [2ms]
2023-10-23 12:19:24.759 [info] > git check-ignore -v -z --stdin [2ms]
2023-10-23 12:19:26.142 [info] > git check-ignore -v -z --stdin [4ms]
2023-10-23 12:19:26.432 [info] > git show --textconv :coffee/coffee.py [21ms]
2023-10-23 12:19:26.434 [info] > git ls-files --stage -- /workspaces/143985177/coffee/coffee.py [3ms]
2023-10-23 12:19:26.454 [info] > git cat-file -s d83f2caf7840542f38a5c9e9ed3ebd8cac88650d [2ms]
2023-10-23 12:19:36.693 [info] > git show --textconv :calories/calories.py [18ms]
2023-10-23 12:19:36.694 [info] > git ls-files --stage -- /workspaces/143985177/calories/calories.py [2ms]
2023-10-23 12:19:36.713 [info] > git cat-file -s 1bb60a9a36640e85d7cc9a9592481b60dd052f0d [1ms]
2023-10-23 12:19:39.373 [info] > git check-ignore -v -z --stdin [5ms]
2023-10-23 12:19:40.113 [info] > git show --textconv :camel/camel.py [21ms]
2023-10-23 12:19:40.114 [info] > git ls-files --stage -- /workspaces/143985177/camel/camel.py [3ms]
2023-10-23 12:19:40.134 [info] > git cat-file -s ac3e748418f755c34546977ac543720e4412375b [4ms]
2023-10-23 12:19:46.674 [info] > git config --get commit.template [19ms]
2023-10-23 12:19:46.676 [info] > git for-each-ref --format=%(refname)%00%(upstream:short)%00%(objectname)%00%(upstream:track)%00%(upstream:remotename)%00%(upstream:remoteref) refs/heads/main refs/remotes/main [2ms]
2023-10-23 12:19:46.707 [info] > git status -z -uall [12ms]
2023-10-23 12:19:51.750 [info] > git config --get commit.template [19ms]
2023-10-23 12:19:51.751 [info] > git for-each-ref --format=%(refname)%00%(upstream:short)%00%(objectname)%00%(upstream:track)%00%(upstream:remotename)%00%(upstream:remoteref) refs/heads/main refs/remotes/main [2ms]
2023-10-23 12:19:51.780 [info] > git status -z -uall [12ms]
2023-10-23 12:19:56.825 [info] > git for-each-ref --format=%(refname)%00%(upstream:short)%00%(objectname)%00%(upstream:track)%00%(upstream:remotename)%00%(upstream:remoteref) refs/heads/main refs/remotes/main [3ms]
2023-10-23 12:19:56.826 [info] > git config --get commit.template [23ms]
2023-10-23 12:19:56.857 [info] > git status -z -uall [11ms]
2023-10-23 12:20:06.987 [info] > git fetch [555ms]
2023-10-23 12:20:07.022 [info] > git config --get commit.template [17ms]
2023-10-23 12:20:07.040 [info] > git for-each-ref --format=%(refname)%00%(upstream:short)%00%(objectname)%00%(upstream:track)%00%(upstream:remotename)%00%(upstream:remoteref) refs/heads/main refs/remotes/main [17ms]
2023-10-23 12:20:07.094 [info] > git status -z -uall [33ms]
2023-10-23 12:20:08.188 [info] > git config --get commit.template [22ms]
2023-10-23 12:20:08.188 [info] > git for-each-ref --format=%(refname)%00%(upstream:short)%00%(objectname)%00%(upstream:track)%00%(upstream:remotename)%00%(upstream:remoteref) refs/heads/main refs/remotes/main [3ms]
2023-10-23 12:20:08.218 [info] > git status -z -uall [11ms]
2023-10-23 12:20:08.370 [info] > git ls-files --stage -- /workspaces/143985177/camel/camel.py [3ms]
2023-10-23 12:20:08.390 [info] > git cat-file -s ac3e748418f755c34546977ac543720e4412375b [2ms]
2023-10-23 12:20:08.518 [info] > git show --textconv :camel/camel.py [2ms]
2023-10-23 12:20:14.526 [info] > git check-ignore -v -z --stdin [1ms]
2023-10-23 12:20:14.640 [info] > git config --get commit.template [19ms]
2023-10-23 12:20:14.641 [info] > git for-each-ref --format=%(refname)%00%(upstream:short)%00%(objectname)%00%(upstream:track)%00%(upstream:remotename)%00%(upstream:remoteref) refs/heads/main refs/remotes/main [2ms]
2023-10-23 12:20:14.670 [info] > git status -z -uall [12ms]
2023-10-23 12:20:23.199 [info] > git show --textconv :coffee/coffee.py [52ms]
2023-10-23 12:20:23.201 [info] > git ls-files --stage -- /workspaces/143985177/coffee/coffee.py [4ms]
2023-10-23 12:20:23.221 [info] > git cat-file -s d83f2caf7840542f38a5c9e9ed3ebd8cac88650d [2ms]
2023-10-23 12:20:44.696 [info] > git add -A -- /workspaces/143985177/fuel/fuel.py /workspaces/143985177/fuel доделать!/fuel.py [3ms]
2023-10-23 12:20:44.732 [info] > git config --get commit.template [17ms]
2023-10-23 12:20:44.733 [info] > git for-each-ref --format=%(refname)%00%(upstream:short)%00%(objectname)%00%(upstream:track)%00%(upstream:remotename)%00%(upstream:remoteref) refs/heads/main refs/remotes/main [2ms]
2023-10-23 12:20:44.762 [info] > git status -z -uall [12ms]
2023-10-23 12:20:44.796 [info] > git -c user.useConfigOnly=true commit --quiet --allow-empty-message --file - --allow-empty-message [11ms]
2023-10-23 12:20:44.815 [info] > git config --get commit.template [1ms]
2023-10-23 12:20:44.836 [info] > git config --get commit.template [3ms]
2023-10-23 12:20:44.855 [info] > git for-each-ref --format=%(refname)%00%(upstream:short)%00%(objectname)%00%(upstream:track)%00%(upstream:remotename)%00%(upstream:remoteref) refs/heads/main refs/remotes/main [2ms]
2023-10-23 12:20:44.884 [info] > git status -z -uall [12ms]
2023-10-23 12:20:45.121 [info] > git config --local branch.main.github-pr-owner-number [6ms]
2023-10-23 12:20:45.157 [info] > git config --get commit.template [18ms]
2023-10-23 12:20:45.192 [info] > git config --get commit.template [35ms]
2023-10-23 12:20:45.193 [info] > git for-each-ref --format=%(refname)%00%(upstream:short)%00%(objectname)%00%(upstream:track)%00%(upstream:remotename)%00%(upstream:remoteref) refs/heads/main refs/remotes/main [19ms]
2023-10-23 12:20:45.214 [info] > git for-each-ref --format=%(refname)%00%(upstream:short)%00%(objectname)%00%(upstream:track)%00%(upstream:remotename)%00%(upstream:remoteref) refs/heads/main refs/remotes/main [23ms]
2023-10-23 12:20:45.253 [info] > git status -z -uall [18ms]
2023-10-23 12:20:46.061 [info] > git push --force origin main [849ms]
2023-10-23 12:20:46.061 [info] To https://github.com/code50/143985177
   6b3a00f..37e4cf8  main -> main
2023-10-23 12:20:46.099 [info] > git config --get commit.template [18ms]
2023-10-23 12:20:46.100 [info] > git for-each-ref --format=%(refname)%00%(upstream:short)%00%(objectname)%00%(upstream:track)%00%(upstream:remotename)%00%(upstream:remoteref) refs/heads/main refs/remotes/main [2ms]
2023-10-23 12:20:46.130 [info] > git status -z -uall [13ms]
2023-10-23 12:20:46.376 [info] > git config --local branch.main.github-pr-owner-number [116ms]
2023-10-23 12:20:46.416 [info] > git config --get commit.template [20ms]
2023-10-23 12:20:46.426 [info] > git for-each-ref --format=%(refname)%00%(upstream:short)%00%(objectname)%00%(upstream:track)%00%(upstream:remotename)%00%(upstream:remoteref) refs/heads/main refs/remotes/main [11ms]
2023-10-23 12:20:46.465 [info] > git status -z -uall [22ms]
2023-10-23 12:21:55.476 [info] > git config --get commit.template [18ms]
2023-10-23 12:21:55.477 [info] > git for-each-ref --format=%(refname)%00%(upstream:short)%00%(objectname)%00%(upstream:track)%00%(upstream:remotename)%00%(upstream:remoteref) refs/heads/main refs/remotes/main [2ms]
2023-10-23 12:21:55.507 [info] > git status -z -uall [13ms]
2023-10-23 12:21:55.644 [info] > git ls-files --stage -- /workspaces/143985177/coffee/coffee.py [2ms]
2023-10-23 12:21:55.665 [info] > git cat-file -s d83f2caf7840542f38a5c9e9ed3ebd8cac88650d [2ms]
2023-10-23 12:21:55.793 [info] > git show --textconv :coffee/coffee.py [2ms]
2023-10-23 12:22:11.420 [info] > git config --local branch.main.github-pr-owner-number [1ms]
2023-10-23 12:22:11.442 [info] > git config --get commit.template [1ms]
2023-10-23 12:22:11.468 [info] > git for-each-ref --format=%(refname)%00%(upstream:short)%00%(objectname)%00%(upstream:track)%00%(upstream:remotename)%00%(upstream:remoteref) refs/heads/main refs/remotes/main [2ms]
2023-10-23 12:22:11.500 [info] > git status -z -uall [13ms]
2023-10-23 12:22:28.647 [info] > git config --get commit.template [18ms]
2023-10-23 12:22:28.649 [info] > git for-each-ref --format=%(refname)%00%(upstream:short)%00%(objectname)%00%(upstream:track)%00%(upstream:remotename)%00%(upstream:remoteref) refs/heads/main refs/remotes/main [2ms]
2023-10-23 12:22:28.676 [info] > git status -z -uall [11ms]
2023-10-23 12:22:38.943 [info] > git check-ignore -v -z --stdin [2ms]
2023-10-23 12:22:41.571 [info] > git check-ignore -v -z --stdin [2ms]
2023-10-23 12:22:44.347 [info] > git show --textconv :bank/bank.py [18ms]
2023-10-23 12:22:44.348 [info] > git ls-files --stage -- /workspaces/143985177/bank/bank.py [2ms]
2023-10-23 12:22:44.366 [info] > git cat-file -s 416e63d82338fb09960ba394a591e330d6e8d96e [2ms]
2023-10-23 12:22:58.714 [info] > git add -A -- /workspaces/143985177/coffee/coffee.py [6ms]
2023-10-23 12:22:58.769 [info] > git config --get commit.template [27ms]
2023-10-23 12:22:58.772 [info] > git for-each-ref --format=%(refname)%00%(upstream:short)%00%(objectname)%00%(upstream:track)%00%(upstream:remotename)%00%(upstream:remoteref) refs/heads/main refs/remotes/main [4ms]
2023-10-23 12:22:58.835 [info] > git status -z -uall [30ms]
2023-10-23 12:22:58.882 [info] > git -c user.useConfigOnly=true commit --quiet --allow-empty-message --file - --allow-empty-message [11ms]
2023-10-23 12:22:58.903 [info] > git config --get commit.template [2ms]
2023-10-23 12:22:58.941 [info] > git config --get commit.template [19ms]
2023-10-23 12:22:58.966 [info] > git for-each-ref --format=%(refname)%00%(upstream:short)%00%(objectname)%00%(upstream:track)%00%(upstream:remotename)%00%(upstream:remoteref) refs/heads/main refs/remotes/main [24ms]
2023-10-23 12:22:59.004 [info] > git status -z -uall [15ms]
2023-10-23 12:22:59.282 [info] > git config --local branch.main.github-pr-owner-number [7ms]
2023-10-23 12:22:59.327 [info] > git config --get commit.template [23ms]
2023-10-23 12:22:59.327 [info] > git config --get commit.template [3ms]
2023-10-23 12:22:59.371 [info] > git for-each-ref --format=%(refname)%00%(upstream:short)%00%(objectname)%00%(upstream:track)%00%(upstream:remotename)%00%(upstream:remoteref) refs/heads/main refs/remotes/main [21ms]
2023-10-23 12:22:59.403 [info] > git for-each-ref --format=%(refname)%00%(upstream:short)%00%(objectname)%00%(upstream:track)%00%(upstream:remotename)%00%(upstream:remoteref) refs/heads/main refs/remotes/main [33ms]
2023-10-23 12:22:59.444 [info] > git status -z -uall [11ms]
2023-10-23 12:23:00.293 [info] > git push --force origin main [891ms]
2023-10-23 12:23:00.293 [info] To https://github.com/code50/143985177
   37e4cf8..a37b082  main -> main
2023-10-23 12:23:00.329 [info] > git config --get commit.template [18ms]
2023-10-23 12:23:00.331 [info] > git for-each-ref --format=%(refname)%00%(upstream:short)%00%(objectname)%00%(upstream:track)%00%(upstream:remotename)%00%(upstream:remoteref) refs/heads/main refs/remotes/main [2ms]
2023-10-23 12:23:00.376 [info] > git status -z -uall [27ms]
2023-10-23 12:23:00.381 [info] > git ls-files --stage -- /workspaces/143985177/bank/bank.py [6ms]
2023-10-23 12:23:00.402 [info] > git cat-file -s 416e63d82338fb09960ba394a591e330d6e8d96e [2ms]
2023-10-23 12:23:00.674 [info] > git show --textconv :bank/bank.py [138ms]
2023-10-23 12:23:00.674 [info] > git config --local branch.main.github-pr-owner-number [114ms]
2023-10-23 12:23:00.713 [info] > git config --get commit.template [19ms]
2023-10-23 12:23:00.723 [info] > git for-each-ref --format=%(refname)%00%(upstream:short)%00%(objectname)%00%(upstream:track)%00%(upstream:remotename)%00%(upstream:remoteref) refs/heads/main refs/remotes/main [11ms]
2023-10-23 12:23:00.754 [info] > git status -z -uall [11ms]
2023-10-23 12:23:30.583 [info] > git config --get commit.template [27ms]
2023-10-23 12:23:30.586 [info] > git for-each-ref --format=%(refname)%00%(upstream:short)%00%(objectname)%00%(upstream:track)%00%(upstream:remotename)%00%(upstream:remoteref) refs/heads/main refs/remotes/main [4ms]
2023-10-23 12:23:30.653 [info] > git status -z -uall [42ms]
2023-10-23 12:23:30.657 [info] > git ls-files --stage -- /workspaces/143985177/bank/bank.py [5ms]
2023-10-23 12:23:30.690 [info] > git cat-file -s 416e63d82338fb09960ba394a591e330d6e8d96e [3ms]
2023-10-23 12:23:30.805 [info] > git show --textconv :bank/bank.py [2ms]
2023-10-23 12:23:31.080 [info] > git fetch [550ms]
2023-10-23 12:23:31.101 [info] > git config --get commit.template [2ms]
2023-10-23 12:23:31.123 [info] > git for-each-ref --format=%(refname)%00%(upstream:short)%00%(objectname)%00%(upstream:track)%00%(upstream:remotename)%00%(upstream:remoteref) refs/heads/main refs/remotes/main [2ms]
2023-10-23 12:23:31.157 [info] > git status -z -uall [15ms]
2023-10-23 12:23:32.458 [info] > git ls-files --stage -- /workspaces/143985177/bank/bank.py [2ms]
2023-10-23 12:23:32.480 [info] > git cat-file -s 416e63d82338fb09960ba394a591e330d6e8d96e [2ms]
2023-10-23 12:23:32.606 [info] > git show --textconv :bank/bank.py [3ms]
2023-10-23 12:23:35.697 [info] > git config --get commit.template [20ms]
2023-10-23 12:23:35.698 [info] > git for-each-ref --format=%(refname)%00%(upstream:short)%00%(objectname)%00%(upstream:track)%00%(upstream:remotename)%00%(upstream:remoteref) refs/heads/main refs/remotes/main [2ms]
2023-10-23 12:23:35.728 [info] > git status -z -uall [12ms]
