2023-10-15 18:10:53.380 [info] Reading sessions from keychain...
2023-10-15 18:10:53.381 [info] Getting sessions for all scopes...
2023-10-15 18:10:53.381 [info] Getting sessions for user:email...
2023-10-15 18:10:53.381 [info] Getting sessions for all scopes...
2023-10-15 18:10:53.381 [info] Got stored sessions!
2023-10-15 18:10:53.381 [info] Got 6 verified sessions.
2023-10-15 18:10:53.381 [info] Got 6 sessions for ...
2023-10-15 18:10:53.381 [info] Got 1 sessions for user:email...
2023-10-15 18:10:53.381 [info] Got 6 sessions for ...
2023-10-15 18:10:54.270 [info] Getting sessions for codespace,read:user,repo,user:email...
2023-10-15 18:10:54.270 [info] Getting sessions for all scopes...
2023-10-15 18:10:54.270 [info] Got 1 sessions for codespace,read:user,repo,user:email...
2023-10-15 18:10:54.271 [info] Got 6 sessions for ...
2023-10-15 18:10:54.428 [info] Getting sessions for all scopes...
2023-10-15 18:10:54.428 [info] Got 6 sessions for ...
2023-10-15 18:10:56.810 [info] Getting sessions for all scopes...
2023-10-15 18:10:56.810 [info] Got 6 sessions for ...
2023-10-15 18:10:59.055 [info] Getting sessions for all scopes...
2023-10-15 18:10:59.055 [info] Got 6 sessions for ...
2023-10-15 18:11:00.141 [info] Getting sessions for all scopes...
2023-10-15 18:11:00.141 [info] Got 6 sessions for ...
2023-10-15 18:11:00.726 [info] Getting sessions for read:user,repo,user:email,workflow...
2023-10-15 18:11:00.726 [info] Getting sessions for all scopes...
2023-10-15 18:11:00.726 [info] Got 1 sessions for read:user,repo,user:email,workflow...
2023-10-15 18:11:00.726 [info] Got 6 sessions for ...
2023-10-15 18:11:02.433 [info] Getting sessions for read:user,repo,user:email,workflow...
2023-10-15 18:11:02.434 [info] Got 1 sessions for read:user,repo,user:email,workflow...
2023-10-15 18:11:03.994 [info] Getting sessions for read:user,repo,user:email,workflow...
2023-10-15 18:11:03.994 [info] Got 1 sessions for read:user,repo,user:email,workflow...
2023-10-15 18:11:07.202 [info] Getting sessions for read:user,repo,user:email,workflow...
2023-10-15 18:11:07.202 [info] Got 1 sessions for read:user,repo,user:email,workflow...
