2023-10-15 19:16:16.383 [info] Уровень ведения журнала: Info
2023-10-15 19:16:16.383 [info] Проверка найденного Git в: "git"
2023-10-15 19:16:16.383 [info] Используется Git "2.34.1" из "git"
2023-10-15 19:16:16.383 [info] > git rev-parse --show-toplevel [11ms]
2023-10-15 19:16:16.383 [info] > git rev-parse --git-dir --git-common-dir [1673ms]
2023-10-15 19:16:16.383 [info] Open repository: /workspaces/143985177
2023-10-15 19:16:16.383 [info] > git config --get commit.template [40ms]
2023-10-15 19:16:16.383 [info] > git rev-parse --show-toplevel [68ms]
2023-10-15 19:16:16.391 [info] > git rev-parse --show-toplevel [21ms]
2023-10-15 19:16:16.424 [info] > git for-each-ref --format=%(refname)%00%(upstream:short)%00%(objectname)%00%(upstream:track)%00%(upstream:remotename)%00%(upstream:remoteref) refs/heads/main refs/remotes/main [92ms]
2023-10-15 19:16:16.454 [info] > git rev-parse --show-toplevel [30ms]
2023-10-15 19:16:16.504 [info] > git rev-parse --show-toplevel [13ms]
2023-10-15 19:16:16.592 [info] > git status -z -uall [140ms]
2023-10-15 19:16:16.642 [info] > git rev-parse --show-toplevel [114ms]
2023-10-15 19:16:16.662 [info] > git config --get commit.template [41ms]
2023-10-15 19:16:16.663 [info] > git rev-parse --show-toplevel [3ms]
2023-10-15 19:16:16.709 [info] > git rev-parse --show-toplevel [9ms]
2023-10-15 19:16:16.709 [info] > git for-each-ref --format=%(refname)%00%(upstream:short)%00%(objectname)%00%(upstream:track)%00%(upstream:remotename)%00%(upstream:remoteref) refs/heads/main refs/remotes/main [28ms]
2023-10-15 19:16:16.762 [info] > git status -z -uall [28ms]
2023-10-15 19:16:16.762 [info] > git rev-parse --show-toplevel [5ms]
2023-10-15 19:16:16.787 [info] > git rev-parse --show-toplevel [3ms]
2023-10-15 19:16:16.810 [info] > git rev-parse --show-toplevel [2ms]
2023-10-15 19:16:16.831 [info] > git rev-parse --show-toplevel [2ms]
2023-10-15 19:16:16.852 [info] > git rev-parse --show-toplevel [3ms]
2023-10-15 19:16:18.662 [info] > git check-ignore -v -z --stdin [665ms]
2023-10-15 19:16:18.663 [info] > git show --textconv :extensions/extensions.py [646ms]
2023-10-15 19:16:18.755 [info] > git ls-files --stage -- /workspaces/143985177/extensions/extensions.py [719ms]
2023-10-15 19:16:19.715 [info] > git config --local branch.main.github-pr-owner-number [257ms]
2023-10-15 19:16:19.818 [info] > git config --get commit.template [27ms]
2023-10-15 19:16:19.873 [info] > git for-each-ref --format=%(refname)%00%(upstream:short)%00%(objectname)%00%(upstream:track)%00%(upstream:remotename)%00%(upstream:remoteref) refs/heads/main refs/remotes/main [21ms]
2023-10-15 19:16:20.087 [info] > git status -z -uall [189ms]
2023-10-15 19:16:40.267 [info] > git ls-files --stage -- /workspaces/143985177/extensions/extensions.py [3ms]
2023-10-15 19:16:40.430 [info] > git show --textconv :extensions/extensions.py [2ms]
2023-10-15 19:16:40.535 [info] > git fetch [1697ms]
2023-10-15 19:16:40.572 [info] > git config --get commit.template [18ms]
2023-10-15 19:16:40.585 [info] > git for-each-ref --format=%(refname)%00%(upstream:short)%00%(objectname)%00%(upstream:track)%00%(upstream:remotename)%00%(upstream:remoteref) refs/heads/main refs/remotes/main [14ms]
2023-10-15 19:16:40.616 [info] > git status -z -uall [14ms]
2023-10-15 19:16:41.731 [info] > git config --get commit.template [18ms]
2023-10-15 19:16:41.733 [info] > git for-each-ref --format=%(refname)%00%(upstream:short)%00%(objectname)%00%(upstream:track)%00%(upstream:remotename)%00%(upstream:remoteref) refs/heads/main refs/remotes/main [2ms]
2023-10-15 19:16:41.760 [info] > git status -z -uall [11ms]
2023-10-15 19:16:41.946 [info] > git ls-files --stage -- /workspaces/143985177/extensions/extensions.py [2ms]
2023-10-15 19:16:42.073 [info] > git show --textconv :extensions/extensions.py [2ms]
2023-10-15 19:17:01.158 [info] > git config --get commit.template [16ms]
2023-10-15 19:17:01.158 [info] > git for-each-ref --format=%(refname)%00%(upstream:short)%00%(objectname)%00%(upstream:track)%00%(upstream:remotename)%00%(upstream:remoteref) refs/heads/main refs/remotes/main [2ms]
2023-10-15 19:17:01.198 [info] > git status -z -uall [19ms]
2023-10-15 19:17:01.389 [info] > git check-ignore -v -z --stdin [14ms]
2023-10-15 19:17:08.142 [info] > git show --textconv :camel/camel.py [54ms]
2023-10-15 19:17:08.143 [info] > git ls-files --stage -- /workspaces/143985177/camel/camel.py [25ms]
2023-10-15 19:17:08.147 [info] > git check-ignore -v -z --stdin [6ms]
2023-10-15 19:17:08.468 [info] > git config --get commit.template [16ms]
2023-10-15 19:17:08.470 [info] > git for-each-ref --format=%(refname)%00%(upstream:short)%00%(objectname)%00%(upstream:track)%00%(upstream:remotename)%00%(upstream:remoteref) refs/heads/main refs/remotes/main [3ms]
2023-10-15 19:17:08.497 [info] > git status -z -uall [12ms]
2023-10-15 19:20:17.303 [info] > git fetch [545ms]
2023-10-15 19:20:17.336 [info] > git config --get commit.template [16ms]
2023-10-15 19:20:17.338 [info] > git for-each-ref --format=%(refname)%00%(upstream:short)%00%(objectname)%00%(upstream:track)%00%(upstream:remotename)%00%(upstream:remoteref) refs/heads/main refs/remotes/main [3ms]
2023-10-15 19:20:17.365 [info] > git status -z -uall [12ms]
2023-10-15 19:21:18.680 [info] > git config --local branch.main.github-pr-owner-number [2ms]
2023-10-15 19:21:18.713 [info] > git config --get commit.template [16ms]
2023-10-15 19:21:18.715 [info] > git for-each-ref --format=%(refname)%00%(upstream:short)%00%(objectname)%00%(upstream:track)%00%(upstream:remotename)%00%(upstream:remoteref) refs/heads/main refs/remotes/main [3ms]
2023-10-15 19:21:18.744 [info] > git status -z -uall [12ms]
2023-10-15 19:24:55.287 [info] > git config --get commit.template [25ms]
2023-10-15 19:24:55.291 [info] > git for-each-ref --format=%(refname)%00%(upstream:short)%00%(objectname)%00%(upstream:track)%00%(upstream:remotename)%00%(upstream:remoteref) refs/heads/main refs/remotes/main [5ms]
2023-10-15 19:24:55.327 [info] > git status -z -uall [13ms]
2023-10-15 19:24:55.410 [info] > git ls-files --stage -- /workspaces/143985177/camel/camel.py [2ms]
2023-10-15 19:24:55.537 [info] > git show --textconv :camel/camel.py [3ms]
2023-10-15 19:24:55.808 [info] > git fetch [569ms]
2023-10-15 19:24:55.849 [info] > git config --get commit.template [20ms]
2023-10-15 19:24:55.850 [info] > git for-each-ref --format=%(refname)%00%(upstream:short)%00%(objectname)%00%(upstream:track)%00%(upstream:remotename)%00%(upstream:remoteref) refs/heads/main refs/remotes/main [2ms]
2023-10-15 19:24:55.879 [info] > git status -z -uall [12ms]
2023-10-15 19:26:18.764 [info] > git config --local branch.main.github-pr-owner-number [2ms]
2023-10-15 19:26:18.799 [info] > git config --get commit.template [19ms]
2023-10-15 19:26:18.800 [info] > git for-each-ref --format=%(refname)%00%(upstream:short)%00%(objectname)%00%(upstream:track)%00%(upstream:remotename)%00%(upstream:remoteref) refs/heads/main refs/remotes/main [2ms]
2023-10-15 19:26:18.828 [info] > git status -z -uall [13ms]
2023-10-15 19:31:18.851 [info] > git config --local branch.main.github-pr-owner-number [1ms]
2023-10-15 19:31:18.885 [info] > git config --get commit.template [18ms]
2023-10-15 19:31:18.887 [info] > git for-each-ref --format=%(refname)%00%(upstream:short)%00%(objectname)%00%(upstream:track)%00%(upstream:remotename)%00%(upstream:remoteref) refs/heads/main refs/remotes/main [2ms]
2023-10-15 19:31:18.915 [info] > git status -z -uall [12ms]
2023-10-15 19:35:55.173 [info] > git config --get commit.template [1ms]
2023-10-15 19:35:55.199 [info] > git for-each-ref --format=%(refname)%00%(upstream:short)%00%(objectname)%00%(upstream:track)%00%(upstream:remotename)%00%(upstream:remoteref) refs/heads/main refs/remotes/main [3ms]
2023-10-15 19:35:55.238 [info] > git status -z -uall [13ms]
2023-10-15 19:35:55.289 [info] > git ls-files --stage -- /workspaces/143985177/camel/camel.py [2ms]
2023-10-15 19:35:55.424 [info] > git show --textconv :camel/camel.py [3ms]
2023-10-15 19:35:55.735 [info] > git fetch [586ms]
2023-10-15 19:35:55.779 [info] > git config --get commit.template [22ms]
2023-10-15 19:35:55.781 [info] > git for-each-ref --format=%(refname)%00%(upstream:short)%00%(objectname)%00%(upstream:track)%00%(upstream:remotename)%00%(upstream:remoteref) refs/heads/main refs/remotes/main [2ms]
2023-10-15 19:35:55.810 [info] > git status -z -uall [12ms]
2023-10-15 19:35:57.158 [info] > git ls-files --stage -- /workspaces/143985177/camel/camel.py [4ms]
2023-10-15 19:35:57.325 [info] > git show --textconv :camel/camel.py [3ms]
2023-10-15 19:36:00.278 [info] > git config --get commit.template [19ms]
2023-10-15 19:36:00.280 [info] > git for-each-ref --format=%(refname)%00%(upstream:short)%00%(objectname)%00%(upstream:track)%00%(upstream:remotename)%00%(upstream:remoteref) refs/heads/main refs/remotes/main [2ms]
2023-10-15 19:36:00.309 [info] > git status -z -uall [12ms]
2023-10-15 19:36:05.347 [info] > git config --get commit.template [18ms]
2023-10-15 19:36:05.348 [info] > git for-each-ref --format=%(refname)%00%(upstream:short)%00%(objectname)%00%(upstream:track)%00%(upstream:remotename)%00%(upstream:remoteref) refs/heads/main refs/remotes/main [2ms]
2023-10-15 19:36:05.378 [info] > git status -z -uall [13ms]
2023-10-15 19:36:10.416 [info] > git config --get commit.template [17ms]
2023-10-15 19:36:10.418 [info] > git for-each-ref --format=%(refname)%00%(upstream:short)%00%(objectname)%00%(upstream:track)%00%(upstream:remotename)%00%(upstream:remoteref) refs/heads/main refs/remotes/main [3ms]
2023-10-15 19:36:10.447 [info] > git status -z -uall [12ms]
2023-10-15 19:36:18.935 [info] > git config --local branch.main.github-pr-owner-number [2ms]
2023-10-15 19:36:18.969 [info] > git config --get commit.template [16ms]
2023-10-15 19:36:18.970 [info] > git for-each-ref --format=%(refname)%00%(upstream:short)%00%(objectname)%00%(upstream:track)%00%(upstream:remotename)%00%(upstream:remoteref) refs/heads/main refs/remotes/main [2ms]
2023-10-15 19:36:19.002 [info] > git status -z -uall [16ms]
2023-10-15 19:36:22.608 [info] > git config --get commit.template [18ms]
2023-10-15 19:36:22.609 [info] > git for-each-ref --format=%(refname)%00%(upstream:short)%00%(objectname)%00%(upstream:track)%00%(upstream:remotename)%00%(upstream:remoteref) refs/heads/main refs/remotes/main [2ms]
2023-10-15 19:36:22.646 [info] > git status -z -uall [18ms]
2023-10-15 19:36:27.670 [info] > git config --get commit.template [3ms]
2023-10-15 19:36:27.690 [info] > git for-each-ref --format=%(refname)%00%(upstream:short)%00%(objectname)%00%(upstream:track)%00%(upstream:remotename)%00%(upstream:remoteref) refs/heads/main refs/remotes/main [2ms]
2023-10-15 19:36:27.725 [info] > git status -z -uall [16ms]
2023-10-15 19:36:32.815 [info] > git config --get commit.template [39ms]
2023-10-15 19:36:32.816 [info] > git for-each-ref --format=%(refname)%00%(upstream:short)%00%(objectname)%00%(upstream:track)%00%(upstream:remotename)%00%(upstream:remoteref) refs/heads/main refs/remotes/main [12ms]
2023-10-15 19:36:32.850 [info] > git status -z -uall [13ms]
2023-10-15 19:36:37.891 [info] > git config --get commit.template [19ms]
2023-10-15 19:36:37.893 [info] > git for-each-ref --format=%(refname)%00%(upstream:short)%00%(objectname)%00%(upstream:track)%00%(upstream:remotename)%00%(upstream:remoteref) refs/heads/main refs/remotes/main [3ms]
2023-10-15 19:36:37.922 [info] > git status -z -uall [13ms]
2023-10-15 19:36:42.963 [info] > git config --get commit.template [20ms]
2023-10-15 19:36:42.964 [info] > git for-each-ref --format=%(refname)%00%(upstream:short)%00%(objectname)%00%(upstream:track)%00%(upstream:remotename)%00%(upstream:remoteref) refs/heads/main refs/remotes/main [2ms]
2023-10-15 19:36:42.994 [info] > git status -z -uall [12ms]
2023-10-15 19:37:55.228 [info] > git config --get commit.template [18ms]
2023-10-15 19:37:55.230 [info] > git for-each-ref --format=%(refname)%00%(upstream:short)%00%(objectname)%00%(upstream:track)%00%(upstream:remotename)%00%(upstream:remoteref) refs/heads/main refs/remotes/main [2ms]
2023-10-15 19:37:55.258 [info] > git status -z -uall [12ms]
2023-10-15 19:38:00.296 [info] > git config --get commit.template [18ms]
2023-10-15 19:38:00.298 [info] > git for-each-ref --format=%(refname)%00%(upstream:short)%00%(objectname)%00%(upstream:track)%00%(upstream:remotename)%00%(upstream:remoteref) refs/heads/main refs/remotes/main [2ms]
2023-10-15 19:38:00.351 [info] > git status -z -uall [36ms]
2023-10-15 19:38:05.388 [info] > git config --get commit.template [18ms]
2023-10-15 19:38:05.389 [info] > git for-each-ref --format=%(refname)%00%(upstream:short)%00%(objectname)%00%(upstream:track)%00%(upstream:remotename)%00%(upstream:remoteref) refs/heads/main refs/remotes/main [2ms]
2023-10-15 19:38:05.417 [info] > git status -z -uall [11ms]
2023-10-15 19:38:10.455 [info] > git config --get commit.template [17ms]
2023-10-15 19:38:10.457 [info] > git for-each-ref --format=%(refname)%00%(upstream:short)%00%(objectname)%00%(upstream:track)%00%(upstream:remotename)%00%(upstream:remoteref) refs/heads/main refs/remotes/main [2ms]
2023-10-15 19:38:10.484 [info] > git status -z -uall [12ms]
2023-10-15 19:38:15.523 [info] > git config --get commit.template [18ms]
2023-10-15 19:38:15.524 [info] > git for-each-ref --format=%(refname)%00%(upstream:short)%00%(objectname)%00%(upstream:track)%00%(upstream:remotename)%00%(upstream:remoteref) refs/heads/main refs/remotes/main [2ms]
2023-10-15 19:38:15.552 [info] > git status -z -uall [12ms]
2023-10-15 19:38:20.589 [info] > git config --get commit.template [17ms]
2023-10-15 19:38:20.590 [info] > git for-each-ref --format=%(refname)%00%(upstream:short)%00%(objectname)%00%(upstream:track)%00%(upstream:remotename)%00%(upstream:remoteref) refs/heads/main refs/remotes/main [2ms]
2023-10-15 19:38:20.618 [info] > git status -z -uall [11ms]
2023-10-15 19:39:07.459 [info] > git fetch [518ms]
2023-10-15 19:39:07.497 [info] > git config --get commit.template [19ms]
2023-10-15 19:39:07.498 [info] > git for-each-ref --format=%(refname)%00%(upstream:short)%00%(objectname)%00%(upstream:track)%00%(upstream:remotename)%00%(upstream:remoteref) refs/heads/main refs/remotes/main [2ms]
2023-10-15 19:39:07.528 [info] > git status -z -uall [12ms]
2023-10-15 19:39:08.684 [info] > git config --get commit.template [18ms]
2023-10-15 19:39:08.701 [info] > git for-each-ref --format=%(refname)%00%(upstream:short)%00%(objectname)%00%(upstream:track)%00%(upstream:remotename)%00%(upstream:remoteref) refs/heads/main refs/remotes/main [18ms]
2023-10-15 19:39:08.739 [info] > git status -z -uall [19ms]
2023-10-15 19:39:08.890 [info] > git ls-files --stage -- /workspaces/143985177/camel/camel.py [2ms]
2023-10-15 19:39:09.018 [info] > git show --textconv :camel/camel.py [2ms]
2023-10-15 19:39:31.404 [info] > git config --get commit.template [17ms]
2023-10-15 19:39:31.405 [info] > git for-each-ref --format=%(refname)%00%(upstream:short)%00%(objectname)%00%(upstream:track)%00%(upstream:remotename)%00%(upstream:remoteref) refs/heads/main refs/remotes/main [2ms]
2023-10-15 19:39:31.444 [info] > git status -z -uall [21ms]
2023-10-15 19:39:42.560 [info] > git config --get commit.template [17ms]
2023-10-15 19:39:42.561 [info] > git for-each-ref --format=%(refname)%00%(upstream:short)%00%(objectname)%00%(upstream:track)%00%(upstream:remotename)%00%(upstream:remoteref) refs/heads/main refs/remotes/main [2ms]
2023-10-15 19:39:42.591 [info] > git status -z -uall [12ms]
2023-10-15 19:39:48.482 [info] > git config --get commit.template [2ms]
2023-10-15 19:39:48.501 [info] > git for-each-ref --format=%(refname)%00%(upstream:short)%00%(objectname)%00%(upstream:track)%00%(upstream:remotename)%00%(upstream:remoteref) refs/heads/main refs/remotes/main [2ms]
2023-10-15 19:39:48.530 [info] > git status -z -uall [12ms]
2023-10-15 19:39:53.570 [info] > git config --get commit.template [18ms]
2023-10-15 19:39:53.570 [info] > git for-each-ref --format=%(refname)%00%(upstream:short)%00%(objectname)%00%(upstream:track)%00%(upstream:remotename)%00%(upstream:remoteref) refs/heads/main refs/remotes/main [2ms]
2023-10-15 19:39:53.601 [info] > git status -z -uall [14ms]
2023-10-15 19:39:58.631 [info] > git config --get commit.template [2ms]
2023-10-15 19:39:58.657 [info] > git for-each-ref --format=%(refname)%00%(upstream:short)%00%(objectname)%00%(upstream:track)%00%(upstream:remotename)%00%(upstream:remoteref) refs/heads/main refs/remotes/main [3ms]
2023-10-15 19:39:58.694 [info] > git status -z -uall [16ms]
2023-10-15 19:40:03.738 [info] > git config --get commit.template [21ms]
2023-10-15 19:40:03.738 [info] > git for-each-ref --format=%(refname)%00%(upstream:short)%00%(objectname)%00%(upstream:track)%00%(upstream:remotename)%00%(upstream:remoteref) refs/heads/main refs/remotes/main [2ms]
2023-10-15 19:40:03.776 [info] > git status -z -uall [18ms]
2023-10-15 19:40:08.811 [info] > git config --get commit.template [16ms]
2023-10-15 19:40:08.813 [info] > git for-each-ref --format=%(refname)%00%(upstream:short)%00%(objectname)%00%(upstream:track)%00%(upstream:remotename)%00%(upstream:remoteref) refs/heads/main refs/remotes/main [3ms]
2023-10-15 19:40:08.845 [info] > git status -z -uall [12ms]
2023-10-15 19:40:13.881 [info] > git config --get commit.template [17ms]
2023-10-15 19:40:13.883 [info] > git for-each-ref --format=%(refname)%00%(upstream:short)%00%(objectname)%00%(upstream:track)%00%(upstream:remotename)%00%(upstream:remoteref) refs/heads/main refs/remotes/main [2ms]
2023-10-15 19:40:13.911 [info] > git status -z -uall [12ms]
2023-10-15 19:41:06.951 [info] > git config --get commit.template [20ms]
2023-10-15 19:41:06.951 [info] > git for-each-ref --format=%(refname)%00%(upstream:short)%00%(objectname)%00%(upstream:track)%00%(upstream:remotename)%00%(upstream:remoteref) refs/heads/main refs/remotes/main [3ms]
2023-10-15 19:41:06.979 [info] > git status -z -uall [11ms]
2023-10-15 19:41:12.266 [info] > git config --get commit.template [18ms]
2023-10-15 19:41:12.268 [info] > git for-each-ref --format=%(refname)%00%(upstream:short)%00%(objectname)%00%(upstream:track)%00%(upstream:remotename)%00%(upstream:remoteref) refs/heads/main refs/remotes/main [2ms]
2023-10-15 19:41:12.297 [info] > git status -z -uall [11ms]
2023-10-15 19:41:17.335 [info] > git config --get commit.template [17ms]
2023-10-15 19:41:17.337 [info] > git for-each-ref --format=%(refname)%00%(upstream:short)%00%(objectname)%00%(upstream:track)%00%(upstream:remotename)%00%(upstream:remoteref) refs/heads/main refs/remotes/main [1ms]
2023-10-15 19:41:17.364 [info] > git status -z -uall [12ms]
2023-10-15 19:41:19.024 [info] > git config --local branch.main.github-pr-owner-number [3ms]
2023-10-15 19:41:19.057 [info] > git config --get commit.template [17ms]
2023-10-15 19:41:19.058 [info] > git for-each-ref --format=%(refname)%00%(upstream:short)%00%(objectname)%00%(upstream:track)%00%(upstream:remotename)%00%(upstream:remoteref) refs/heads/main refs/remotes/main [2ms]
2023-10-15 19:41:19.087 [info] > git status -z -uall [11ms]
2023-10-15 19:44:02.635 [info] > git fetch [620ms]
2023-10-15 19:44:02.672 [info] > git config --get commit.template [18ms]
2023-10-15 19:44:02.673 [info] > git for-each-ref --format=%(refname)%00%(upstream:short)%00%(objectname)%00%(upstream:track)%00%(upstream:remotename)%00%(upstream:remoteref) refs/heads/main refs/remotes/main [2ms]
2023-10-15 19:44:02.702 [info] > git status -z -uall [11ms]
2023-10-15 19:44:03.879 [info] > git config --get commit.template [5ms]
2023-10-15 19:44:03.901 [info] > git for-each-ref --format=%(refname)%00%(upstream:short)%00%(objectname)%00%(upstream:track)%00%(upstream:remotename)%00%(upstream:remoteref) refs/heads/main refs/remotes/main [3ms]
2023-10-15 19:44:03.931 [info] > git status -z -uall [12ms]
2023-10-15 19:44:04.102 [info] > git ls-files --stage -- /workspaces/143985177/camel/camel.py [2ms]
2023-10-15 19:44:04.230 [info] > git show --textconv :camel/camel.py [2ms]
2023-10-15 19:44:08.970 [info] > git config --get commit.template [19ms]
2023-10-15 19:44:08.971 [info] > git for-each-ref --format=%(refname)%00%(upstream:short)%00%(objectname)%00%(upstream:track)%00%(upstream:remotename)%00%(upstream:remoteref) refs/heads/main refs/remotes/main [3ms]
2023-10-15 19:44:09.005 [info] > git status -z -uall [18ms]
2023-10-15 19:44:14.064 [info] > git for-each-ref --format=%(refname)%00%(upstream:short)%00%(objectname)%00%(upstream:track)%00%(upstream:remotename)%00%(upstream:remoteref) refs/heads/main refs/remotes/main [3ms]
2023-10-15 19:44:14.064 [info] > git config --get commit.template [26ms]
2023-10-15 19:44:14.096 [info] > git status -z -uall [12ms]
2023-10-15 19:44:19.139 [info] > git for-each-ref --format=%(refname)%00%(upstream:short)%00%(objectname)%00%(upstream:track)%00%(upstream:remotename)%00%(upstream:remoteref) refs/heads/main refs/remotes/main [1ms]
2023-10-15 19:44:19.140 [info] > git config --get commit.template [23ms]
2023-10-15 19:44:19.180 [info] > git status -z -uall [20ms]
2023-10-15 19:44:24.233 [info] > git config --get commit.template [24ms]
2023-10-15 19:44:24.235 [info] > git for-each-ref --format=%(refname)%00%(upstream:short)%00%(objectname)%00%(upstream:track)%00%(upstream:remotename)%00%(upstream:remoteref) refs/heads/main refs/remotes/main [3ms]
2023-10-15 19:44:24.272 [info] > git status -z -uall [16ms]
2023-10-15 19:44:29.312 [info] > git config --get commit.template [18ms]
2023-10-15 19:44:29.313 [info] > git for-each-ref --format=%(refname)%00%(upstream:short)%00%(objectname)%00%(upstream:track)%00%(upstream:remotename)%00%(upstream:remoteref) refs/heads/main refs/remotes/main [2ms]
2023-10-15 19:44:29.341 [info] > git status -z -uall [11ms]
2023-10-15 19:44:47.275 [info] > git config --get commit.template [28ms]
2023-10-15 19:44:47.277 [info] > git for-each-ref --format=%(refname)%00%(upstream:short)%00%(objectname)%00%(upstream:track)%00%(upstream:remotename)%00%(upstream:remoteref) refs/heads/main refs/remotes/main [3ms]
2023-10-15 19:44:47.323 [info] > git status -z -uall [29ms]
2023-10-15 19:44:56.247 [info] > git config --get commit.template [18ms]
2023-10-15 19:44:56.248 [info] > git for-each-ref --format=%(refname)%00%(upstream:short)%00%(objectname)%00%(upstream:track)%00%(upstream:remotename)%00%(upstream:remoteref) refs/heads/main refs/remotes/main [2ms]
2023-10-15 19:44:56.278 [info] > git status -z -uall [12ms]
2023-10-15 19:45:01.316 [info] > git config --get commit.template [18ms]
2023-10-15 19:45:01.318 [info] > git for-each-ref --format=%(refname)%00%(upstream:short)%00%(objectname)%00%(upstream:track)%00%(upstream:remotename)%00%(upstream:remoteref) refs/heads/main refs/remotes/main [1ms]
2023-10-15 19:45:01.345 [info] > git status -z -uall [11ms]
2023-10-15 19:45:38.401 [info] > git config --get commit.template [18ms]
2023-10-15 19:45:38.402 [info] > git for-each-ref --format=%(refname)%00%(upstream:short)%00%(objectname)%00%(upstream:track)%00%(upstream:remotename)%00%(upstream:remoteref) refs/heads/main refs/remotes/main [2ms]
2023-10-15 19:45:38.432 [info] > git status -z -uall [13ms]
2023-10-15 19:45:51.281 [info] > git config --get commit.template [29ms]
2023-10-15 19:45:51.284 [info] > git for-each-ref --format=%(refname)%00%(upstream:short)%00%(objectname)%00%(upstream:track)%00%(upstream:remotename)%00%(upstream:remoteref) refs/heads/main refs/remotes/main [4ms]
2023-10-15 19:45:51.318 [info] > git status -z -uall [16ms]
2023-10-15 19:45:56.374 [info] > git config --get commit.template [27ms]
2023-10-15 19:45:56.377 [info] > git for-each-ref --format=%(refname)%00%(upstream:short)%00%(objectname)%00%(upstream:track)%00%(upstream:remotename)%00%(upstream:remoteref) refs/heads/main refs/remotes/main [4ms]
2023-10-15 19:45:56.413 [info] > git status -z -uall [16ms]
2023-10-15 19:46:01.467 [info] > git config --get commit.template [28ms]
2023-10-15 19:46:01.467 [info] > git for-each-ref --format=%(refname)%00%(upstream:short)%00%(objectname)%00%(upstream:track)%00%(upstream:remotename)%00%(upstream:remoteref) refs/heads/main refs/remotes/main [3ms]
2023-10-15 19:46:01.503 [info] > git status -z -uall [18ms]
2023-10-15 19:46:19.108 [info] > git config --local branch.main.github-pr-owner-number [2ms]
2023-10-15 19:46:19.145 [info] > git config --get commit.template [20ms]
2023-10-15 19:46:19.146 [info] > git for-each-ref --format=%(refname)%00%(upstream:short)%00%(objectname)%00%(upstream:track)%00%(upstream:remotename)%00%(upstream:remoteref) refs/heads/main refs/remotes/main [2ms]
2023-10-15 19:46:19.177 [info] > git status -z -uall [14ms]
2023-10-15 19:47:39.868 [info] > git config --get commit.template [2ms]
2023-10-15 19:47:39.893 [info] > git for-each-ref --format=%(refname)%00%(upstream:short)%00%(objectname)%00%(upstream:track)%00%(upstream:remotename)%00%(upstream:remoteref) refs/heads/main refs/remotes/main [3ms]
2023-10-15 19:47:39.941 [info] > git status -z -uall [19ms]
2023-10-15 19:47:40.458 [info] > git fetch [614ms]
2023-10-15 19:47:40.493 [info] > git config --get commit.template [17ms]
2023-10-15 19:47:40.494 [info] > git for-each-ref --format=%(refname)%00%(upstream:short)%00%(objectname)%00%(upstream:track)%00%(upstream:remotename)%00%(upstream:remoteref) refs/heads/main refs/remotes/main [2ms]
2023-10-15 19:47:40.532 [info] > git status -z -uall [22ms]
2023-10-15 19:47:43.711 [info] > git ls-files --stage -- /workspaces/143985177/camel/camel.py [1ms]
2023-10-15 19:47:43.839 [info] > git show --textconv :camel/camel.py [2ms]
2023-10-15 19:47:44.983 [info] > git for-each-ref --format=%(refname)%00%(upstream:short)%00%(objectname)%00%(upstream:track)%00%(upstream:remotename)%00%(upstream:remoteref) refs/heads/main refs/remotes/main [1ms]
2023-10-15 19:47:44.983 [info] > git config --get commit.template [22ms]
2023-10-15 19:47:45.017 [info] > git status -z -uall [12ms]
2023-10-15 19:49:03.715 [info] > git config --get commit.template [16ms]
2023-10-15 19:49:03.716 [info] > git for-each-ref --format=%(refname)%00%(upstream:short)%00%(objectname)%00%(upstream:track)%00%(upstream:remotename)%00%(upstream:remoteref) refs/heads/main refs/remotes/main [2ms]
2023-10-15 19:49:03.745 [info] > git status -z -uall [13ms]
2023-10-15 19:50:47.279 [info] > git fetch [533ms]
2023-10-15 19:50:47.315 [info] > git config --get commit.template [18ms]
2023-10-15 19:50:47.316 [info] > git for-each-ref --format=%(refname)%00%(upstream:short)%00%(objectname)%00%(upstream:track)%00%(upstream:remotename)%00%(upstream:remoteref) refs/heads/main refs/remotes/main [2ms]
2023-10-15 19:50:47.346 [info] > git status -z -uall [13ms]
2023-10-15 19:50:48.529 [info] > git config --get commit.template [17ms]
2023-10-15 19:50:48.530 [info] > git for-each-ref --format=%(refname)%00%(upstream:short)%00%(objectname)%00%(upstream:track)%00%(upstream:remotename)%00%(upstream:remoteref) refs/heads/main refs/remotes/main [2ms]
2023-10-15 19:50:48.558 [info] > git status -z -uall [11ms]
2023-10-15 19:50:48.726 [info] > git ls-files --stage -- /workspaces/143985177/camel/camel.py [2ms]
2023-10-15 19:50:48.854 [info] > git show --textconv :camel/camel.py [3ms]
2023-10-15 19:51:19.198 [info] > git config --local branch.main.github-pr-owner-number [2ms]
2023-10-15 19:51:19.234 [info] > git config --get commit.template [18ms]
2023-10-15 19:51:19.255 [info] > git for-each-ref --format=%(refname)%00%(upstream:short)%00%(objectname)%00%(upstream:track)%00%(upstream:remotename)%00%(upstream:remoteref) refs/heads/main refs/remotes/main [22ms]
2023-10-15 19:51:19.302 [info] > git status -z -uall [16ms]
2023-10-15 19:53:47.929 [info] > git fetch [564ms]
2023-10-15 19:53:47.965 [info] > git config --get commit.template [19ms]
2023-10-15 19:53:47.982 [info] > git for-each-ref --format=%(refname)%00%(upstream:short)%00%(objectname)%00%(upstream:track)%00%(upstream:remotename)%00%(upstream:remoteref) refs/heads/main refs/remotes/main [18ms]
2023-10-15 19:53:48.038 [info] > git status -z -uall [35ms]
2023-10-15 19:53:49.139 [info] > git config --get commit.template [17ms]
2023-10-15 19:53:49.141 [info] > git for-each-ref --format=%(refname)%00%(upstream:short)%00%(objectname)%00%(upstream:track)%00%(upstream:remotename)%00%(upstream:remoteref) refs/heads/main refs/remotes/main [2ms]
2023-10-15 19:53:49.170 [info] > git status -z -uall [12ms]
2023-10-15 19:53:49.364 [info] > git ls-files --stage -- /workspaces/143985177/camel/camel.py [2ms]
2023-10-15 19:53:49.491 [info] > git show --textconv :camel/camel.py [2ms]
2023-10-15 19:56:19.323 [info] > git config --local branch.main.github-pr-owner-number [2ms]
2023-10-15 19:56:19.362 [info] > git config --get commit.template [19ms]
2023-10-15 19:56:19.363 [info] > git for-each-ref --format=%(refname)%00%(upstream:short)%00%(objectname)%00%(upstream:track)%00%(upstream:remotename)%00%(upstream:remoteref) refs/heads/main refs/remotes/main [2ms]
2023-10-15 19:56:19.393 [info] > git status -z -uall [12ms]
2023-10-15 19:56:36.391 [info] > git config --get commit.template [18ms]
2023-10-15 19:56:36.392 [info] > git for-each-ref --format=%(refname)%00%(upstream:short)%00%(objectname)%00%(upstream:track)%00%(upstream:remotename)%00%(upstream:remoteref) refs/heads/main refs/remotes/main [2ms]
2023-10-15 19:56:36.421 [info] > git status -z -uall [12ms]
2023-10-15 19:56:36.651 [info] > git check-ignore -v -z --stdin [2ms]
2023-10-15 19:56:47.073 [info] > git show --textconv :coffee/coffee.py [43ms]
2023-10-15 19:56:47.074 [info] > git ls-files --stage -- /workspaces/143985177/coffee/coffee.py [20ms]
2023-10-15 19:56:47.075 [info] > git check-ignore -v -z --stdin [3ms]
2023-10-15 19:56:47.372 [info] > git config --get commit.template [17ms]
2023-10-15 19:56:47.374 [info] > git for-each-ref --format=%(refname)%00%(upstream:short)%00%(objectname)%00%(upstream:track)%00%(upstream:remotename)%00%(upstream:remoteref) refs/heads/main refs/remotes/main [2ms]
2023-10-15 19:56:47.402 [info] > git status -z -uall [12ms]
2023-10-15 19:56:48.604 [info] > git fetch [546ms]
2023-10-15 19:56:48.640 [info] > git config --get commit.template [18ms]
2023-10-15 19:56:48.641 [info] > git for-each-ref --format=%(refname)%00%(upstream:short)%00%(objectname)%00%(upstream:track)%00%(upstream:remotename)%00%(upstream:remoteref) refs/heads/main refs/remotes/main [2ms]
2023-10-15 19:56:48.669 [info] > git status -z -uall [12ms]
2023-10-15 20:00:55.278 [info] > git config --get commit.template [22ms]
2023-10-15 20:00:55.281 [info] > git for-each-ref --format=%(refname)%00%(upstream:short)%00%(objectname)%00%(upstream:track)%00%(upstream:remotename)%00%(upstream:remoteref) refs/heads/main refs/remotes/main [4ms]
2023-10-15 20:00:55.320 [info] > git status -z -uall [17ms]
2023-10-15 20:00:55.396 [info] > git ls-files --stage -- /workspaces/143985177/coffee/coffee.py [2ms]
2023-10-15 20:00:55.537 [info] > git show --textconv :coffee/coffee.py [2ms]
2023-10-15 20:00:55.825 [info] > git fetch [591ms]
2023-10-15 20:00:55.863 [info] > git config --get commit.template [19ms]
2023-10-15 20:00:55.864 [info] > git for-each-ref --format=%(refname)%00%(upstream:short)%00%(objectname)%00%(upstream:track)%00%(upstream:remotename)%00%(upstream:remoteref) refs/heads/main refs/remotes/main [2ms]
2023-10-15 20:00:55.892 [info] > git status -z -uall [11ms]
2023-10-15 20:00:57.278 [info] > git ls-files --stage -- /workspaces/143985177/coffee/coffee.py [2ms]
2023-10-15 20:00:57.441 [info] > git show --textconv :coffee/coffee.py [2ms]
2023-10-15 20:01:00.342 [info] > git config --get commit.template [1ms]
2023-10-15 20:01:00.361 [info] > git for-each-ref --format=%(refname)%00%(upstream:short)%00%(objectname)%00%(upstream:track)%00%(upstream:remotename)%00%(upstream:remoteref) refs/heads/main refs/remotes/main [2ms]
2023-10-15 20:01:00.391 [info] > git status -z -uall [13ms]
2023-10-15 20:01:07.607 [info] > git config --get commit.template [18ms]
2023-10-15 20:01:07.609 [info] > git for-each-ref --format=%(refname)%00%(upstream:short)%00%(objectname)%00%(upstream:track)%00%(upstream:remotename)%00%(upstream:remoteref) refs/heads/main refs/remotes/main [2ms]
2023-10-15 20:01:07.637 [info] > git status -z -uall [12ms]
2023-10-15 20:01:19.413 [info] > git config --local branch.main.github-pr-owner-number [2ms]
2023-10-15 20:01:19.448 [info] > git config --get commit.template [18ms]
2023-10-15 20:01:19.449 [info] > git for-each-ref --format=%(refname)%00%(upstream:short)%00%(objectname)%00%(upstream:track)%00%(upstream:remotename)%00%(upstream:remoteref) refs/heads/main refs/remotes/main [2ms]
2023-10-15 20:01:19.478 [info] > git status -z -uall [14ms]
2023-10-15 20:04:03.447 [info] > git fetch [556ms]
2023-10-15 20:04:03.487 [info] > git config --get commit.template [20ms]
2023-10-15 20:04:03.488 [info] > git for-each-ref --format=%(refname)%00%(upstream:short)%00%(objectname)%00%(upstream:track)%00%(upstream:remotename)%00%(upstream:remoteref) refs/heads/main refs/remotes/main [2ms]
2023-10-15 20:04:03.519 [info] > git status -z -uall [13ms]
2023-10-15 20:04:04.668 [info] > git config --get commit.template [17ms]
2023-10-15 20:04:04.671 [info] > git for-each-ref --format=%(refname)%00%(upstream:short)%00%(objectname)%00%(upstream:track)%00%(upstream:remotename)%00%(upstream:remoteref) refs/heads/main refs/remotes/main [3ms]
2023-10-15 20:04:04.699 [info] > git status -z -uall [11ms]
2023-10-15 20:04:04.874 [info] > git ls-files --stage -- /workspaces/143985177/coffee/coffee.py [2ms]
2023-10-15 20:04:05.009 [info] > git show --textconv :coffee/coffee.py [3ms]
2023-10-15 20:06:14.770 [info] > git config --get commit.template [2ms]
2023-10-15 20:06:14.791 [info] > git for-each-ref --format=%(refname)%00%(upstream:short)%00%(objectname)%00%(upstream:track)%00%(upstream:remotename)%00%(upstream:remoteref) refs/heads/main refs/remotes/main [3ms]
2023-10-15 20:06:14.823 [info] > git status -z -uall [12ms]
2023-10-15 20:06:15.270 [info] > git check-ignore -v -z --stdin [2ms]
2023-10-15 20:06:19.503 [info] > git config --local branch.main.github-pr-owner-number [2ms]
2023-10-15 20:06:19.537 [info] > git config --get commit.template [18ms]
2023-10-15 20:06:19.538 [info] > git for-each-ref --format=%(refname)%00%(upstream:short)%00%(objectname)%00%(upstream:track)%00%(upstream:remotename)%00%(upstream:remoteref) refs/heads/main refs/remotes/main [2ms]
2023-10-15 20:06:19.567 [info] > git status -z -uall [12ms]
2023-10-15 20:06:22.396 [info] > git show --textconv :calories/caories.py [18ms]
2023-10-15 20:06:22.397 [info] > git ls-files --stage -- /workspaces/143985177/calories/caories.py [2ms]
2023-10-15 20:06:22.437 [info] > git check-ignore -v -z --stdin [2ms]
2023-10-15 20:06:22.756 [info] > git config --get commit.template [26ms]
2023-10-15 20:06:22.759 [info] > git for-each-ref --format=%(refname)%00%(upstream:short)%00%(objectname)%00%(upstream:track)%00%(upstream:remotename)%00%(upstream:remoteref) refs/heads/main refs/remotes/main [4ms]
2023-10-15 20:06:22.788 [info] > git status -z -uall [12ms]
2023-10-15 20:06:32.024 [info] > git show --textconv :calories/calories.py [37ms]
2023-10-15 20:06:32.024 [info] > git ls-files --stage -- /workspaces/143985177/calories/calories.py [22ms]
2023-10-15 20:06:32.027 [info] > git check-ignore -v -z --stdin [4ms]
2023-10-15 20:06:32.414 [info] > git config --get commit.template [16ms]
2023-10-15 20:06:32.415 [info] > git for-each-ref --format=%(refname)%00%(upstream:short)%00%(objectname)%00%(upstream:track)%00%(upstream:remotename)%00%(upstream:remoteref) refs/heads/main refs/remotes/main [2ms]
2023-10-15 20:06:32.443 [info] > git status -z -uall [11ms]
2023-10-15 20:06:51.750 [info] > git config --get commit.template [21ms]
2023-10-15 20:06:51.751 [info] > git for-each-ref --format=%(refname)%00%(upstream:short)%00%(objectname)%00%(upstream:track)%00%(upstream:remotename)%00%(upstream:remoteref) refs/heads/main refs/remotes/main [2ms]
2023-10-15 20:06:51.781 [info] > git status -z -uall [12ms]
2023-10-15 20:06:56.819 [info] > git config --get commit.template [18ms]
2023-10-15 20:06:56.821 [info] > git for-each-ref --format=%(refname)%00%(upstream:short)%00%(objectname)%00%(upstream:track)%00%(upstream:remotename)%00%(upstream:remoteref) refs/heads/main refs/remotes/main [3ms]
2023-10-15 20:06:56.850 [info] > git status -z -uall [12ms]
2023-10-15 20:07:01.887 [info] > git config --get commit.template [17ms]
2023-10-15 20:07:01.889 [info] > git for-each-ref --format=%(refname)%00%(upstream:short)%00%(objectname)%00%(upstream:track)%00%(upstream:remotename)%00%(upstream:remoteref) refs/heads/main refs/remotes/main [2ms]
2023-10-15 20:07:01.917 [info] > git status -z -uall [11ms]
2023-10-15 20:07:04.112 [info] > git fetch [571ms]
2023-10-15 20:07:04.147 [info] > git config --get commit.template [16ms]
2023-10-15 20:07:04.149 [info] > git for-each-ref --format=%(refname)%00%(upstream:short)%00%(objectname)%00%(upstream:track)%00%(upstream:remotename)%00%(upstream:remoteref) refs/heads/main refs/remotes/main [2ms]
2023-10-15 20:07:04.177 [info] > git status -z -uall [12ms]
2023-10-15 20:07:06.593 [info] > git ls-files --stage -- /workspaces/143985177/calories/calories.py [2ms]
2023-10-15 20:07:06.760 [info] > git show --textconv :calories/calories.py [2ms]
2023-10-15 20:07:06.952 [info] > git config --get commit.template [16ms]
2023-10-15 20:07:06.954 [info] > git for-each-ref --format=%(refname)%00%(upstream:short)%00%(objectname)%00%(upstream:track)%00%(upstream:remotename)%00%(upstream:remoteref) refs/heads/main refs/remotes/main [2ms]
2023-10-15 20:07:06.990 [info] > git status -z -uall [21ms]
2023-10-15 20:07:12.030 [info] > git config --get commit.template [17ms]
2023-10-15 20:07:12.031 [info] > git for-each-ref --format=%(refname)%00%(upstream:short)%00%(objectname)%00%(upstream:track)%00%(upstream:remotename)%00%(upstream:remoteref) refs/heads/main refs/remotes/main [2ms]
2023-10-15 20:07:12.059 [info] > git status -z -uall [11ms]
2023-10-15 20:07:17.082 [info] > git config --get commit.template [3ms]
2023-10-15 20:07:17.101 [info] > git for-each-ref --format=%(refname)%00%(upstream:short)%00%(objectname)%00%(upstream:track)%00%(upstream:remotename)%00%(upstream:remoteref) refs/heads/main refs/remotes/main [1ms]
2023-10-15 20:07:17.129 [info] > git status -z -uall [13ms]
2023-10-15 20:07:22.171 [info] > git config --get commit.template [19ms]
2023-10-15 20:07:22.171 [info] > git for-each-ref --format=%(refname)%00%(upstream:short)%00%(objectname)%00%(upstream:track)%00%(upstream:remotename)%00%(upstream:remoteref) refs/heads/main refs/remotes/main [1ms]
2023-10-15 20:07:22.199 [info] > git status -z -uall [11ms]
2023-10-15 20:07:54.940 [info] > git config --get commit.template [20ms]
2023-10-15 20:07:54.940 [info] > git for-each-ref --format=%(refname)%00%(upstream:short)%00%(objectname)%00%(upstream:track)%00%(upstream:remotename)%00%(upstream:remoteref) refs/heads/main refs/remotes/main [3ms]
2023-10-15 20:07:54.971 [info] > git status -z -uall [12ms]
2023-10-15 20:08:00.008 [info] > git config --get commit.template [18ms]
2023-10-15 20:08:00.010 [info] > git for-each-ref --format=%(refname)%00%(upstream:short)%00%(objectname)%00%(upstream:track)%00%(upstream:remotename)%00%(upstream:remoteref) refs/heads/main refs/remotes/main [2ms]
2023-10-15 20:08:00.042 [info] > git status -z -uall [12ms]
2023-10-15 20:08:05.079 [info] > git config --get commit.template [17ms]
2023-10-15 20:08:05.080 [info] > git for-each-ref --format=%(refname)%00%(upstream:short)%00%(objectname)%00%(upstream:track)%00%(upstream:remotename)%00%(upstream:remoteref) refs/heads/main refs/remotes/main [2ms]
2023-10-15 20:08:05.110 [info] > git status -z -uall [13ms]
2023-10-15 20:08:10.155 [info] > git config --get commit.template [25ms]
2023-10-15 20:08:10.158 [info] > git for-each-ref --format=%(refname)%00%(upstream:short)%00%(objectname)%00%(upstream:track)%00%(upstream:remotename)%00%(upstream:remoteref) refs/heads/main refs/remotes/main [5ms]
2023-10-15 20:08:10.187 [info] > git status -z -uall [11ms]
2023-10-15 20:08:15.224 [info] > git config --get commit.template [18ms]
2023-10-15 20:08:15.226 [info] > git for-each-ref --format=%(refname)%00%(upstream:short)%00%(objectname)%00%(upstream:track)%00%(upstream:remotename)%00%(upstream:remoteref) refs/heads/main refs/remotes/main [1ms]
2023-10-15 20:08:15.253 [info] > git status -z -uall [11ms]
2023-10-15 20:08:20.289 [info] > git config --get commit.template [17ms]
2023-10-15 20:08:20.292 [info] > git for-each-ref --format=%(refname)%00%(upstream:short)%00%(objectname)%00%(upstream:track)%00%(upstream:remotename)%00%(upstream:remoteref) refs/heads/main refs/remotes/main [3ms]
2023-10-15 20:08:20.320 [info] > git status -z -uall [11ms]
2023-10-15 20:08:25.358 [info] > git config --get commit.template [17ms]
2023-10-15 20:08:25.359 [info] > git for-each-ref --format=%(refname)%00%(upstream:short)%00%(objectname)%00%(upstream:track)%00%(upstream:remotename)%00%(upstream:remoteref) refs/heads/main refs/remotes/main [2ms]
2023-10-15 20:08:25.396 [info] > git status -z -uall [21ms]
2023-10-15 20:09:02.149 [info] > git config --get commit.template [18ms]
2023-10-15 20:09:02.151 [info] > git for-each-ref --format=%(refname)%00%(upstream:short)%00%(objectname)%00%(upstream:track)%00%(upstream:remotename)%00%(upstream:remoteref) refs/heads/main refs/remotes/main [1ms]
2023-10-15 20:09:02.179 [info] > git status -z -uall [13ms]
2023-10-15 20:09:07.208 [info] > git config --get commit.template [1ms]
2023-10-15 20:09:07.227 [info] > git for-each-ref --format=%(refname)%00%(upstream:short)%00%(objectname)%00%(upstream:track)%00%(upstream:remotename)%00%(upstream:remoteref) refs/heads/main refs/remotes/main [2ms]
2023-10-15 20:09:07.258 [info] > git status -z -uall [15ms]
2023-10-15 20:09:13.244 [info] > git config --get commit.template [17ms]
2023-10-15 20:09:13.245 [info] > git for-each-ref --format=%(refname)%00%(upstream:short)%00%(objectname)%00%(upstream:track)%00%(upstream:remotename)%00%(upstream:remoteref) refs/heads/main refs/remotes/main [2ms]
2023-10-15 20:09:13.277 [info] > git status -z -uall [13ms]
2023-10-15 20:09:18.314 [info] > git config --get commit.template [17ms]
2023-10-15 20:09:18.315 [info] > git for-each-ref --format=%(refname)%00%(upstream:short)%00%(objectname)%00%(upstream:track)%00%(upstream:remotename)%00%(upstream:remoteref) refs/heads/main refs/remotes/main [2ms]
2023-10-15 20:09:18.344 [info] > git status -z -uall [13ms]
2023-10-15 20:09:23.382 [info] > git config --get commit.template [17ms]
2023-10-15 20:09:23.382 [info] > git for-each-ref --format=%(refname)%00%(upstream:short)%00%(objectname)%00%(upstream:track)%00%(upstream:remotename)%00%(upstream:remoteref) refs/heads/main refs/remotes/main [2ms]
2023-10-15 20:09:23.413 [info] > git status -z -uall [13ms]
2023-10-15 20:09:28.459 [info] > git config --get commit.template [19ms]
2023-10-15 20:09:28.460 [info] > git for-each-ref --format=%(refname)%00%(upstream:short)%00%(objectname)%00%(upstream:track)%00%(upstream:remotename)%00%(upstream:remoteref) refs/heads/main refs/remotes/main [2ms]
2023-10-15 20:09:28.489 [info] > git status -z -uall [13ms]
2023-10-15 20:09:33.529 [info] > git config --get commit.template [2ms]
2023-10-15 20:09:33.549 [info] > git for-each-ref --format=%(refname)%00%(upstream:short)%00%(objectname)%00%(upstream:track)%00%(upstream:remotename)%00%(upstream:remoteref) refs/heads/main refs/remotes/main [3ms]
2023-10-15 20:09:33.602 [info] > git status -z -uall [34ms]
2023-10-15 20:09:38.656 [info] > git config --get commit.template [33ms]
2023-10-15 20:09:38.678 [info] > git for-each-ref --format=%(refname)%00%(upstream:short)%00%(objectname)%00%(upstream:track)%00%(upstream:remotename)%00%(upstream:remoteref) refs/heads/main refs/remotes/main [3ms]
2023-10-15 20:09:38.709 [info] > git status -z -uall [14ms]
2023-10-15 20:10:01.680 [info] > git config --get commit.template [18ms]
2023-10-15 20:10:01.683 [info] > git for-each-ref --format=%(refname)%00%(upstream:short)%00%(objectname)%00%(upstream:track)%00%(upstream:remotename)%00%(upstream:remoteref) refs/heads/main refs/remotes/main [3ms]
2023-10-15 20:10:01.711 [info] > git status -z -uall [12ms]
2023-10-15 20:10:04.751 [info] > git fetch [555ms]
2023-10-15 20:10:04.774 [info] > git config --get commit.template [3ms]
2023-10-15 20:10:04.794 [info] > git for-each-ref --format=%(refname)%00%(upstream:short)%00%(objectname)%00%(upstream:track)%00%(upstream:remotename)%00%(upstream:remoteref) refs/heads/main refs/remotes/main [2ms]
2023-10-15 20:10:04.824 [info] > git status -z -uall [12ms]
2023-10-15 20:10:06.190 [info] > git ls-files --stage -- /workspaces/143985177/calories/calories.py [2ms]
2023-10-15 20:10:06.357 [info] > git show --textconv :calories/calories.py [1ms]
2023-10-15 20:10:06.747 [info] > git config --get commit.template [17ms]
2023-10-15 20:10:06.748 [info] > git for-each-ref --format=%(refname)%00%(upstream:short)%00%(objectname)%00%(upstream:track)%00%(upstream:remotename)%00%(upstream:remoteref) refs/heads/main refs/remotes/main [2ms]
2023-10-15 20:10:06.778 [info] > git status -z -uall [14ms]
2023-10-15 20:11:19.588 [info] > git config --local branch.main.github-pr-owner-number [2ms]
2023-10-15 20:11:19.624 [info] > git config --get commit.template [19ms]
2023-10-15 20:11:19.624 [info] > git for-each-ref --format=%(refname)%00%(upstream:short)%00%(objectname)%00%(upstream:track)%00%(upstream:remotename)%00%(upstream:remoteref) refs/heads/main refs/remotes/main [1ms]
2023-10-15 20:11:19.655 [info] > git status -z -uall [11ms]
2023-10-15 20:13:05.410 [info] > git fetch [565ms]
2023-10-15 20:13:05.430 [info] > git config --get commit.template [2ms]
2023-10-15 20:13:05.448 [info] > git for-each-ref --format=%(refname)%00%(upstream:short)%00%(objectname)%00%(upstream:track)%00%(upstream:remotename)%00%(upstream:remoteref) refs/heads/main refs/remotes/main [2ms]
2023-10-15 20:13:05.480 [info] > git status -z -uall [12ms]
2023-10-15 20:16:06.046 [info] > git fetch [547ms]
2023-10-15 20:16:06.081 [info] > git config --get commit.template [17ms]
2023-10-15 20:16:06.083 [info] > git for-each-ref --format=%(refname)%00%(upstream:short)%00%(objectname)%00%(upstream:track)%00%(upstream:remotename)%00%(upstream:remoteref) refs/heads/main refs/remotes/main [2ms]
2023-10-15 20:16:06.111 [info] > git status -z -uall [11ms]
2023-10-15 20:16:19.675 [info] > git config --local branch.main.github-pr-owner-number [1ms]
2023-10-15 20:16:19.709 [info] > git config --get commit.template [18ms]
2023-10-15 20:16:19.711 [info] > git for-each-ref --format=%(refname)%00%(upstream:short)%00%(objectname)%00%(upstream:track)%00%(upstream:remotename)%00%(upstream:remoteref) refs/heads/main refs/remotes/main [2ms]
2023-10-15 20:16:19.738 [info] > git status -z -uall [11ms]
2023-10-15 20:19:06.805 [info] > git fetch [674ms]
2023-10-15 20:19:06.840 [info] > git config --get commit.template [17ms]
2023-10-15 20:19:06.841 [info] > git for-each-ref --format=%(refname)%00%(upstream:short)%00%(objectname)%00%(upstream:track)%00%(upstream:remotename)%00%(upstream:remoteref) refs/heads/main refs/remotes/main [2ms]
2023-10-15 20:19:06.868 [info] > git status -z -uall [11ms]
2023-10-15 20:21:19.759 [info] > git config --local branch.main.github-pr-owner-number [1ms]
2023-10-15 20:21:19.793 [info] > git config --get commit.template [16ms]
2023-10-15 20:21:19.795 [info] > git for-each-ref --format=%(refname)%00%(upstream:short)%00%(objectname)%00%(upstream:track)%00%(upstream:remotename)%00%(upstream:remoteref) refs/heads/main refs/remotes/main [2ms]
2023-10-15 20:21:19.823 [info] > git status -z -uall [12ms]
2023-10-15 20:22:07.440 [info] > git fetch [550ms]
2023-10-15 20:22:07.474 [info] > git config --get commit.template [17ms]
2023-10-15 20:22:07.476 [info] > git for-each-ref --format=%(refname)%00%(upstream:short)%00%(objectname)%00%(upstream:track)%00%(upstream:remotename)%00%(upstream:remoteref) refs/heads/main refs/remotes/main [2ms]
2023-10-15 20:22:07.508 [info] > git status -z -uall [11ms]
2023-10-15 20:25:08.082 [info] > git fetch [554ms]
2023-10-15 20:25:08.118 [info] > git config --get commit.template [17ms]
2023-10-15 20:25:08.120 [info] > git for-each-ref --format=%(refname)%00%(upstream:short)%00%(objectname)%00%(upstream:track)%00%(upstream:remotename)%00%(upstream:remoteref) refs/heads/main refs/remotes/main [2ms]
2023-10-15 20:25:08.148 [info] > git status -z -uall [12ms]
2023-10-15 20:26:19.842 [info] > git config --local branch.main.github-pr-owner-number [1ms]
2023-10-15 20:26:19.877 [info] > git config --get commit.template [18ms]
2023-10-15 20:26:19.878 [info] > git for-each-ref --format=%(refname)%00%(upstream:short)%00%(objectname)%00%(upstream:track)%00%(upstream:remotename)%00%(upstream:remoteref) refs/heads/main refs/remotes/main [2ms]
2023-10-15 20:26:19.906 [info] > git status -z -uall [12ms]
2023-10-15 20:28:08.726 [info] > git fetch [559ms]
2023-10-15 20:28:08.759 [info] > git config --get commit.template [16ms]
2023-10-15 20:28:08.761 [info] > git for-each-ref --format=%(refname)%00%(upstream:short)%00%(objectname)%00%(upstream:track)%00%(upstream:remotename)%00%(upstream:remoteref) refs/heads/main refs/remotes/main [2ms]
2023-10-15 20:28:08.789 [info] > git status -z -uall [12ms]
2023-10-15 20:31:09.342 [info] > git fetch [534ms]
2023-10-15 20:31:09.377 [info] > git config --get commit.template [16ms]
2023-10-15 20:31:09.378 [info] > git for-each-ref --format=%(refname)%00%(upstream:short)%00%(objectname)%00%(upstream:track)%00%(upstream:remotename)%00%(upstream:remoteref) refs/heads/main refs/remotes/main [2ms]
2023-10-15 20:31:09.406 [info] > git status -z -uall [12ms]
2023-10-15 20:31:19.926 [info] > git config --local branch.main.github-pr-owner-number [1ms]
2023-10-15 20:31:19.959 [info] > git config --get commit.template [17ms]
2023-10-15 20:31:19.960 [info] > git for-each-ref --format=%(refname)%00%(upstream:short)%00%(objectname)%00%(upstream:track)%00%(upstream:remotename)%00%(upstream:remoteref) refs/heads/main refs/remotes/main [2ms]
2023-10-15 20:31:19.987 [info] > git status -z -uall [12ms]
2023-10-15 20:34:10.005 [info] > git fetch [579ms]
2023-10-15 20:34:10.040 [info] > git config --get commit.template [18ms]
2023-10-15 20:34:10.042 [info] > git for-each-ref --format=%(refname)%00%(upstream:short)%00%(objectname)%00%(upstream:track)%00%(upstream:remotename)%00%(upstream:remoteref) refs/heads/main refs/remotes/main [3ms]
2023-10-15 20:34:10.071 [info] > git status -z -uall [13ms]
2023-10-15 20:36:20.009 [info] > git config --local branch.main.github-pr-owner-number [1ms]
2023-10-15 20:36:20.045 [info] > git config --get commit.template [18ms]
2023-10-15 20:36:20.047 [info] > git for-each-ref --format=%(refname)%00%(upstream:short)%00%(objectname)%00%(upstream:track)%00%(upstream:remotename)%00%(upstream:remoteref) refs/heads/main refs/remotes/main [3ms]
2023-10-15 20:36:20.075 [info] > git status -z -uall [12ms]
2023-10-15 20:37:10.648 [info] > git fetch [557ms]
2023-10-15 20:37:10.667 [info] > git config --get commit.template [2ms]
2023-10-15 20:37:10.685 [info] > git for-each-ref --format=%(refname)%00%(upstream:short)%00%(objectname)%00%(upstream:track)%00%(upstream:remotename)%00%(upstream:remoteref) refs/heads/main refs/remotes/main [2ms]
2023-10-15 20:37:10.712 [info] > git status -z -uall [12ms]
2023-10-15 20:40:11.291 [info] > git fetch [559ms]
2023-10-15 20:40:11.328 [info] > git config --get commit.template [18ms]
2023-10-15 20:40:11.329 [info] > git for-each-ref --format=%(refname)%00%(upstream:short)%00%(objectname)%00%(upstream:track)%00%(upstream:remotename)%00%(upstream:remoteref) refs/heads/main refs/remotes/main [2ms]
2023-10-15 20:40:11.358 [info] > git status -z -uall [12ms]
