2023-10-01 16:49:00.690 [info] Extension host with pid 2063 started
2023-10-01 16:49:00.719 [info] Lock '/home/ubuntu/.vscode-remote/data/User/workspaceStorage/4fcc469b/vscode.lock': Lock acquired.
2023-10-01 16:49:02.465 [info] ExtensionService#_doActivateExtension GitHub.codespaces, startup: false, activationEvent: 'onCommand:github.codespaces.activate'
2023-10-01 16:49:02.466 [info] ExtensionService#_doActivateExtension vscode.git-base, startup: false, activationEvent: '*', root cause: vscode.git
2023-10-01 16:49:02.466 [info] ExtensionService#_doActivateExtension vscode.tunnel-forwarding, startup: false, activationEvent: 'onTunnel'
2023-10-01 16:49:02.466 [info] ExtensionService#_doActivateExtension vscode.github-authentication, startup: false, activationEvent: 'onAuthenticationRequest:github'
2023-10-01 16:49:02.640 [warning] Using default string since no string found in i18n bundle that has the key: Keep Defaults
2023-10-01 16:49:02.640 [warning] Using default string since no string found in i18n bundle that has the key: Configure Options
2023-10-01 16:49:02.640 [warning] Using default string since no string found in i18n bundle that has the key: Finish
2023-10-01 16:49:02.645 [warning] Using default string since no string found in i18n bundle that has the key: Learn More
2023-10-01 16:49:02.646 [warning] Using default string since no string found in i18n bundle that has the key: Documentation on predefined container definitions
2023-10-01 16:49:03.878 [info] ExtensionService#_doActivateExtension vscode.git, startup: false, activationEvent: '*'
2023-10-01 16:49:03.878 [info] ExtensionService#_doActivateExtension vscode.github, startup: false, activationEvent: '*'
2023-10-01 16:49:05.121 [info] ExtensionService#_doActivateExtension vscode.microsoft-authentication, startup: false, activationEvent: 'onAuthenticationRequest:microsoft'
2023-10-01 16:49:07.132 [info] Eager extensions activated
2023-10-01 16:49:07.132 [info] ExtensionService#_doActivateExtension vscode.debug-auto-launch, startup: false, activationEvent: 'onStartupFinished'
2023-10-01 16:49:07.132 [info] ExtensionService#_doActivateExtension vscode.merge-conflict, startup: false, activationEvent: 'onStartupFinished'
2023-10-01 16:49:07.133 [info] ExtensionService#_doActivateExtension CS50.cs50, startup: false, activationEvent: 'onStartupFinished'
2023-10-01 16:49:07.133 [info] ExtensionService#_doActivateExtension CS50.ddb50, startup: false, activationEvent: 'onStartupFinished'
2023-10-01 16:49:07.133 [info] ExtensionService#_doActivateExtension CS50.explain50, startup: false, activationEvent: 'onStartupFinished'
2023-10-01 16:49:07.133 [info] ExtensionService#_doActivateExtension CS50.extension-uninstaller, startup: false, activationEvent: 'onStartupFinished'
2023-10-01 16:49:07.133 [info] ExtensionService#_doActivateExtension CS50.phpliteadmin, startup: false, activationEvent: 'onStartupFinished'
2023-10-01 16:49:07.134 [info] ExtensionService#_doActivateExtension CS50.style50, startup: false, activationEvent: 'onStartupFinished'
2023-10-01 16:49:07.134 [info] ExtensionService#_doActivateExtension GitHub.vscode-pull-request-github, startup: false, activationEvent: 'onStartupFinished'
2023-10-01 16:49:07.134 [info] ExtensionService#_doActivateExtension inferrinizzard.prettier-sql-vscode, startup: false, activationEvent: 'onStartupFinished'
2023-10-01 16:49:10.530 [info] ExtensionService#_doActivateExtension ms-vsliveshare.vsliveshare, startup: false, activationEvent: 'api', root cause: GitHub.vscode-pull-request-github
2023-10-01 16:50:24.738 [info] ExtensionService#_doActivateExtension vscode.html-language-features, startup: false, activationEvent: 'onLanguage:html'
2023-10-01 16:50:24.738 [info] ExtensionService#_doActivateExtension vscode.emmet, startup: false, activationEvent: 'onLanguage'
2023-10-01 16:51:09.078 [error] Error: command 'gitdoc.enable' not found
    at C.k (https://assets.github.dev/stable/abd2f3db4bdb28f9e95536dfa84d8479f1eb312d/out/vs/workbench/workbench.web.main.js:1556:12284)
    at C.executeCommand (https://assets.github.dev/stable/abd2f3db4bdb28f9e95536dfa84d8479f1eb312d/out/vs/workbench/workbench.web.main.js:1556:12213)
2023-10-01 17:05:45.592 [info] ExtensionService#_doActivateExtension vscode.css-language-features, startup: false, activationEvent: 'onLanguage:css'
2023-10-01 17:22:57.831 [info] ExtensionService#_doActivateExtension vscode.media-preview, startup: false, activationEvent: 'onCustomEditor:imagePreview.previewEditor'
2023-10-01 19:29:00.863 [info] Extension host terminating: received terminate message from renderer
2023-10-01 19:29:00.865 [info] Lock '/home/ubuntu/.vscode-remote/data/User/workspaceStorage/4fcc469b/vscode.lock': Marking the lockfile as scheduled to be released in 6000 ms.
2023-10-01 19:29:00.968 [error] Canceled: Canceled
    at new h (/vscode/bin/linux-x64/abd2f3db4bdb28f9e95536dfa84d8479f1eb312d/out/vs/workbench/api/node/extensionHostProcess.js:108:57382)
    at i.O (/vscode/bin/linux-x64/abd2f3db4bdb28f9e95536dfa84d8479f1eb312d/out/vs/workbench/api/node/extensionHostProcess.js:117:10850)
    at Proxy.j.<computed>.T.charCodeAt.j.<computed> (/vscode/bin/linux-x64/abd2f3db4bdb28f9e95536dfa84d8479f1eb312d/out/vs/workbench/api/node/extensionHostProcess.js:117:8289)
    at r.g (/vscode/bin/linux-x64/abd2f3db4bdb28f9e95536dfa84d8479f1eb312d/out/vs/workbench/api/node/extensionHostProcess.js:108:82208)
    at r.executeCommand (/vscode/bin/linux-x64/abd2f3db4bdb28f9e95536dfa84d8479f1eb312d/out/vs/workbench/api/node/extensionHostProcess.js:108:81646)
    at u.registerCommand.description (/vscode/bin/linux-x64/abd2f3db4bdb28f9e95536dfa84d8479f1eb312d/out/vs/workbench/api/node/extensionHostProcess.js:108:80967)
    at r.h (/vscode/bin/linux-x64/abd2f3db4bdb28f9e95536dfa84d8479f1eb312d/out/vs/workbench/api/node/extensionHostProcess.js:108:82744)
    at r.g (/vscode/bin/linux-x64/abd2f3db4bdb28f9e95536dfa84d8479f1eb312d/out/vs/workbench/api/node/extensionHostProcess.js:108:81739)
    at r.executeCommand (/vscode/bin/linux-x64/abd2f3db4bdb28f9e95536dfa84d8479f1eb312d/out/vs/workbench/api/node/extensionHostProcess.js:108:81646)
    at Object.executeCommand (/vscode/bin/linux-x64/abd2f3db4bdb28f9e95536dfa84d8479f1eb312d/out/vs/workbench/api/node/extensionHostProcess.js:123:21247)
    at n.D [as value] (/vscode/bin/linux-x64/abd2f3db4bdb28f9e95536dfa84d8479f1eb312d/extensions/git/dist/main.js:2:1309000)
    at m.w (/vscode/bin/linux-x64/abd2f3db4bdb28f9e95536dfa84d8479f1eb312d/out/vs/workbench/api/node/extensionHostProcess.js:63:1902)
    at m.x (/vscode/bin/linux-x64/abd2f3db4bdb28f9e95536dfa84d8479f1eb312d/out/vs/workbench/api/node/extensionHostProcess.js:63:1972)
    at m.fire (/vscode/bin/linux-x64/abd2f3db4bdb28f9e95536dfa84d8479f1eb312d/out/vs/workbench/api/node/extensionHostProcess.js:63:2188)
    at Object.m [as dispose] (/vscode/bin/linux-x64/abd2f3db4bdb28f9e95536dfa84d8479f1eb312d/extensions/git/dist/main.js:2:1324784)
    at /vscode/bin/linux-x64/abd2f3db4bdb28f9e95536dfa84d8479f1eb312d/extensions/git/dist/main.js:2:1329625
    at Array.forEach (<anonymous>)
    at g.dispose (/vscode/bin/linux-x64/abd2f3db4bdb28f9e95536dfa84d8479f1eb312d/extensions/git/dist/main.js:2:1329611)
    at E.<anonymous> (/vscode/bin/linux-x64/abd2f3db4bdb28f9e95536dfa84d8479f1eb312d/out/vs/workbench/api/node/extensionHostProcess.js:104:3484)
    at E.dispose (/vscode/bin/linux-x64/abd2f3db4bdb28f9e95536dfa84d8479f1eb312d/out/vs/workbench/api/node/extensionHostProcess.js:104:3581)
    at E.<anonymous> (/vscode/bin/linux-x64/abd2f3db4bdb28f9e95536dfa84d8479f1eb312d/extensions/git/dist/main.js:2:1311012)
    at E.dispose (/vscode/bin/linux-x64/abd2f3db4bdb28f9e95536dfa84d8479f1eb312d/out/vs/workbench/api/node/extensionHostProcess.js:104:3581)
    at k (/vscode/bin/linux-x64/abd2f3db4bdb28f9e95536dfa84d8479f1eb312d/out/vs/workbench/api/node/extensionHostProcess.js:13:11730)
    at n.Z (/vscode/bin/linux-x64/abd2f3db4bdb28f9e95536dfa84d8479f1eb312d/out/vs/workbench/api/node/extensionHostProcess.js:119:9652)
    at /vscode/bin/linux-x64/abd2f3db4bdb28f9e95536dfa84d8479f1eb312d/out/vs/workbench/api/node/extensionHostProcess.js:119:7585
    at Array.map (<anonymous>)
    at n.S (/vscode/bin/linux-x64/abd2f3db4bdb28f9e95536dfa84d8479f1eb312d/out/vs/workbench/api/node/extensionHostProcess.js:119:7572)
    at n.terminate (/vscode/bin/linux-x64/abd2f3db4bdb28f9e95536dfa84d8479f1eb312d/out/vs/workbench/api/node/extensionHostProcess.js:119:7844)
    at o.terminate (/vscode/bin/linux-x64/abd2f3db4bdb28f9e95536dfa84d8479f1eb312d/out/vs/workbench/api/node/extensionHostProcess.js:123:1513)
    at D (/vscode/bin/linux-x64/abd2f3db4bdb28f9e95536dfa84d8479f1eb312d/out/vs/workbench/api/node/extensionHostProcess.js:136:9800)
    at n.value (/vscode/bin/linux-x64/abd2f3db4bdb28f9e95536dfa84d8479f1eb312d/out/vs/workbench/api/node/extensionHostProcess.js:136:7847)
    at m.w (/vscode/bin/linux-x64/abd2f3db4bdb28f9e95536dfa84d8479f1eb312d/out/vs/workbench/api/node/extensionHostProcess.js:63:1902)
    at m.fire (/vscode/bin/linux-x64/abd2f3db4bdb28f9e95536dfa84d8479f1eb312d/out/vs/workbench/api/node/extensionHostProcess.js:63:2119)
    at v.fire (/vscode/bin/linux-x64/abd2f3db4bdb28f9e95536dfa84d8479f1eb312d/out/vs/workbench/api/node/extensionHostProcess.js:79:13940)
    at s.z (/vscode/bin/linux-x64/abd2f3db4bdb28f9e95536dfa84d8479f1eb312d/out/vs/workbench/api/node/extensionHostProcess.js:79:17005)
    at n.value (/vscode/bin/linux-x64/abd2f3db4bdb28f9e95536dfa84d8479f1eb312d/out/vs/workbench/api/node/extensionHostProcess.js:79:16410)
    at m.w (/vscode/bin/linux-x64/abd2f3db4bdb28f9e95536dfa84d8479f1eb312d/out/vs/workbench/api/node/extensionHostProcess.js:63:1902)
    at m.fire (/vscode/bin/linux-x64/abd2f3db4bdb28f9e95536dfa84d8479f1eb312d/out/vs/workbench/api/node/extensionHostProcess.js:63:2119)
    at n.acceptChunk (/vscode/bin/linux-x64/abd2f3db4bdb28f9e95536dfa84d8479f1eb312d/out/vs/workbench/api/node/extensionHostProcess.js:79:11714)
    at /vscode/bin/linux-x64/abd2f3db4bdb28f9e95536dfa84d8479f1eb312d/out/vs/workbench/api/node/extensionHostProcess.js:79:11001
    at Socket.p (/vscode/bin/linux-x64/abd2f3db4bdb28f9e95536dfa84d8479f1eb312d/out/vs/workbench/api/node/extensionHostProcess.js:133:12793)
    at Socket.emit (node:events:513:28)
    at addChunk (node:internal/streams/readable:324:12)
    at readableAddChunk (node:internal/streams/readable:297:9)
    at Socket.Readable.push (node:internal/streams/readable:234:10)
    at TCP.onStreamRead (node:internal/stream_base_commons:190:23) setContext undefined
2023-10-01 19:29:00.969 [error] Canceled: Canceled
    at new h (/vscode/bin/linux-x64/abd2f3db4bdb28f9e95536dfa84d8479f1eb312d/out/vs/workbench/api/node/extensionHostProcess.js:108:57382)
    at i.O (/vscode/bin/linux-x64/abd2f3db4bdb28f9e95536dfa84d8479f1eb312d/out/vs/workbench/api/node/extensionHostProcess.js:117:10850)
    at Proxy.j.<computed>.T.charCodeAt.j.<computed> (/vscode/bin/linux-x64/abd2f3db4bdb28f9e95536dfa84d8479f1eb312d/out/vs/workbench/api/node/extensionHostProcess.js:117:8289)
    at r.g (/vscode/bin/linux-x64/abd2f3db4bdb28f9e95536dfa84d8479f1eb312d/out/vs/workbench/api/node/extensionHostProcess.js:108:82208)
    at r.executeCommand (/vscode/bin/linux-x64/abd2f3db4bdb28f9e95536dfa84d8479f1eb312d/out/vs/workbench/api/node/extensionHostProcess.js:108:81646)
    at u.registerCommand.description (/vscode/bin/linux-x64/abd2f3db4bdb28f9e95536dfa84d8479f1eb312d/out/vs/workbench/api/node/extensionHostProcess.js:108:80967)
    at r.h (/vscode/bin/linux-x64/abd2f3db4bdb28f9e95536dfa84d8479f1eb312d/out/vs/workbench/api/node/extensionHostProcess.js:108:82744)
    at r.g (/vscode/bin/linux-x64/abd2f3db4bdb28f9e95536dfa84d8479f1eb312d/out/vs/workbench/api/node/extensionHostProcess.js:108:81739)
    at r.executeCommand (/vscode/bin/linux-x64/abd2f3db4bdb28f9e95536dfa84d8479f1eb312d/out/vs/workbench/api/node/extensionHostProcess.js:108:81646)
    at Object.executeCommand (/vscode/bin/linux-x64/abd2f3db4bdb28f9e95536dfa84d8479f1eb312d/out/vs/workbench/api/node/extensionHostProcess.js:123:21247)
    at t.$D.set b [as b] (/vscode/bin/linux-x64/abd2f3db4bdb28f9e95536dfa84d8479f1eb312d/extensions/github/dist/extension.js:2:714434)
    at /vscode/bin/linux-x64/abd2f3db4bdb28f9e95536dfa84d8479f1eb312d/extensions/github/dist/extension.js:2:715075
    at n.value (/vscode/bin/linux-x64/abd2f3db4bdb28f9e95536dfa84d8479f1eb312d/extensions/git/dist/main.js:2:1396602)
    at m.w (/vscode/bin/linux-x64/abd2f3db4bdb28f9e95536dfa84d8479f1eb312d/out/vs/workbench/api/node/extensionHostProcess.js:63:1902)
    at m.x (/vscode/bin/linux-x64/abd2f3db4bdb28f9e95536dfa84d8479f1eb312d/out/vs/workbench/api/node/extensionHostProcess.js:63:1972)
    at m.fire (/vscode/bin/linux-x64/abd2f3db4bdb28f9e95536dfa84d8479f1eb312d/out/vs/workbench/api/node/extensionHostProcess.js:63:2188)
    at Object.m [as dispose] (/vscode/bin/linux-x64/abd2f3db4bdb28f9e95536dfa84d8479f1eb312d/extensions/git/dist/main.js:2:1324784)
    at /vscode/bin/linux-x64/abd2f3db4bdb28f9e95536dfa84d8479f1eb312d/extensions/git/dist/main.js:2:1329625
    at Array.forEach (<anonymous>)
    at g.dispose (/vscode/bin/linux-x64/abd2f3db4bdb28f9e95536dfa84d8479f1eb312d/extensions/git/dist/main.js:2:1329611)
    at E.<anonymous> (/vscode/bin/linux-x64/abd2f3db4bdb28f9e95536dfa84d8479f1eb312d/out/vs/workbench/api/node/extensionHostProcess.js:104:3484)
    at E.dispose (/vscode/bin/linux-x64/abd2f3db4bdb28f9e95536dfa84d8479f1eb312d/out/vs/workbench/api/node/extensionHostProcess.js:104:3581)
    at E.<anonymous> (/vscode/bin/linux-x64/abd2f3db4bdb28f9e95536dfa84d8479f1eb312d/extensions/git/dist/main.js:2:1311012)
    at E.dispose (/vscode/bin/linux-x64/abd2f3db4bdb28f9e95536dfa84d8479f1eb312d/out/vs/workbench/api/node/extensionHostProcess.js:104:3581)
    at k (/vscode/bin/linux-x64/abd2f3db4bdb28f9e95536dfa84d8479f1eb312d/out/vs/workbench/api/node/extensionHostProcess.js:13:11730)
    at n.Z (/vscode/bin/linux-x64/abd2f3db4bdb28f9e95536dfa84d8479f1eb312d/out/vs/workbench/api/node/extensionHostProcess.js:119:9652)
    at /vscode/bin/linux-x64/abd2f3db4bdb28f9e95536dfa84d8479f1eb312d/out/vs/workbench/api/node/extensionHostProcess.js:119:7585
    at Array.map (<anonymous>)
    at n.S (/vscode/bin/linux-x64/abd2f3db4bdb28f9e95536dfa84d8479f1eb312d/out/vs/workbench/api/node/extensionHostProcess.js:119:7572)
    at n.terminate (/vscode/bin/linux-x64/abd2f3db4bdb28f9e95536dfa84d8479f1eb312d/out/vs/workbench/api/node/extensionHostProcess.js:119:7844)
    at o.terminate (/vscode/bin/linux-x64/abd2f3db4bdb28f9e95536dfa84d8479f1eb312d/out/vs/workbench/api/node/extensionHostProcess.js:123:1513)
    at D (/vscode/bin/linux-x64/abd2f3db4bdb28f9e95536dfa84d8479f1eb312d/out/vs/workbench/api/node/extensionHostProcess.js:136:9800)
    at n.value (/vscode/bin/linux-x64/abd2f3db4bdb28f9e95536dfa84d8479f1eb312d/out/vs/workbench/api/node/extensionHostProcess.js:136:7847)
    at m.w (/vscode/bin/linux-x64/abd2f3db4bdb28f9e95536dfa84d8479f1eb312d/out/vs/workbench/api/node/extensionHostProcess.js:63:1902)
    at m.fire (/vscode/bin/linux-x64/abd2f3db4bdb28f9e95536dfa84d8479f1eb312d/out/vs/workbench/api/node/extensionHostProcess.js:63:2119)
    at v.fire (/vscode/bin/linux-x64/abd2f3db4bdb28f9e95536dfa84d8479f1eb312d/out/vs/workbench/api/node/extensionHostProcess.js:79:13940)
    at s.z (/vscode/bin/linux-x64/abd2f3db4bdb28f9e95536dfa84d8479f1eb312d/out/vs/workbench/api/node/extensionHostProcess.js:79:17005)
    at n.value (/vscode/bin/linux-x64/abd2f3db4bdb28f9e95536dfa84d8479f1eb312d/out/vs/workbench/api/node/extensionHostProcess.js:79:16410)
    at m.w (/vscode/bin/linux-x64/abd2f3db4bdb28f9e95536dfa84d8479f1eb312d/out/vs/workbench/api/node/extensionHostProcess.js:63:1902)
    at m.fire (/vscode/bin/linux-x64/abd2f3db4bdb28f9e95536dfa84d8479f1eb312d/out/vs/workbench/api/node/extensionHostProcess.js:63:2119)
    at n.acceptChunk (/vscode/bin/linux-x64/abd2f3db4bdb28f9e95536dfa84d8479f1eb312d/out/vs/workbench/api/node/extensionHostProcess.js:79:11714)
    at /vscode/bin/linux-x64/abd2f3db4bdb28f9e95536dfa84d8479f1eb312d/out/vs/workbench/api/node/extensionHostProcess.js:79:11001
    at Socket.p (/vscode/bin/linux-x64/abd2f3db4bdb28f9e95536dfa84d8479f1eb312d/out/vs/workbench/api/node/extensionHostProcess.js:133:12793)
    at Socket.emit (node:events:513:28)
    at addChunk (node:internal/streams/readable:324:12)
    at readableAddChunk (node:internal/streams/readable:297:9)
    at Socket.Readable.push (node:internal/streams/readable:234:10)
    at TCP.onStreamRead (node:internal/stream_base_commons:190:23) setContext undefined
2023-10-01 19:29:00.970 [error] Canceled: Canceled
    at new h (/vscode/bin/linux-x64/abd2f3db4bdb28f9e95536dfa84d8479f1eb312d/out/vs/workbench/api/node/extensionHostProcess.js:108:57382)
    at i.O (/vscode/bin/linux-x64/abd2f3db4bdb28f9e95536dfa84d8479f1eb312d/out/vs/workbench/api/node/extensionHostProcess.js:117:10850)
    at Proxy.j.<computed>.T.charCodeAt.j.<computed> (/vscode/bin/linux-x64/abd2f3db4bdb28f9e95536dfa84d8479f1eb312d/out/vs/workbench/api/node/extensionHostProcess.js:117:8289)
    at r.g (/vscode/bin/linux-x64/abd2f3db4bdb28f9e95536dfa84d8479f1eb312d/out/vs/workbench/api/node/extensionHostProcess.js:108:82208)
    at r.executeCommand (/vscode/bin/linux-x64/abd2f3db4bdb28f9e95536dfa84d8479f1eb312d/out/vs/workbench/api/node/extensionHostProcess.js:108:81646)
    at u.registerCommand.description (/vscode/bin/linux-x64/abd2f3db4bdb28f9e95536dfa84d8479f1eb312d/out/vs/workbench/api/node/extensionHostProcess.js:108:80967)
    at r.h (/vscode/bin/linux-x64/abd2f3db4bdb28f9e95536dfa84d8479f1eb312d/out/vs/workbench/api/node/extensionHostProcess.js:108:82744)
    at r.g (/vscode/bin/linux-x64/abd2f3db4bdb28f9e95536dfa84d8479f1eb312d/out/vs/workbench/api/node/extensionHostProcess.js:108:81739)
    at r.executeCommand (/vscode/bin/linux-x64/abd2f3db4bdb28f9e95536dfa84d8479f1eb312d/out/vs/workbench/api/node/extensionHostProcess.js:108:81646)
    at Object.executeCommand (/vscode/bin/linux-x64/abd2f3db4bdb28f9e95536dfa84d8479f1eb312d/out/vs/workbench/api/node/extensionHostProcess.js:123:21247)
    at e (/home/ubuntu/.vscode-remote/extensions/github.vscode-pull-request-github-0.72.0/dist/extension.js:1655:1445)
    at Object.n [as setContext] (/home/ubuntu/.vscode-remote/extensions/github.vscode-pull-request-github-0.72.0/dist/extension.js:1655:1560)
    at hp.updateActiveReviewCount (/home/ubuntu/.vscode-remote/extensions/github.vscode-pull-request-github-0.72.0/dist/extension.js:1772:22546)
    at hp.removeRepo (/home/ubuntu/.vscode-remote/extensions/github.vscode-pull-request-github-0.72.0/dist/extension.js:1772:23673)
    at n.value (/home/ubuntu/.vscode-remote/extensions/github.vscode-pull-request-github-0.72.0/dist/extension.js:1818:4126)
    at m.w (/vscode/bin/linux-x64/abd2f3db4bdb28f9e95536dfa84d8479f1eb312d/out/vs/workbench/api/node/extensionHostProcess.js:63:1902)
    at m.x (/vscode/bin/linux-x64/abd2f3db4bdb28f9e95536dfa84d8479f1eb312d/out/vs/workbench/api/node/extensionHostProcess.js:63:1972)
    at m.fire (/vscode/bin/linux-x64/abd2f3db4bdb28f9e95536dfa84d8479f1eb312d/out/vs/workbench/api/node/extensionHostProcess.js:63:2188)
    at n.value (/home/ubuntu/.vscode-remote/extensions/github.vscode-pull-request-github-0.72.0/dist/extension.js:1624:461993)
    at m.w (/vscode/bin/linux-x64/abd2f3db4bdb28f9e95536dfa84d8479f1eb312d/out/vs/workbench/api/node/extensionHostProcess.js:63:1902)
    at m.fire (/vscode/bin/linux-x64/abd2f3db4bdb28f9e95536dfa84d8479f1eb312d/out/vs/workbench/api/node/extensionHostProcess.js:63:2119)
    at /home/ubuntu/.vscode-remote/extensions/github.vscode-pull-request-github-0.72.0/dist/extension.js:1772:27387
    at n.value (/vscode/bin/linux-x64/abd2f3db4bdb28f9e95536dfa84d8479f1eb312d/extensions/git/dist/main.js:2:1396602)
    at m.w (/vscode/bin/linux-x64/abd2f3db4bdb28f9e95536dfa84d8479f1eb312d/out/vs/workbench/api/node/extensionHostProcess.js:63:1902)
    at m.x (/vscode/bin/linux-x64/abd2f3db4bdb28f9e95536dfa84d8479f1eb312d/out/vs/workbench/api/node/extensionHostProcess.js:63:1972)
    at m.fire (/vscode/bin/linux-x64/abd2f3db4bdb28f9e95536dfa84d8479f1eb312d/out/vs/workbench/api/node/extensionHostProcess.js:63:2188)
    at Object.m [as dispose] (/vscode/bin/linux-x64/abd2f3db4bdb28f9e95536dfa84d8479f1eb312d/extensions/git/dist/main.js:2:1324784)
    at /vscode/bin/linux-x64/abd2f3db4bdb28f9e95536dfa84d8479f1eb312d/extensions/git/dist/main.js:2:1329625
    at Array.forEach (<anonymous>)
    at g.dispose (/vscode/bin/linux-x64/abd2f3db4bdb28f9e95536dfa84d8479f1eb312d/extensions/git/dist/main.js:2:1329611)
    at E.<anonymous> (/vscode/bin/linux-x64/abd2f3db4bdb28f9e95536dfa84d8479f1eb312d/out/vs/workbench/api/node/extensionHostProcess.js:104:3484)
    at E.dispose (/vscode/bin/linux-x64/abd2f3db4bdb28f9e95536dfa84d8479f1eb312d/out/vs/workbench/api/node/extensionHostProcess.js:104:3581)
    at E.<anonymous> (/vscode/bin/linux-x64/abd2f3db4bdb28f9e95536dfa84d8479f1eb312d/extensions/git/dist/main.js:2:1311012)
    at E.dispose (/vscode/bin/linux-x64/abd2f3db4bdb28f9e95536dfa84d8479f1eb312d/out/vs/workbench/api/node/extensionHostProcess.js:104:3581)
    at k (/vscode/bin/linux-x64/abd2f3db4bdb28f9e95536dfa84d8479f1eb312d/out/vs/workbench/api/node/extensionHostProcess.js:13:11730)
    at n.Z (/vscode/bin/linux-x64/abd2f3db4bdb28f9e95536dfa84d8479f1eb312d/out/vs/workbench/api/node/extensionHostProcess.js:119:9652)
    at /vscode/bin/linux-x64/abd2f3db4bdb28f9e95536dfa84d8479f1eb312d/out/vs/workbench/api/node/extensionHostProcess.js:119:7585
    at Array.map (<anonymous>)
    at n.S (/vscode/bin/linux-x64/abd2f3db4bdb28f9e95536dfa84d8479f1eb312d/out/vs/workbench/api/node/extensionHostProcess.js:119:7572)
    at n.terminate (/vscode/bin/linux-x64/abd2f3db4bdb28f9e95536dfa84d8479f1eb312d/out/vs/workbench/api/node/extensionHostProcess.js:119:7844)
    at o.terminate (/vscode/bin/linux-x64/abd2f3db4bdb28f9e95536dfa84d8479f1eb312d/out/vs/workbench/api/node/extensionHostProcess.js:123:1513)
    at D (/vscode/bin/linux-x64/abd2f3db4bdb28f9e95536dfa84d8479f1eb312d/out/vs/workbench/api/node/extensionHostProcess.js:136:9800)
    at n.value (/vscode/bin/linux-x64/abd2f3db4bdb28f9e95536dfa84d8479f1eb312d/out/vs/workbench/api/node/extensionHostProcess.js:136:7847)
    at m.w (/vscode/bin/linux-x64/abd2f3db4bdb28f9e95536dfa84d8479f1eb312d/out/vs/workbench/api/node/extensionHostProcess.js:63:1902)
    at m.fire (/vscode/bin/linux-x64/abd2f3db4bdb28f9e95536dfa84d8479f1eb312d/out/vs/workbench/api/node/extensionHostProcess.js:63:2119)
    at v.fire (/vscode/bin/linux-x64/abd2f3db4bdb28f9e95536dfa84d8479f1eb312d/out/vs/workbench/api/node/extensionHostProcess.js:79:13940)
    at s.z (/vscode/bin/linux-x64/abd2f3db4bdb28f9e95536dfa84d8479f1eb312d/out/vs/workbench/api/node/extensionHostProcess.js:79:17005)
    at n.value (/vscode/bin/linux-x64/abd2f3db4bdb28f9e95536dfa84d8479f1eb312d/out/vs/workbench/api/node/extensionHostProcess.js:79:16410)
    at m.w (/vscode/bin/linux-x64/abd2f3db4bdb28f9e95536dfa84d8479f1eb312d/out/vs/workbench/api/node/extensionHostProcess.js:63:1902)
    at m.fire (/vscode/bin/linux-x64/abd2f3db4bdb28f9e95536dfa84d8479f1eb312d/out/vs/workbench/api/node/extensionHostProcess.js:63:2119)
    at n.acceptChunk (/vscode/bin/linux-x64/abd2f3db4bdb28f9e95536dfa84d8479f1eb312d/out/vs/workbench/api/node/extensionHostProcess.js:79:11714)
    at /vscode/bin/linux-x64/abd2f3db4bdb28f9e95536dfa84d8479f1eb312d/out/vs/workbench/api/node/extensionHostProcess.js:79:11001
    at Socket.p (/vscode/bin/linux-x64/abd2f3db4bdb28f9e95536dfa84d8479f1eb312d/out/vs/workbench/api/node/extensionHostProcess.js:133:12793)
    at Socket.emit (node:events:513:28)
    at addChunk (node:internal/streams/readable:324:12)
    at readableAddChunk (node:internal/streams/readable:297:9)
    at Socket.Readable.push (node:internal/streams/readable:234:10)
    at TCP.onStreamRead (node:internal/stream_base_commons:190:23) setContext undefined
2023-10-01 19:29:00.971 [error] Canceled: Canceled
    at new h (/vscode/bin/linux-x64/abd2f3db4bdb28f9e95536dfa84d8479f1eb312d/out/vs/workbench/api/node/extensionHostProcess.js:108:57382)
    at i.O (/vscode/bin/linux-x64/abd2f3db4bdb28f9e95536dfa84d8479f1eb312d/out/vs/workbench/api/node/extensionHostProcess.js:117:10850)
    at Proxy.j.<computed>.T.charCodeAt.j.<computed> (/vscode/bin/linux-x64/abd2f3db4bdb28f9e95536dfa84d8479f1eb312d/out/vs/workbench/api/node/extensionHostProcess.js:117:8289)
    at r.g (/vscode/bin/linux-x64/abd2f3db4bdb28f9e95536dfa84d8479f1eb312d/out/vs/workbench/api/node/extensionHostProcess.js:108:82208)
    at r.executeCommand (/vscode/bin/linux-x64/abd2f3db4bdb28f9e95536dfa84d8479f1eb312d/out/vs/workbench/api/node/extensionHostProcess.js:108:81646)
    at u.registerCommand.description (/vscode/bin/linux-x64/abd2f3db4bdb28f9e95536dfa84d8479f1eb312d/out/vs/workbench/api/node/extensionHostProcess.js:108:80967)
    at r.h (/vscode/bin/linux-x64/abd2f3db4bdb28f9e95536dfa84d8479f1eb312d/out/vs/workbench/api/node/extensionHostProcess.js:108:82744)
    at r.g (/vscode/bin/linux-x64/abd2f3db4bdb28f9e95536dfa84d8479f1eb312d/out/vs/workbench/api/node/extensionHostProcess.js:108:81739)
    at r.executeCommand (/vscode/bin/linux-x64/abd2f3db4bdb28f9e95536dfa84d8479f1eb312d/out/vs/workbench/api/node/extensionHostProcess.js:108:81646)
    at Object.executeCommand (/vscode/bin/linux-x64/abd2f3db4bdb28f9e95536dfa84d8479f1eb312d/out/vs/workbench/api/node/extensionHostProcess.js:123:21247)
    at e0.reset (/home/ubuntu/.vscode-remote/extensions/github.vscode-pull-request-github-0.72.0/dist/extension.js:1805:3944)
    at e0.dispose (/home/ubuntu/.vscode-remote/extensions/github.vscode-pull-request-github-0.72.0/dist/extension.js:1805:4183)
    at k (/vscode/bin/linux-x64/abd2f3db4bdb28f9e95536dfa84d8479f1eb312d/out/vs/workbench/api/node/extensionHostProcess.js:13:11730)
    at n.Z (/vscode/bin/linux-x64/abd2f3db4bdb28f9e95536dfa84d8479f1eb312d/out/vs/workbench/api/node/extensionHostProcess.js:119:9652)
    at /vscode/bin/linux-x64/abd2f3db4bdb28f9e95536dfa84d8479f1eb312d/out/vs/workbench/api/node/extensionHostProcess.js:119:7585
    at Array.map (<anonymous>)
    at n.S (/vscode/bin/linux-x64/abd2f3db4bdb28f9e95536dfa84d8479f1eb312d/out/vs/workbench/api/node/extensionHostProcess.js:119:7572)
    at n.terminate (/vscode/bin/linux-x64/abd2f3db4bdb28f9e95536dfa84d8479f1eb312d/out/vs/workbench/api/node/extensionHostProcess.js:119:7844)
    at o.terminate (/vscode/bin/linux-x64/abd2f3db4bdb28f9e95536dfa84d8479f1eb312d/out/vs/workbench/api/node/extensionHostProcess.js:123:1513)
    at D (/vscode/bin/linux-x64/abd2f3db4bdb28f9e95536dfa84d8479f1eb312d/out/vs/workbench/api/node/extensionHostProcess.js:136:9800)
    at n.value (/vscode/bin/linux-x64/abd2f3db4bdb28f9e95536dfa84d8479f1eb312d/out/vs/workbench/api/node/extensionHostProcess.js:136:7847)
    at m.w (/vscode/bin/linux-x64/abd2f3db4bdb28f9e95536dfa84d8479f1eb312d/out/vs/workbench/api/node/extensionHostProcess.js:63:1902)
    at m.fire (/vscode/bin/linux-x64/abd2f3db4bdb28f9e95536dfa84d8479f1eb312d/out/vs/workbench/api/node/extensionHostProcess.js:63:2119)
    at v.fire (/vscode/bin/linux-x64/abd2f3db4bdb28f9e95536dfa84d8479f1eb312d/out/vs/workbench/api/node/extensionHostProcess.js:79:13940)
    at s.z (/vscode/bin/linux-x64/abd2f3db4bdb28f9e95536dfa84d8479f1eb312d/out/vs/workbench/api/node/extensionHostProcess.js:79:17005)
    at n.value (/vscode/bin/linux-x64/abd2f3db4bdb28f9e95536dfa84d8479f1eb312d/out/vs/workbench/api/node/extensionHostProcess.js:79:16410)
    at m.w (/vscode/bin/linux-x64/abd2f3db4bdb28f9e95536dfa84d8479f1eb312d/out/vs/workbench/api/node/extensionHostProcess.js:63:1902)
    at m.fire (/vscode/bin/linux-x64/abd2f3db4bdb28f9e95536dfa84d8479f1eb312d/out/vs/workbench/api/node/extensionHostProcess.js:63:2119)
    at n.acceptChunk (/vscode/bin/linux-x64/abd2f3db4bdb28f9e95536dfa84d8479f1eb312d/out/vs/workbench/api/node/extensionHostProcess.js:79:11714)
    at /vscode/bin/linux-x64/abd2f3db4bdb28f9e95536dfa84d8479f1eb312d/out/vs/workbench/api/node/extensionHostProcess.js:79:11001
    at Socket.p (/vscode/bin/linux-x64/abd2f3db4bdb28f9e95536dfa84d8479f1eb312d/out/vs/workbench/api/node/extensionHostProcess.js:133:12793)
    at Socket.emit (node:events:513:28)
    at addChunk (node:internal/streams/readable:324:12)
    at readableAddChunk (node:internal/streams/readable:297:9)
    at Socket.Readable.push (node:internal/streams/readable:234:10)
    at TCP.onStreamRead (node:internal/stream_base_commons:190:23) setContext undefined
2023-10-01 19:29:05.966 [info] Extension host with pid 2063 exiting with code 0
