2023-10-15 18:33:24.844 [info] Extension host with pid 10699 started
2023-10-15 18:33:24.904 [info] Lock '/home/ubuntu/.vscode-remote/data/User/workspaceStorage/4fcc469b/vscode.lock': Lock acquired.
2023-10-15 18:33:26.737 [info] ExtensionService#_doActivateExtension GitHub.codespaces, startup: false, activationEvent: 'onCommand:github.codespaces.activate'
2023-10-15 18:33:26.738 [info] ExtensionService#_doActivateExtension vscode.git-base, startup: false, activationEvent: '*', root cause: vscode.git
2023-10-15 18:33:26.738 [info] ExtensionService#_doActivateExtension vscode.github-authentication, startup: false, activationEvent: 'onAuthenticationRequest:github'
2023-10-15 18:33:26.738 [info] ExtensionService#_doActivateExtension vscode.extension-editing, startup: false, activationEvent: 'onLanguage:markdown'
2023-10-15 18:33:26.739 [info] ExtensionService#_doActivateExtension vscode.markdown-language-features, startup: false, activationEvent: 'onLanguage:markdown'
2023-10-15 18:33:26.739 [info] ExtensionService#_doActivateExtension vscode.emmet, startup: false, activationEvent: 'onLanguage'
2023-10-15 18:33:26.739 [info] ExtensionService#_doActivateExtension vscode.tunnel-forwarding, startup: false, activationEvent: 'onTunnel'
2023-10-15 18:33:26.740 [info] ExtensionService#_doActivateExtension vscode.media-preview, startup: false, activationEvent: 'onCustomEditor:imagePreview.previewEditor'
2023-10-15 18:33:26.740 [info] ExtensionService#_doActivateExtension vscode.json-language-features, startup: false, activationEvent: 'onLanguage:jsonc'
2023-10-15 18:33:26.740 [info] ExtensionService#_doActivateExtension vscode.typescript-language-features, startup: false, activationEvent: 'onLanguage:jsonc'
2023-10-15 18:33:26.958 [warning] Using default string since no string found in i18n bundle that has the key: Keep Defaults
2023-10-15 18:33:26.958 [warning] Using default string since no string found in i18n bundle that has the key: Configure Options
2023-10-15 18:33:26.958 [warning] Using default string since no string found in i18n bundle that has the key: Finish
2023-10-15 18:33:26.960 [warning] Using default string since no string found in i18n bundle that has the key: Learn More
2023-10-15 18:33:26.960 [warning] Using default string since no string found in i18n bundle that has the key: Documentation on predefined container definitions
2023-10-15 18:33:33.641 [info] ExtensionService#_doActivateExtension vscode.git, startup: false, activationEvent: '*'
2023-10-15 18:33:33.642 [info] ExtensionService#_doActivateExtension vscode.github, startup: false, activationEvent: '*'
2023-10-15 18:33:38.274 [info] ExtensionService#_doActivateExtension vscode.debug-auto-launch, startup: false, activationEvent: 'onStartupFinished'
2023-10-15 18:33:38.275 [info] ExtensionService#_doActivateExtension vscode.merge-conflict, startup: false, activationEvent: 'onStartupFinished'
2023-10-15 18:33:38.275 [info] ExtensionService#_doActivateExtension CS50.cs50, startup: false, activationEvent: 'onStartupFinished'
2023-10-15 18:33:38.275 [info] ExtensionService#_doActivateExtension CS50.ddb50, startup: false, activationEvent: 'onStartupFinished'
2023-10-15 18:33:38.276 [info] ExtensionService#_doActivateExtension CS50.explain50, startup: false, activationEvent: 'onStartupFinished'
2023-10-15 18:33:38.276 [info] ExtensionService#_doActivateExtension CS50.extension-uninstaller, startup: false, activationEvent: 'onStartupFinished'
2023-10-15 18:33:38.276 [info] ExtensionService#_doActivateExtension CS50.phpliteadmin, startup: false, activationEvent: 'onStartupFinished'
2023-10-15 18:33:38.276 [info] ExtensionService#_doActivateExtension CS50.style50, startup: false, activationEvent: 'onStartupFinished'
2023-10-15 18:33:38.276 [info] ExtensionService#_doActivateExtension GitHub.vscode-pull-request-github, startup: false, activationEvent: 'onStartupFinished'
2023-10-15 18:33:38.277 [info] ExtensionService#_doActivateExtension inferrinizzard.prettier-sql-vscode, startup: false, activationEvent: 'onStartupFinished'
2023-10-15 18:33:38.741 [info] Eager extensions activated
2023-10-15 18:33:39.559 [warning] Using default string since no string found in i18n bundle that has the key: Don't Show Again
2023-10-15 18:33:39.739 [error] EntryNotFound (FileSystemError): Error: ENOENT: no such file or directory, stat '/home/ubuntu/site/Images/Dog1 image.jpg'
    at Function.e (/vscode/bin/linux-x64/f1b07bd25dfad64b0167beb15359ae573aecd2cc/out/vs/workbench/api/node/extensionHostProcess.js:128:26740)
    at Object.stat (/vscode/bin/linux-x64/f1b07bd25dfad64b0167beb15359ae573aecd2cc/out/vs/workbench/api/node/extensionHostProcess.js:128:24555)
2023-10-15 18:33:40.367 [info] ExtensionService#_doActivateExtension ms-vsliveshare.vsliveshare, startup: false, activationEvent: 'api', root cause: GitHub.vscode-pull-request-github
2023-10-15 18:33:42.111 [warning] Using default string since no string found in i18n bundle that has the key: Don't Show Again
