2023-10-15 18:33:39.826 [warning] /home/ubuntu/.ssh/config: ENOENT: no such file or directory, open '/home/ubuntu/.ssh/config'
2023-10-15 18:33:40.683 [info] Looking for git repository
2023-10-15 18:33:40.683 [info] Found 0 repositories during activation
2023-10-15 18:33:40.683 [info] Git repository found, initializing review manager and pr tree view.
2023-10-15 18:33:40.687 [info] Registering git provider
2023-10-15 18:33:40.687 [info] Review> Validate state in progress
2023-10-15 18:33:40.687 [info] Review> Validating state...
2023-10-15 18:33:40.687 [info] Review> Validate state in progress
2023-10-15 18:33:40.687 [info] Review> Validating state...
2023-10-15 18:33:40.841 [info] Found GitHub remote for folder /home/ubuntu/site
2023-10-15 18:33:40.841 [info] Found GitHub remote for folder /home/ubuntu
2023-10-15 18:33:41.130 [info] Trying to use globalState for assignableUsers.
2023-10-15 18:33:41.351 [info] Trying to use globalState for assignableUsers.
2023-10-15 18:33:41.980 [info] Repo state for file:///home/ubuntu/site changed.
2023-10-15 18:33:41.980 [info] Repo file:///home/ubuntu/site has already been setup.
2023-10-15 18:33:41.986 [info] Review> No matching pull request metadata found locally for current branch main
2023-10-15 18:33:41.986 [info] Review> no matching pull request metadata found for current branch main
2023-10-15 18:33:41.987 [info] Review> No matching pull request metadata found on GitHub for current branch main
2023-10-15 18:33:42.052 [info] Using globalState assignableUsers for 1.
2023-10-15 18:33:42.133 [info] Using globalState assignableUsers for 1.
2023-10-15 18:33:42.308 [info] Repo state for file:///home/ubuntu changed.
2023-10-15 18:33:42.308 [info] Repo file:///home/ubuntu has already been setup.
