2023-10-15 18:36:53.786 [info] Reading sessions from keychain...
2023-10-15 18:36:53.786 [info] Getting sessions for all scopes...
2023-10-15 18:36:53.786 [info] Getting sessions for user:email...
2023-10-15 18:36:53.814 [info] Got stored sessions!
2023-10-15 18:36:53.814 [info] Got 6 verified sessions.
2023-10-15 18:36:53.814 [info] Got 6 sessions for ...
2023-10-15 18:36:53.814 [info] Got 1 sessions for user:email...
2023-10-15 18:36:54.184 [info] Getting sessions for all scopes...
2023-10-15 18:36:54.184 [info] Getting sessions for codespace,read:user,repo,user:email...
2023-10-15 18:36:54.184 [info] Getting sessions for all scopes...
2023-10-15 18:36:54.184 [info] Got 6 sessions for ...
2023-10-15 18:36:54.184 [info] Got 1 sessions for codespace,read:user,repo,user:email...
2023-10-15 18:36:54.185 [info] Got 6 sessions for ...
2023-10-15 18:36:55.500 [info] Getting sessions for all scopes...
2023-10-15 18:36:55.500 [info] Got 6 sessions for ...
2023-10-15 18:36:57.549 [info] Getting sessions for all scopes...
2023-10-15 18:36:57.549 [info] Got 6 sessions for ...
2023-10-15 18:36:57.742 [info] Getting sessions for all scopes...
2023-10-15 18:36:57.742 [info] Got 6 sessions for ...
2023-10-15 18:36:57.909 [info] Getting sessions for read:user,repo,user:email,workflow...
2023-10-15 18:36:57.910 [info] Getting sessions for all scopes...
2023-10-15 18:36:57.910 [info] Got 1 sessions for read:user,repo,user:email,workflow...
2023-10-15 18:36:57.910 [info] Got 6 sessions for ...
2023-10-15 18:36:58.667 [info] Getting sessions for all scopes...
2023-10-15 18:36:58.668 [info] Got 6 sessions for ...
2023-10-15 18:36:59.083 [info] Getting sessions for read:user,repo,user:email,workflow...
2023-10-15 18:36:59.083 [info] Got 1 sessions for read:user,repo,user:email,workflow...
2023-10-15 18:36:59.432 [info] Getting sessions for read:user,repo,user:email,workflow...
2023-10-15 18:36:59.432 [info] Got 1 sessions for read:user,repo,user:email,workflow...
2023-10-15 18:37:02.306 [info] Getting sessions for read:user,repo,user:email,workflow...
2023-10-15 18:37:02.306 [info] Got 1 sessions for read:user,repo,user:email,workflow...
