2023-10-15 18:10:48.712 [info] Extension host with pid 475 started
2023-10-15 18:10:48.747 [info] Lock '/home/ubuntu/.vscode-remote/data/User/workspaceStorage/45b9b236/vscode.lock': Lock acquired.
2023-10-15 18:10:49.261 [info] ExtensionService#_doActivateExtension GitHub.codespaces, startup: false, activationEvent: 'onCommand:github.codespaces.activate'
2023-10-15 18:10:49.262 [info] ExtensionService#_doActivateExtension vscode.git-base, startup: false, activationEvent: '*', root cause: vscode.git
2023-10-15 18:10:49.262 [info] ExtensionService#_doActivateExtension vscode.emmet, startup: false, activationEvent: 'onLanguage'
2023-10-15 18:10:49.262 [info] ExtensionService#_doActivateExtension ms-python.python, startup: false, activationEvent: 'onLanguage:python'
2023-10-15 18:10:49.263 [info] ExtensionService#_doActivateExtension vscode.github-authentication, startup: false, activationEvent: 'onAuthenticationRequest:github'
2023-10-15 18:10:49.263 [info] ExtensionService#_doActivateExtension vscode.tunnel-forwarding, startup: false, activationEvent: 'onTunnel'
2023-10-15 18:10:49.263 [info] ExtensionService#_doActivateExtension vscode.json-language-features, startup: false, activationEvent: 'onLanguage:jsonc'
2023-10-15 18:10:49.263 [info] ExtensionService#_doActivateExtension vscode.typescript-language-features, startup: false, activationEvent: 'onLanguage:jsonc'
2023-10-15 18:10:49.533 [warning] Using default string since no string found in i18n bundle that has the key: Keep Defaults
2023-10-15 18:10:49.533 [warning] Using default string since no string found in i18n bundle that has the key: Configure Options
2023-10-15 18:10:49.533 [warning] Using default string since no string found in i18n bundle that has the key: Finish
2023-10-15 18:10:49.534 [warning] Using default string since no string found in i18n bundle that has the key: Learn More
2023-10-15 18:10:49.534 [warning] Using default string since no string found in i18n bundle that has the key: Documentation on predefined container definitions
2023-10-15 18:10:51.276 [warning] Using default string since no string found in i18n bundle that has the key: You need to select a Python interpreter before you start debugging.

Tip: click on "Select Interpreter" in the status bar.
2023-10-15 18:10:51.276 [warning] Using default string since no string found in i18n bundle that has the key: The Python extension now includes Pylance to improve completions, code navigation, overall performance and much more! You can learn more about the update and learn how to change your language server [here](https://aka.ms/new-python-bundle).

Read Pylance's license [here](https://marketplace.visualstudio.com/items/ms-python.vscode-pylance/license).
2023-10-15 18:10:51.277 [warning] Using default string since no string found in i18n bundle that has the key: The Microsoft Python Language Server has reached end of life. Your language server has been set to the default for Python in VS Code, Pylance.

If you'd like to change your language server, you can learn about how to do so [here](https://devblogs.microsoft.com/python/python-in-visual-studio-code-may-2021-release/#configuring-your-language-server).

Read Pylance's license [here](https://marketplace.visualstudio.com/items/ms-python.vscode-pylance/license).
2023-10-15 18:10:52.317 [info] ExtensionService#_doActivateExtension vscode.git, startup: false, activationEvent: '*'
2023-10-15 18:10:52.318 [info] ExtensionService#_doActivateExtension vscode.github, startup: false, activationEvent: '*'
2023-10-15 18:10:52.445 [info] ExtensionService#_doActivateExtension ms-python.vscode-pylance, startup: false, activationEvent: 'onLanguage:python'
2023-10-15 18:10:56.872 [info] Eager extensions activated
2023-10-15 18:10:56.872 [info] ExtensionService#_doActivateExtension vscode.debug-auto-launch, startup: false, activationEvent: 'onStartupFinished'
2023-10-15 18:10:56.874 [info] ExtensionService#_doActivateExtension vscode.merge-conflict, startup: false, activationEvent: 'onStartupFinished'
2023-10-15 18:10:56.875 [info] ExtensionService#_doActivateExtension CS50.cs50, startup: false, activationEvent: 'onStartupFinished'
2023-10-15 18:10:56.875 [info] ExtensionService#_doActivateExtension CS50.ddb50, startup: false, activationEvent: 'onStartupFinished'
2023-10-15 18:10:56.876 [info] ExtensionService#_doActivateExtension CS50.explain50, startup: false, activationEvent: 'onStartupFinished'
2023-10-15 18:10:56.876 [info] ExtensionService#_doActivateExtension CS50.extension-uninstaller, startup: false, activationEvent: 'onStartupFinished'
2023-10-15 18:10:56.877 [info] ExtensionService#_doActivateExtension CS50.phpliteadmin, startup: false, activationEvent: 'onStartupFinished'
2023-10-15 18:10:56.877 [info] ExtensionService#_doActivateExtension CS50.style50, startup: false, activationEvent: 'onStartupFinished'
2023-10-15 18:10:56.877 [info] ExtensionService#_doActivateExtension GitHub.vscode-pull-request-github, startup: false, activationEvent: 'onStartupFinished'
2023-10-15 18:10:56.878 [info] ExtensionService#_doActivateExtension inferrinizzard.prettier-sql-vscode, startup: false, activationEvent: 'onStartupFinished'
2023-10-15 18:11:02.975 [info] ExtensionService#_doActivateExtension ms-vsliveshare.vsliveshare, startup: false, activationEvent: 'api', root cause: GitHub.vscode-pull-request-github
2023-10-15 18:13:01.313 [error] Error: command 'gitdoc.enable' not found
    at y.n (https://assets.github.dev/stable/f1b07bd25dfad64b0167beb15359ae573aecd2cc/out/vs/workbench/workbench.web.main.js:1554:12298)
    at y.executeCommand (https://assets.github.dev/stable/f1b07bd25dfad64b0167beb15359ae573aecd2cc/out/vs/workbench/workbench.web.main.js:1554:12227)
2023-10-15 18:32:30.401 [info] Extension host terminating: received terminate message from renderer
2023-10-15 18:32:30.401 [info] Lock '/home/ubuntu/.vscode-remote/data/User/workspaceStorage/45b9b236/vscode.lock': Marking the lockfile as scheduled to be released in 6000 ms.
2023-10-15 18:32:30.535 [error] Canceled: Canceled
    at new m (/vscode/bin/linux-x64/f1b07bd25dfad64b0167beb15359ae573aecd2cc/out/vs/workbench/api/node/extensionHostProcess.js:126:57216)
    at i.U (/vscode/bin/linux-x64/f1b07bd25dfad64b0167beb15359ae573aecd2cc/out/vs/workbench/api/node/extensionHostProcess.js:135:10864)
    at Proxy.M.<computed>.j.charCodeAt.M.<computed> (/vscode/bin/linux-x64/f1b07bd25dfad64b0167beb15359ae573aecd2cc/out/vs/workbench/api/node/extensionHostProcess.js:135:8315)
    at n.g (/vscode/bin/linux-x64/f1b07bd25dfad64b0167beb15359ae573aecd2cc/out/vs/workbench/api/node/extensionHostProcess.js:126:83747)
    at n.executeCommand (/vscode/bin/linux-x64/f1b07bd25dfad64b0167beb15359ae573aecd2cc/out/vs/workbench/api/node/extensionHostProcess.js:126:83185)
    at b.registerCommand.description (/vscode/bin/linux-x64/f1b07bd25dfad64b0167beb15359ae573aecd2cc/out/vs/workbench/api/node/extensionHostProcess.js:126:82506)
    at n.h (/vscode/bin/linux-x64/f1b07bd25dfad64b0167beb15359ae573aecd2cc/out/vs/workbench/api/node/extensionHostProcess.js:126:84283)
    at n.g (/vscode/bin/linux-x64/f1b07bd25dfad64b0167beb15359ae573aecd2cc/out/vs/workbench/api/node/extensionHostProcess.js:126:83278)
    at n.executeCommand (/vscode/bin/linux-x64/f1b07bd25dfad64b0167beb15359ae573aecd2cc/out/vs/workbench/api/node/extensionHostProcess.js:126:83185)
    at Object.executeCommand (/vscode/bin/linux-x64/f1b07bd25dfad64b0167beb15359ae573aecd2cc/out/vs/workbench/api/node/extensionHostProcess.js:141:21282)
    at s.D [as value] (/vscode/bin/linux-x64/f1b07bd25dfad64b0167beb15359ae573aecd2cc/extensions/git/dist/main.js:2:1312800)
    at c.z (/vscode/bin/linux-x64/f1b07bd25dfad64b0167beb15359ae573aecd2cc/out/vs/workbench/api/node/extensionHostProcess.js:80:1902)
    at c.A (/vscode/bin/linux-x64/f1b07bd25dfad64b0167beb15359ae573aecd2cc/out/vs/workbench/api/node/extensionHostProcess.js:80:1972)
    at c.fire (/vscode/bin/linux-x64/f1b07bd25dfad64b0167beb15359ae573aecd2cc/out/vs/workbench/api/node/extensionHostProcess.js:80:2188)
    at Object.m [as dispose] (/vscode/bin/linux-x64/f1b07bd25dfad64b0167beb15359ae573aecd2cc/extensions/git/dist/main.js:2:1328588)
    at /vscode/bin/linux-x64/f1b07bd25dfad64b0167beb15359ae573aecd2cc/extensions/git/dist/main.js:2:1333429
    at Array.forEach (<anonymous>)
    at g.dispose (/vscode/bin/linux-x64/f1b07bd25dfad64b0167beb15359ae573aecd2cc/extensions/git/dist/main.js:2:1333415)
    at w.<anonymous> (/vscode/bin/linux-x64/f1b07bd25dfad64b0167beb15359ae573aecd2cc/out/vs/workbench/api/node/extensionHostProcess.js:122:3521)
    at w.dispose (/vscode/bin/linux-x64/f1b07bd25dfad64b0167beb15359ae573aecd2cc/out/vs/workbench/api/node/extensionHostProcess.js:122:3618)
    at w.<anonymous> (/vscode/bin/linux-x64/f1b07bd25dfad64b0167beb15359ae573aecd2cc/extensions/git/dist/main.js:2:1314812)
    at w.dispose (/vscode/bin/linux-x64/f1b07bd25dfad64b0167beb15359ae573aecd2cc/out/vs/workbench/api/node/extensionHostProcess.js:122:3618)
    at o (/vscode/bin/linux-x64/f1b07bd25dfad64b0167beb15359ae573aecd2cc/out/vs/workbench/api/node/extensionHostProcess.js:30:754)
    at s.cb (/vscode/bin/linux-x64/f1b07bd25dfad64b0167beb15359ae573aecd2cc/out/vs/workbench/api/node/extensionHostProcess.js:137:9846)
    at /vscode/bin/linux-x64/f1b07bd25dfad64b0167beb15359ae573aecd2cc/out/vs/workbench/api/node/extensionHostProcess.js:137:7796
    at Array.map (<anonymous>)
    at s.Y (/vscode/bin/linux-x64/f1b07bd25dfad64b0167beb15359ae573aecd2cc/out/vs/workbench/api/node/extensionHostProcess.js:137:7784)
    at s.terminate (/vscode/bin/linux-x64/f1b07bd25dfad64b0167beb15359ae573aecd2cc/out/vs/workbench/api/node/extensionHostProcess.js:137:8054)
    at o.terminate (/vscode/bin/linux-x64/f1b07bd25dfad64b0167beb15359ae573aecd2cc/out/vs/workbench/api/node/extensionHostProcess.js:141:1513)
    at l (/vscode/bin/linux-x64/f1b07bd25dfad64b0167beb15359ae573aecd2cc/out/vs/workbench/api/node/extensionHostProcess.js:154:9801)
    at s.value (/vscode/bin/linux-x64/f1b07bd25dfad64b0167beb15359ae573aecd2cc/out/vs/workbench/api/node/extensionHostProcess.js:154:7848)
    at c.z (/vscode/bin/linux-x64/f1b07bd25dfad64b0167beb15359ae573aecd2cc/out/vs/workbench/api/node/extensionHostProcess.js:80:1902)
    at c.fire (/vscode/bin/linux-x64/f1b07bd25dfad64b0167beb15359ae573aecd2cc/out/vs/workbench/api/node/extensionHostProcess.js:80:2119)
    at g.fire (/vscode/bin/linux-x64/f1b07bd25dfad64b0167beb15359ae573aecd2cc/out/vs/workbench/api/node/extensionHostProcess.js:96:14010)
    at r.z (/vscode/bin/linux-x64/f1b07bd25dfad64b0167beb15359ae573aecd2cc/out/vs/workbench/api/node/extensionHostProcess.js:96:17075)
    at s.value (/vscode/bin/linux-x64/f1b07bd25dfad64b0167beb15359ae573aecd2cc/out/vs/workbench/api/node/extensionHostProcess.js:96:15527)
    at c.z (/vscode/bin/linux-x64/f1b07bd25dfad64b0167beb15359ae573aecd2cc/out/vs/workbench/api/node/extensionHostProcess.js:80:1902)
    at c.fire (/vscode/bin/linux-x64/f1b07bd25dfad64b0167beb15359ae573aecd2cc/out/vs/workbench/api/node/extensionHostProcess.js:80:2119)
    at s.acceptChunk (/vscode/bin/linux-x64/f1b07bd25dfad64b0167beb15359ae573aecd2cc/out/vs/workbench/api/node/extensionHostProcess.js:96:11784)
    at /vscode/bin/linux-x64/f1b07bd25dfad64b0167beb15359ae573aecd2cc/out/vs/workbench/api/node/extensionHostProcess.js:96:11071
    at Socket.f (/vscode/bin/linux-x64/f1b07bd25dfad64b0167beb15359ae573aecd2cc/out/vs/workbench/api/node/extensionHostProcess.js:151:12873)
    at Socket.emit (node:events:513:28)
    at addChunk (node:internal/streams/readable:324:12)
    at readableAddChunk (node:internal/streams/readable:297:9)
    at Socket.Readable.push (node:internal/streams/readable:234:10)
    at TCP.onStreamRead (node:internal/stream_base_commons:190:23) setContext undefined
2023-10-15 18:32:30.536 [error] Canceled: Canceled
    at new m (/vscode/bin/linux-x64/f1b07bd25dfad64b0167beb15359ae573aecd2cc/out/vs/workbench/api/node/extensionHostProcess.js:126:57216)
    at i.U (/vscode/bin/linux-x64/f1b07bd25dfad64b0167beb15359ae573aecd2cc/out/vs/workbench/api/node/extensionHostProcess.js:135:10864)
    at Proxy.M.<computed>.j.charCodeAt.M.<computed> (/vscode/bin/linux-x64/f1b07bd25dfad64b0167beb15359ae573aecd2cc/out/vs/workbench/api/node/extensionHostProcess.js:135:8315)
    at n.g (/vscode/bin/linux-x64/f1b07bd25dfad64b0167beb15359ae573aecd2cc/out/vs/workbench/api/node/extensionHostProcess.js:126:83747)
    at n.executeCommand (/vscode/bin/linux-x64/f1b07bd25dfad64b0167beb15359ae573aecd2cc/out/vs/workbench/api/node/extensionHostProcess.js:126:83185)
    at b.registerCommand.description (/vscode/bin/linux-x64/f1b07bd25dfad64b0167beb15359ae573aecd2cc/out/vs/workbench/api/node/extensionHostProcess.js:126:82506)
    at n.h (/vscode/bin/linux-x64/f1b07bd25dfad64b0167beb15359ae573aecd2cc/out/vs/workbench/api/node/extensionHostProcess.js:126:84283)
    at n.g (/vscode/bin/linux-x64/f1b07bd25dfad64b0167beb15359ae573aecd2cc/out/vs/workbench/api/node/extensionHostProcess.js:126:83278)
    at n.executeCommand (/vscode/bin/linux-x64/f1b07bd25dfad64b0167beb15359ae573aecd2cc/out/vs/workbench/api/node/extensionHostProcess.js:126:83185)
    at Object.executeCommand (/vscode/bin/linux-x64/f1b07bd25dfad64b0167beb15359ae573aecd2cc/out/vs/workbench/api/node/extensionHostProcess.js:141:21282)
    at t.$D.set b [as b] (/vscode/bin/linux-x64/f1b07bd25dfad64b0167beb15359ae573aecd2cc/extensions/github/dist/extension.js:2:714415)
    at /vscode/bin/linux-x64/f1b07bd25dfad64b0167beb15359ae573aecd2cc/extensions/github/dist/extension.js:2:715056
    at s.value (/vscode/bin/linux-x64/f1b07bd25dfad64b0167beb15359ae573aecd2cc/extensions/git/dist/main.js:2:1402040)
    at c.z (/vscode/bin/linux-x64/f1b07bd25dfad64b0167beb15359ae573aecd2cc/out/vs/workbench/api/node/extensionHostProcess.js:80:1902)
    at c.A (/vscode/bin/linux-x64/f1b07bd25dfad64b0167beb15359ae573aecd2cc/out/vs/workbench/api/node/extensionHostProcess.js:80:1972)
    at c.fire (/vscode/bin/linux-x64/f1b07bd25dfad64b0167beb15359ae573aecd2cc/out/vs/workbench/api/node/extensionHostProcess.js:80:2188)
    at Object.m [as dispose] (/vscode/bin/linux-x64/f1b07bd25dfad64b0167beb15359ae573aecd2cc/extensions/git/dist/main.js:2:1328588)
    at /vscode/bin/linux-x64/f1b07bd25dfad64b0167beb15359ae573aecd2cc/extensions/git/dist/main.js:2:1333429
    at Array.forEach (<anonymous>)
    at g.dispose (/vscode/bin/linux-x64/f1b07bd25dfad64b0167beb15359ae573aecd2cc/extensions/git/dist/main.js:2:1333415)
    at w.<anonymous> (/vscode/bin/linux-x64/f1b07bd25dfad64b0167beb15359ae573aecd2cc/out/vs/workbench/api/node/extensionHostProcess.js:122:3521)
    at w.dispose (/vscode/bin/linux-x64/f1b07bd25dfad64b0167beb15359ae573aecd2cc/out/vs/workbench/api/node/extensionHostProcess.js:122:3618)
    at w.<anonymous> (/vscode/bin/linux-x64/f1b07bd25dfad64b0167beb15359ae573aecd2cc/extensions/git/dist/main.js:2:1314812)
    at w.dispose (/vscode/bin/linux-x64/f1b07bd25dfad64b0167beb15359ae573aecd2cc/out/vs/workbench/api/node/extensionHostProcess.js:122:3618)
    at o (/vscode/bin/linux-x64/f1b07bd25dfad64b0167beb15359ae573aecd2cc/out/vs/workbench/api/node/extensionHostProcess.js:30:754)
    at s.cb (/vscode/bin/linux-x64/f1b07bd25dfad64b0167beb15359ae573aecd2cc/out/vs/workbench/api/node/extensionHostProcess.js:137:9846)
    at /vscode/bin/linux-x64/f1b07bd25dfad64b0167beb15359ae573aecd2cc/out/vs/workbench/api/node/extensionHostProcess.js:137:7796
    at Array.map (<anonymous>)
    at s.Y (/vscode/bin/linux-x64/f1b07bd25dfad64b0167beb15359ae573aecd2cc/out/vs/workbench/api/node/extensionHostProcess.js:137:7784)
    at s.terminate (/vscode/bin/linux-x64/f1b07bd25dfad64b0167beb15359ae573aecd2cc/out/vs/workbench/api/node/extensionHostProcess.js:137:8054)
    at o.terminate (/vscode/bin/linux-x64/f1b07bd25dfad64b0167beb15359ae573aecd2cc/out/vs/workbench/api/node/extensionHostProcess.js:141:1513)
    at l (/vscode/bin/linux-x64/f1b07bd25dfad64b0167beb15359ae573aecd2cc/out/vs/workbench/api/node/extensionHostProcess.js:154:9801)
    at s.value (/vscode/bin/linux-x64/f1b07bd25dfad64b0167beb15359ae573aecd2cc/out/vs/workbench/api/node/extensionHostProcess.js:154:7848)
    at c.z (/vscode/bin/linux-x64/f1b07bd25dfad64b0167beb15359ae573aecd2cc/out/vs/workbench/api/node/extensionHostProcess.js:80:1902)
    at c.fire (/vscode/bin/linux-x64/f1b07bd25dfad64b0167beb15359ae573aecd2cc/out/vs/workbench/api/node/extensionHostProcess.js:80:2119)
    at g.fire (/vscode/bin/linux-x64/f1b07bd25dfad64b0167beb15359ae573aecd2cc/out/vs/workbench/api/node/extensionHostProcess.js:96:14010)
    at r.z (/vscode/bin/linux-x64/f1b07bd25dfad64b0167beb15359ae573aecd2cc/out/vs/workbench/api/node/extensionHostProcess.js:96:17075)
    at s.value (/vscode/bin/linux-x64/f1b07bd25dfad64b0167beb15359ae573aecd2cc/out/vs/workbench/api/node/extensionHostProcess.js:96:15527)
    at c.z (/vscode/bin/linux-x64/f1b07bd25dfad64b0167beb15359ae573aecd2cc/out/vs/workbench/api/node/extensionHostProcess.js:80:1902)
    at c.fire (/vscode/bin/linux-x64/f1b07bd25dfad64b0167beb15359ae573aecd2cc/out/vs/workbench/api/node/extensionHostProcess.js:80:2119)
    at s.acceptChunk (/vscode/bin/linux-x64/f1b07bd25dfad64b0167beb15359ae573aecd2cc/out/vs/workbench/api/node/extensionHostProcess.js:96:11784)
    at /vscode/bin/linux-x64/f1b07bd25dfad64b0167beb15359ae573aecd2cc/out/vs/workbench/api/node/extensionHostProcess.js:96:11071
    at Socket.f (/vscode/bin/linux-x64/f1b07bd25dfad64b0167beb15359ae573aecd2cc/out/vs/workbench/api/node/extensionHostProcess.js:151:12873)
    at Socket.emit (node:events:513:28)
    at addChunk (node:internal/streams/readable:324:12)
    at readableAddChunk (node:internal/streams/readable:297:9)
    at Socket.Readable.push (node:internal/streams/readable:234:10)
    at TCP.onStreamRead (node:internal/stream_base_commons:190:23) setContext undefined
2023-10-15 18:32:30.538 [error] Canceled: Canceled
    at new m (/vscode/bin/linux-x64/f1b07bd25dfad64b0167beb15359ae573aecd2cc/out/vs/workbench/api/node/extensionHostProcess.js:126:57216)
    at i.U (/vscode/bin/linux-x64/f1b07bd25dfad64b0167beb15359ae573aecd2cc/out/vs/workbench/api/node/extensionHostProcess.js:135:10864)
    at Proxy.M.<computed>.j.charCodeAt.M.<computed> (/vscode/bin/linux-x64/f1b07bd25dfad64b0167beb15359ae573aecd2cc/out/vs/workbench/api/node/extensionHostProcess.js:135:8315)
    at n.g (/vscode/bin/linux-x64/f1b07bd25dfad64b0167beb15359ae573aecd2cc/out/vs/workbench/api/node/extensionHostProcess.js:126:83747)
    at n.executeCommand (/vscode/bin/linux-x64/f1b07bd25dfad64b0167beb15359ae573aecd2cc/out/vs/workbench/api/node/extensionHostProcess.js:126:83185)
    at b.registerCommand.description (/vscode/bin/linux-x64/f1b07bd25dfad64b0167beb15359ae573aecd2cc/out/vs/workbench/api/node/extensionHostProcess.js:126:82506)
    at n.h (/vscode/bin/linux-x64/f1b07bd25dfad64b0167beb15359ae573aecd2cc/out/vs/workbench/api/node/extensionHostProcess.js:126:84283)
    at n.g (/vscode/bin/linux-x64/f1b07bd25dfad64b0167beb15359ae573aecd2cc/out/vs/workbench/api/node/extensionHostProcess.js:126:83278)
    at n.executeCommand (/vscode/bin/linux-x64/f1b07bd25dfad64b0167beb15359ae573aecd2cc/out/vs/workbench/api/node/extensionHostProcess.js:126:83185)
    at Object.executeCommand (/vscode/bin/linux-x64/f1b07bd25dfad64b0167beb15359ae573aecd2cc/out/vs/workbench/api/node/extensionHostProcess.js:141:21282)
    at e (/home/ubuntu/.vscode-remote/extensions/github.vscode-pull-request-github-0.74.0/dist/extension.js:1655:1445)
    at Object.n [as setContext] (/home/ubuntu/.vscode-remote/extensions/github.vscode-pull-request-github-0.74.0/dist/extension.js:1655:1560)
    at qc.updateActiveReviewCount (/home/ubuntu/.vscode-remote/extensions/github.vscode-pull-request-github-0.74.0/dist/extension.js:1708:22584)
    at qc.removeRepo (/home/ubuntu/.vscode-remote/extensions/github.vscode-pull-request-github-0.74.0/dist/extension.js:1708:23711)
    at s.value (/home/ubuntu/.vscode-remote/extensions/github.vscode-pull-request-github-0.74.0/dist/extension.js:1818:4126)
    at c.z (/vscode/bin/linux-x64/f1b07bd25dfad64b0167beb15359ae573aecd2cc/out/vs/workbench/api/node/extensionHostProcess.js:80:1902)
    at c.A (/vscode/bin/linux-x64/f1b07bd25dfad64b0167beb15359ae573aecd2cc/out/vs/workbench/api/node/extensionHostProcess.js:80:1972)
    at c.fire (/vscode/bin/linux-x64/f1b07bd25dfad64b0167beb15359ae573aecd2cc/out/vs/workbench/api/node/extensionHostProcess.js:80:2188)
    at s.value (/home/ubuntu/.vscode-remote/extensions/github.vscode-pull-request-github-0.74.0/dist/extension.js:1624:461993)
    at c.z (/vscode/bin/linux-x64/f1b07bd25dfad64b0167beb15359ae573aecd2cc/out/vs/workbench/api/node/extensionHostProcess.js:80:1902)
    at c.fire (/vscode/bin/linux-x64/f1b07bd25dfad64b0167beb15359ae573aecd2cc/out/vs/workbench/api/node/extensionHostProcess.js:80:2119)
    at /home/ubuntu/.vscode-remote/extensions/github.vscode-pull-request-github-0.74.0/dist/extension.js:1708:27425
    at s.value (/vscode/bin/linux-x64/f1b07bd25dfad64b0167beb15359ae573aecd2cc/extensions/git/dist/main.js:2:1402040)
    at c.z (/vscode/bin/linux-x64/f1b07bd25dfad64b0167beb15359ae573aecd2cc/out/vs/workbench/api/node/extensionHostProcess.js:80:1902)
    at c.A (/vscode/bin/linux-x64/f1b07bd25dfad64b0167beb15359ae573aecd2cc/out/vs/workbench/api/node/extensionHostProcess.js:80:1972)
    at c.fire (/vscode/bin/linux-x64/f1b07bd25dfad64b0167beb15359ae573aecd2cc/out/vs/workbench/api/node/extensionHostProcess.js:80:2188)
    at Object.m [as dispose] (/vscode/bin/linux-x64/f1b07bd25dfad64b0167beb15359ae573aecd2cc/extensions/git/dist/main.js:2:1328588)
    at /vscode/bin/linux-x64/f1b07bd25dfad64b0167beb15359ae573aecd2cc/extensions/git/dist/main.js:2:1333429
    at Array.forEach (<anonymous>)
    at g.dispose (/vscode/bin/linux-x64/f1b07bd25dfad64b0167beb15359ae573aecd2cc/extensions/git/dist/main.js:2:1333415)
    at w.<anonymous> (/vscode/bin/linux-x64/f1b07bd25dfad64b0167beb15359ae573aecd2cc/out/vs/workbench/api/node/extensionHostProcess.js:122:3521)
    at w.dispose (/vscode/bin/linux-x64/f1b07bd25dfad64b0167beb15359ae573aecd2cc/out/vs/workbench/api/node/extensionHostProcess.js:122:3618)
    at w.<anonymous> (/vscode/bin/linux-x64/f1b07bd25dfad64b0167beb15359ae573aecd2cc/extensions/git/dist/main.js:2:1314812)
    at w.dispose (/vscode/bin/linux-x64/f1b07bd25dfad64b0167beb15359ae573aecd2cc/out/vs/workbench/api/node/extensionHostProcess.js:122:3618)
    at o (/vscode/bin/linux-x64/f1b07bd25dfad64b0167beb15359ae573aecd2cc/out/vs/workbench/api/node/extensionHostProcess.js:30:754)
    at s.cb (/vscode/bin/linux-x64/f1b07bd25dfad64b0167beb15359ae573aecd2cc/out/vs/workbench/api/node/extensionHostProcess.js:137:9846)
    at /vscode/bin/linux-x64/f1b07bd25dfad64b0167beb15359ae573aecd2cc/out/vs/workbench/api/node/extensionHostProcess.js:137:7796
    at Array.map (<anonymous>)
    at s.Y (/vscode/bin/linux-x64/f1b07bd25dfad64b0167beb15359ae573aecd2cc/out/vs/workbench/api/node/extensionHostProcess.js:137:7784)
    at s.terminate (/vscode/bin/linux-x64/f1b07bd25dfad64b0167beb15359ae573aecd2cc/out/vs/workbench/api/node/extensionHostProcess.js:137:8054)
    at o.terminate (/vscode/bin/linux-x64/f1b07bd25dfad64b0167beb15359ae573aecd2cc/out/vs/workbench/api/node/extensionHostProcess.js:141:1513)
    at l (/vscode/bin/linux-x64/f1b07bd25dfad64b0167beb15359ae573aecd2cc/out/vs/workbench/api/node/extensionHostProcess.js:154:9801)
    at s.value (/vscode/bin/linux-x64/f1b07bd25dfad64b0167beb15359ae573aecd2cc/out/vs/workbench/api/node/extensionHostProcess.js:154:7848)
    at c.z (/vscode/bin/linux-x64/f1b07bd25dfad64b0167beb15359ae573aecd2cc/out/vs/workbench/api/node/extensionHostProcess.js:80:1902)
    at c.fire (/vscode/bin/linux-x64/f1b07bd25dfad64b0167beb15359ae573aecd2cc/out/vs/workbench/api/node/extensionHostProcess.js:80:2119)
    at g.fire (/vscode/bin/linux-x64/f1b07bd25dfad64b0167beb15359ae573aecd2cc/out/vs/workbench/api/node/extensionHostProcess.js:96:14010)
    at r.z (/vscode/bin/linux-x64/f1b07bd25dfad64b0167beb15359ae573aecd2cc/out/vs/workbench/api/node/extensionHostProcess.js:96:17075)
    at s.value (/vscode/bin/linux-x64/f1b07bd25dfad64b0167beb15359ae573aecd2cc/out/vs/workbench/api/node/extensionHostProcess.js:96:15527)
    at c.z (/vscode/bin/linux-x64/f1b07bd25dfad64b0167beb15359ae573aecd2cc/out/vs/workbench/api/node/extensionHostProcess.js:80:1902)
    at c.fire (/vscode/bin/linux-x64/f1b07bd25dfad64b0167beb15359ae573aecd2cc/out/vs/workbench/api/node/extensionHostProcess.js:80:2119)
    at s.acceptChunk (/vscode/bin/linux-x64/f1b07bd25dfad64b0167beb15359ae573aecd2cc/out/vs/workbench/api/node/extensionHostProcess.js:96:11784)
    at /vscode/bin/linux-x64/f1b07bd25dfad64b0167beb15359ae573aecd2cc/out/vs/workbench/api/node/extensionHostProcess.js:96:11071
    at Socket.f (/vscode/bin/linux-x64/f1b07bd25dfad64b0167beb15359ae573aecd2cc/out/vs/workbench/api/node/extensionHostProcess.js:151:12873)
    at Socket.emit (node:events:513:28)
    at addChunk (node:internal/streams/readable:324:12)
    at readableAddChunk (node:internal/streams/readable:297:9)
    at Socket.Readable.push (node:internal/streams/readable:234:10)
    at TCP.onStreamRead (node:internal/stream_base_commons:190:23) setContext undefined
2023-10-15 18:32:30.538 [error] Canceled: Canceled
    at new m (/vscode/bin/linux-x64/f1b07bd25dfad64b0167beb15359ae573aecd2cc/out/vs/workbench/api/node/extensionHostProcess.js:126:57216)
    at i.U (/vscode/bin/linux-x64/f1b07bd25dfad64b0167beb15359ae573aecd2cc/out/vs/workbench/api/node/extensionHostProcess.js:135:10864)
    at Proxy.M.<computed>.j.charCodeAt.M.<computed> (/vscode/bin/linux-x64/f1b07bd25dfad64b0167beb15359ae573aecd2cc/out/vs/workbench/api/node/extensionHostProcess.js:135:8315)
    at n.g (/vscode/bin/linux-x64/f1b07bd25dfad64b0167beb15359ae573aecd2cc/out/vs/workbench/api/node/extensionHostProcess.js:126:83747)
    at n.executeCommand (/vscode/bin/linux-x64/f1b07bd25dfad64b0167beb15359ae573aecd2cc/out/vs/workbench/api/node/extensionHostProcess.js:126:83185)
    at b.registerCommand.description (/vscode/bin/linux-x64/f1b07bd25dfad64b0167beb15359ae573aecd2cc/out/vs/workbench/api/node/extensionHostProcess.js:126:82506)
    at n.h (/vscode/bin/linux-x64/f1b07bd25dfad64b0167beb15359ae573aecd2cc/out/vs/workbench/api/node/extensionHostProcess.js:126:84283)
    at n.g (/vscode/bin/linux-x64/f1b07bd25dfad64b0167beb15359ae573aecd2cc/out/vs/workbench/api/node/extensionHostProcess.js:126:83278)
    at n.executeCommand (/vscode/bin/linux-x64/f1b07bd25dfad64b0167beb15359ae573aecd2cc/out/vs/workbench/api/node/extensionHostProcess.js:126:83185)
    at Object.executeCommand (/vscode/bin/linux-x64/f1b07bd25dfad64b0167beb15359ae573aecd2cc/out/vs/workbench/api/node/extensionHostProcess.js:141:21282)
    at c0.reset (/home/ubuntu/.vscode-remote/extensions/github.vscode-pull-request-github-0.74.0/dist/extension.js:1805:3944)
    at c0.dispose (/home/ubuntu/.vscode-remote/extensions/github.vscode-pull-request-github-0.74.0/dist/extension.js:1805:4183)
    at o (/vscode/bin/linux-x64/f1b07bd25dfad64b0167beb15359ae573aecd2cc/out/vs/workbench/api/node/extensionHostProcess.js:30:754)
    at s.cb (/vscode/bin/linux-x64/f1b07bd25dfad64b0167beb15359ae573aecd2cc/out/vs/workbench/api/node/extensionHostProcess.js:137:9846)
    at /vscode/bin/linux-x64/f1b07bd25dfad64b0167beb15359ae573aecd2cc/out/vs/workbench/api/node/extensionHostProcess.js:137:7796
    at Array.map (<anonymous>)
    at s.Y (/vscode/bin/linux-x64/f1b07bd25dfad64b0167beb15359ae573aecd2cc/out/vs/workbench/api/node/extensionHostProcess.js:137:7784)
    at s.terminate (/vscode/bin/linux-x64/f1b07bd25dfad64b0167beb15359ae573aecd2cc/out/vs/workbench/api/node/extensionHostProcess.js:137:8054)
    at o.terminate (/vscode/bin/linux-x64/f1b07bd25dfad64b0167beb15359ae573aecd2cc/out/vs/workbench/api/node/extensionHostProcess.js:141:1513)
    at l (/vscode/bin/linux-x64/f1b07bd25dfad64b0167beb15359ae573aecd2cc/out/vs/workbench/api/node/extensionHostProcess.js:154:9801)
    at s.value (/vscode/bin/linux-x64/f1b07bd25dfad64b0167beb15359ae573aecd2cc/out/vs/workbench/api/node/extensionHostProcess.js:154:7848)
    at c.z (/vscode/bin/linux-x64/f1b07bd25dfad64b0167beb15359ae573aecd2cc/out/vs/workbench/api/node/extensionHostProcess.js:80:1902)
    at c.fire (/vscode/bin/linux-x64/f1b07bd25dfad64b0167beb15359ae573aecd2cc/out/vs/workbench/api/node/extensionHostProcess.js:80:2119)
    at g.fire (/vscode/bin/linux-x64/f1b07bd25dfad64b0167beb15359ae573aecd2cc/out/vs/workbench/api/node/extensionHostProcess.js:96:14010)
    at r.z (/vscode/bin/linux-x64/f1b07bd25dfad64b0167beb15359ae573aecd2cc/out/vs/workbench/api/node/extensionHostProcess.js:96:17075)
    at s.value (/vscode/bin/linux-x64/f1b07bd25dfad64b0167beb15359ae573aecd2cc/out/vs/workbench/api/node/extensionHostProcess.js:96:15527)
    at c.z (/vscode/bin/linux-x64/f1b07bd25dfad64b0167beb15359ae573aecd2cc/out/vs/workbench/api/node/extensionHostProcess.js:80:1902)
    at c.fire (/vscode/bin/linux-x64/f1b07bd25dfad64b0167beb15359ae573aecd2cc/out/vs/workbench/api/node/extensionHostProcess.js:80:2119)
    at s.acceptChunk (/vscode/bin/linux-x64/f1b07bd25dfad64b0167beb15359ae573aecd2cc/out/vs/workbench/api/node/extensionHostProcess.js:96:11784)
    at /vscode/bin/linux-x64/f1b07bd25dfad64b0167beb15359ae573aecd2cc/out/vs/workbench/api/node/extensionHostProcess.js:96:11071
    at Socket.f (/vscode/bin/linux-x64/f1b07bd25dfad64b0167beb15359ae573aecd2cc/out/vs/workbench/api/node/extensionHostProcess.js:151:12873)
    at Socket.emit (node:events:513:28)
    at addChunk (node:internal/streams/readable:324:12)
    at readableAddChunk (node:internal/streams/readable:297:9)
    at Socket.Readable.push (node:internal/streams/readable:234:10)
    at TCP.onStreamRead (node:internal/stream_base_commons:190:23) setContext undefined
2023-10-15 18:32:30.584 [info] Extension host with pid 475 exiting with code 0
