2023-10-15 19:16:14.370 [info] Reading sessions from keychain...
2023-10-15 19:16:14.370 [info] Getting sessions for all scopes...
2023-10-15 19:16:14.370 [info] Getting sessions for user:email...
2023-10-15 19:16:14.370 [info] Getting sessions for all scopes...
2023-10-15 19:16:14.370 [info] Got stored sessions!
2023-10-15 19:16:14.370 [info] Got 6 verified sessions.
2023-10-15 19:16:14.370 [info] Got 6 sessions for ...
2023-10-15 19:16:14.370 [info] Got 1 sessions for user:email...
2023-10-15 19:16:14.370 [info] Got 6 sessions for ...
2023-10-15 19:16:14.370 [info] Getting sessions for codespace,read:user,repo,user:email...
2023-10-15 19:16:14.370 [info] Getting sessions for all scopes...
2023-10-15 19:16:14.370 [info] Got 1 sessions for codespace,read:user,repo,user:email...
2023-10-15 19:16:14.370 [info] Got 6 sessions for ...
2023-10-15 19:16:14.451 [info] Getting sessions for all scopes...
2023-10-15 19:16:14.451 [info] Got 6 sessions for ...
2023-10-15 19:16:16.940 [info] Getting sessions for all scopes...
2023-10-15 19:16:16.941 [info] Got 6 sessions for ...
2023-10-15 19:16:17.480 [info] Getting sessions for read:user,repo,user:email,workflow...
2023-10-15 19:16:17.480 [info] Getting sessions for read:user,repo,user:email,workflow...
2023-10-15 19:16:17.480 [info] Getting sessions for all scopes...
2023-10-15 19:16:17.480 [info] Got 1 sessions for read:user,repo,user:email,workflow...
2023-10-15 19:16:17.480 [info] Got 1 sessions for read:user,repo,user:email,workflow...
2023-10-15 19:16:17.480 [info] Got 6 sessions for ...
2023-10-15 19:16:17.670 [info] Getting sessions for all scopes...
2023-10-15 19:16:17.670 [info] Got 6 sessions for ...
2023-10-15 19:16:17.874 [info] Getting sessions for all scopes...
2023-10-15 19:16:17.874 [info] Got 6 sessions for ...
2023-10-15 19:16:19.170 [info] Getting sessions for read:user,repo,user:email,workflow...
2023-10-15 19:16:19.171 [info] Got 1 sessions for read:user,repo,user:email,workflow...
2023-10-15 19:16:21.878 [info] Getting sessions for read:user,repo,user:email,workflow...
2023-10-15 19:16:21.878 [info] Got 1 sessions for read:user,repo,user:email,workflow...
