2023-10-15 18:33:35.245 [info] Reading sessions from keychain...
2023-10-15 18:33:35.245 [info] Getting sessions for all scopes...
2023-10-15 18:33:35.245 [info] Getting sessions for user:email...
2023-10-15 18:33:35.271 [info] Got stored sessions!
2023-10-15 18:33:35.271 [info] Got 6 verified sessions.
2023-10-15 18:33:35.272 [info] Got 6 sessions for ...
2023-10-15 18:33:35.272 [info] Got 1 sessions for user:email...
2023-10-15 18:33:35.317 [info] Getting sessions for all scopes...
2023-10-15 18:33:35.317 [info] Got 6 sessions for ...
2023-10-15 18:33:35.331 [info] Getting sessions for codespace,read:user,repo,user:email...
2023-10-15 18:33:35.331 [info] Got 1 sessions for codespace,read:user,repo,user:email...
2023-10-15 18:33:36.967 [info] Getting sessions for all scopes...
2023-10-15 18:33:36.967 [info] Got 6 sessions for ...
2023-10-15 18:33:38.618 [info] Getting sessions for all scopes...
2023-10-15 18:33:38.619 [info] Got 6 sessions for ...
2023-10-15 18:33:39.181 [info] Getting sessions for all scopes...
2023-10-15 18:33:39.181 [info] Got 6 sessions for ...
2023-10-15 18:33:39.506 [info] Getting sessions for all scopes...
2023-10-15 18:33:39.506 [info] Getting sessions for read:user,repo,user:email,workflow...
2023-10-15 18:33:39.507 [info] Got 6 sessions for ...
2023-10-15 18:33:39.507 [info] Got 1 sessions for read:user,repo,user:email,workflow...
2023-10-15 18:33:39.699 [info] Getting sessions for all scopes...
2023-10-15 18:33:39.699 [info] Got 6 sessions for ...
2023-10-15 18:33:39.862 [info] Getting sessions for all scopes...
2023-10-15 18:33:39.862 [info] Got 6 sessions for ...
2023-10-15 18:33:39.947 [info] Getting sessions for read:user,repo,user:email,workflow...
2023-10-15 18:33:39.947 [info] Got 1 sessions for read:user,repo,user:email,workflow...
2023-10-15 18:33:40.351 [info] Getting sessions for read:user,repo,user:email,workflow...
2023-10-15 18:33:40.351 [info] Got 1 sessions for read:user,repo,user:email,workflow...
2023-10-15 18:34:08.179 [info] Getting sessions for read:user,repo,user:email,workflow...
2023-10-15 18:34:08.179 [info] Got 1 sessions for read:user,repo,user:email,workflow...
