2023-10-23 12:24:08.684 [warning] /home/ubuntu/.ssh/config: ENOENT: no such file or directory, open '/home/ubuntu/.ssh/config'
2023-10-23 12:24:09.684 [info] Looking for git repository
2023-10-23 12:24:09.684 [info] Found 0 repositories during activation
2023-10-23 12:24:09.684 [info] Git repository found, initializing review manager and pr tree view.
2023-10-23 12:24:09.689 [info] Registering git provider
2023-10-23 12:24:09.689 [info] Review> Validate state in progress
2023-10-23 12:24:09.689 [info] Review> Validating state...
2023-10-23 12:24:09.689 [info] Review> Validate state in progress
2023-10-23 12:24:09.689 [info] Review> Validating state...
2023-10-23 12:24:09.814 [info] Found GitHub remote for folder /home/ubuntu/site
2023-10-23 12:24:09.815 [info] Found GitHub remote for folder /home/ubuntu
2023-10-23 12:24:10.399 [info] Repo state for file:///home/ubuntu changed.
2023-10-23 12:24:10.399 [info] Repo file:///home/ubuntu has already been setup.
2023-10-23 12:24:10.465 [info] Trying to use globalState for assignableUsers.
2023-10-23 12:24:12.176 [info] Trying to use globalState for assignableUsers.
2023-10-23 12:24:12.684 [info] Review> No matching pull request metadata found locally for current branch main
2023-10-23 12:24:12.684 [info] Review> no matching pull request metadata found for current branch main
2023-10-23 12:24:12.684 [info] Review> No matching pull request metadata found on GitHub for current branch main
2023-10-23 12:24:12.687 [info] Repo state for file:///home/ubuntu/site changed.
2023-10-23 12:24:12.687 [info] Repo file:///home/ubuntu/site has already been setup.
2023-10-23 12:24:13.176 [info] Review> No matching pull request metadata found locally for current branch main
2023-10-23 12:24:13.176 [info] Review> no matching pull request metadata found for current branch main
2023-10-23 12:24:13.176 [info] Review> No matching pull request metadata found on GitHub for current branch main
2023-10-23 12:24:14.380 [info] Using globalState assignableUsers for 1.
2023-10-23 12:24:16.003 [info] No globalState for assignableUsers.
2023-10-23 12:25:12.862 [info] Review> Validate state in progress
2023-10-23 12:25:12.862 [info] Review> Validating state...
2023-10-23 12:25:16.732 [info] Found GitHub remote for folder /home/ubuntu
2023-10-23 12:25:16.734 [info] Using in-memory cached assignable users.
2023-10-23 12:25:17.593 [info] Review> No matching pull request metadata found locally for current branch main
2023-10-23 12:25:17.593 [info] Review> no matching pull request metadata found for current branch main
2023-10-23 12:25:17.593 [info] Review> No matching pull request metadata found on GitHub for current branch main
