2023-10-09 12:22:15.163 [info] Уровень ведения журнала: Info
2023-10-09 12:22:15.163 [info] Проверка найденного Git в: "git"
2023-10-09 12:22:15.163 [info] Используется Git "2.34.1" из "git"
2023-10-09 12:22:15.163 [info] > git rev-parse --show-toplevel [8ms]
2023-10-09 12:22:15.163 [info] > git rev-parse --git-dir --git-common-dir [2ms]
2023-10-09 12:22:15.163 [info] Open repository: /workspaces/143985177
2023-10-09 12:22:15.178 [info] > git config --get commit.template [8ms]
2023-10-09 12:22:15.179 [info] > git rev-parse --show-toplevel [3ms]
2023-10-09 12:22:15.192 [info] > git rev-parse --show-toplevel [1ms]
2023-10-09 12:22:15.198 [info] > git rev-parse --show-toplevel [1ms]
2023-10-09 12:22:15.205 [info] > git for-each-ref --format=%(refname)%00%(upstream:short)%00%(objectname)%00%(upstream:track)%00%(upstream:remotename)%00%(upstream:remoteref) refs/heads/main refs/remotes/main [19ms]
2023-10-09 12:22:15.212 [info] > git rev-parse --show-toplevel [9ms]
2023-10-09 12:22:15.323 [info] > git rev-parse --show-toplevel [105ms]
2023-10-09 12:22:15.369 [info] > git rev-parse --show-toplevel [11ms]
2023-10-09 12:22:15.383 [info] > git rev-parse --show-toplevel [8ms]
2023-10-09 12:22:15.403 [info] > git rev-parse --show-toplevel [15ms]
2023-10-09 12:22:15.836 [info] > git check-ignore -v -z --stdin [45ms]
2023-10-09 12:22:17.647 [info] > git config --local branch.main.github-pr-owner-number [133ms]
2023-10-09 12:22:17.669 [info] > git status -z -uall [2458ms] (cancelled)
2023-10-09 12:22:17.671 [info] > git config --get commit.template [6ms]
2023-10-09 12:22:17.671 [info] > git config --get commit.template [13ms]
2023-10-09 12:22:17.700 [info] > git for-each-ref --format=%(refname)%00%(upstream:short)%00%(objectname)%00%(upstream:track)%00%(upstream:remotename)%00%(upstream:remoteref) refs/heads/main refs/remotes/main [15ms]
2023-10-09 12:22:17.708 [info] > git for-each-ref --format=%(refname)%00%(upstream:short)%00%(objectname)%00%(upstream:track)%00%(upstream:remotename)%00%(upstream:remoteref) refs/heads/main refs/remotes/main [29ms]
2023-10-09 12:22:19.134 [info] > git status -z -uall [1427ms]
2023-10-09 12:22:19.566 [info] > git fetch [4411ms]
2023-10-09 12:22:19.608 [info] > git for-each-ref --format=%(refname)%00%(upstream:short)%00%(objectname)%00%(upstream:track)%00%(upstream:remotename)%00%(upstream:remoteref) refs/heads/main refs/remotes/main [1ms]
2023-10-09 12:22:19.609 [info] > git config --get commit.template [19ms]
2023-10-09 12:22:19.706 [info] > git status -z -uall [86ms]
2023-10-09 12:22:36.055 [info] > git check-ignore -v -z --stdin [24ms]
2023-10-09 12:22:49.735 [info] > git add -A -- /workspaces/143985177/.devcontainer.json /workspaces/143985177/faces/faces.py /workspaces/143985177/feet2meter/feet2meter.py /workspaces/143985177/indoor/indoor.py /workspaces/143985177/playback/playback.py [18ms]
2023-10-09 12:22:49.748 [info] > git config --get commit.template [5ms]
2023-10-09 12:22:49.748 [info] > git for-each-ref --format=%(refname)%00%(upstream:short)%00%(objectname)%00%(upstream:track)%00%(upstream:remotename)%00%(upstream:remoteref) refs/heads/main refs/remotes/main [1ms]
2023-10-09 12:22:49.786 [info] > git status -z -uall [33ms]
2023-10-09 12:22:49.842 [info] > git -c user.useConfigOnly=true commit --quiet --allow-empty-message --file - --allow-empty-message [36ms]
2023-10-09 12:22:49.850 [info] > git config --get commit.template [0ms]
2023-10-09 12:22:49.863 [info] > git config --get commit.template [6ms]
2023-10-09 12:22:49.864 [info] > git for-each-ref --format=%(refname)%00%(upstream:short)%00%(objectname)%00%(upstream:track)%00%(upstream:remotename)%00%(upstream:remoteref) refs/heads/main refs/remotes/main [2ms]
2023-10-09 12:22:49.875 [info] > git status -z -uall [6ms]
2023-10-09 12:22:50.126 [info] > git config --local branch.main.github-pr-owner-number [6ms]
2023-10-09 12:22:50.137 [info] > git config --get commit.template [6ms]
2023-10-09 12:22:50.147 [info] > git for-each-ref --format=%(refname)%00%(upstream:short)%00%(objectname)%00%(upstream:track)%00%(upstream:remotename)%00%(upstream:remoteref) refs/heads/main refs/remotes/main [5ms]
2023-10-09 12:22:50.155 [info] > git config --get commit.template [19ms]
2023-10-09 12:22:50.156 [info] > git for-each-ref --format=%(refname)%00%(upstream:short)%00%(objectname)%00%(upstream:track)%00%(upstream:remotename)%00%(upstream:remoteref) refs/heads/main refs/remotes/main [9ms]
2023-10-09 12:22:50.167 [info] > git status -z -uall [6ms]
2023-10-09 12:22:51.075 [info] > git push --force origin main [920ms]
2023-10-09 12:22:51.075 [info] To https://github.com/code50/143985177
   bafbd98..4a0e382  main -> main
2023-10-09 12:22:51.088 [info] > git config --get commit.template [6ms]
2023-10-09 12:22:51.089 [info] > git for-each-ref --format=%(refname)%00%(upstream:short)%00%(objectname)%00%(upstream:track)%00%(upstream:remotename)%00%(upstream:remoteref) refs/heads/main refs/remotes/main [1ms]
2023-10-09 12:22:51.099 [info] > git status -z -uall [5ms]
2023-10-09 12:22:51.310 [info] > git config --local branch.main.github-pr-owner-number [103ms]
2023-10-09 12:22:51.325 [info] > git config --get commit.template [7ms]
2023-10-09 12:22:51.325 [info] > git for-each-ref --format=%(refname)%00%(upstream:short)%00%(objectname)%00%(upstream:track)%00%(upstream:remotename)%00%(upstream:remoteref) refs/heads/main refs/remotes/main [2ms]
2023-10-09 12:22:51.345 [info] > git status -z -uall [15ms]
2023-10-09 12:26:10.357 [info] > git fetch [619ms]
2023-10-09 12:26:10.372 [info] > git config --get commit.template [7ms]
2023-10-09 12:26:10.372 [info] > git for-each-ref --format=%(refname)%00%(upstream:short)%00%(objectname)%00%(upstream:track)%00%(upstream:remotename)%00%(upstream:remoteref) refs/heads/main refs/remotes/main [1ms]
2023-10-09 12:26:10.385 [info] > git status -z -uall [6ms]
2023-10-09 12:26:11.532 [info] > git config --get commit.template [0ms]
2023-10-09 12:26:11.538 [info] > git for-each-ref --format=%(refname)%00%(upstream:short)%00%(objectname)%00%(upstream:track)%00%(upstream:remotename)%00%(upstream:remoteref) refs/heads/main refs/remotes/main [1ms]
2023-10-09 12:26:11.548 [info] > git status -z -uall [5ms]
2023-10-09 12:27:16.804 [info] > git config --local branch.main.github-pr-owner-number [1ms]
2023-10-09 12:27:16.816 [info] > git config --get commit.template [6ms]
2023-10-09 12:27:16.817 [info] > git for-each-ref --format=%(refname)%00%(upstream:short)%00%(objectname)%00%(upstream:track)%00%(upstream:remotename)%00%(upstream:remoteref) refs/heads/main refs/remotes/main [2ms]
2023-10-09 12:27:16.828 [info] > git status -z -uall [6ms]
2023-10-09 12:30:02.307 [info] > git fetch [826ms]
2023-10-09 12:30:02.321 [info] > git config --get commit.template [6ms]
2023-10-09 12:30:02.321 [info] > git for-each-ref --format=%(refname)%00%(upstream:short)%00%(objectname)%00%(upstream:track)%00%(upstream:remotename)%00%(upstream:remoteref) refs/heads/main refs/remotes/main [1ms]
2023-10-09 12:30:02.332 [info] > git status -z -uall [5ms]
2023-10-09 12:30:51.780 [info] > git config --get commit.template [6ms]
2023-10-09 12:30:51.781 [info] > git for-each-ref --format=%(refname)%00%(upstream:short)%00%(objectname)%00%(upstream:track)%00%(upstream:remotename)%00%(upstream:remoteref) refs/heads/main refs/remotes/main [1ms]
2023-10-09 12:30:51.792 [info] > git status -z -uall [6ms]
2023-10-09 12:32:16.839 [info] > git config --local branch.main.github-pr-owner-number [1ms]
2023-10-09 12:32:16.851 [info] > git config --get commit.template [6ms]
2023-10-09 12:32:16.851 [info] > git for-each-ref --format=%(refname)%00%(upstream:short)%00%(objectname)%00%(upstream:track)%00%(upstream:remotename)%00%(upstream:remoteref) refs/heads/main refs/remotes/main [1ms]
2023-10-09 12:32:16.863 [info] > git status -z -uall [5ms]
2023-10-09 12:33:02.882 [info] > git fetch [539ms]
2023-10-09 12:33:02.891 [info] > git config --get commit.template [1ms]
2023-10-09 12:33:02.898 [info] > git for-each-ref --format=%(refname)%00%(upstream:short)%00%(objectname)%00%(upstream:track)%00%(upstream:remotename)%00%(upstream:remoteref) refs/heads/main refs/remotes/main [1ms]
2023-10-09 12:33:02.910 [info] > git status -z -uall [6ms]
2023-10-09 12:33:04.062 [info] > git config --get commit.template [7ms]
2023-10-09 12:33:04.062 [info] > git for-each-ref --format=%(refname)%00%(upstream:short)%00%(objectname)%00%(upstream:track)%00%(upstream:remotename)%00%(upstream:remoteref) refs/heads/main refs/remotes/main [1ms]
2023-10-09 12:33:04.074 [info] > git status -z -uall [5ms]
