[Client I] GitHub Codespaces version 1.16.0
[Client I] isRunningInWeb: "true"
[Client V] Initializing authentication
[API I] Successfully signed in
[Client:extension:99ca I] initializing
[Client:extension:99ca I] creating LiveShare ConnectionHub
[Client:extension:99ca:resolver I] created with protocol "codespaces"
[RemoteExplorer I] Updating codespace performance info
[Client I] Connecting to current codespace: automatic-chainsaw-g4qp6w5g5997fv59j
[Command:Connect I] Decorator starting: ErrorNotification
[Command:Connect I] Decorator starting: Telemetry
[Client I] Jupyter API registered? false
[API:retries-left-2 I] making GET request for "https://api.github.com/user/codespaces/automatic-chainsaw-g4qp6w5g5997fv59j"
[RemoteExplorer I] Updating codespace performance info
[Client:extension:99ca:resolver:resolve:1 I] resolve retry #3
[Command:Connect I] Command [Connect to Codespace]: Connect to Codespace Success (913ms)
[Command:Connect I] Decorator finishing: Telemetry. Duration: 3ms (0 + 3)
[Client:extension:99ca:resolver:resolve:1 I] resolving "codespaces+automatic-chainsaw-g4qp6w5g5997fv59j"
[Client:extension:99ca:resolver:resolve:1 I] codespace: "automatic-chainsaw-g4qp6w5g5997fv59j", fetching details
[Command:Connect I] Decorator finishing: ErrorNotification. Duration: 3ms (0 + 3)
[Client:extension:99ca:resolver:resolve:1:fetch-codespace-info I] fetching codespace details for "automatic-chainsaw-g4qp6w5g5997fv59j"
[Client:extension:99ca:resolver:resolve:1:fetch-codespace-info I] signed in, getting the details
[Client:extension:99ca:resolver:resolve:1:fetch-codespace-info I] fetching codespace "automatic-chainsaw-g4qp6w5g5997fv59j" (retries left: 2)
[API:retries-left-2 I] making GET request for "https://api.github.com/user/codespaces/automatic-chainsaw-g4qp6w5g5997fv59j"
[RemoteExplorer I] Updating codespace performance info
[Client:extension:99ca:resolver I] successfully fetched codespace details> object #0: {
  "id": 9957318,
  "name": "<36:<redacted>>",
  "environment_id": "7643987b-0ac5-4451-933f-97f429588ba8",
  "owner": "<undefined:<redacted>>",
  "billable_owner": {
    "login": "code50",
    "id": 89367332,
    "node_id": "MDEyOk9yZ2FuaXphdGlvbjg5MzY3MzMy",
    "avatar_url": "https://avatars.githubusercontent.com/u/89367332?v=4",
    "gravatar_id": "",
    "url": "https://api.github.com/users/code50",
    "html_url": "https://github.com/code50",
    "followers_url": "https://api.github.com/users/code50/followers",
    "following_url": "https://api.github.com/users/code50/following{/other_user}",
    "gists_url": "https://api.github.com/users/code50/gists{/gist_id}",
    "starred_url": "https://api.github.com/users/code50/starred{/owner}{/repo}",
    "subscriptions_url": "https://api.github.com/users/code50/subscriptions",
    "organizations_url": "https://api.github.com/users/code50/orgs",
    "repos_url": "https://api.github.com/users/code50/repos",
    "events_url": "https://api.github.com/users/code50/events{/privacy}",
    "received_events_url": "https://api.github.com/users/code50/received_events",
    "type": "Organization",
    "site_admin": false
  },
  "repository": {
    "id": 686844750,
    "node_id": "R_kgDOKPBrTg",
    "name": "<9:<redacted>>",
    "full_name": "code50/143985177",
    "private": true,
    "owner": "<undefined:<redacted>>",
    "html_url": "https://github.com/code50/143985177",
    "description": null,
    "fork": false,
    "url": "https://api.github.com/repos/code50/143985177",
    "forks_url": "https://api.github.com/repos/code50/143985177/forks",
    "keys_url": "https://api.github.com/repos/code50/143985177/keys{/key_id}",
    "collaborators_url": "https://api.github.com/repos/code50/143985177/collaborators{/collaborator}",
    "teams_url": "https://api.github.com/repos/code50/143985177/teams",
    "hooks_url": "https://api.github.com/repos/code50/143985177/hooks",
    "issue_events_url": "https://api.github.com/repos/code50/143985177/issues/events{/number}",
    "events_url": "https://api.github.com/repos/code50/143985177/events",
    "assignees_url": "https://api.github.com/repos/code50/143985177/assignees{/user}",
    "branches_url": "https://api.github.com/repos/code50/143985177/branches{/branch}",
    "tags_url": "https://api.github.com/repos/code50/143985177/tags",
    "blobs_url": "https://api.github.com/repos/code50/143985177/git/blobs{/sha}",
    "git_tags_url": "https://api.github.com/repos/code50/143985177/git/tags{/sha}",
    "git_refs_url": "https://api.github.com/repos/code50/143985177/git/refs{/sha}",
    "trees_url": "https://api.github.com/repos/code50/143985177/git/trees{/sha}",
    "statuses_url": "https://api.github.com/repos/code50/143985177/statuses/{sha}",
    "languages_url": "https://api.github.com/repos/code50/143985177/languages",
    "stargazers_url": "https://api.github.com/repos/code50/143985177/stargazers",
    "contributors_url": "https://api.github.com/repos/code50/143985177/contributors",
    "subscribers_url": "https://api.github.com/repos/code50/143985177/subscribers",
    "subscription_url": "https://api.github.com/repos/code50/143985177/subscription",
    "commits_url": "https://api.github.com/repos/code50/143985177/commits{/sha}",
    "git_commits_url": "https://api.github.com/repos/code50/143985177/git/commits{/sha}",
    "comments_url": "https://api.github.com/repos/code50/143985177/comments{/number}",
    "issue_comment_url": "https://api.github.com/repos/code50/143985177/issues/comments{/number}",
    "contents_url": "https://api.github.com/repos/code50/143985177/contents/{+path}",
    "compare_url": "https://api.github.com/repos/code50/143985177/compare/{base}...{head}",
    "merges_url": "https://api.github.com/repos/code50/143985177/merges",
    "archive_url": "https://api.github.com/repos/code50/143985177/{archive_format}{/ref}",
    "downloads_url": "https://api.github.com/repos/code50/143985177/downloads",
    "issues_url": "https://api.github.com/repos/code50/143985177/issues{/number}",
    "pulls_url": "https://api.github.com/repos/code50/143985177/pulls{/number}",
    "milestones_url": "https://api.github.com/repos/code50/143985177/milestones{/number}",
    "notifications_url": "https://api.github.com/repos/code50/143985177/notifications{?since,all,participating}",
    "labels_url": "https://api.github.com/repos/code50/143985177/labels{/name}",
    "releases_url": "https://api.github.com/repos/code50/143985177/releases{/id}",
    "deployments_url": "https://api.github.com/repos/code50/143985177/deployments"
  },
  "machine": {
    "name": "<14:<redacted>>",
    "display_name": "2 cores, 8 GB RAM, 32 GB storage",
    "operating_system": "linux",
    "storage_in_bytes": 34359738368,
    "memory_in_bytes": 8589934592,
    "cpus": 2,
    "prebuild_availability": null
  },
  "prebuild": null,
  "created_at": "2023-09-04T11:15:48+07:00",
  "updated_at": "2023-10-23T12:24:10+07:00",
  "last_used_at": "2023-10-23T12:06:35+07:00",
  "state": "Available",
  "url": "https://api.github.com/user/codespaces/automatic-chainsaw-g4qp6w5g5997fv59j",
  "git_status": {
    "ahead": 0,
    "behind": 0,
    "has_unpushed_changes": false,
    "has_uncommitted_changes": false,
    "ref": "main"
  },
  "location": "WestEurope",
  "idle_timeout_minutes": 30,
  "web_url": "https://automatic-chainsaw-g4qp6w5g5997fv59j.github.dev",
  "machines_url": "https://api.github.com/user/codespaces/automatic-chainsaw-g4qp6w5g5997fv59j/machines",
  "start_url": "https://api.github.com/user/codespaces/automatic-chainsaw-g4qp6w5g5997fv59j/start",
  "stop_url": "https://api.github.com/user/codespaces/automatic-chainsaw-g4qp6w5g5997fv59j/stop",
  "pulls_url": null,
  "recent_folders": [
    "/workspaces/143985177",
    "/home/ubuntu",
    "/home/ubuntu/site",
    "/home"
  ],
  "runtime_constraints": {
    "allowed_port_privacy_settings": [
      "private",
      "org",
      "public"
    ]
  },
  "connection": {
    "sessionId": "6041EC9515060708F22F198CEB03F7D7081B",
    "sessionPath": "/workspaces/143985177",
    "serviceUri": "https://prod.liveshare.vsengsaas.visualstudio.com/api/v1.2/",
    "relayEndpoint": "sb://vsls-prod-ins-euw-private-relay.servicebus.windows.net/1c91be3182b92f3676497e158e6cfc2db6be--6dad60b3-aa90-4b15-bc20-1e5f9f27ca52",
    "relaySas": "<258:<redacted>>",
    "sessionToken": "<1154:<redacted>>",
    "hostPublicKeys": [
      "AAAAB3NzaC1yc2EAAAADAQABAAABAQDBMOhCsU1xIJ8at72paHr33hFGqdo9pm2clkq3AykqvyTEhoVUTo4ZNNlqUwgPcmKxCiFI0t3Tyin6q6lOxv3nKKTjrVwmD7D9Ec/QzNRF+RQchfGXwUw8rX0Cir/o76ljT+pKoVoxgLideJzzRAj8ELZoe3ZPQseFT13qqGXWQf6bgISi3pOBrR8qBOCqOr9JF5g8weVvzyGa+vGW2I8U8zm/UyhxkUw2rrdBhbodgZHrzZvTTjD9chGfvswUVe3vFym5yGmR5VdKeGbOH4QtYbaLlQGn9jzU/o8NAxnEtBP28Xv/mCWlHzB3YK7G8TMuGzj7gz+xF2JSA1JArg+J"
    ],
    "tunnelProperties": {
      "tunnelId": "fbp6t9x8",
      "clusterId": "euw",
      "domain": "app.github.dev",
      "connectAccessToken": "<373:<redacted>>",
      "managePortsAccessToken": "<380:<redacted>>",
      "serviceUri": "https://global.rel.tunnels.api.visualstudio.com/"
    }
  },
  "container_id": "05e312edf81fbada77ef16043ab9b6b3cf3e23708849bf6102a3d54e0d14c50f",
  "display_name": "automatic chainsaw",
  "devcontainer_path": ".devcontainer.json",
  "pending_operation": false,
  "feature_flags": {
    "developer": false,
    "useStorageV2": false,
    "enableRemoteKernel": true,
    "useBasisPortForwarding": false,
    "removeExtraPfTunneling": true,
    "useBasisPortForwardingWebUrl": false,
    "useBasisPortForwardingWebUrlFallback": false,
    "detailedActivityMonitor": false,
    "vscodeAccountSwitching": false,
    "disableLiveShareRpc": false,
    "useBasisForMainConnectionsWebClient": false,
    "enableSmbDiagnosticContinuousMonitoring": false,
    "enableSmbDiagnosticOnAnomalyMonitoring": false,
    "disableBasisPortSyncWorker": true,
    "useEarlyWorkbenchWebClient": false,
    "useCoiWebClient": false,
    "remapUserNamespace": false,
    "Basis": true,
    "Skuheapscaling": true,
    "CacheIde": true,
    "Developer": false,
    "Eap": false
  },
  "retention_period_minutes": 43200,
  "retention_expires_at": null,
  "template": null,
  "publish_url": null
}
[RemoteExplorer I] Updating codespace performance info
[Client:extension:99ca:resolver:resolve:1:check-codespace-state I] codespace automatic-chainsaw-g4qp6w5g5997fv59j (id: 7643987b-0ac5-4451-933f-97f429588ba8) is in the "Default" state
[Client:extension:99ca:resolver:resolve:1:check-codespace-state I] noop
[Client:extension:99ca:resolver I] Initializing RPC client
[Client:extension:99ca:resolver I] Running in web, using unix socket for communication
[Client:extension:99ca:resolver I] Initializing Node-based codespace host service client
[Client:extension:99ca:resolver I] Initializing Node-based Jupyter server host service client
[Client:extension:99ca:resolver I] Initializing Node-based VS Code server host service client
[Client:extension:99ca:resolver:resolve:1:check-codespace-state I] vscode connection options: > object #0: {
  "token": "<1154:<redacted>>",
  "environmentId": "7643987b-0ac5-4451-933f-97f429588ba8",
  "workspaceId": "6041EC9515060708F22F198CEB03F7D7081B",
  "vsCodeCommit": "f1b07bd25dfad64b0167beb15359ae573aecd2cc",
  "vsCodeQuality": "stable",
  "extensions": [
    "GitHub.codespaces",
    "GitHub.vscode-pull-request-github"
  ],
  "telemetry": true,
  "liveShareEndpoint": "https://prod.liveshare.vsengsaas.visualstudio.com/api/v1.2/",
  "connectionInfo": {
    "id": "6041EC9515060708F22F198CEB03F7D7081B",
    "relaySas": "<258:<redacted>>",
    "relayLink": "sb://vsls-prod-ins-euw-private-relay.servicebus.windows.net/1c91be3182b92f3676497e158e6cfc2db6be--6dad60b3-aa90-4b15-bc20-1e5f9f27ca52",
    "sessionToken": "<1154:<redacted>>",
    "hostPublicKeys": [
      "AAAAB3NzaC1yc2EAAAADAQABAAABAQDBMOhCsU1xIJ8at72paHr33hFGqdo9pm2clkq3AykqvyTEhoVUTo4ZNNlqUwgPcmKxCiFI0t3Tyin6q6lOxv3nKKTjrVwmD7D9Ec/QzNRF+RQchfGXwUw8rX0Cir/o76ljT+pKoVoxgLideJzzRAj8ELZoe3ZPQseFT13qqGXWQf6bgISi3pOBrR8qBOCqOr9JF5g8weVvzyGa+vGW2I8U8zm/UyhxkUw2rrdBhbodgZHrzZvTTjD9chGfvswUVe3vFym5yGmR5VdKeGbOH4QtYbaLlQGn9jzU/o8NAxnEtBP28Xv/mCWlHzB3YK7G8TMuGzj7gz+xF2JSA1JArg+J"
    ],
    "tunnelProperties": {
      "tunnelId": "fbp6t9x8",
      "clusterId": "euw",
      "domain": "app.github.dev",
      "connectAccessToken": "<373:<redacted>>",
      "managePortsAccessToken": "<380:<redacted>>",
      "serviceUri": "https://global.rel.tunnels.api.visualstudio.com/"
    }
  }
}
[RemoteExplorer I] Updating codespace details
[Client:extension:99ca:resolver:resolve:1 I] requested to connect> object #0: {
  "token": "<1154:<redacted>>",
  "environmentId": "7643987b-0ac5-4451-933f-97f429588ba8",
  "workspaceId": "6041EC9515060708F22F198CEB03F7D7081B",
  "vsCodeCommit": "f1b07bd25dfad64b0167beb15359ae573aecd2cc",
  "vsCodeQuality": "stable",
  "extensions": [
    "GitHub.codespaces",
    "GitHub.vscode-pull-request-github"
  ],
  "telemetry": true,
  "liveShareEndpoint": "https://prod.liveshare.vsengsaas.visualstudio.com/api/v1.2/",
  "connectionInfo": {
    "id": "6041EC9515060708F22F198CEB03F7D7081B",
    "relaySas": "<258:<redacted>>",
    "relayLink": "sb://vsls-prod-ins-euw-private-relay.servicebus.windows.net/1c91be3182b92f3676497e158e6cfc2db6be--6dad60b3-aa90-4b15-bc20-1e5f9f27ca52",
    "sessionToken": "<1154:<redacted>>",
    "hostPublicKeys": [
      "AAAAB3NzaC1yc2EAAAADAQABAAABAQDBMOhCsU1xIJ8at72paHr33hFGqdo9pm2clkq3AykqvyTEhoVUTo4ZNNlqUwgPcmKxCiFI0t3Tyin6q6lOxv3nKKTjrVwmD7D9Ec/QzNRF+RQchfGXwUw8rX0Cir/o76ljT+pKoVoxgLideJzzRAj8ELZoe3ZPQseFT13qqGXWQf6bgISi3pOBrR8qBOCqOr9JF5g8weVvzyGa+vGW2I8U8zm/UyhxkUw2rrdBhbodgZHrzZvTTjD9chGfvswUVe3vFym5yGmR5VdKeGbOH4QtYbaLlQGn9jzU/o8NAxnEtBP28Xv/mCWlHzB3YK7G8TMuGzj7gz+xF2JSA1JArg+J"
    ],
    "tunnelProperties": {
      "tunnelId": "fbp6t9x8",
      "clusterId": "euw",
      "domain": "app.github.dev",
      "connectAccessToken": "<373:<redacted>>",
      "managePortsAccessToken": "<380:<redacted>>",
      "serviceUri": "https://global.rel.tunnels.api.visualstudio.com/"
    }
  },
  "clientId": "c54e265593a1d451"
}
> object #1: [object Object]
[Client:extension:99ca:resolver:resolve:1:6041EC9515060708F22F198CEB03F7D7081B_7643987b-0ac5-4451-933f-97f429588ba8_stable_f1b07bd25dfad64b0167beb15359ae573aecd2cc I] connection record: false
[Client:extension:99ca:resolver:resolve:1:6041EC9515060708F22F198CEB03F7D7081B_7643987b-0ac5-4451-933f-97f429588ba8_stable_f1b07bd25dfad64b0167beb15359ae573aecd2cc I] creating new connection
[Client:extension:99ca:vscode V] creating connection without a timeout
[Client:extension:99ca:vscode I] creating connection> object #0: [object Object]
[Client:extension:99ca:resolver:resolve:1:connection:6041EC9515060708F22F198CEB03F7D7081B_7643987b-0ac5-4451-933f-97f429588ba8_stable_f1b07bd25dfad64b0167beb15359ae573aecd2cc:vscode V] subscribing to onDispose event
[Client:extension:99ca:resolver:resolve:1:connection:6041EC9515060708F22F198CEB03F7D7081B_7643987b-0ac5-4451-933f-97f429588ba8_stable_f1b07bd25dfad64b0167beb15359ae573aecd2cc:vscode I] asked to connect
[Client:extension:99ca:resolver:resolve:1:connection:6041EC9515060708F22F198CEB03F7D7081B_7643987b-0ac5-4451-933f-97f429588ba8_stable_f1b07bd25dfad64b0167beb15359ae573aecd2cc:vscode I] creating new connection
[Client:extension:99ca:resolver:resolve:1:connection:6041EC9515060708F22F198CEB03F7D7081B_7643987b-0ac5-4451-933f-97f429588ba8_stable_f1b07bd25dfad64b0167beb15359ae573aecd2cc:vscode I] creating connection
[Client:extension:99ca:resolver:resolve:1:connection:6041EC9515060708F22F198CEB03F7D7081B_7643987b-0ac5-4451-933f-97f429588ba8_stable_f1b07bd25dfad64b0167beb15359ae573aecd2cc:vscode I] connection status changed: none -> connecting, error:> object #0: undefined
[Client:extension:99ca:resolver:resolve:1:connection:6041EC9515060708F22F198CEB03F7D7081B_7643987b-0ac5-4451-933f-97f429588ba8_stable_f1b07bd25dfad64b0167beb15359ae573aecd2cc:vscode I] firing change event: > object #0: {
  "status": "connecting",
  "previousStatus": "none"
}
[Client:extension:99ca:vscode:onConnectionChanged:6041EC9515060708F22F198CEB03F7D7081B_7643987b-0ac5-4451-933f-97f429588ba8_stable_f1b07bd25dfad64b0167beb15359ae573aecd2cc I] none -> connecting
[Client:extension:99ca:resolver:resolve:1:connection:6041EC9515060708F22F198CEB03F7D7081B_7643987b-0ac5-4451-933f-97f429588ba8_stable_f1b07bd25dfad64b0167beb15359ae573aecd2cc:vscode I] get LS connection
[Client:extension:99ca:liveshare-joint I] requested to connect once> object #0: {
  "token": "<1154:<redacted>>",
  "environmentId": "7643987b-0ac5-4451-933f-97f429588ba8",
  "workspaceId": "6041EC9515060708F22F198CEB03F7D7081B",
  "vsCodeCommit": "f1b07bd25dfad64b0167beb15359ae573aecd2cc",
  "vsCodeQuality": "stable",
  "extensions": [
    "GitHub.codespaces",
    "GitHub.vscode-pull-request-github"
  ],
  "telemetry": true,
  "liveShareEndpoint": "https://prod.liveshare.vsengsaas.visualstudio.com/api/v1.2/",
  "connectionInfo": {
    "id": "6041EC9515060708F22F198CEB03F7D7081B",
    "relaySas": "<258:<redacted>>",
    "relayLink": "sb://vsls-prod-ins-euw-private-relay.servicebus.windows.net/1c91be3182b92f3676497e158e6cfc2db6be--6dad60b3-aa90-4b15-bc20-1e5f9f27ca52",
    "sessionToken": "<1154:<redacted>>",
    "hostPublicKeys": [
      "AAAAB3NzaC1yc2EAAAADAQABAAABAQDBMOhCsU1xIJ8at72paHr33hFGqdo9pm2clkq3AykqvyTEhoVUTo4ZNNlqUwgPcmKxCiFI0t3Tyin6q6lOxv3nKKTjrVwmD7D9Ec/QzNRF+RQchfGXwUw8rX0Cir/o76ljT+pKoVoxgLideJzzRAj8ELZoe3ZPQseFT13qqGXWQf6bgISi3pOBrR8qBOCqOr9JF5g8weVvzyGa+vGW2I8U8zm/UyhxkUw2rrdBhbodgZHrzZvTTjD9chGfvswUVe3vFym5yGmR5VdKeGbOH4QtYbaLlQGn9jzU/o8NAxnEtBP28Xv/mCWlHzB3YK7G8TMuGzj7gz+xF2JSA1JArg+J"
    ],
    "tunnelProperties": {
      "tunnelId": "fbp6t9x8",
      "clusterId": "euw",
      "domain": "app.github.dev",
      "connectAccessToken": "<373:<redacted>>",
      "managePortsAccessToken": "<380:<redacted>>",
      "serviceUri": "https://global.rel.tunnels.api.visualstudio.com/"
    }
  },
  "clientId": "c54e265593a1d451"
}
> object #1: [object Object]
[Client:extension:99ca:liveshare-joint I] requested to connect> object #0: {
  "token": "<1154:<redacted>>",
  "environmentId": "7643987b-0ac5-4451-933f-97f429588ba8",
  "workspaceId": "6041EC9515060708F22F198CEB03F7D7081B",
  "vsCodeCommit": "f1b07bd25dfad64b0167beb15359ae573aecd2cc",
  "vsCodeQuality": "stable",
  "extensions": [
    "GitHub.codespaces",
    "GitHub.vscode-pull-request-github"
  ],
  "telemetry": true,
  "liveShareEndpoint": "https://prod.liveshare.vsengsaas.visualstudio.com/api/v1.2/",
  "connectionInfo": {
    "id": "6041EC9515060708F22F198CEB03F7D7081B",
    "relaySas": "<258:<redacted>>",
    "relayLink": "sb://vsls-prod-ins-euw-private-relay.servicebus.windows.net/1c91be3182b92f3676497e158e6cfc2db6be--6dad60b3-aa90-4b15-bc20-1e5f9f27ca52",
    "sessionToken": "<1154:<redacted>>",
    "hostPublicKeys": [
      "AAAAB3NzaC1yc2EAAAADAQABAAABAQDBMOhCsU1xIJ8at72paHr33hFGqdo9pm2clkq3AykqvyTEhoVUTo4ZNNlqUwgPcmKxCiFI0t3Tyin6q6lOxv3nKKTjrVwmD7D9Ec/QzNRF+RQchfGXwUw8rX0Cir/o76ljT+pKoVoxgLideJzzRAj8ELZoe3ZPQseFT13qqGXWQf6bgISi3pOBrR8qBOCqOr9JF5g8weVvzyGa+vGW2I8U8zm/UyhxkUw2rrdBhbodgZHrzZvTTjD9chGfvswUVe3vFym5yGmR5VdKeGbOH4QtYbaLlQGn9jzU/o8NAxnEtBP28Xv/mCWlHzB3YK7G8TMuGzj7gz+xF2JSA1JArg+J"
    ],
    "tunnelProperties": {
      "tunnelId": "fbp6t9x8",
      "clusterId": "euw",
      "domain": "app.github.dev",
      "connectAccessToken": "<373:<redacted>>",
      "managePortsAccessToken": "<380:<redacted>>",
      "serviceUri": "https://global.rel.tunnels.api.visualstudio.com/"
    }
  },
  "clientId": "c54e265593a1d451"
}
> object #1: [object Object]
[Client:extension:99ca:liveshare-joint:6041EC9515060708F22F198CEB03F7D7081B I] connection record: false
[Client:extension:99ca:liveshare-joint:6041EC9515060708F22F198CEB03F7D7081B I] creating new connection
[Client:extension:99ca:liveshare-joint V] creating connection without a timeout
[Client:extension:99ca:liveshare-joint I] creating connection> object #0: [object Object]
[Client:extension:99ca:liveshare-joint:connection:6041EC9515060708F22F198CEB03F7D7081B:liveshare-joint:liveshare V] subscribing to onDispose event
[Client:extension:99ca:liveshare-joint:connection:6041EC9515060708F22F198CEB03F7D7081B:liveshare-joint:liveshare I] asked to connect
[Client:extension:99ca:liveshare-joint:connection:6041EC9515060708F22F198CEB03F7D7081B:liveshare-joint:liveshare I] creating new connection
[Client:extension:99ca:liveshare-joint:connection:6041EC9515060708F22F198CEB03F7D7081B:liveshare-joint:liveshare I] creating connection
[Client:extension:99ca:liveshare-joint:connection:6041EC9515060708F22F198CEB03F7D7081B:liveshare-joint:liveshare I] connection status changed: none -> connecting, error:> object #0: undefined
[Client:extension:99ca:liveshare-joint:connection:6041EC9515060708F22F198CEB03F7D7081B:liveshare-joint:liveshare I] firing change event: > object #0: {
  "status": "connecting",
  "previousStatus": "none"
}
[Client:extension:99ca:liveshare-joint:onConnectionChanged:6041EC9515060708F22F198CEB03F7D7081B I] none -> connecting
[Client:extension:99ca:liveshare I] requested to connect once> object #0: {
  "token": "<1154:<redacted>>",
  "environmentId": "7643987b-0ac5-4451-933f-97f429588ba8",
  "workspaceId": "6041EC9515060708F22F198CEB03F7D7081B",
  "vsCodeCommit": "f1b07bd25dfad64b0167beb15359ae573aecd2cc",
  "vsCodeQuality": "stable",
  "extensions": [
    "GitHub.codespaces",
    "GitHub.vscode-pull-request-github"
  ],
  "telemetry": true,
  "liveShareEndpoint": "https://prod.liveshare.vsengsaas.visualstudio.com/api/v1.2/",
  "connectionInfo": {
    "id": "6041EC9515060708F22F198CEB03F7D7081B",
    "relaySas": "<258:<redacted>>",
    "relayLink": "sb://vsls-prod-ins-euw-private-relay.servicebus.windows.net/1c91be3182b92f3676497e158e6cfc2db6be--6dad60b3-aa90-4b15-bc20-1e5f9f27ca52",
    "sessionToken": "<1154:<redacted>>",
    "hostPublicKeys": [
      "AAAAB3NzaC1yc2EAAAADAQABAAABAQDBMOhCsU1xIJ8at72paHr33hFGqdo9pm2clkq3AykqvyTEhoVUTo4ZNNlqUwgPcmKxCiFI0t3Tyin6q6lOxv3nKKTjrVwmD7D9Ec/QzNRF+RQchfGXwUw8rX0Cir/o76ljT+pKoVoxgLideJzzRAj8ELZoe3ZPQseFT13qqGXWQf6bgISi3pOBrR8qBOCqOr9JF5g8weVvzyGa+vGW2I8U8zm/UyhxkUw2rrdBhbodgZHrzZvTTjD9chGfvswUVe3vFym5yGmR5VdKeGbOH4QtYbaLlQGn9jzU/o8NAxnEtBP28Xv/mCWlHzB3YK7G8TMuGzj7gz+xF2JSA1JArg+J"
    ],
    "tunnelProperties": {
      "tunnelId": "fbp6t9x8",
      "clusterId": "euw",
      "domain": "app.github.dev",
      "connectAccessToken": "<373:<redacted>>",
      "managePortsAccessToken": "<380:<redacted>>",
      "serviceUri": "https://global.rel.tunnels.api.visualstudio.com/"
    }
  },
  "clientId": "c54e265593a1d451"
}
> object #1: [object Object]
[Client:extension:99ca:liveshare I] requested to connect> object #0: {
  "token": "<1154:<redacted>>",
  "environmentId": "7643987b-0ac5-4451-933f-97f429588ba8",
  "workspaceId": "6041EC9515060708F22F198CEB03F7D7081B",
  "vsCodeCommit": "f1b07bd25dfad64b0167beb15359ae573aecd2cc",
  "vsCodeQuality": "stable",
  "extensions": [
    "GitHub.codespaces",
    "GitHub.vscode-pull-request-github"
  ],
  "telemetry": true,
  "liveShareEndpoint": "https://prod.liveshare.vsengsaas.visualstudio.com/api/v1.2/",
  "connectionInfo": {
    "id": "6041EC9515060708F22F198CEB03F7D7081B",
    "relaySas": "<258:<redacted>>",
    "relayLink": "sb://vsls-prod-ins-euw-private-relay.servicebus.windows.net/1c91be3182b92f3676497e158e6cfc2db6be--6dad60b3-aa90-4b15-bc20-1e5f9f27ca52",
    "sessionToken": "<1154:<redacted>>",
    "hostPublicKeys": [
      "AAAAB3NzaC1yc2EAAAADAQABAAABAQDBMOhCsU1xIJ8at72paHr33hFGqdo9pm2clkq3AykqvyTEhoVUTo4ZNNlqUwgPcmKxCiFI0t3Tyin6q6lOxv3nKKTjrVwmD7D9Ec/QzNRF+RQchfGXwUw8rX0Cir/o76ljT+pKoVoxgLideJzzRAj8ELZoe3ZPQseFT13qqGXWQf6bgISi3pOBrR8qBOCqOr9JF5g8weVvzyGa+vGW2I8U8zm/UyhxkUw2rrdBhbodgZHrzZvTTjD9chGfvswUVe3vFym5yGmR5VdKeGbOH4QtYbaLlQGn9jzU/o8NAxnEtBP28Xv/mCWlHzB3YK7G8TMuGzj7gz+xF2JSA1JArg+J"
    ],
    "tunnelProperties": {
      "tunnelId": "fbp6t9x8",
      "clusterId": "euw",
      "domain": "app.github.dev",
      "connectAccessToken": "<373:<redacted>>",
      "managePortsAccessToken": "<380:<redacted>>",
      "serviceUri": "https://global.rel.tunnels.api.visualstudio.com/"
    }
  },
  "clientId": "c54e265593a1d451"
}
> object #1: [object Object]
[Client:extension:99ca:liveshare:6041EC9515060708F22F198CEB03F7D7081B I] connection record: false
[Client:extension:99ca:liveshare:6041EC9515060708F22F198CEB03F7D7081B I] creating new connection
[Client:extension:99ca:liveshare V] creating connection without a timeout
[Client:extension:99ca:liveshare I] creating connection> object #0: [object Object]
[Client:extension:99ca:liveshare:connection:6041EC9515060708F22F198CEB03F7D7081B:liveshare V] subscribing to onDispose event
[Client:extension:99ca:liveshare:connection:6041EC9515060708F22F198CEB03F7D7081B:liveshare I] asked to connect
[Client:extension:99ca:liveshare:connection:6041EC9515060708F22F198CEB03F7D7081B:liveshare I] creating new connection
[Client:extension:99ca:liveshare:connection:6041EC9515060708F22F198CEB03F7D7081B:liveshare I] creating connection
[Client:extension:99ca:liveshare:connection:6041EC9515060708F22F198CEB03F7D7081B:liveshare I] connection status changed: none -> connecting, error:> object #0: undefined
[Client:extension:99ca:liveshare:connection:6041EC9515060708F22F198CEB03F7D7081B:liveshare I] firing change event: > object #0: {
  "status": "connecting",
  "previousStatus": "none"
}
[Client:extension:99ca:liveshare:onConnectionChanged:6041EC9515060708F22F198CEB03F7D7081B I] none -> connecting
[Client:extension:99ca:liveshare:connection:6041EC9515060708F22F198CEB03F7D7081B:liveshare I] creating workspace client> object #0: {
  "token": "<1154:<redacted>>",
  "environmentId": "7643987b-0ac5-4451-933f-97f429588ba8",
  "workspaceId": "6041EC9515060708F22F198CEB03F7D7081B",
  "vsCodeCommit": "f1b07bd25dfad64b0167beb15359ae573aecd2cc",
  "vsCodeQuality": "stable",
  "extensions": [
    "GitHub.codespaces",
    "GitHub.vscode-pull-request-github"
  ],
  "telemetry": true,
  "liveShareEndpoint": "https://prod.liveshare.vsengsaas.visualstudio.com/api/v1.2/",
  "connectionInfo": {
    "id": "6041EC9515060708F22F198CEB03F7D7081B",
    "relaySas": "<258:<redacted>>",
    "relayLink": "sb://vsls-prod-ins-euw-private-relay.servicebus.windows.net/1c91be3182b92f3676497e158e6cfc2db6be--6dad60b3-aa90-4b15-bc20-1e5f9f27ca52",
    "sessionToken": "<1154:<redacted>>",
    "hostPublicKeys": [
      "AAAAB3NzaC1yc2EAAAADAQABAAABAQDBMOhCsU1xIJ8at72paHr33hFGqdo9pm2clkq3AykqvyTEhoVUTo4ZNNlqUwgPcmKxCiFI0t3Tyin6q6lOxv3nKKTjrVwmD7D9Ec/QzNRF+RQchfGXwUw8rX0Cir/o76ljT+pKoVoxgLideJzzRAj8ELZoe3ZPQseFT13qqGXWQf6bgISi3pOBrR8qBOCqOr9JF5g8weVvzyGa+vGW2I8U8zm/UyhxkUw2rrdBhbodgZHrzZvTTjD9chGfvswUVe3vFym5yGmR5VdKeGbOH4QtYbaLlQGn9jzU/o8NAxnEtBP28Xv/mCWlHzB3YK7G8TMuGzj7gz+xF2JSA1JArg+J"
    ],
    "tunnelProperties": {
      "tunnelId": "fbp6t9x8",
      "clusterId": "euw",
      "domain": "app.github.dev",
      "connectAccessToken": "<373:<redacted>>",
      "managePortsAccessToken": "<380:<redacted>>",
      "serviceUri": "https://global.rel.tunnels.api.visualstudio.com/"
    }
  },
  "clientId": "c54e265593a1d451"
}
[Client:extension:99ca:liveshare:connection:6041EC9515060708F22F198CEB03F7D7081B:liveshare:WorkspaceClient V] connecting to relay link:sb://vsls-prod-ins-euw-private-relay.servicebus.windows.net/1c91be3182b92f3676497e158e6cfc2db6be--6dad60b3-aa90-4b15-bc20-1e5f9f27ca52
[Client:extension:99ca:liveshare:connection:6041EC9515060708F22F198CEB03F7D7081B:liveshare:WorkspaceClient V] creating node SSH...
[Client:extension:99ca:liveshare:connection:6041EC9515060708F22F198CEB03F7D7081B:liveshare:WorkspaceClient V] authenticating...
[Client:extension:99ca:liveshare:connection:6041EC9515060708F22F198CEB03F7D7081B:liveshare:WorkspaceClient I] SshClientSession connecting...
[Client:extension:99ca:liveshare:connection:6041EC9515060708F22F198CEB03F7D7081B:liveshare:WorkspaceClient V] Sending #0 KeyExchangeInitMessage
[Client:extension:99ca:liveshare:connection:6041EC9515060708F22F198CEB03F7D7081B:liveshare:WorkspaceClient I] Local version: SSH-2.0-dev-tunnels-ssh_3.11.31, remote version: SSH-2.0-Microsoft.VisualStudio.Ssh_3.4
[Client:extension:99ca:liveshare:connection:6041EC9515060708F22F198CEB03F7D7081B:liveshare:WorkspaceClient V] Receiving #0 KeyExchangeInitMessage
[Client:extension:99ca:liveshare:connection:6041EC9515060708F22F198CEB03F7D7081B:liveshare:WorkspaceClient I] KeyExchange negotiation: Server (ecdh-sha2-nistp384, ecdh-sha2-nistp256, diffie-hellman-group16-sha512, diffie-hellman-group14-sha256, ext-info-s) Client (ecdh-sha2-nistp384, ecdh-sha2-nistp256, diffie-hellman-group14-sha256) => ecdh-sha2-nistp384
[Client:extension:99ca:liveshare:connection:6041EC9515060708F22F198CEB03F7D7081B:liveshare:WorkspaceClient I] PublicKey negotiation: Server (rsa-sha2-512, rsa-sha2-256) Client (rsa-sha2-512, rsa-sha2-256, ecdsa-sha2-nistp384, ecdsa-sha2-nistp256) => rsa-sha2-512
[Client:extension:99ca:liveshare:connection:6041EC9515060708F22F198CEB03F7D7081B:liveshare:WorkspaceClient I] ClientEncryption negotiation: Server (aes256-gcm@openssh.com, aes256-cbc, aes256-ctr) Client (aes256-gcm@openssh.com, aes256-ctr) => aes256-gcm@openssh.com
[Client:extension:99ca:liveshare:connection:6041EC9515060708F22F198CEB03F7D7081B:liveshare:WorkspaceClient I] ServerEncryption negotiation: Server (aes256-gcm@openssh.com, aes256-cbc, aes256-ctr) Client (aes256-gcm@openssh.com, aes256-ctr) => aes256-gcm@openssh.com
[Client:extension:99ca:liveshare:connection:6041EC9515060708F22F198CEB03F7D7081B:liveshare:WorkspaceClient I] ClientHmac negotiation: Server (hmac-sha2-512-etm@openssh.com, hmac-sha2-256-etm@openssh.com, hmac-sha2-512, hmac-sha2-256) Client (hmac-sha2-512-etm@openssh.com, hmac-sha2-256-etm@openssh.com, hmac-sha2-512, hmac-sha2-256) => hmac-sha2-512-etm@openssh.com
[Client:extension:99ca:liveshare:connection:6041EC9515060708F22F198CEB03F7D7081B:liveshare:WorkspaceClient I] ServerHmac negotiation: Server (hmac-sha2-512-etm@openssh.com, hmac-sha2-256-etm@openssh.com, hmac-sha2-512, hmac-sha2-256) Client (hmac-sha2-512-etm@openssh.com, hmac-sha2-256-etm@openssh.com, hmac-sha2-512, hmac-sha2-256) => hmac-sha2-512-etm@openssh.com
[Client:extension:99ca:liveshare:connection:6041EC9515060708F22F198CEB03F7D7081B:liveshare:WorkspaceClient I] ClientCompression negotiation: Server (none) Client (none) => none
[Client:extension:99ca:liveshare:connection:6041EC9515060708F22F198CEB03F7D7081B:liveshare:WorkspaceClient I] ServerCompression negotiation: Server (none) Client (none) => none
[Client:extension:99ca:liveshare:connection:6041EC9515060708F22F198CEB03F7D7081B:liveshare:WorkspaceClient V] Sending #1 KeyExchangeDhInitMessage
[Client:extension:99ca:liveshare:connection:6041EC9515060708F22F198CEB03F7D7081B:liveshare:WorkspaceClient V] Receiving #1 KeyExchangeDhReplyMessage
[Client:extension:99ca:liveshare:connection:6041EC9515060708F22F198CEB03F7D7081B:liveshare:WorkspaceClient V] Server public key verification succeeded.
[Client:extension:99ca:liveshare:connection:6041EC9515060708F22F198CEB03F7D7081B:liveshare:WorkspaceClient V] Sending #2 NewKeysMessage
[Client:extension:99ca:liveshare:connection:6041EC9515060708F22F198CEB03F7D7081B:liveshare:WorkspaceClient V] Receiving #2 NewKeysMessage
[Client:extension:99ca:liveshare:connection:6041EC9515060708F22F198CEB03F7D7081B:liveshare:WorkspaceClient V] Sending #3 ExtensionInfoMessage (server-sig-algs=rsa-sha2-512,rsa-sha2-256,ecdsa-sha2-nistp384,ecdsa-sha2-nistp256; open-channel-request@microsoft.com; session-reconnect@microsoft.com; session-latency@microsoft.com)
[Client:extension:99ca:liveshare:connection:6041EC9515060708F22F198CEB03F7D7081B:liveshare:WorkspaceClient I] SshClientSession encrypted.
[Client:extension:99ca:liveshare:connection:6041EC9515060708F22F198CEB03F7D7081B:liveshare:WorkspaceClient I] SshClientSession Authenticating([ssh-rsa])
[Client:extension:99ca:liveshare:connection:6041EC9515060708F22F198CEB03F7D7081B:liveshare:WorkspaceClient I] SshClientSession server authenticated.
[Client:extension:99ca:liveshare:connection:6041EC9515060708F22F198CEB03F7D7081B:liveshare:WorkspaceClient V] Sending #4 ServiceRequestMessage
[Client:extension:99ca:liveshare:connection:6041EC9515060708F22F198CEB03F7D7081B:liveshare:WorkspaceClient V] Sending #5 PasswordRequestMessage (Method: password, Username: )
[perf V] name:Creating the ssh workspace session duration:116.6271509998478
[Client:extension:99ca:liveshare:connection:6041EC9515060708F22F198CEB03F7D7081B:liveshare:WorkspaceClient:SshWorkspaceSession V] subscribing to onDispose event
[Client:extension:99ca:liveshare:connection:6041EC9515060708F22F198CEB03F7D7081B:liveshare:WorkspaceClient I] join started
[Client:extension:99ca:liveshare:connection:6041EC9515060708F22F198CEB03F7D7081B:liveshare:WorkspaceClient V] Sending #6 ChannelOpenMessage(channelType=session, senderChannel=1)
[Client:extension:99ca:liveshare:connection:6041EC9515060708F22F198CEB03F7D7081B:liveshare:WorkspaceClient V] Sending #7 SessionChannelRequestMessage (requestType=initial-channel-request@microsoft.com)
[Client:extension:99ca:liveshare:connection:6041EC9515060708F22F198CEB03F7D7081B:liveshare:WorkspaceClient V] Receiving #3 ExtensionInfoMessage (open-channel-request@microsoft.com; server-sig-algs=rsa-sha2-512,rsa-sha2-256,ecdsa-sha2-nistp384,ecdsa-sha2-nistp256; session-latency@microsoft.com; session-reconnect@microsoft.com)
[Client:extension:99ca:liveshare:connection:6041EC9515060708F22F198CEB03F7D7081B:liveshare:WorkspaceClient V] Sending #8 SessionRequestMessage (requestType=enable-session-reconnect@microsoft.com)
[Client:extension:99ca:liveshare:connection:6041EC9515060708F22F198CEB03F7D7081B:liveshare:WorkspaceClient V] Receiving #4 SessionRequestMessage (requestType=enable-session-reconnect@microsoft.com)
[Client:extension:99ca:liveshare:connection:6041EC9515060708F22F198CEB03F7D7081B:liveshare:WorkspaceClient V] Receiving #5 ServiceAcceptMessage
[Client:extension:99ca:liveshare:connection:6041EC9515060708F22F198CEB03F7D7081B:liveshare:WorkspaceClient V] Receiving #6 AuthenticationSuccessMessage
[Client:extension:99ca:liveshare:connection:6041EC9515060708F22F198CEB03F7D7081B:liveshare:WorkspaceClient I] SshClientSession client authenticated.
[perf V] name:Ssh auth completion duration:258.66573699982837
[Client:extension:99ca:liveshare:connection:6041EC9515060708F22F198CEB03F7D7081B:liveshare:WorkspaceClient V] Receiving #7 ChannelOpenConfirmationMessage (recipientChannel=1)(senderChannel=0)
[Client:extension:99ca:liveshare:connection:6041EC9515060708F22F198CEB03F7D7081B:liveshare:WorkspaceClient V] Receiving #8 SessionRequestSuccessMessage
[Client:extension:99ca:liveshare:connection:6041EC9515060708F22F198CEB03F7D7081B:liveshare:WorkspaceClient V] < version.exchangeVersions()
[Client:extension:99ca:liveshare:connection:6041EC9515060708F22F198CEB03F7D7081B:liveshare:WorkspaceClient V] > version.exchangeVersions() succeeded t:7.0
[Client:extension:99ca:liveshare:connection:6041EC9515060708F22F198CEB03F7D7081B:liveshare:WorkspaceClient I] Host version: {"version":"1.0.5571.49914","protocolVersion":"2.2","platformName":"Linux 6.2.0","platformVersion":"6.2.0.1014"}
[Client:extension:99ca:liveshare:connection:6041EC9515060708F22F198CEB03F7D7081B:liveshare:WorkspaceClient V] < workspace.joinWorkspace()
[Client:extension:99ca:liveshare:connection:6041EC9515060708F22F198CEB03F7D7081B:liveshare:WorkspaceClient V] > workspace.joinWorkspace() succeeded t:10.0
[Client:extension:99ca:liveshare:connection:6041EC9515060708F22F198CEB03F7D7081B:liveshare:WorkspaceClient I] joinWorkspace -> session:9 conversation:6dad60b3-aa90-4b15-bc20-1e5f9f27ca52 join messages count:2
[perf V] name:Joining the workspace duration:283.17507399991155
[Client:extension:99ca:liveshare:connection:6041EC9515060708F22F198CEB03F7D7081B:liveshare:WorkspaceClient I] join completed
[Client:extension:99ca:liveshare:connection:6041EC9515060708F22F198CEB03F7D7081B:liveshare:WorkspaceClient:1 I] Start checking connection timeout:5000
[Client:extension:99ca:liveshare:connection:6041EC9515060708F22F198CEB03F7D7081B:liveshare:WorkspaceClient V] subscribing to onDispose event
[perf V] name:join LiveShare session duration:402.9045779998414
[Client:extension:99ca:liveshare:connection:6041EC9515060708F22F198CEB03F7D7081B:liveshare V] setWorkspaceSessionInfo> object #0: {
  "sessionNumber": 9,
  "conversationId": "6dad60b3-aa90-4b15-bc20-1e5f9f27ca52",
  "connectionMode": "local",
  "sessions": {
    "1": {
      "id": "vm_c87d1bf4-f8fd-40b2-ba19-c6bc87174dc7",
      "email": "<null>",
      "userName": "<null>",
      "provider": "vscs",
      "avatarUri": "",
      "isOwner": true,
      "isHost": true,
      "clientCapabilities": {
        "extensionReadOnlySupport": true,
        "clientReadOnlySupport": true,
        "emptyWorkspaceOpenFolderSupport": true,
        "persistentRootSupport": true
      }
    },
    "4": {
      "id": "398a6654-997b-47e9-b12b-9515b896b4de_143985177",
      "name": "<15:<redacted>>",
      "email": "<redacted>",
      "userName": "<15:<redacted>>",
      "provider": "github",
      "avatarUri": "",
      "isOwner": true,
      "clientCapabilities": {}
    },
    "6": {
      "id": "398a6654-997b-47e9-b12b-9515b896b4de_143985177",
      "name": "<15:<redacted>>",
      "email": "<redacted>",
      "userName": "<15:<redacted>>",
      "provider": "github",
      "avatarUri": "",
      "isOwner": true,
      "clientCapabilities": {}
    },
    "7": {
      "id": "398a6654-997b-47e9-b12b-9515b896b4de_143985177",
      "name": "<15:<redacted>>",
      "email": "<redacted>",
      "userName": "<15:<redacted>>",
      "provider": "github",
      "avatarUri": "",
      "isOwner": true,
      "clientCapabilities": {}
    },
    "8": {
      "id": "398a6654-997b-47e9-b12b-9515b896b4de_143985177",
      "name": "<15:<redacted>>",
      "email": "<redacted>",
      "userName": "<15:<redacted>>",
      "provider": "github",
      "avatarUri": "",
      "isOwner": true,
      "clientCapabilities": {}
    },
    "9": {
      "id": "398a6654-997b-47e9-b12b-9515b896b4de_143985177",
      "name": "<15:<redacted>>",
      "email": "<redacted>",
      "userName": "<15:<redacted>>",
      "provider": "github",
      "avatarUri": "",
      "isOwner": true,
      "clientCapabilities": {}
    }
  },
  "accessControl": {
    "defaultAccessControl": {},
    "userAccessControl": {}
  },
  "isPresentation": false,
  "allowPortForwardingExternalConnections": false,
  "rootFullPaths": [
    "/~0"
  ],
  "serviceNames": null,
  "id": "1C91BE3182B92F3676497E158E6CFC2DB6BE",
  "name": "<9:<redacted>>",
  "joinUri": "https://prod.liveshare.vsengsaas.visualstudio.com/join?1C91BE3182B92F3676497E158E6CFC2DB6BE",
  "ownerId": "398a6654-997b-47e9-b12b-9515b896b4de_143985177",
  "expiresAt": "2023-11-22T05:05:02.8134669Z"
}
[Client:extension:99ca:liveshare:connection:6041EC9515060708F22F198CEB03F7D7081B:liveshare I] ownerId: "398a6654-997b-47e9-b12b-9515b896b4de_143985177"
[Client:extension:99ca:liveshare:connection:6041EC9515060708F22F198CEB03F7D7081B:liveshare I] LS session joined and authenticated
[Client:extension:99ca:liveshare:connection:6041EC9515060708F22F198CEB03F7D7081B:liveshare:WorkspaceClient I] Creating proxy for workspace service
[Client:extension:99ca:liveshare:connection:6041EC9515060708F22F198CEB03F7D7081B:liveshare I] connection status changed: connecting -> connected, error:> object #0: undefined
[Client:extension:99ca:liveshare:connection:6041EC9515060708F22F198CEB03F7D7081B:liveshare I] firing change event: > object #0: {
  "status": "connected",
  "previousStatus": "connecting"
}
[Client:extension:99ca:liveshare:onConnectionChanged:6041EC9515060708F22F198CEB03F7D7081B I] connecting -> connected
[Client:extension:99ca:liveshare:connection:6041EC9515060708F22F198CEB03F7D7081B:liveshare I] 🔌 connected
[Client:extension:99ca:liveshare:connection-record V] subscribing to onDispose event
[Client:extension:99ca:liveshare-joint:connection:6041EC9515060708F22F198CEB03F7D7081B:liveshare-joint:liveshare V] subscribing to onDispose event
[Client:extension:99ca:liveshare:connection:6041EC9515060708F22F198CEB03F7D7081B:liveshare V] subscribing to onDispose event
[Client:extension:99ca:liveshare-joint:connection:6041EC9515060708F22F198CEB03F7D7081B:liveshare-joint:liveshare I] connection status changed: connecting -> connected, error:> object #0: undefined
[Client:extension:99ca:liveshare-joint:connection:6041EC9515060708F22F198CEB03F7D7081B:liveshare-joint:liveshare I] firing change event: > object #0: {
  "status": "connected",
  "previousStatus": "connecting"
}
[Client:extension:99ca:liveshare-joint:onConnectionChanged:6041EC9515060708F22F198CEB03F7D7081B I] connecting -> connected
[Client:extension:99ca:liveshare-joint:connection:6041EC9515060708F22F198CEB03F7D7081B:liveshare-joint:liveshare I] 🔌 connected
[Client:extension:99ca:liveshare-joint:connection-record V] subscribing to onDispose event
[Client:extension:99ca:resolver:resolve:1:connection:6041EC9515060708F22F198CEB03F7D7081B_7643987b-0ac5-4451-933f-97f429588ba8_stable_f1b07bd25dfad64b0167beb15359ae573aecd2cc:vscode V] subscribing to onDispose event
[Client:extension:99ca:liveshare-joint:connection:6041EC9515060708F22F198CEB03F7D7081B:liveshare-joint:liveshare V] subscribing to onDispose event
[Client:extension:99ca:liveshare:connection:6041EC9515060708F22F198CEB03F7D7081B:liveshare:WorkspaceClient I] Creating proxy for serverSharing service
[Client:extension:99ca:liveshare:connection:6041EC9515060708F22F198CEB03F7D7081B:liveshare:WorkspaceClient I] Creating proxy for IVSCodeServerHostService service
[Client:extension:99ca:liveshare:connection:6041EC9515060708F22F198CEB03F7D7081B:liveshare:WorkspaceClient I] Creating proxy for ICodespaceHostService service
[Client:extension:99ca:resolver:resolve:1:connection:6041EC9515060708F22F198CEB03F7D7081B_7643987b-0ac5-4451-933f-97f429588ba8_stable_f1b07bd25dfad64b0167beb15359ae573aecd2cc:vscode I] starting vscode server..> object #0: {
  "token": "<1154:<redacted>>",
  "environmentId": "7643987b-0ac5-4451-933f-97f429588ba8",
  "workspaceId": "6041EC9515060708F22F198CEB03F7D7081B",
  "vsCodeCommit": "f1b07bd25dfad64b0167beb15359ae573aecd2cc",
  "vsCodeQuality": "stable",
  "extensions": [
    "GitHub.codespaces",
    "GitHub.vscode-pull-request-github"
  ],
  "telemetry": true,
  "liveShareEndpoint": "https://prod.liveshare.vsengsaas.visualstudio.com/api/v1.2/",
  "connectionInfo": {
    "id": "6041EC9515060708F22F198CEB03F7D7081B",
    "relaySas": "<258:<redacted>>",
    "relayLink": "sb://vsls-prod-ins-euw-private-relay.servicebus.windows.net/1c91be3182b92f3676497e158e6cfc2db6be--6dad60b3-aa90-4b15-bc20-1e5f9f27ca52",
    "sessionToken": "<1154:<redacted>>",
    "hostPublicKeys": [
      "AAAAB3NzaC1yc2EAAAADAQABAAABAQDBMOhCsU1xIJ8at72paHr33hFGqdo9pm2clkq3AykqvyTEhoVUTo4ZNNlqUwgPcmKxCiFI0t3Tyin6q6lOxv3nKKTjrVwmD7D9Ec/QzNRF+RQchfGXwUw8rX0Cir/o76ljT+pKoVoxgLideJzzRAj8ELZoe3ZPQseFT13qqGXWQf6bgISi3pOBrR8qBOCqOr9JF5g8weVvzyGa+vGW2I8U8zm/UyhxkUw2rrdBhbodgZHrzZvTTjD9chGfvswUVe3vFym5yGmR5VdKeGbOH4QtYbaLlQGn9jzU/o8NAxnEtBP28Xv/mCWlHzB3YK7G8TMuGzj7gz+xF2JSA1JArg+J"
    ],
    "tunnelProperties": {
      "tunnelId": "fbp6t9x8",
      "clusterId": "euw",
      "domain": "app.github.dev",
      "connectAccessToken": "<373:<redacted>>",
      "managePortsAccessToken": "<380:<redacted>>",
      "serviceUri": "https://global.rel.tunnels.api.visualstudio.com/"
    }
  },
  "clientId": "c54e265593a1d451"
}
[Client:extension:99ca:liveshare:connection:6041EC9515060708F22F198CEB03F7D7081B:liveshare:WorkspaceClient V] > workspace.servicesChanged: 
[Client:extension:99ca:liveshare:connection:6041EC9515060708F22F198CEB03F7D7081B:liveshare:WorkspaceClient V] > workspace.progressUpdated: 
[Client:extension:99ca:resolver:resolve:1:connection:6041EC9515060708F22F198CEB03F7D7081B_7643987b-0ac5-4451-933f-97f429588ba8_stable_f1b07bd25dfad64b0167beb15359ae573aecd2cc:vscode I] Executed start-remote-server using gRPC
[Client:extension:99ca:resolver:resolve:1:connection:6041EC9515060708F22F198CEB03F7D7081B_7643987b-0ac5-4451-933f-97f429588ba8_stable_f1b07bd25dfad64b0167beb15359ae573aecd2cc:vscode I] vscode started, forwarding the server port
[Client:extension:99ca:resolver:resolve:1:connection:6041EC9515060708F22F198CEB03F7D7081B_7643987b-0ac5-4451-933f-97f429588ba8_stable_f1b07bd25dfad64b0167beb15359ae573aecd2cc:vscode I] the server port forwarded, port number is 33033
[Client:extension:99ca:resolver:resolve:1:connection:6041EC9515060708F22F198CEB03F7D7081B_7643987b-0ac5-4451-933f-97f429588ba8_stable_f1b07bd25dfad64b0167beb15359ae573aecd2cc:vscode I] vscode server startup complete
[perf V] name:start vscode server duration:1068.2742899996229
[Client:extension:99ca:resolver:resolve:1:connection:6041EC9515060708F22F198CEB03F7D7081B_7643987b-0ac5-4451-933f-97f429588ba8_stable_f1b07bd25dfad64b0167beb15359ae573aecd2cc:vscode I] forwarding the VSCode Server port "33033".
[Client:extension:99ca:liveshare:connection:6041EC9515060708F22F198CEB03F7D7081B:liveshare:WorkspaceClient V] < serverSharing.startSharing()
[Client:extension:99ca:liveshare:connection:6041EC9515060708F22F198CEB03F7D7081B:liveshare:WorkspaceClient V] > serverSharing.sharingSucceeded: 
[Client:extension:99ca:liveshare:connection:6041EC9515060708F22F198CEB03F7D7081B:liveshare:WorkspaceClient V] > serverSharing.startSharing() succeeded t:22.0
[perf V] name:share vscode server TCP port duration:23.516859999857843
[Client:extension:99ca:resolver:resolve:1:connection:6041EC9515060708F22F198CEB03F7D7081B_7643987b-0ac5-4451-933f-97f429588ba8_stable_f1b07bd25dfad64b0167beb15359ae573aecd2cc:vscode I] VSCode Server port "33033" forwarded.
[Client:extension:99ca:liveshare:connection:6041EC9515060708F22F198CEB03F7D7081B:liveshare:WorkspaceClient I] Creating proxy for streamManager service
[Client:extension:99ca:resolver:resolve:1:connection:6041EC9515060708F22F198CEB03F7D7081B_7643987b-0ac5-4451-933f-97f429588ba8_stable_f1b07bd25dfad64b0167beb15359ae573aecd2cc:vscode I] connection status changed: connecting -> connected, error:> object #0: undefined
[Client:extension:99ca:resolver:resolve:1:connection:6041EC9515060708F22F198CEB03F7D7081B_7643987b-0ac5-4451-933f-97f429588ba8_stable_f1b07bd25dfad64b0167beb15359ae573aecd2cc:vscode I] firing change event: > object #0: {
  "status": "connected",
  "previousStatus": "connecting"
}
[Client:extension:99ca:vscode:onConnectionChanged:6041EC9515060708F22F198CEB03F7D7081B_7643987b-0ac5-4451-933f-97f429588ba8_stable_f1b07bd25dfad64b0167beb15359ae573aecd2cc I] connecting -> connected
[Client:extension:99ca:resolver:resolve:1:connection:6041EC9515060708F22F198CEB03F7D7081B_7643987b-0ac5-4451-933f-97f429588ba8_stable_f1b07bd25dfad64b0167beb15359ae573aecd2cc:vscode I] 🔌 connected
[Client:extension:99ca:vscode:connection-record V] subscribing to onDispose event
[Client:extension:99ca:liveshare:connection:6041EC9515060708F22F198CEB03F7D7081B:liveshare:WorkspaceClient V] < streamManager.getStream()
[Client:extension:99ca:liveshare:connection:6041EC9515060708F22F198CEB03F7D7081B:liveshare:WorkspaceClient V] < streamManager.getStream()
[Client:extension:99ca:resolver:resolve:1:connection:6041EC9515060708F22F198CEB03F7D7081B_7643987b-0ac5-4451-933f-97f429588ba8_stable_f1b07bd25dfad64b0167beb15359ae573aecd2cc:vscode V] subscribing to onDispose event
[Client:extension:99ca:resolver V] tunneling the connection> object #0: [object Object]
[Client:extension:99ca:resolver V] Tunneling vscode server port> object #0: false
[Client:extension:99ca:resolver:resolve:1:connection:6041EC9515060708F22F198CEB03F7D7081B_7643987b-0ac5-4451-933f-97f429588ba8_stable_f1b07bd25dfad64b0167beb15359ae573aecd2cc:vscode V] subscribing to onDispose event
[Client:extension:99ca:resolver V] reviving tunnels
[Client:extension:99ca:resolver V] reviving tunnels
[Client:extension:99ca:liveshare:connection:6041EC9515060708F22F198CEB03F7D7081B:liveshare:WorkspaceClient V] < serverSharing.getSharedServers()
[Client:extension:99ca:liveshare:connection:6041EC9515060708F22F198CEB03F7D7081B:liveshare:WorkspaceClient V] > streamManager.getStream() succeeded t:21.0
[perf V] name:get stream Id duration:24.640893999952823
[Client:extension:99ca:liveshare:connection:6041EC9515060708F22F198CEB03F7D7081B:liveshare:WorkspaceClient I] openStreamingChannel -> streamId:ServerSharing_18
[Client:extension:99ca:liveshare:connection:6041EC9515060708F22F198CEB03F7D7081B:liveshare:WorkspaceClient V] Sending #15 ChannelOpenMessage(channelType=session, senderChannel=2)
[Client:extension:99ca:liveshare:connection:6041EC9515060708F22F198CEB03F7D7081B:liveshare:WorkspaceClient V] > serverSharing.getSharedServers() succeeded t:14.0
[Client:extension:99ca:resolver:resolve:1:connection:6041EC9515060708F22F198CEB03F7D7081B_7643987b-0ac5-4451-933f-97f429588ba8_stable_f1b07bd25dfad64b0167beb15359ae573aecd2cc:vscode V] got shared servers list> object #0: [
  "CodespacesInternal:16634:private:true:false",
  "CodespacesInternal_web:16635:private:true:false",
  "Port: 5000:5000:private:false:false",
  "Port: 5900:5900:private:false:false",
  "Port: 6081:6081:private:false:false",
  "Port: 8080:8080:private:false:false",
  "Port: 8082:8082:private:false:false",
  "VSCodeServerInternal:33033:private:true:false"
]
[Client:extension:99ca:resolver I] skipping Codespaces internal tunnel> object #0: #16634
[Client:extension:99ca:resolver I] skipping Codespaces internal tunnel> object #0: #16635
[Client:extension:99ca:resolver I] skipping vscode server tunnel> object #0: #33033
[Client:extension:99ca:resolver V] tunnels revived
[Client:extension:99ca:resolver V] init server sharing event listeners
[Client:extension:99ca:resolver:resolve:1 I] vscode server remote port: "33033", local port: "undefined"}
[Client V] connect duration: 6125 ms
[BrowserConnectorService V] Initializing BrowserConnectorService using connection> object #0: [object Object]
[Client:extension:99ca:liveshare:connection:6041EC9515060708F22F198CEB03F7D7081B:liveshare:WorkspaceClient I] Creating proxy for sourceEvent service
[BrowserConnectorService V] BrowserConnectorService.sendMessage: {"initialized":true,"message":"codespaces:browser-connector-service-initialized","payload":"<probably pii>"}
[Client:extension:99ca:resolver:resolve:1 I] Progress: Done
[Client:extension:99ca:resolver I] Subscribed to event stream
[Client:extension:99ca:resolver:resolve:1:background-tasks I] launching background configuration tasks
[Client:extension:99ca:resolver:resolve:1:background-tasks:post-attach-command-manager I] PostAttachCommandManager: addEnvironmentConfiguredEventCallback()
[Client:extension:99ca:resolver:resolve:1:background-tasks:post-attach-command-manager V] subscribing to onDispose event
[Client:extension:99ca:resolver:resolve:1:background-tasks I] no max idle timeout notice
[Client:extension:99ca:resolver:resolve:1:background-tasks V] checking correctness of the codespace session path> object #0: [
  {
    "uri": {
      "$mid": 1,
      "fsPath": "/home/ubuntu",
      "external": "file:///home/ubuntu",
      "path": "/home/ubuntu",
      "scheme": "file"
    },
    "name": "<6:<redacted>>",
    "index": 0
  }
]
[Client:extension:99ca:resolver:resolve:1:background-tasks I] session path correction - progressType: "0"
[Client:extension:99ca:resolver:resolve:1:background-tasks I] starting activity monitor, isRunningInWeb: "true"
[Client:extension:99ca:resolver:resolve:1:background-tasks:activity-monitor:vscode-activity-provider I] isRunningInWeb: true
[Client:extension:99ca:resolver:resolve:1:background-tasks:activity-monitor:vscode-activity-provider I] starting activity monitor
[Client:extension:99ca:resolver:resolve:1:background-tasks:activity-monitor:vscode-activity-provider V] sending activity heartbeat
[Client:extension:99ca:liveshare:connection:6041EC9515060708F22F198CEB03F7D7081B:liveshare:WorkspaceClient I] Creating proxy for IEnvironmentConfigurationService service
[Client:extension:99ca:liveshare:connection:6041EC9515060708F22F198CEB03F7D7081B:liveshare:WorkspaceClient V] < sourceEvent.fireEvent()
[Client:extension:99ca:resolver I] asking vscode to open the tunnel> object #0: #5000
> object #1: "127.0.0.1"
[Client:extension:99ca:resolver I] asking vscode to open the tunnel> object #0: #5900
> object #1: "127.0.0.1"
[Client:extension:99ca:resolver I] asking vscode to open the tunnel> object #0: #6081
> object #1: "127.0.0.1"
[Client:extension:99ca:resolver I] asking vscode to open the tunnel> object #0: #8080
> object #1: "127.0.0.1"
[Client:extension:99ca:resolver I] asking vscode to open the tunnel> object #0: #8082
> object #1: "127.0.0.1"
[Client:extension:99ca:liveshare:connection:6041EC9515060708F22F198CEB03F7D7081B:liveshare:WorkspaceClient V] Receiving #14 ChannelOpenConfirmationMessage (recipientChannel=2)(senderChannel=1)
[Client:extension:99ca:liveshare:connection:6041EC9515060708F22F198CEB03F7D7081B:liveshare:WorkspaceClient V] Sending #17 ChannelRequestMessage (recipientChannel=1)
[Client:extension:99ca:liveshare:connection:6041EC9515060708F22F198CEB03F7D7081B:liveshare:WorkspaceClient V] > streamManager.getStream() succeeded t:94.0
[perf V] name:get stream Id duration:97.25968000013381
[Client:extension:99ca:liveshare:connection:6041EC9515060708F22F198CEB03F7D7081B:liveshare:WorkspaceClient I] openStreamingChannel -> streamId:ServerSharing_19
[Client:extension:99ca:liveshare:connection:6041EC9515060708F22F198CEB03F7D7081B:liveshare:WorkspaceClient V] Sending #18 ChannelOpenMessage(channelType=session, senderChannel=3)
[Client:extension:99ca:liveshare:connection:6041EC9515060708F22F198CEB03F7D7081B:liveshare:WorkspaceClient V] > sourceEvent.event: 
[Client:extension:99ca:liveshare:connection:6041EC9515060708F22F198CEB03F7D7081B:liveshare:WorkspaceClient V] Receiving #16 ChannelOpenConfirmationMessage (recipientChannel=3)(senderChannel=2)
[Client:extension:99ca:liveshare:connection:6041EC9515060708F22F198CEB03F7D7081B:liveshare:WorkspaceClient V] Sending #19 ChannelRequestMessage (recipientChannel=2)
[Client:extension:99ca:liveshare:connection:6041EC9515060708F22F198CEB03F7D7081B:liveshare:WorkspaceClient V] > sourceEvent.fireEvent() succeeded t:63.0
[Client:extension:99ca:resolver:resolve:1:background-tasks I] Executed get-container-persisted-folder using gRPC
[Client:extension:99ca:resolver:resolve:1:background-tasks V] container folder path: "/workspaces/.codespaces/.persistedshare"
[Client:extension:99ca:resolver:resolve:1:background-tasks V] shared folder path: "/workspaces/.codespaces/shared/postCreateOutput.json"
[Client:extension:99ca:resolver:resolve:1:background-tasks V] shared file path: "/workspaces/.codespaces/shared/postCreateOutput.json"
[Client:extension:99ca:resolver I] Received event: Subscribed
[Client:extension:99ca:resolver I] Client c7d19c80-6a2d-41ca-b86b-81845b6ef744 subscribed to event stream
[Client:extension:99ca:resolver I] Received event: EnvironmentConfigured
[Client:extension:99ca:resolver:resolve:1:background-tasks:post-attach-command-manager I] PostAttachCommandManager: handleEnvironmentConfiguredEvent()
[Client:extension:99ca:resolver:resolve:1:background-tasks I] Executed is-recovery-container using gRPC
[Client:extension:99ca:resolver:resolve:1:background-tasks V] not in recovery container
[Client:extension:99ca:resolver:resolve:1:background-tasks:activity-monitor:vscode-activity-provider I] Executed notify-codespace-of-client-activity using gRPC
[Client:extension:99ca:resolver:resolve:1:background-tasks:activity-monitor:vscode-activity-provider I] Activity signal sent with result true
[Performance I] Executed get-container-persisted-folder using gRPC
[Client:extension:99ca:resolver:resolve:1:background-tasks I] Executed configure-environment using gRPC
[Client:extension:99ca:liveshare:connection:6041EC9515060708F22F198CEB03F7D7081B:liveshare:WorkspaceClient V] > sourceEvent.event: 
[ResourceUsage I] Executed get-container-persisted-folder using gRPC
[ResourceUsage V] container folder path: "/workspaces/.codespaces/.persistedshare"
[ResourceUsage V] shared folder path: "/workspaces/.codespaces/shared/resource-usage.json"
[ResourceUsage V] shared file path: "/workspaces/.codespaces/shared/resource-usage.json"
[ResourceUsage I] Starting monitor
[ResourceUsage I] Checking if the codespace connection exists
[Client:extension:99ca:resolver:resolve:1:background-tasks:openDefaultFiles I] Skipping openFiles in the web because it is handled by the embedder
[Client:extension:99ca:resolver I] vscode to open the tunnel completed> object #0: #5000
> object #1: "127.0.0.1"
[Client:extension:99ca:resolver I] vscode to open the tunnel completed> object #0: #5900
> object #1: "127.0.0.1"
[Client:extension:99ca:resolver I] vscode to open the tunnel completed> object #0: #6081
> object #1: "127.0.0.1"
[Client:extension:99ca:resolver I] vscode to open the tunnel completed> object #0: #8080
> object #1: "127.0.0.1"
[Client:extension:99ca:resolver I] vscode to open the tunnel completed> object #0: #8082
> object #1: "127.0.0.1"
[Performance I] Starting monitor
[Performance I] Checking if the codespace connection exists
[RemoteExplorer I] Updating codespace performance info
[RemoteExplorer I] Updating codespace details
[Client:extension:99ca:liveshare:connection:6041EC9515060708F22F198CEB03F7D7081B:liveshare:WorkspaceClient:1 V] checkConnectionWithTimeout -> 'started'
[Client:extension:99ca:liveshare:connection:6041EC9515060708F22F198CEB03F7D7081B:liveshare:WorkspaceClient V] checking ssh connection
[Client:extension:99ca:liveshare:connection:6041EC9515060708F22F198CEB03F7D7081B:liveshare:WorkspaceClient V] Sending #20 SessionRequestMessage (requestType=ping-check-connection)
[Client:extension:99ca:liveshare:connection:6041EC9515060708F22F198CEB03F7D7081B:liveshare:WorkspaceClient V] Receiving #18 SessionRequestFailureMessage
[Client:extension:99ca:liveshare:connection:6041EC9515060708F22F198CEB03F7D7081B:liveshare:WorkspaceClient:1 V] checkConnectionWithTimeout -> 'succeeded' t:6.0
[Client:extension:99ca:liveshare:connection:6041EC9515060708F22F198CEB03F7D7081B:liveshare:WorkspaceClient:1 V] checkConnectionWithTimeout -> 'started'
[Client:extension:99ca:liveshare:connection:6041EC9515060708F22F198CEB03F7D7081B:liveshare:WorkspaceClient V] checking ssh connection
[Client:extension:99ca:liveshare:connection:6041EC9515060708F22F198CEB03F7D7081B:liveshare:WorkspaceClient V] Sending #21 SessionRequestMessage (requestType=ping-check-connection)
[Client:extension:99ca:liveshare:connection:6041EC9515060708F22F198CEB03F7D7081B:liveshare:WorkspaceClient V] Receiving #19 SessionRequestFailureMessage
[Client:extension:99ca:liveshare:connection:6041EC9515060708F22F198CEB03F7D7081B:liveshare:WorkspaceClient:1 V] checkConnectionWithTimeout -> 'succeeded' t:3.0
[Client:extension:99ca:liveshare:connection:6041EC9515060708F22F198CEB03F7D7081B:liveshare:WorkspaceClient:1 V] checkConnectionWithTimeout -> 'started'
[Client:extension:99ca:liveshare:connection:6041EC9515060708F22F198CEB03F7D7081B:liveshare:WorkspaceClient V] checking ssh connection
[Client:extension:99ca:liveshare:connection:6041EC9515060708F22F198CEB03F7D7081B:liveshare:WorkspaceClient V] Sending #22 SessionRequestMessage (requestType=ping-check-connection)
[Client:extension:99ca:liveshare:connection:6041EC9515060708F22F198CEB03F7D7081B:liveshare:WorkspaceClient V] Receiving #20 SessionRequestFailureMessage
[Client:extension:99ca:liveshare:connection:6041EC9515060708F22F198CEB03F7D7081B:liveshare:WorkspaceClient:1 V] checkConnectionWithTimeout -> 'succeeded' t:4.0
[Client:extension:99ca:liveshare:connection:6041EC9515060708F22F198CEB03F7D7081B:liveshare:WorkspaceClient:1 V] checkConnectionWithTimeout -> 'started'
[Client:extension:99ca:liveshare:connection:6041EC9515060708F22F198CEB03F7D7081B:liveshare:WorkspaceClient V] checking ssh connection
[Client:extension:99ca:liveshare:connection:6041EC9515060708F22F198CEB03F7D7081B:liveshare:WorkspaceClient V] Sending #23 SessionRequestMessage (requestType=ping-check-connection)
[Client:extension:99ca:liveshare:connection:6041EC9515060708F22F198CEB03F7D7081B:liveshare:WorkspaceClient V] Receiving #22 SessionRequestFailureMessage
[Client:extension:99ca:liveshare:connection:6041EC9515060708F22F198CEB03F7D7081B:liveshare:WorkspaceClient:1 V] checkConnectionWithTimeout -> 'succeeded' t:3.0
[Client:extension:99ca:liveshare:connection:6041EC9515060708F22F198CEB03F7D7081B:liveshare:WorkspaceClient:1 V] checkConnectionWithTimeout -> 'started'
[Client:extension:99ca:liveshare:connection:6041EC9515060708F22F198CEB03F7D7081B:liveshare:WorkspaceClient V] checking ssh connection
[Client:extension:99ca:liveshare:connection:6041EC9515060708F22F198CEB03F7D7081B:liveshare:WorkspaceClient V] Sending #24 SessionRequestMessage (requestType=ping-check-connection)
[Client:extension:99ca:liveshare:connection:6041EC9515060708F22F198CEB03F7D7081B:liveshare:WorkspaceClient V] Receiving #23 SessionRequestFailureMessage
[Client:extension:99ca:liveshare:connection:6041EC9515060708F22F198CEB03F7D7081B:liveshare:WorkspaceClient:1 V] checkConnectionWithTimeout -> 'succeeded' t:4.0
[Performance I] Executed get-performance-data using gRPC
[Client:extension:99ca:liveshare:connection:6041EC9515060708F22F198CEB03F7D7081B:liveshare:WorkspaceClient:1 V] checkConnectionWithTimeout -> 'started'
[Client:extension:99ca:liveshare:connection:6041EC9515060708F22F198CEB03F7D7081B:liveshare:WorkspaceClient V] checking ssh connection
[Client:extension:99ca:liveshare:connection:6041EC9515060708F22F198CEB03F7D7081B:liveshare:WorkspaceClient V] Sending #25 SessionRequestMessage (requestType=ping-check-connection)
[Client:extension:99ca:liveshare:connection:6041EC9515060708F22F198CEB03F7D7081B:liveshare:WorkspaceClient V] Receiving #24 SessionRequestFailureMessage
[Client:extension:99ca:liveshare:connection:6041EC9515060708F22F198CEB03F7D7081B:liveshare:WorkspaceClient:1 V] checkConnectionWithTimeout -> 'succeeded' t:4.0
[Client:extension:99ca:liveshare:connection:6041EC9515060708F22F198CEB03F7D7081B:liveshare:WorkspaceClient:1 V] checkConnectionWithTimeout -> 'started'
[Client:extension:99ca:liveshare:connection:6041EC9515060708F22F198CEB03F7D7081B:liveshare:WorkspaceClient V] checking ssh connection
[Client:extension:99ca:liveshare:connection:6041EC9515060708F22F198CEB03F7D7081B:liveshare:WorkspaceClient V] Sending #26 SessionRequestMessage (requestType=ping-check-connection)
[Client:extension:99ca:liveshare:connection:6041EC9515060708F22F198CEB03F7D7081B:liveshare:WorkspaceClient V] Receiving #27 SessionRequestFailureMessage
[Client:extension:99ca:liveshare:connection:6041EC9515060708F22F198CEB03F7D7081B:liveshare:WorkspaceClient:1 V] checkConnectionWithTimeout -> 'succeeded' t:6.0
[Client:extension:99ca:liveshare:connection:6041EC9515060708F22F198CEB03F7D7081B:liveshare:WorkspaceClient:1 V] checkConnectionWithTimeout -> 'started'
[Client:extension:99ca:liveshare:connection:6041EC9515060708F22F198CEB03F7D7081B:liveshare:WorkspaceClient V] checking ssh connection
[Client:extension:99ca:liveshare:connection:6041EC9515060708F22F198CEB03F7D7081B:liveshare:WorkspaceClient V] Sending #27 SessionRequestMessage (requestType=ping-check-connection)
[Client:extension:99ca:liveshare:connection:6041EC9515060708F22F198CEB03F7D7081B:liveshare:WorkspaceClient V] Receiving #28 SessionRequestFailureMessage
[Client:extension:99ca:liveshare:connection:6041EC9515060708F22F198CEB03F7D7081B:liveshare:WorkspaceClient:1 V] checkConnectionWithTimeout -> 'succeeded' t:5.0
[Client:extension:99ca:liveshare:connection:6041EC9515060708F22F198CEB03F7D7081B:liveshare:WorkspaceClient:1 V] checkConnectionWithTimeout -> 'started'
[Client:extension:99ca:liveshare:connection:6041EC9515060708F22F198CEB03F7D7081B:liveshare:WorkspaceClient V] checking ssh connection
[Client:extension:99ca:liveshare:connection:6041EC9515060708F22F198CEB03F7D7081B:liveshare:WorkspaceClient V] Sending #28 SessionRequestMessage (requestType=ping-check-connection)
[Client:extension:99ca:liveshare:connection:6041EC9515060708F22F198CEB03F7D7081B:liveshare:WorkspaceClient V] Receiving #29 SessionRequestFailureMessage
[Client:extension:99ca:liveshare:connection:6041EC9515060708F22F198CEB03F7D7081B:liveshare:WorkspaceClient:1 V] checkConnectionWithTimeout -> 'succeeded' t:107.0
[Client:extension:99ca:resolver:resolve:1:background-tasks:activity-monitor:vscode-activity-provider V] sending activity heartbeat
[Client:extension:99ca:liveshare:connection:6041EC9515060708F22F198CEB03F7D7081B:liveshare:WorkspaceClient:1 V] checkConnectionWithTimeout -> 'started'
[Client:extension:99ca:liveshare:connection:6041EC9515060708F22F198CEB03F7D7081B:liveshare:WorkspaceClient V] checking ssh connection
[Client:extension:99ca:liveshare:connection:6041EC9515060708F22F198CEB03F7D7081B:liveshare:WorkspaceClient V] Sending #29 SessionRequestMessage (requestType=ping-check-connection)
[Client:extension:99ca:liveshare:connection:6041EC9515060708F22F198CEB03F7D7081B:liveshare:WorkspaceClient V] Receiving #31 SessionRequestFailureMessage
[Client:extension:99ca:liveshare:connection:6041EC9515060708F22F198CEB03F7D7081B:liveshare:WorkspaceClient:1 V] checkConnectionWithTimeout -> 'succeeded' t:15.0
[Performance I] Executed get-performance-data using gRPC
[Client:extension:99ca:resolver:resolve:1:background-tasks:activity-monitor:vscode-activity-provider I] Executed notify-codespace-of-client-activity using gRPC
[Client:extension:99ca:resolver:resolve:1:background-tasks:activity-monitor:vscode-activity-provider I] Activity signal sent with result true
[Client:extension:99ca:liveshare:connection:6041EC9515060708F22F198CEB03F7D7081B:liveshare:WorkspaceClient:1 V] checkConnectionWithTimeout -> 'started'
[Client:extension:99ca:liveshare:connection:6041EC9515060708F22F198CEB03F7D7081B:liveshare:WorkspaceClient V] checking ssh connection
[Client:extension:99ca:liveshare:connection:6041EC9515060708F22F198CEB03F7D7081B:liveshare:WorkspaceClient V] Sending #30 SessionRequestMessage (requestType=ping-check-connection)
[Client:extension:99ca:liveshare:connection:6041EC9515060708F22F198CEB03F7D7081B:liveshare:WorkspaceClient V] Receiving #32 SessionRequestFailureMessage
[Client:extension:99ca:liveshare:connection:6041EC9515060708F22F198CEB03F7D7081B:liveshare:WorkspaceClient:1 V] checkConnectionWithTimeout -> 'succeeded' t:4.0
[Client:extension:99ca:liveshare:connection:6041EC9515060708F22F198CEB03F7D7081B:liveshare:WorkspaceClient V] Receiving #34 ChannelCloseMessage (recipientChannel=2)
[Client:extension:99ca:liveshare:connection:6041EC9515060708F22F198CEB03F7D7081B:liveshare:WorkspaceClient I] SshChannel(Type: session, Id: 2, RemoteId: 1) closed remotely. (S: 0, R: 51)
[Client:extension:99ca:liveshare:connection:6041EC9515060708F22F198CEB03F7D7081B:liveshare:WorkspaceClient V] Receiving #36 ChannelCloseMessage (recipientChannel=3)
[Client:extension:99ca:liveshare:connection:6041EC9515060708F22F198CEB03F7D7081B:liveshare:WorkspaceClient I] SshChannel(Type: session, Id: 3, RemoteId: 2) closed remotely. (S: 0, R: 51)
[Client:extension:99ca:liveshare:connection:6041EC9515060708F22F198CEB03F7D7081B:liveshare:WorkspaceClient:1 V] checkConnectionWithTimeout -> 'started'
[Client:extension:99ca:liveshare:connection:6041EC9515060708F22F198CEB03F7D7081B:liveshare:WorkspaceClient V] checking ssh connection
[Client:extension:99ca:liveshare:connection:6041EC9515060708F22F198CEB03F7D7081B:liveshare:WorkspaceClient V] Sending #31 SessionRequestMessage (requestType=ping-check-connection)
[Client:extension:99ca:liveshare:connection:6041EC9515060708F22F198CEB03F7D7081B:liveshare:WorkspaceClient V] Receiving #37 SessionRequestFailureMessage
[Client:extension:99ca:liveshare:connection:6041EC9515060708F22F198CEB03F7D7081B:liveshare:WorkspaceClient:1 V] checkConnectionWithTimeout -> 'succeeded' t:4.0
[Client:extension:99ca:liveshare:connection:6041EC9515060708F22F198CEB03F7D7081B:liveshare:WorkspaceClient:1 V] checkConnectionWithTimeout -> 'started'
[Client:extension:99ca:liveshare:connection:6041EC9515060708F22F198CEB03F7D7081B:liveshare:WorkspaceClient V] checking ssh connection
[Client:extension:99ca:liveshare:connection:6041EC9515060708F22F198CEB03F7D7081B:liveshare:WorkspaceClient V] Sending #32 SessionRequestMessage (requestType=ping-check-connection)
[Client:extension:99ca:liveshare:connection:6041EC9515060708F22F198CEB03F7D7081B:liveshare:WorkspaceClient V] Receiving #39 SessionRequestFailureMessage
[Client:extension:99ca:liveshare:connection:6041EC9515060708F22F198CEB03F7D7081B:liveshare:WorkspaceClient:1 V] checkConnectionWithTimeout -> 'succeeded' t:4.0
[Client:extension:99ca:liveshare:connection:6041EC9515060708F22F198CEB03F7D7081B:liveshare:WorkspaceClient:1 V] checkConnectionWithTimeout -> 'started'
[Client:extension:99ca:liveshare:connection:6041EC9515060708F22F198CEB03F7D7081B:liveshare:WorkspaceClient V] checking ssh connection
[Client:extension:99ca:liveshare:connection:6041EC9515060708F22F198CEB03F7D7081B:liveshare:WorkspaceClient V] Sending #33 SessionRequestMessage (requestType=ping-check-connection)
[Client:extension:99ca:liveshare:connection:6041EC9515060708F22F198CEB03F7D7081B:liveshare:WorkspaceClient V] Receiving #40 SessionRequestFailureMessage
[Client:extension:99ca:liveshare:connection:6041EC9515060708F22F198CEB03F7D7081B:liveshare:WorkspaceClient:1 V] checkConnectionWithTimeout -> 'succeeded' t:4.0
[Client:extension:99ca:liveshare:connection:6041EC9515060708F22F198CEB03F7D7081B:liveshare:WorkspaceClient:1 V] checkConnectionWithTimeout -> 'started'
[Client:extension:99ca:liveshare:connection:6041EC9515060708F22F198CEB03F7D7081B:liveshare:WorkspaceClient V] checking ssh connection
[Client:extension:99ca:liveshare:connection:6041EC9515060708F22F198CEB03F7D7081B:liveshare:WorkspaceClient V] Sending #34 SessionRequestMessage (requestType=ping-check-connection)
[Client:extension:99ca:liveshare:connection:6041EC9515060708F22F198CEB03F7D7081B:liveshare:WorkspaceClient V] Receiving #41 SessionRequestFailureMessage
[Client:extension:99ca:liveshare:connection:6041EC9515060708F22F198CEB03F7D7081B:liveshare:WorkspaceClient:1 V] checkConnectionWithTimeout -> 'succeeded' t:4.0
[Performance I] Executed get-performance-data using gRPC
[Client:extension:99ca:liveshare:connection:6041EC9515060708F22F198CEB03F7D7081B:liveshare:WorkspaceClient:1 V] checkConnectionWithTimeout -> 'started'
[Client:extension:99ca:liveshare:connection:6041EC9515060708F22F198CEB03F7D7081B:liveshare:WorkspaceClient V] checking ssh connection
[Client:extension:99ca:liveshare:connection:6041EC9515060708F22F198CEB03F7D7081B:liveshare:WorkspaceClient V] Sending #35 SessionRequestMessage (requestType=ping-check-connection)
[Client:extension:99ca:liveshare:connection:6041EC9515060708F22F198CEB03F7D7081B:liveshare:WorkspaceClient V] Receiving #43 SessionRequestFailureMessage
[Client:extension:99ca:liveshare:connection:6041EC9515060708F22F198CEB03F7D7081B:liveshare:WorkspaceClient:1 V] checkConnectionWithTimeout -> 'succeeded' t:4.0
